TN:
SF:src/App.tsx
FN:45,getHydratedConversationMessages
FN:60,(anonymous_1)
FN:67,safeGetItem
FN:76,safeSetItem
FN:85,safeRemoveItem
FN:94,readLastView
FN:135,getSpecWeaverSessionId
FN:143,getSpecWeaverSessionTitle
FN:147,AppContent
FN:150,(anonymous_9)
FN:151,(anonymous_10)
FN:152,(anonymous_11)
FN:153,(anonymous_12)
FN:154,(anonymous_13)
FN:155,(anonymous_14)
FN:156,(anonymous_15)
FN:157,(anonymous_16)
FN:158,(anonymous_17)
FN:159,(anonymous_18)
FN:160,(anonymous_19)
FN:161,(anonymous_20)
FN:162,(anonymous_21)
FN:163,(anonymous_22)
FN:164,(anonymous_23)
FN:165,(anonymous_24)
FN:166,(anonymous_25)
FN:183,(anonymous_26)
FN:186,(anonymous_27)
FN:187,(anonymous_28)
FN:188,(anonymous_29)
FN:193,(anonymous_30)
FN:203,(anonymous_31)
FN:216,(anonymous_32)
FN:232,(anonymous_33)
FN:239,(anonymous_34)
FN:248,(anonymous_35)
FN:253,(anonymous_36)
FN:258,(anonymous_37)
FN:264,(anonymous_38)
FN:269,(anonymous_39)
FN:277,(anonymous_40)
FN:280,(anonymous_41)
FN:283,(anonymous_42)
FN:287,(anonymous_43)
FN:292,(anonymous_44)
FN:302,(anonymous_45)
FN:312,(anonymous_46)
FN:323,(anonymous_47)
FN:328,(anonymous_48)
FN:339,(anonymous_49)
FN:343,(anonymous_50)
FN:348,(anonymous_51)
FN:356,(anonymous_52)
FN:359,(anonymous_53)
FN:362,(anonymous_54)
FN:366,(anonymous_55)
FN:372,(anonymous_56)
FN:383,(anonymous_57)
FN:388,(anonymous_58)
FN:392,(anonymous_59)
FN:397,(anonymous_60)
FN:402,(anonymous_61)
FN:414,(anonymous_62)
FN:418,(anonymous_63)
FN:422,(anonymous_64)
FN:426,(anonymous_65)
FN:434,(anonymous_66)
FN:442,(anonymous_67)
FN:447,(anonymous_68)
FN:451,(anonymous_69)
FN:454,(anonymous_70)
FN:472,(anonymous_71)
FN:473,(anonymous_72)
FN:478,(anonymous_73)
FN:545,(anonymous_74)
FN:560,(anonymous_75)
FN:575,(anonymous_76)
FN:575,(anonymous_77)
FN:592,(anonymous_78)
FN:605,(anonymous_79)
FN:605,(anonymous_80)
FN:608,(anonymous_81)
FN:635,(anonymous_82)
FN:652,(anonymous_83)
FN:681,(anonymous_84)
FN:681,(anonymous_85)
FN:684,(anonymous_86)
FN:715,(anonymous_87)
FN:720,(anonymous_88)
FN:750,(anonymous_89)
FN:755,(anonymous_90)
FN:785,(anonymous_91)
FN:791,(anonymous_92)
FN:828,(anonymous_93)
FN:851,(anonymous_94)
FN:879,(anonymous_95)
FN:896,(anonymous_96)
FN:911,(anonymous_97)
FN:925,(anonymous_98)
FN:928,(anonymous_99)
FN:947,(anonymous_100)
FN:960,(anonymous_101)
FN:960,(anonymous_102)
FN:963,(anonymous_103)
FN:994,(anonymous_104)
FN:1011,(anonymous_105)
FN:1040,(anonymous_106)
FN:1040,(anonymous_107)
FN:1043,(anonymous_108)
FN:1079,(anonymous_109)
FN:1084,(anonymous_110)
FN:1114,(anonymous_111)
FN:1119,(anonymous_112)
FN:1147,(anonymous_113)
FN:1153,(anonymous_114)
FN:1190,(anonymous_115)
FN:1217,(anonymous_116)
FN:1234,(anonymous_117)
FN:1260,(anonymous_118)
FN:1264,(anonymous_119)
FN:1282,(anonymous_120)
FN:1299,(anonymous_121)
FN:1306,(anonymous_122)
FN:1329,App
FNF:124
FNH:68
FNDA:3,getHydratedConversationMessages
FNDA:1,(anonymous_1)
FNDA:31,safeGetItem
FNDA:10,safeSetItem
FNDA:2,safeRemoveItem
FNDA:20,readLastView
FNDA:8,getSpecWeaverSessionId
FNDA:4,getSpecWeaverSessionTitle
FNDA:69,AppContent
FNDA:213,(anonymous_9)
FNDA:213,(anonymous_10)
FNDA:213,(anonymous_11)
FNDA:213,(anonymous_12)
FNDA:213,(anonymous_13)
FNDA:213,(anonymous_14)
FNDA:213,(anonymous_15)
FNDA:213,(anonymous_16)
FNDA:213,(anonymous_17)
FNDA:213,(anonymous_18)
FNDA:213,(anonymous_19)
FNDA:213,(anonymous_20)
FNDA:213,(anonymous_21)
FNDA:210,(anonymous_22)
FNDA:210,(anonymous_23)
FNDA:210,(anonymous_24)
FNDA:22,(anonymous_25)
FNDA:22,(anonymous_26)
FNDA:95,(anonymous_27)
FNDA:952,(anonymous_28)
FNDA:927,(anonymous_29)
FNDA:10,(anonymous_30)
FNDA:2,(anonymous_31)
FNDA:0,(anonymous_32)
FNDA:0,(anonymous_33)
FNDA:24,(anonymous_34)
FNDA:1,(anonymous_35)
FNDA:0,(anonymous_36)
FNDA:1,(anonymous_37)
FNDA:1,(anonymous_38)
FNDA:33,(anonymous_39)
FNDA:0,(anonymous_40)
FNDA:0,(anonymous_41)
FNDA:0,(anonymous_42)
FNDA:0,(anonymous_43)
FNDA:24,(anonymous_44)
FNDA:26,(anonymous_45)
FNDA:36,(anonymous_46)
FNDA:27,(anonymous_47)
FNDA:10,(anonymous_48)
FNDA:0,(anonymous_49)
FNDA:10,(anonymous_50)
FNDA:27,(anonymous_51)
FNDA:21,(anonymous_52)
FNDA:0,(anonymous_53)
FNDA:21,(anonymous_54)
FNDA:21,(anonymous_55)
FNDA:27,(anonymous_56)
FNDA:1,(anonymous_57)
FNDA:0,(anonymous_58)
FNDA:1,(anonymous_59)
FNDA:1,(anonymous_60)
FNDA:29,(anonymous_61)
FNDA:1,(anonymous_62)
FNDA:0,(anonymous_63)
FNDA:1,(anonymous_64)
FNDA:34,(anonymous_65)
FNDA:22,(anonymous_66)
FNDA:0,(anonymous_67)
FNDA:0,(anonymous_68)
FNDA:0,(anonymous_69)
FNDA:0,(anonymous_70)
FNDA:22,(anonymous_71)
FNDA:0,(anonymous_72)
FNDA:22,(anonymous_73)
FNDA:0,(anonymous_74)
FNDA:1,(anonymous_75)
FNDA:0,(anonymous_76)
FNDA:0,(anonymous_77)
FNDA:0,(anonymous_78)
FNDA:260,(anonymous_79)
FNDA:156,(anonymous_80)
FNDA:0,(anonymous_81)
FNDA:0,(anonymous_82)
FNDA:0,(anonymous_83)
FNDA:150,(anonymous_84)
FNDA:90,(anonymous_85)
FNDA:4,(anonymous_86)
FNDA:2,(anonymous_87)
FNDA:0,(anonymous_88)
FNDA:0,(anonymous_89)
FNDA:0,(anonymous_90)
FNDA:0,(anonymous_91)
FNDA:0,(anonymous_92)
FNDA:1,(anonymous_93)
FNDA:0,(anonymous_94)
FNDA:0,(anonymous_95)
FNDA:0,(anonymous_96)
FNDA:0,(anonymous_97)
FNDA:0,(anonymous_98)
FNDA:0,(anonymous_99)
FNDA:0,(anonymous_100)
FNDA:0,(anonymous_101)
FNDA:0,(anonymous_102)
FNDA:0,(anonymous_103)
FNDA:0,(anonymous_104)
FNDA:0,(anonymous_105)
FNDA:0,(anonymous_106)
FNDA:0,(anonymous_107)
FNDA:0,(anonymous_108)
FNDA:0,(anonymous_109)
FNDA:0,(anonymous_110)
FNDA:0,(anonymous_111)
FNDA:0,(anonymous_112)
FNDA:0,(anonymous_113)
FNDA:0,(anonymous_114)
FNDA:0,(anonymous_115)
FNDA:0,(anonymous_116)
FNDA:0,(anonymous_117)
FNDA:0,(anonymous_118)
FNDA:0,(anonymous_119)
FNDA:0,(anonymous_120)
FNDA:300,(anonymous_121)
FNDA:0,(anonymous_122)
FNDA:22,App
DA:37,1
DA:42,1
DA:43,1
DA:49,3
DA:51,3
DA:52,4
DA:53,3
DA:55,3
DA:56,2
DA:59,1
DA:60,1
DA:64,1
DA:68,31
DA:69,31
DA:70,31
DA:72,0
DA:77,10
DA:78,10
DA:79,10
DA:86,2
DA:87,2
DA:88,2
DA:95,20
DA:96,20
DA:97,18
DA:100,1
DA:128,1
DA:136,8
DA:137,8
DA:138,8
DA:139,4
DA:140,4
DA:144,4
DA:148,69
DA:149,69
DA:150,213
DA:151,213
DA:152,213
DA:153,213
DA:154,213
DA:155,213
DA:156,213
DA:157,213
DA:158,213
DA:159,213
DA:160,213
DA:161,213
DA:162,213
DA:163,210
DA:164,210
DA:165,210
DA:166,69
DA:167,22
DA:169,69
DA:170,69
DA:171,69
DA:172,69
DA:173,69
DA:174,69
DA:175,69
DA:176,69
DA:177,69
DA:178,69
DA:179,69
DA:180,69
DA:181,69
DA:182,69
DA:183,69
DA:185,69
DA:186,95
DA:187,952
DA:188,927
DA:191,69
DA:193,69
DA:194,10
DA:195,10
DA:198,69
DA:199,69
DA:203,69
DA:204,2
DA:205,2
DA:206,2
DA:207,2
DA:208,2
DA:210,0
DA:212,2
DA:216,69
DA:217,0
DA:218,0
DA:219,0
DA:220,0
DA:221,0
DA:222,0
DA:223,0
DA:224,0
DA:226,0
DA:228,0
DA:232,69
DA:233,0
DA:234,0
DA:239,69
DA:240,24
DA:241,24
DA:242,23
DA:243,23
DA:246,1
DA:247,1
DA:249,1
DA:250,1
DA:254,0
DA:255,0
DA:259,1
DA:260,0
DA:264,1
DA:265,1
DA:269,69
DA:270,33
DA:271,33
DA:272,28
DA:274,0
DA:275,0
DA:276,0
DA:278,0
DA:281,0
DA:284,0
DA:287,0
DA:288,0
DA:292,69
DA:293,24
DA:294,19
DA:296,2
DA:302,69
DA:303,26
DA:304,19
DA:305,3
DA:306,3
DA:312,69
DA:313,36
DA:314,29
DA:315,27
DA:316,19
DA:318,0
DA:323,69
DA:324,27
DA:325,27
DA:327,10
DA:329,10
DA:330,1
DA:331,1
DA:343,10
DA:344,10
DA:348,69
DA:349,27
DA:350,27
DA:351,22
DA:353,21
DA:354,21
DA:355,21
DA:357,21
DA:360,0
DA:363,21
DA:366,21
DA:367,21
DA:372,69
DA:373,27
DA:374,27
DA:375,22
DA:376,21
DA:378,11
DA:379,11
DA:381,1
DA:382,1
DA:384,1
DA:385,1
DA:386,1
DA:389,0
DA:390,0
DA:393,1
DA:394,0
DA:397,1
DA:398,1
DA:402,69
DA:403,29
DA:404,22
DA:405,4
DA:407,4
DA:408,4
DA:409,2
DA:412,2
DA:413,2
DA:415,1
DA:416,1
DA:419,0
DA:420,0
DA:422,1
DA:426,69
DA:427,34
DA:428,29
DA:429,0
DA:434,69
DA:435,22
DA:436,22
DA:437,0
DA:442,69
DA:443,0
DA:444,0
DA:447,69
DA:451,0
DA:454,69
DA:455,0
DA:456,0
DA:457,0
DA:458,0
DA:461,0
DA:462,0
DA:463,0
DA:467,0
DA:472,69
DA:473,22
DA:474,0
DA:475,0
DA:477,22
DA:478,22
DA:482,69
DA:483,9
DA:484,1
DA:493,8
DA:506,60
DA:520,69
DA:546,0
DA:561,1
DA:562,1
DA:575,0
DA:593,0
DA:594,0
DA:605,260
DA:606,156
DA:608,0
DA:636,0
DA:637,0
DA:653,0
DA:654,0
DA:681,150
DA:682,90
DA:684,4
DA:716,2
DA:717,2
DA:720,0
DA:751,0
DA:752,0
DA:755,0
DA:786,0
DA:787,0
DA:788,0
DA:791,0
DA:829,1
DA:830,1
DA:831,1
DA:832,1
DA:851,0
DA:879,0
DA:897,0
DA:912,0
DA:913,0
DA:914,0
DA:926,0
DA:927,0
DA:928,0
DA:929,0
DA:948,0
DA:949,0
DA:960,0
DA:961,0
DA:964,0
DA:965,0
DA:995,0
DA:996,0
DA:1012,0
DA:1013,0
DA:1040,0
DA:1041,0
DA:1044,0
DA:1045,0
DA:1080,0
DA:1081,0
DA:1084,0
DA:1115,0
DA:1116,0
DA:1119,0
DA:1148,0
DA:1149,0
DA:1150,0
DA:1153,0
DA:1191,0
DA:1192,0
DA:1193,0
DA:1194,0
DA:1195,0
DA:1217,0
DA:1235,0
DA:1236,0
DA:1237,0
DA:1239,0
DA:1240,0
DA:1261,0
DA:1262,0
DA:1264,0
DA:1283,0
DA:1287,0
DA:1288,0
DA:1289,0
DA:1300,300
DA:1301,300
DA:1302,300
DA:1306,0
DA:1330,22
LF:316
LH:199
BRDA:55,0,0,2
BRDA:55,0,1,1
BRDA:59,1,0,1
BRDA:59,1,1,0
BRDA:69,2,0,0
BRDA:69,2,1,31
BRDA:78,3,0,0
BRDA:78,3,1,10
BRDA:87,4,0,0
BRDA:87,4,1,2
BRDA:96,5,0,2
BRDA:96,5,1,18
BRDA:96,6,0,20
BRDA:96,6,1,20
BRDA:96,6,2,20
BRDA:96,6,3,19
BRDA:96,6,4,19
BRDA:96,6,5,19
BRDA:137,7,0,0
BRDA:137,7,1,8
BRDA:138,8,0,4
BRDA:138,8,1,4
BRDA:139,9,0,0
BRDA:139,9,1,4
BRDA:144,10,0,4
BRDA:144,10,1,0
BRDA:167,11,0,2
BRDA:167,11,1,20
BRDA:167,12,0,20
BRDA:167,12,1,18
BRDA:183,13,0,22
BRDA:183,13,1,19
BRDA:186,14,0,95
BRDA:186,14,1,67
BRDA:186,14,2,67
BRDA:187,15,0,69
BRDA:187,15,1,68
BRDA:188,16,0,69
BRDA:188,16,1,3
BRDA:188,16,2,2
BRDA:188,16,3,2
BRDA:199,17,0,8
BRDA:199,17,1,61
BRDA:204,18,0,0
BRDA:204,18,1,2
BRDA:210,19,0,0
BRDA:210,19,1,0
BRDA:217,20,0,0
BRDA:217,20,1,0
BRDA:217,21,0,0
BRDA:217,21,1,0
BRDA:226,22,0,0
BRDA:226,22,1,0
BRDA:241,23,0,23
BRDA:241,23,1,1
BRDA:241,24,0,24
BRDA:241,24,1,5
BRDA:249,25,0,1
BRDA:249,25,1,0
BRDA:254,26,0,0
BRDA:254,26,1,0
BRDA:259,27,0,0
BRDA:259,27,1,1
BRDA:271,28,0,5
BRDA:271,28,1,28
BRDA:272,29,0,28
BRDA:272,29,1,0
BRDA:278,30,0,0
BRDA:278,30,1,0
BRDA:281,31,0,0
BRDA:281,31,1,0
BRDA:281,32,0,0
BRDA:281,32,1,0
BRDA:284,33,0,0
BRDA:284,33,1,0
BRDA:293,34,0,5
BRDA:293,34,1,19
BRDA:294,35,0,17
BRDA:294,35,1,2
BRDA:303,36,0,7
BRDA:303,36,1,19
BRDA:304,37,0,16
BRDA:304,37,1,3
BRDA:305,38,0,3
BRDA:305,38,1,0
BRDA:313,39,0,7
BRDA:313,39,1,29
BRDA:314,40,0,2
BRDA:314,40,1,27
BRDA:315,41,0,8
BRDA:315,41,1,19
BRDA:316,42,0,19
BRDA:316,42,1,0
BRDA:318,43,0,0
BRDA:318,43,1,0
BRDA:325,44,0,17
BRDA:325,44,1,10
BRDA:325,45,0,27
BRDA:325,45,1,22
BRDA:325,45,2,10
BRDA:329,46,0,9
BRDA:329,46,1,1
BRDA:329,47,0,10
BRDA:329,47,1,10
BRDA:330,48,0,1
BRDA:330,48,1,0
BRDA:335,49,0,1
BRDA:335,49,1,0
BRDA:350,50,0,5
BRDA:350,50,1,22
BRDA:351,51,0,1
BRDA:351,51,1,21
BRDA:357,52,0,21
BRDA:357,52,1,0
BRDA:360,53,0,0
BRDA:360,53,1,0
BRDA:360,54,0,0
BRDA:360,54,1,0
BRDA:363,55,0,21
BRDA:363,55,1,0
BRDA:374,56,0,5
BRDA:374,56,1,22
BRDA:375,57,0,1
BRDA:375,57,1,21
BRDA:376,58,0,10
BRDA:376,58,1,11
BRDA:379,59,0,10
BRDA:379,59,1,1
BRDA:384,60,0,0
BRDA:384,60,1,1
BRDA:389,61,0,0
BRDA:389,61,1,0
BRDA:393,62,0,1
BRDA:393,62,1,0
BRDA:403,63,0,7
BRDA:403,63,1,22
BRDA:404,64,0,18
BRDA:404,64,1,4
BRDA:405,65,0,0
BRDA:405,65,1,4
BRDA:408,66,0,2
BRDA:408,66,1,2
BRDA:408,67,0,4
BRDA:408,67,1,4
BRDA:427,68,0,5
BRDA:427,68,1,29
BRDA:428,69,0,0
BRDA:428,69,1,29
BRDA:428,70,0,29
BRDA:428,70,1,14
BRDA:428,70,2,14
BRDA:435,71,0,0
BRDA:435,71,1,22
BRDA:436,72,0,0
BRDA:436,72,1,22
BRDA:436,73,0,22
BRDA:436,73,1,21
BRDA:436,73,2,1
BRDA:455,74,0,0
BRDA:455,74,1,0
BRDA:455,75,0,0
BRDA:455,75,1,0
BRDA:482,76,0,9
BRDA:482,76,1,60
BRDA:483,77,0,1
BRDA:483,77,1,8
BRDA:506,78,0,8
BRDA:506,78,1,52
BRDA:508,79,0,32
BRDA:508,79,1,20
BRDA:510,80,0,13
BRDA:510,80,1,7
BRDA:512,81,0,4
BRDA:512,81,1,3
BRDA:514,82,0,2
BRDA:514,82,1,1
BRDA:516,83,0,0
BRDA:516,83,1,1
BRDA:543,84,0,8
BRDA:543,84,1,52
BRDA:555,85,0,0
BRDA:555,85,1,8
BRDA:573,86,0,52
BRDA:573,86,1,0
BRDA:590,87,0,8
BRDA:590,87,1,52
BRDA:605,88,0,260
BRDA:605,88,1,208
BRDA:605,88,2,156
BRDA:610,89,0,45
BRDA:610,89,1,111
BRDA:625,90,0,69
BRDA:625,90,1,8
BRDA:625,90,2,4
BRDA:640,91,0,4
BRDA:640,91,1,0
BRDA:657,92,0,0
BRDA:657,92,1,4
BRDA:672,93,0,69
BRDA:672,93,1,52
BRDA:672,93,2,30
BRDA:681,94,0,150
BRDA:681,94,1,120
BRDA:686,95,0,6
BRDA:686,95,1,84
BRDA:704,96,0,8
BRDA:704,96,1,52
BRDA:704,97,0,0
BRDA:704,97,1,52
BRDA:706,98,0,8
BRDA:706,98,1,52
BRDA:707,99,0,4
BRDA:707,99,1,4
BRDA:709,100,0,0
BRDA:709,100,1,4
BRDA:711,101,0,2
BRDA:711,101,1,2
BRDA:722,102,0,1
BRDA:722,102,1,1
BRDA:730,103,0,2
BRDA:730,103,1,1
BRDA:731,104,0,1
BRDA:731,104,1,1
BRDA:741,105,0,0
BRDA:741,105,1,52
BRDA:742,106,0,0
BRDA:742,106,1,0
BRDA:744,107,0,0
BRDA:744,107,1,0
BRDA:746,108,0,0
BRDA:746,108,1,0
BRDA:757,109,0,0
BRDA:757,109,1,0
BRDA:765,110,0,0
BRDA:765,110,1,0
BRDA:766,111,0,0
BRDA:766,111,1,0
BRDA:767,112,0,0
BRDA:767,112,1,0
BRDA:777,113,0,16
BRDA:777,113,1,36
BRDA:779,114,0,0
BRDA:779,114,1,36
BRDA:781,115,0,36
BRDA:781,115,1,0
BRDA:792,116,0,0
BRDA:792,116,1,0
BRDA:794,117,0,0
BRDA:794,117,1,0
BRDA:797,118,0,0
BRDA:797,118,1,0
BRDA:797,119,0,0
BRDA:797,119,1,0
BRDA:802,120,0,0
BRDA:802,120,1,0
BRDA:803,121,0,0
BRDA:803,121,1,0
BRDA:812,122,0,69
BRDA:812,122,1,52
BRDA:812,122,2,1
BRDA:823,123,0,69
BRDA:823,123,1,0
BRDA:846,124,0,69
BRDA:846,124,1,0
BRDA:894,125,0,0
BRDA:894,125,1,0
BRDA:906,126,0,0
BRDA:906,126,1,0
BRDA:945,127,0,0
BRDA:945,127,1,0
BRDA:960,128,0,0
BRDA:960,128,1,0
BRDA:960,128,2,0
BRDA:968,129,0,0
BRDA:968,129,1,0
BRDA:984,130,0,0
BRDA:984,130,1,0
BRDA:984,130,2,0
BRDA:999,131,0,0
BRDA:999,131,1,0
BRDA:1016,132,0,0
BRDA:1016,132,1,0
BRDA:1031,133,0,0
BRDA:1031,133,1,0
BRDA:1031,133,2,0
BRDA:1040,134,0,0
BRDA:1040,134,1,0
BRDA:1048,135,0,0
BRDA:1048,135,1,0
BRDA:1066,136,0,0
BRDA:1066,136,1,0
BRDA:1066,137,0,0
BRDA:1066,137,1,0
BRDA:1070,138,0,0
BRDA:1070,138,1,0
BRDA:1071,139,0,0
BRDA:1071,139,1,0
BRDA:1073,140,0,0
BRDA:1073,140,1,0
BRDA:1075,141,0,0
BRDA:1075,141,1,0
BRDA:1086,142,0,0
BRDA:1086,142,1,0
BRDA:1094,143,0,0
BRDA:1094,143,1,0
BRDA:1095,144,0,0
BRDA:1095,144,1,0
BRDA:1105,145,0,0
BRDA:1105,145,1,0
BRDA:1106,146,0,0
BRDA:1106,146,1,0
BRDA:1108,147,0,0
BRDA:1108,147,1,0
BRDA:1110,148,0,0
BRDA:1110,148,1,0
BRDA:1121,149,0,0
BRDA:1121,149,1,0
BRDA:1128,150,0,0
BRDA:1128,150,1,0
BRDA:1129,151,0,0
BRDA:1129,151,1,0
BRDA:1139,152,0,0
BRDA:1139,152,1,0
BRDA:1141,153,0,0
BRDA:1141,153,1,0
BRDA:1143,154,0,0
BRDA:1143,154,1,0
BRDA:1154,155,0,0
BRDA:1154,155,1,0
BRDA:1156,156,0,0
BRDA:1156,156,1,0
BRDA:1159,157,0,0
BRDA:1159,157,1,0
BRDA:1159,158,0,0
BRDA:1159,158,1,0
BRDA:1163,159,0,0
BRDA:1163,159,1,0
BRDA:1164,160,0,0
BRDA:1164,160,1,0
BRDA:1174,161,0,0
BRDA:1174,161,1,0
BRDA:1174,161,2,0
BRDA:1185,162,0,0
BRDA:1185,162,1,0
BRDA:1226,163,0,69
BRDA:1226,163,1,30
BRDA:1235,164,0,0
BRDA:1235,164,1,0
BRDA:1242,165,0,8
BRDA:1242,165,1,52
BRDA:1245,166,0,8
BRDA:1245,166,1,52
BRDA:1252,167,0,8
BRDA:1252,167,1,52
BRDA:1258,168,0,52
BRDA:1258,168,1,32
BRDA:1267,169,0,69
BRDA:1267,169,1,13
BRDA:1268,170,0,69
BRDA:1268,170,1,4
BRDA:1273,171,0,69
BRDA:1273,171,1,2
BRDA:1278,172,0,69
BRDA:1278,172,1,0
BRDA:1280,173,0,0
BRDA:1280,173,1,0
BRDA:1301,174,0,300
BRDA:1301,174,1,240
BRDA:1301,174,2,120
BRDA:1309,175,0,51
BRDA:1309,175,1,249
BRDA:1310,176,0,60
BRDA:1310,176,1,240
BRDA:1311,177,0,51
BRDA:1311,177,1,249
BRF:375
BRH:199
end_of_record
TN:
SF:src/api/architecture.ts
FN:7,getArchitecture
FN:17,getDiagramCollection
FNF:2
FNH:2
FNDA:2,getArchitecture
FNDA:1,getDiagramCollection
DA:5,2
DA:11,2
DA:21,1
LF:3
LH:3
BRF:0
BRH:0
end_of_record
TN:
SF:src/api/auth.ts
FN:27,(anonymous_0)
FN:44,readJsonBody
FN:45,(anonymous_2)
FN:48,resolveErrorMessage
FN:57,normalizeNetworkError
FN:64,classifyPasswordResetField
FN:78,getToken
FN:97,register
FN:122,login
FN:148,requestPasswordReset
FN:183,validateResetToken
FN:220,confirmPasswordReset
FNF:12
FNH:10
FNDA:1,(anonymous_0)
FNDA:6,readJsonBody
FNDA:0,(anonymous_2)
FNDA:6,resolveErrorMessage
FNDA:0,normalizeNetworkError
FNDA:1,classifyPasswordResetField
FNDA:2,getToken
FNDA:2,register
FNDA:2,login
FNDA:2,requestPasswordReset
FNDA:1,validateResetToken
FNDA:3,confirmPasswordReset
DA:5,1
DA:6,1
DA:32,1
DA:33,1
DA:34,1
DA:35,1
DA:45,6
DA:52,6
DA:53,6
DA:54,6
DA:58,0
DA:59,0
DA:61,0
DA:68,1
DA:69,1
DA:71,0
DA:72,0
DA:74,0
DA:80,2
DA:81,2
DA:87,0
DA:89,2
DA:90,1
DA:92,1
DA:93,1
DA:103,2
DA:104,2
DA:110,0
DA:112,2
DA:113,1
DA:114,1
DA:118,1
DA:127,2
DA:128,2
DA:134,0
DA:136,2
DA:137,1
DA:138,1
DA:142,1
DA:152,2
DA:153,2
DA:159,0
DA:165,2
DA:166,1
DA:167,1
DA:172,1
DA:173,0
DA:174,0
DA:177,1
DA:187,1
DA:188,1
DA:192,0
DA:198,1
DA:199,1
DA:200,1
DA:209,0
DA:210,0
DA:211,0
DA:214,0
DA:226,3
DA:227,3
DA:233,0
DA:239,3
DA:240,1
DA:241,1
DA:249,2
DA:250,1
DA:252,1
DA:253,1
DA:254,1
DA:261,1
DA:262,0
DA:263,0
DA:266,1
LF:74
LH:54
BRDA:29,0,0,1
BRDA:52,1,0,2
BRDA:52,1,1,4
BRDA:53,2,0,4
BRDA:53,2,1,2
BRDA:54,3,0,6
BRDA:54,3,1,4
BRDA:54,3,2,0
BRDA:58,4,0,0
BRDA:58,4,1,0
BRDA:68,5,0,1
BRDA:68,5,1,0
BRDA:71,6,0,0
BRDA:71,6,1,0
BRDA:74,7,0,0
BRDA:74,7,1,0
BRDA:89,8,0,1
BRDA:89,8,1,1
BRDA:112,9,0,1
BRDA:112,9,1,1
BRDA:136,10,0,1
BRDA:136,10,1,1
BRDA:165,11,0,1
BRDA:165,11,1,1
BRDA:172,12,0,0
BRDA:172,12,1,1
BRDA:198,13,0,1
BRDA:198,13,1,0
BRDA:209,14,0,0
BRDA:209,14,1,0
BRDA:239,15,0,1
BRDA:239,15,1,2
BRDA:249,16,0,1
BRDA:249,16,1,1
BRDA:252,17,0,1
BRDA:252,17,1,0
BRDA:261,18,0,0
BRDA:261,18,1,1
BRF:38
BRH:24
end_of_record
TN:
SF:src/api/chat.ts
FN:6,(anonymous_0)
FN:8,(anonymous_1)
FN:11,readSseStream
FN:85,streamChat
FN:118,(anonymous_4)
FN:125,(anonymous_5)
FN:131,getRunStatus
FN:141,(anonymous_7)
FN:148,reattachStream
FN:161,(anonymous_9)
FN:166,(anonymous_10)
FNF:11
FNH:8
FNDA:4,(anonymous_0)
FNDA:3,(anonymous_1)
FNDA:9,readSseStream
FNDA:8,streamChat
FNDA:0,(anonymous_4)
FNDA:4,(anonymous_5)
FNDA:4,getRunStatus
FNDA:0,(anonymous_7)
FNDA:3,reattachStream
FNDA:0,(anonymous_9)
FNDA:1,(anonymous_10)
DA:5,1
DA:6,1
DA:7,4
DA:8,1
DA:9,3
DA:16,9
DA:17,9
DA:19,8
DA:20,8
DA:21,8
DA:23,8
DA:24,8
DA:25,19
DA:26,19
DA:28,11
DA:29,11
DA:30,11
DA:32,19
DA:33,11
DA:34,11
DA:35,11
DA:37,11
DA:41,11
DA:43,11
DA:44,11
DA:45,11
DA:46,10
DA:53,8
DA:54,1
DA:55,1
DA:56,1
DA:59,1
DA:60,1
DA:61,1
DA:62,1
DA:63,1
DA:71,8
DA:74,8
DA:75,4
DA:78,4
DA:94,8
DA:98,8
DA:102,8
DA:106,8
DA:117,8
DA:118,1
DA:119,1
DA:125,7
DA:126,4
DA:127,1
DA:135,4
DA:139,4
DA:140,3
DA:141,1
DA:142,1
DA:145,2
DA:155,3
DA:160,3
DA:161,1
DA:162,1
DA:166,2
DA:167,1
LF:62
LH:62
BRDA:9,0,0,1
BRDA:9,0,1,2
BRDA:17,1,0,1
BRDA:17,1,1,8
BRDA:26,2,0,8
BRDA:26,2,1,11
BRDA:30,3,0,11
BRDA:30,3,1,0
BRDA:34,4,0,0
BRDA:34,4,1,11
BRDA:35,5,0,0
BRDA:35,5,1,11
BRDA:37,6,0,9
BRDA:37,6,1,2
BRDA:41,7,0,0
BRDA:41,7,1,11
BRDA:41,8,0,11
BRDA:41,8,1,11
BRDA:45,9,0,4
BRDA:45,9,1,7
BRDA:53,10,0,1
BRDA:53,10,1,7
BRDA:55,11,0,1
BRDA:55,11,1,0
BRDA:56,12,0,1
BRDA:56,12,1,0
BRDA:59,13,0,1
BRDA:59,13,1,0
BRDA:59,14,0,1
BRDA:59,14,1,1
BRDA:62,15,0,0
BRDA:62,15,1,1
BRDA:74,16,0,4
BRDA:74,16,1,4
BRDA:74,17,0,8
BRDA:74,17,1,4
BRDA:94,18,0,0
BRDA:94,18,1,8
BRDA:98,19,0,8
BRDA:98,19,1,0
BRDA:102,20,0,8
BRDA:102,20,1,0
BRDA:117,21,0,1
BRDA:117,21,1,7
BRDA:126,22,0,3
BRDA:126,22,1,1
BRDA:139,23,0,1
BRDA:139,23,1,3
BRDA:140,24,0,1
BRDA:140,24,1,2
BRDA:160,25,0,1
BRDA:160,25,1,2
BRDA:167,26,0,0
BRDA:167,26,1,1
BRF:54
BRH:42
end_of_record
TN:
SF:src/api/config.ts
FNF:0
FNH:0
DA:7,13
DA:9,13
DA:12,13
DA:14,13
DA:15,13
DA:16,13
DA:17,13
DA:18,13
DA:19,13
LF:9
LH:9
BRDA:9,0,0,1
BRDA:9,0,1,12
BRDA:12,1,0,1
BRDA:12,1,1,12
BRF:4
BRH:4
end_of_record
TN:
SF:src/api/governance.ts
FN:17,getTradeOffs
FN:27,getAdl
FN:34,getAdlHard
FN:41,getAdlByCategory
FN:52,getWeaknesses
FN:62,getFmea
FN:69,getFmeaRisks
FN:76,getGovernanceReport
FN:86,getTactics
FN:102,getTacticsSummary
FN:112,getBuyVsBuildSummary
FN:126,getBuyVsBuildConflicts
FNF:12
FNH:12
FNDA:2,getTradeOffs
FNDA:1,getAdl
FNDA:1,getAdlHard
FNDA:1,getAdlByCategory
FNDA:1,getWeaknesses
FNDA:1,getFmea
FNDA:1,getFmeaRisks
FNDA:1,getGovernanceReport
FNDA:2,getTactics
FNDA:1,getTacticsSummary
FNDA:2,getBuyVsBuildSummary
FNDA:1,getBuyVsBuildConflicts
DA:15,2
DA:21,2
DA:31,1
DA:38,1
DA:46,1
DA:56,1
DA:66,1
DA:73,1
DA:80,1
DA:91,2
DA:92,2
DA:93,2
DA:94,2
DA:95,2
DA:96,2
DA:106,1
DA:117,2
DA:118,2
DA:119,2
DA:120,2
DA:130,1
LF:21
LH:21
BRDA:92,0,0,1
BRDA:92,0,1,1
BRDA:93,1,0,1
BRDA:93,1,1,1
BRDA:94,2,0,1
BRDA:94,2,1,1
BRDA:95,3,0,1
BRDA:95,3,1,1
BRDA:118,4,0,1
BRDA:118,4,1,1
BRDA:119,5,0,1
BRDA:119,5,1,1
BRF:12
BRH:12
end_of_record
TN:
SF:src/api/http.ts
FN:13,(anonymous_0)
FN:22,statusMessage
FN:40,authFetchJson
FNF:3
FNH:3
FNDA:19,(anonymous_0)
FNDA:13,statusMessage
FNDA:57,authFetchJson
DA:14,19
DA:15,19
DA:16,19
DA:17,19
DA:23,13
DA:24,1
DA:25,2
DA:26,1
DA:27,1
DA:28,1
DA:29,1
DA:30,0
DA:31,1
DA:32,1
DA:33,1
DA:34,1
DA:35,1
DA:36,1
DA:45,57
DA:46,57
DA:51,2
DA:54,55
DA:55,41
DA:59,14
DA:60,2
DA:64,14
DA:65,14
DA:66,57
DA:67,1
DA:73,14
DA:74,57
LF:31
LH:30
BRDA:23,0,0,1
BRDA:23,0,1,2
BRDA:23,0,2,1
BRDA:23,0,3,1
BRDA:23,0,4,1
BRDA:23,0,5,1
BRDA:23,0,6,0
BRDA:23,0,7,1
BRDA:23,0,8,1
BRDA:23,0,9,1
BRDA:23,0,10,1
BRDA:23,0,11,1
BRDA:23,0,12,1
BRDA:54,1,0,41
BRDA:54,1,1,14
BRDA:59,2,0,2
BRDA:59,2,1,12
BRDA:65,3,0,14
BRDA:65,3,1,13
BRDA:66,4,0,1
BRDA:66,4,1,56
BRDA:66,5,0,57
BRDA:66,5,1,14
BRDA:73,6,0,14
BRDA:73,6,1,13
BRDA:73,6,2,13
BRF:26
BRH:25
end_of_record
TN:
SF:src/api/sessions.ts
FN:7,listSessions
FN:11,getSessionMessages
FNF:2
FNH:2
FNDA:2,listSessions
FNDA:2,getSessionMessages
DA:5,1
DA:8,2
DA:15,2
LF:3
LH:3
BRF:0
BRH:0
end_of_record
TN:
SF:src/api/specweaver.ts
FN:98,authPostJson
FN:131,authDelete
FN:149,createSession
FN:156,getSessions
FN:163,getSession
FN:170,uploadDocument
FN:202,deleteDocument
FN:213,generatePackage
FN:220,parseArchInputPackage
FN:262,getPackage
FN:273,sendToArchon
FNF:11
FNH:11
FNDA:7,authPostJson
FNDA:2,authDelete
FNDA:2,createSession
FNDA:4,getSessions
FNDA:7,getSession
FNDA:2,uploadDocument
FNDA:2,deleteDocument
FNDA:3,generatePackage
FNDA:2,parseArchInputPackage
FNDA:2,getPackage
FNDA:2,sendToArchon
DA:4,3
DA:104,7
DA:105,7
DA:114,1
DA:117,6
DA:118,6
DA:119,6
DA:123,0
DA:124,0
DA:126,0
DA:128,0
DA:133,2
DA:134,2
DA:139,0
DA:142,2
DA:143,0
DA:150,2
DA:157,4
DA:164,7
DA:178,2
DA:179,2
DA:180,2
DA:181,2
DA:182,2
DA:185,2
DA:186,2
DA:192,0
DA:195,2
DA:196,0
DA:207,2
DA:217,3
DA:221,2
DA:222,2
DA:223,2
DA:225,0
DA:228,2
DA:229,2
DA:230,2
DA:231,2
DA:233,2
DA:266,2
DA:267,2
DA:277,2
LF:43
LH:34
BRDA:111,0,0,5
BRDA:111,0,1,2
BRDA:117,1,0,6
BRDA:117,1,1,0
BRDA:118,2,0,0
BRDA:118,2,1,6
BRDA:128,3,0,0
BRDA:128,3,1,0
BRDA:128,3,2,0
BRDA:142,4,0,2
BRDA:142,4,1,0
BRDA:142,5,0,2
BRDA:142,5,1,0
BRDA:179,6,0,1
BRDA:179,6,1,1
BRDA:180,7,0,1
BRDA:180,7,1,1
BRDA:182,8,0,1
BRDA:182,8,1,1
BRDA:195,9,0,2
BRDA:195,9,1,0
BRDA:228,10,0,2
BRDA:228,10,1,0
BRDA:229,11,0,0
BRDA:229,11,1,2
BRDA:230,12,0,0
BRDA:230,12,1,2
BRDA:231,13,0,0
BRDA:231,13,1,2
BRDA:234,14,0,2
BRDA:234,14,1,0
BRDA:235,15,0,2
BRDA:235,15,1,0
BRDA:236,16,0,2
BRDA:236,16,1,2
BRDA:238,17,0,2
BRDA:238,17,1,0
BRDA:239,18,0,2
BRDA:239,18,1,2
BRDA:245,19,0,2
BRDA:245,19,1,0
BRDA:249,20,0,2
BRDA:249,20,1,0
BRDA:253,21,0,2
BRDA:253,21,1,0
BRF:45
BRH:27
end_of_record
TN:
SF:src/api/workshop.ts
FN:18,authPost
FN:43,createWorkshopSession
FN:51,submitWorkshopTurn
FN:60,getWorkshopSession
FN:68,getWorkshopAttributes
FN:80,getWorkshopScenarios
FN:88,completeWorkshopSession
FN:97,sendWorkshopToPipeline
FN:111,listWorkshopSessions
FN:118,getWorkshopMessages
FN:126,assessGenerationReadiness
FN:137,generateAttributes
FN:151,getUtilityTree
FN:162,getImplications
FNF:14
FNH:14
FNDA:6,authPost
FNDA:2,createWorkshopSession
FNDA:1,submitWorkshopTurn
FNDA:1,getWorkshopSession
FNDA:2,getWorkshopAttributes
FNDA:1,getWorkshopScenarios
FNDA:1,completeWorkshopSession
FNDA:1,sendWorkshopToPipeline
FNDA:1,listWorkshopSessions
FNDA:1,getWorkshopMessages
FNDA:1,assessGenerationReadiness
FNDA:1,generateAttributes
FNDA:1,getUtilityTree
FNDA:1,getImplications
DA:16,2
DA:24,6
DA:33,6
DA:34,5
DA:35,5
DA:38,1
DA:39,1
DA:47,2
DA:56,1
DA:64,1
DA:73,2
DA:76,2
DA:84,1
DA:92,1
DA:101,1
DA:102,1
DA:114,1
DA:122,1
DA:130,1
DA:141,1
DA:155,1
DA:166,1
LF:22
LH:22
BRDA:22,0,0,6
BRDA:31,1,0,3
BRDA:31,1,1,3
BRDA:33,2,0,5
BRDA:33,2,1,1
BRDA:34,3,0,0
BRDA:34,3,1,5
BRDA:73,4,0,1
BRDA:73,4,1,1
BRF:9
BRH:8
end_of_record
TN:
SF:src/components/CopyButton.tsx
FN:18,CopyButton
FN:21,(anonymous_1)
FN:26,(anonymous_2)
FNF:3
FNH:2
FNDA:45,CopyButton
FNDA:2,(anonymous_1)
FNDA:0,(anonymous_2)
DA:19,45
DA:21,45
DA:22,2
DA:23,2
DA:24,2
DA:25,2
DA:26,2
DA:32,45
LF:8
LH:8
BRDA:18,0,0,45
BRDA:18,1,0,45
BRDA:37,2,0,0
BRDA:37,2,1,45
BRDA:38,3,0,0
BRDA:38,3,1,45
BRDA:41,4,0,0
BRDA:41,4,1,45
BRDA:51,5,0,45
BRDA:51,5,1,28
BRDA:52,6,0,0
BRDA:52,6,1,28
BRF:12
BRH:8
end_of_record
TN:
SF:src/components/DiagramErrorBoundary.tsx
FN:19,(anonymous_0)
FN:24,(anonymous_1)
FN:31,(anonymous_2)
FN:41,(anonymous_3)
FNF:4
FNH:4
FNDA:8,(anonymous_0)
FNDA:2,(anonymous_1)
FNDA:2,(anonymous_2)
FNDA:11,(anonymous_3)
DA:20,8
DA:21,8
DA:25,4
DA:32,2
DA:42,11
DA:43,4
DA:72,7
LF:7
LH:7
BRDA:42,0,0,4
BRDA:42,0,1,7
BRDA:59,1,0,4
BRDA:59,1,1,4
BRF:4
BRH:4
end_of_record
TN:
SF:src/components/MarkdownRenderer.tsx
FN:10,(anonymous_0)
FN:17,(anonymous_1)
FN:20,(anonymous_2)
FN:25,(anonymous_3)
FN:28,(anonymous_4)
FN:33,(anonymous_5)
FN:41,(anonymous_6)
FN:49,(anonymous_7)
FN:57,(anonymous_8)
FN:62,(anonymous_9)
FN:67,(anonymous_10)
FN:70,MarkdownRenderer
FNF:12
FNH:12
FNDA:1,(anonymous_0)
FNDA:1,(anonymous_1)
FNDA:2,(anonymous_2)
FNDA:2,(anonymous_3)
FNDA:2,(anonymous_4)
FNDA:1,(anonymous_5)
FNDA:1,(anonymous_6)
FNDA:2,(anonymous_7)
FNDA:1,(anonymous_8)
FNDA:1,(anonymous_9)
FNDA:1,(anonymous_10)
FNDA:16,MarkdownRenderer
DA:9,2
DA:11,1
DA:18,1
DA:21,2
DA:26,2
DA:29,2
DA:34,1
DA:42,1
DA:50,2
DA:58,1
DA:63,1
DA:67,1
DA:71,16
DA:72,2
DA:79,14
LF:15
LH:15
BRDA:71,0,0,2
BRDA:71,0,1,14
BRF:2
BRH:2
end_of_record
TN:
SF:src/components/MermaidDiagram.tsx
FN:15,MermaidDiagram
FN:19,(anonymous_1)
FN:24,(anonymous_2)
FN:39,(anonymous_3)
FNF:4
FNH:4
FNDA:5,MermaidDiagram
FNDA:4,(anonymous_1)
FNDA:2,(anonymous_2)
FNDA:2,(anonymous_3)
DA:4,1
DA:16,5
DA:17,5
DA:19,5
DA:20,4
DA:22,2
DA:24,2
DA:25,2
DA:26,2
DA:27,2
DA:28,1
DA:29,1
DA:30,1
DA:33,1
DA:34,1
DA:39,2
DA:40,2
DA:44,5
DA:45,2
DA:52,3
DA:53,1
DA:65,2
LF:22
LH:22
BRDA:15,0,0,5
BRDA:20,1,0,2
BRDA:20,1,1,2
BRDA:20,2,0,4
BRDA:20,2,1,2
BRDA:28,3,0,1
BRDA:28,3,1,0
BRDA:28,4,0,1
BRDA:28,4,1,1
BRDA:33,5,0,1
BRDA:33,5,1,0
BRDA:34,6,0,1
BRDA:34,6,1,0
BRDA:44,7,0,2
BRDA:44,7,1,3
BRDA:52,8,0,1
BRDA:52,8,1,2
BRF:17
BRH:14
end_of_record
TN:
SF:src/components/PillarNav.tsx
FN:42,PillarIcon
FN:63,PillarItem
FN:124,PillarNav
FN:137,(anonymous_3)
FNF:4
FNH:4
FNDA:244,PillarIcon
FNDA:244,PillarItem
FNDA:61,PillarNav
FNDA:244,(anonymous_3)
DA:11,2
DA:43,244
DA:47,244
DA:64,244
DA:65,244
DA:68,244
DA:75,244
DA:91,244
DA:92,122
DA:106,122
DA:125,61
DA:138,244
LF:12
LH:12
BRDA:43,0,0,122
BRDA:43,0,1,122
BRDA:64,1,0,0
BRDA:64,1,1,244
BRDA:65,2,0,61
BRDA:65,2,1,183
BRDA:69,3,0,61
BRDA:69,3,1,183
BRDA:72,4,0,122
BRDA:72,4,1,122
BRDA:72,5,0,0
BRDA:72,5,1,244
BRDA:77,6,0,61
BRDA:77,6,1,183
BRDA:81,7,0,0
BRDA:81,7,1,244
BRDA:82,8,0,0
BRDA:82,8,1,244
BRDA:85,9,0,244
BRDA:85,9,1,122
BRDA:91,10,0,122
BRDA:91,10,1,122
BRDA:95,11,0,61
BRDA:95,11,1,61
BRDA:110,12,0,0
BRDA:110,12,1,122
BRDA:124,13,0,61
BRDA:127,14,0,0
BRDA:127,14,1,61
BRF:29
BRH:23
end_of_record
TN:
SF:src/components/SeverityGrid.tsx
FN:7,rpnColor
FN:14,SeverityGrid
FN:24,(anonymous_2)
FN:25,(anonymous_3)
FN:41,(anonymous_4)
FN:49,(anonymous_5)
FN:52,(anonymous_6)
FN:55,(anonymous_7)
FN:62,(anonymous_8)
FN:65,(anonymous_9)
FN:93,(anonymous_10)
FN:94,(anonymous_11)
FNF:12
FNH:12
FNDA:20,rpnColor
FNDA:5,SeverityGrid
FNDA:20,(anonymous_2)
FNDA:100,(anonymous_3)
FNDA:20,(anonymous_4)
FNDA:20,(anonymous_5)
FNDA:100,(anonymous_6)
FNDA:10,(anonymous_7)
FNDA:10,(anonymous_8)
FNDA:10,(anonymous_9)
FNDA:8,(anonymous_10)
FNDA:10,(anonymous_11)
DA:8,20
DA:9,18
DA:10,18
DA:11,12
DA:15,5
DA:16,1
DA:24,4
DA:25,100
DA:28,4
DA:29,10
DA:30,10
DA:31,10
DA:34,4
DA:42,20
DA:50,20
DA:53,100
DA:54,100
DA:55,10
DA:57,100
DA:62,10
DA:65,10
DA:93,8
DA:95,10
LF:23
LH:23
BRDA:8,0,0,2
BRDA:8,0,1,18
BRDA:9,1,0,0
BRDA:9,1,1,18
BRDA:10,2,0,6
BRDA:10,2,1,12
BRDA:15,3,0,1
BRDA:15,3,1,4
BRDA:54,4,0,10
BRDA:54,4,1,90
BRDA:60,5,0,10
BRDA:60,5,1,90
BRDA:64,6,0,100
BRDA:64,6,1,10
BRF:14
BRH:13
end_of_record
TN:
SF:src/components/StageProgress.tsx
FN:21,StatusIcon
FN:66,statusSymbol
FN:83,rowTextColor
FN:98,StageProgress
FN:99,(anonymous_4)
FN:103,(anonymous_5)
FNF:6
FNH:6
FNDA:84,StatusIcon
FNDA:84,statusSymbol
FNDA:84,rowTextColor
FNDA:6,StageProgress
FNDA:84,(anonymous_4)
FNDA:84,(anonymous_5)
DA:4,1
DA:22,84
DA:23,84
DA:25,1
DA:31,0
DA:39,1
DA:46,1
DA:52,0
DA:58,81
DA:67,84
DA:69,1
DA:71,0
DA:73,1
DA:75,1
DA:77,0
DA:79,81
DA:84,84
DA:85,1
DA:86,0
DA:87,1
DA:88,1
DA:89,0
DA:90,81
DA:99,84
DA:101,6
DA:104,84
DA:105,84
DA:106,84
LF:28
LH:22
BRDA:23,0,0,1
BRDA:23,0,1,0
BRDA:23,0,2,1
BRDA:23,0,3,1
BRDA:23,0,4,0
BRDA:23,0,5,81
BRDA:67,1,0,1
BRDA:67,1,1,0
BRDA:67,1,2,1
BRDA:67,1,3,1
BRDA:67,1,4,0
BRDA:67,1,5,81
BRDA:84,2,0,1
BRDA:84,2,1,0
BRDA:84,2,2,1
BRDA:84,2,3,1
BRDA:84,2,4,0
BRDA:84,2,5,81
BRDA:105,3,0,84
BRDA:105,3,1,0
BRDA:109,4,0,1
BRDA:109,4,1,83
BRDA:115,5,0,84
BRDA:115,5,1,0
BRF:24
BRH:16
end_of_record
TN:
SF:src/components/StructuredData.tsx
FN:6,formatValue
FN:12,StructuredDataCard
FN:50,(anonymous_2)
FN:66,downloadMarkdown
FN:86,MarkdownExportActions
FN:114,(anonymous_5)
FN:134,(anonymous_6)
FN:145,StructuredExportBar
FNF:8
FNH:8
FNDA:10,formatValue
FNDA:7,StructuredDataCard
FNDA:10,(anonymous_2)
FNDA:3,downloadMarkdown
FNDA:13,MarkdownExportActions
FNDA:1,(anonymous_5)
FNDA:1,(anonymous_6)
FNDA:15,StructuredExportBar
DA:7,10
DA:8,9
DA:9,7
DA:27,7
DA:51,10
DA:67,3
DA:68,3
DA:69,3
DA:70,3
DA:71,3
DA:72,3
DA:73,3
DA:77,5
DA:83,5
DA:103,13
DA:106,12
DA:108,12
DA:109,2
DA:114,1
DA:125,10
DA:134,1
DA:152,15
LF:22
LH:22
BRDA:7,0,0,1
BRDA:7,0,1,9
BRDA:7,1,0,10
BRDA:7,1,1,9
BRDA:8,2,0,2
BRDA:8,2,1,7
BRDA:8,3,0,1
BRDA:8,3,1,1
BRDA:17,4,0,7
BRDA:37,5,0,7
BRDA:37,5,1,4
BRDA:39,6,0,7
BRDA:39,6,1,3
BRDA:56,7,0,10
BRDA:56,7,1,1
BRDA:89,8,0,13
BRDA:90,9,0,13
BRDA:91,10,0,13
BRDA:103,11,0,1
BRDA:103,11,1,12
BRDA:108,12,0,2
BRDA:108,12,1,10
BRDA:129,13,0,10
BRDA:129,13,1,10
BRF:24
BRH:24
end_of_record
TN:
SF:src/components/Toast.tsx
FN:36,(anonymous_0)
FN:50,emitToast
FN:58,nextId
FN:62,ToastProvider
FN:66,(anonymous_4)
FN:67,(anonymous_5)
FN:67,(anonymous_6)
FN:75,(anonymous_7)
FN:79,(anonymous_8)
FN:84,(anonymous_9)
FN:91,(anonymous_10)
FN:92,(anonymous_11)
FN:97,(anonymous_12)
FN:110,useToast
FN:157,ToastContainer
FN:166,(anonymous_15)
FN:178,(anonymous_16)
FNF:17
FNH:16
FNDA:0,(anonymous_0)
FNDA:1,emitToast
FNDA:12,nextId
FNDA:90,ToastProvider
FNDA:2,(anonymous_4)
FNDA:2,(anonymous_5)
FNDA:2,(anonymous_6)
FNDA:12,(anonymous_7)
FNDA:12,(anonymous_8)
FNDA:1,(anonymous_9)
FNDA:32,(anonymous_10)
FNDA:2,(anonymous_11)
FNDA:32,(anonymous_12)
FNDA:20,useToast
FNDA:90,ToastContainer
FNDA:21,(anonymous_15)
FNDA:1,(anonymous_16)
DA:27,2
DA:35,2
DA:36,0
DA:51,1
DA:52,1
DA:57,2
DA:59,12
DA:63,90
DA:64,90
DA:66,90
DA:67,2
DA:68,2
DA:69,2
DA:70,2
DA:71,2
DA:75,90
DA:77,12
DA:78,12
DA:79,12
DA:81,12
DA:82,12
DA:84,12
DA:85,12
DA:91,90
DA:92,32
DA:93,2
DA:94,2
DA:96,32
DA:97,32
DA:100,90
DA:111,20
DA:121,2
DA:145,2
DA:151,2
DA:158,90
DA:160,12
DA:167,21
DA:178,1
LF:38
LH:37
BRDA:50,0,0,1
BRDA:69,1,0,2
BRDA:69,1,1,0
BRDA:76,2,0,12
BRDA:78,3,0,12
BRDA:78,3,1,11
BRDA:81,4,0,1
BRDA:81,4,1,11
BRDA:94,5,0,1
BRDA:94,5,1,1
BRDA:158,6,0,78
BRDA:158,6,1,12
BRF:12
BRH:11
end_of_record
TN:
SF:src/hooks/useArchitecture.ts
FN:6,useArchitecture
FN:7,(anonymous_1)
FN:8,(anonymous_2)
FN:16,(anonymous_3)
FN:30,(anonymous_4)
FNF:5
FNH:5
FNDA:13,useArchitecture
FNDA:38,(anonymous_1)
FNDA:38,(anonymous_2)
FNDA:7,(anonymous_3)
FNDA:6,(anonymous_4)
DA:7,38
DA:8,38
DA:10,13
DA:13,13
DA:14,13
DA:16,13
DA:17,7
DA:18,4
DA:19,4
DA:20,4
DA:21,4
DA:22,3
DA:24,1
DA:26,4
DA:30,13
DA:31,6
DA:34,13
LF:17
LH:17
BRDA:17,0,0,3
BRDA:17,0,1,4
BRDA:17,1,0,7
BRDA:17,1,1,5
BRDA:24,2,0,1
BRDA:24,2,1,0
BRF:6
BRH:5
end_of_record
TN:
SF:src/hooks/useAuth.ts
FN:9,useAuth
FN:10,(anonymous_1)
FN:11,(anonymous_2)
FN:12,(anonymous_3)
FN:13,(anonymous_4)
FNF:5
FNH:5
FNDA:79,useAuth
FNDA:240,(anonymous_1)
FNDA:240,(anonymous_2)
FNDA:240,(anonymous_3)
FNDA:240,(anonymous_4)
DA:10,240
DA:11,240
DA:12,240
DA:13,240
DA:15,79
LF:5
LH:5
BRF:0
BRH:0
end_of_record
TN:
SF:src/hooks/useBuyVsBuild.ts
FN:10,useBuyVsBuild
FN:11,(anonymous_1)
FN:12,(anonymous_2)
FN:13,(anonymous_3)
FN:19,(anonymous_4)
FN:21,(anonymous_5)
FN:39,(anonymous_6)
FN:41,(anonymous_7)
FN:42,(anonymous_8)
FNF:9
FNH:9
FNDA:18,useBuyVsBuild
FNDA:54,(anonymous_1)
FNDA:54,(anonymous_2)
FNDA:54,(anonymous_3)
FNDA:2,(anonymous_4)
FNDA:9,(anonymous_5)
FNDA:8,(anonymous_6)
FNDA:1,(anonymous_7)
FNDA:1,(anonymous_8)
DA:11,54
DA:12,54
DA:13,54
DA:15,18
DA:16,18
DA:17,18
DA:19,18
DA:21,18
DA:22,9
DA:23,7
DA:24,7
DA:25,7
DA:26,7
DA:27,5
DA:29,2
DA:30,1
DA:32,1
DA:35,7
DA:39,18
DA:40,8
DA:41,1
DA:42,1
DA:44,7
DA:47,18
LF:24
LH:24
BRDA:19,0,0,2
BRDA:19,0,1,1
BRDA:22,1,0,2
BRDA:22,1,1,7
BRDA:22,2,0,9
BRDA:22,2,1,8
BRDA:29,3,0,1
BRDA:29,3,1,1
BRDA:32,4,0,1
BRDA:32,4,1,0
BRDA:40,5,0,1
BRDA:40,5,1,7
BRF:12
BRH:11
end_of_record
TN:
SF:src/hooks/useConversation.ts
FN:8,useConversation
FN:9,(anonymous_1)
FN:10,(anonymous_2)
FN:11,(anonymous_3)
FN:12,(anonymous_4)
FN:13,(anonymous_5)
FN:14,(anonymous_6)
FN:15,(anonymous_7)
FN:19,(anonymous_8)
FNF:9
FNH:8
FNDA:4,useConversation
FNDA:12,(anonymous_1)
FNDA:12,(anonymous_2)
FNDA:12,(anonymous_3)
FNDA:12,(anonymous_4)
FNDA:12,(anonymous_5)
FNDA:12,(anonymous_6)
FNDA:12,(anonymous_7)
FNDA:0,(anonymous_8)
DA:9,12
DA:10,12
DA:11,12
DA:12,12
DA:13,12
DA:14,12
DA:15,12
DA:16,4
DA:18,4
DA:20,0
DA:25,4
LF:11
LH:10
BRF:0
BRH:0
end_of_record
TN:
SF:src/hooks/useDiagrams.ts
FN:6,useDiagrams
FN:7,(anonymous_1)
FN:8,(anonymous_2)
FN:14,(anonymous_3)
FN:28,(anonymous_4)
FNF:5
FNH:5
FNDA:13,useDiagrams
FNDA:38,(anonymous_1)
FNDA:38,(anonymous_2)
FNDA:7,(anonymous_3)
FNDA:6,(anonymous_4)
DA:7,38
DA:8,38
DA:10,13
DA:11,13
DA:12,13
DA:14,13
DA:15,7
DA:16,4
DA:17,4
DA:18,4
DA:19,4
DA:20,3
DA:22,1
DA:24,4
DA:28,13
DA:29,6
DA:32,13
LF:17
LH:17
BRDA:15,0,0,3
BRDA:15,0,1,4
BRDA:15,1,0,7
BRDA:15,1,1,5
BRDA:22,2,0,1
BRDA:22,2,1,0
BRF:6
BRH:5
end_of_record
TN:
SF:src/hooks/useGovernance.ts
FN:22,useGovernance
FN:23,(anonymous_1)
FN:24,(anonymous_2)
FN:25,(anonymous_3)
FN:35,(anonymous_4)
FN:38,(anonymous_5)
FN:49,(anonymous_6)
FN:77,(anonymous_7)
FN:79,(anonymous_8)
FN:80,(anonymous_9)
FNF:10
FNH:10
FNDA:9,useGovernance
FNDA:27,(anonymous_1)
FNDA:27,(anonymous_2)
FNDA:27,(anonymous_3)
FNDA:1,(anonymous_4)
FNDA:5,(anonymous_5)
FNDA:1,(anonymous_6)
FNDA:5,(anonymous_7)
FNDA:1,(anonymous_8)
FNDA:1,(anonymous_9)
DA:23,27
DA:24,27
DA:25,27
DA:27,9
DA:28,9
DA:29,9
DA:30,9
DA:31,9
DA:32,9
DA:33,9
DA:35,9
DA:36,1
DA:38,9
DA:39,5
DA:40,3
DA:41,3
DA:42,3
DA:43,3
DA:49,3
DA:51,3
DA:52,1
DA:54,2
DA:55,0
DA:57,2
DA:58,0
DA:60,2
DA:61,0
DA:63,2
DA:64,0
DA:65,2
DA:66,0
DA:68,2
DA:71,1
DA:73,3
DA:77,9
DA:78,5
DA:79,1
DA:80,1
DA:82,4
DA:85,9
LF:40
LH:35
BRDA:36,0,0,1
BRDA:36,0,1,0
BRDA:39,1,0,2
BRDA:39,1,1,3
BRDA:39,2,0,5
BRDA:39,2,1,4
BRDA:51,3,0,2
BRDA:51,3,1,1
BRDA:52,4,0,1
BRDA:52,4,1,0
BRDA:54,5,0,2
BRDA:54,5,1,0
BRDA:55,6,0,0
BRDA:55,6,1,0
BRDA:57,7,0,2
BRDA:57,7,1,0
BRDA:58,8,0,0
BRDA:58,8,1,0
BRDA:60,9,0,2
BRDA:60,9,1,0
BRDA:61,10,0,0
BRDA:61,10,1,0
BRDA:63,11,0,0
BRDA:63,11,1,2
BRDA:63,12,0,2
BRDA:63,12,1,0
BRDA:65,13,0,0
BRDA:65,13,1,2
BRDA:71,14,0,1
BRDA:71,14,1,0
BRDA:78,15,0,1
BRDA:78,15,1,4
BRF:32
BRH:17
end_of_record
TN:
SF:src/hooks/useSSEStream.ts
FN:9,useSSEStream
FN:11,(anonymous_1)
FN:12,(anonymous_2)
FN:13,(anonymous_3)
FN:14,(anonymous_4)
FN:15,(anonymous_5)
FN:16,(anonymous_6)
FN:17,(anonymous_7)
FN:18,(anonymous_8)
FN:19,(anonymous_9)
FN:20,(anonymous_10)
FN:23,(anonymous_11)
FN:43,(anonymous_12)
FN:133,(anonymous_13)
FN:155,(anonymous_14)
FNF:15
FNH:15
FNDA:17,useSSEStream
FNDA:90,(anonymous_1)
FNDA:90,(anonymous_2)
FNDA:90,(anonymous_3)
FNDA:90,(anonymous_4)
FNDA:90,(anonymous_5)
FNDA:90,(anonymous_6)
FNDA:90,(anonymous_7)
FNDA:90,(anonymous_8)
FNDA:90,(anonymous_9)
FNDA:90,(anonymous_10)
FNDA:8,(anonymous_11)
FNDA:8,(anonymous_12)
FNDA:3,(anonymous_13)
FNDA:1,(anonymous_14)
DA:10,17
DA:11,90
DA:12,90
DA:13,90
DA:14,90
DA:15,90
DA:16,90
DA:17,90
DA:18,90
DA:19,90
DA:20,90
DA:22,17
DA:24,8
DA:25,1
DA:26,1
DA:28,7
DA:29,7
DA:30,0
DA:34,0
DA:36,7
DA:37,7
DA:39,7
DA:40,8
DA:41,8
DA:43,8
DA:44,8
DA:45,5
DA:46,5
DA:47,5
DA:49,2
DA:50,2
DA:57,8
DA:58,8
DA:65,2
DA:67,0
DA:72,8
DA:73,1
DA:76,6
DA:77,6
DA:79,6
DA:80,6
DA:89,4
DA:90,4
DA:94,4
DA:99,1
DA:100,1
DA:101,1
DA:102,1
DA:106,3
DA:110,3
DA:111,1
DA:112,1
DA:113,1
DA:114,1
DA:127,6
DA:133,17
DA:134,3
DA:135,1
DA:136,1
DA:138,2
DA:139,2
DA:141,2
DA:142,2
DA:144,2
DA:146,2
DA:147,2
DA:149,1
DA:150,1
DA:155,17
DA:156,1
DA:157,1
DA:160,17
LF:72
LH:69
BRDA:24,0,0,1
BRDA:24,0,1,7
BRDA:29,1,0,0
BRDA:29,1,1,7
BRDA:44,2,0,3
BRDA:44,2,1,5
BRDA:47,3,0,3
BRDA:47,3,1,2
BRDA:47,4,0,5
BRDA:47,4,1,2
BRDA:53,5,0,2
BRDA:53,5,1,0
BRDA:72,6,0,1
BRDA:72,6,1,7
BRDA:83,7,0,6
BRDA:83,7,1,3
BRDA:89,8,0,4
BRDA:89,8,1,0
BRDA:90,9,0,4
BRDA:90,9,1,0
BRDA:94,10,0,1
BRDA:94,10,1,3
BRDA:95,11,0,4
BRDA:95,11,1,3
BRDA:95,11,2,3
BRDA:100,12,0,1
BRDA:100,12,1,0
BRDA:110,13,0,1
BRDA:110,13,1,2
BRDA:113,14,0,1
BRDA:113,14,1,0
BRDA:113,15,0,1
BRDA:113,15,1,1
BRDA:117,16,0,1
BRDA:117,16,1,0
BRDA:134,17,0,1
BRDA:134,17,1,2
BRDA:134,18,0,3
BRDA:134,18,1,2
BRDA:147,19,0,2
BRDA:147,19,1,1
BRDA:149,20,0,1
BRDA:149,20,1,0
BRDA:150,21,0,1
BRDA:150,21,1,0
BRF:45
BRH:36
end_of_record
TN:
SF:src/hooks/useTactics.ts
FN:19,useTactics
FN:20,(anonymous_1)
FN:21,(anonymous_2)
FN:22,(anonymous_3)
FN:29,(anonymous_4)
FN:32,(anonymous_5)
FN:55,(anonymous_6)
FN:60,(anonymous_7)
FN:61,(anonymous_8)
FNF:9
FNH:9
FNDA:15,useTactics
FNDA:45,(anonymous_1)
FNDA:45,(anonymous_2)
FNDA:45,(anonymous_3)
FNDA:1,(anonymous_4)
FNDA:8,(anonymous_5)
FNDA:7,(anonymous_6)
FNDA:1,(anonymous_7)
FNDA:1,(anonymous_8)
DA:20,45
DA:21,45
DA:22,45
DA:24,15
DA:25,15
DA:26,15
DA:27,15
DA:29,15
DA:30,1
DA:32,15
DA:33,8
DA:34,6
DA:35,6
DA:36,6
DA:37,6
DA:42,6
DA:43,1
DA:45,5
DA:46,0
DA:48,1
DA:50,6
DA:55,15
DA:59,7
DA:60,1
DA:61,1
DA:63,6
DA:66,15
LF:27
LH:26
BRDA:30,0,0,1
BRDA:30,0,1,0
BRDA:33,1,0,2
BRDA:33,1,1,6
BRDA:33,2,0,8
BRDA:33,2,1,7
BRDA:42,3,0,5
BRDA:42,3,1,1
BRDA:43,4,0,1
BRDA:43,4,1,0
BRDA:45,5,0,5
BRDA:45,5,1,0
BRDA:46,6,0,0
BRDA:46,6,1,0
BRDA:48,7,0,1
BRDA:48,7,1,0
BRDA:59,8,0,1
BRDA:59,8,1,6
BRF:18
BRH:12
end_of_record
TN:
SF:src/store/useSpecWeaverStore.ts
FN:34,initialGenerationStages
FN:35,(anonymous_1)
FN:41,advanceGenerationStage
FN:44,(anonymous_3)
FN:52,(anonymous_4)
FN:63,completeGenerationStages
FN:66,(anonymous_6)
FN:69,markRunningStageError
FN:72,(anonymous_8)
FN:74,(anonymous_9)
FN:80,(anonymous_10)
FN:115,messageFromError
FN:119,waitForNextPoll
FN:120,(anonymous_13)
FN:125,sessionHasGeneratedPackage
FN:129,(anonymous_15)
FN:138,(anonymous_16)
FN:148,(anonymous_17)
FN:168,(anonymous_18)
FN:172,(anonymous_19)
FN:184,(anonymous_20)
FN:197,(anonymous_21)
FN:210,(anonymous_22)
FN:221,(anonymous_23)
FN:224,(anonymous_24)
FN:256,(anonymous_25)
FN:281,(anonymous_26)
FN:288,(anonymous_27)
FN:301,(anonymous_28)
FN:321,(anonymous_29)
FNF:30
FNH:20
FNDA:2,initialGenerationStages
FNDA:6,(anonymous_1)
FNDA:0,advanceGenerationStage
FNDA:0,(anonymous_3)
FNDA:0,(anonymous_4)
FNDA:1,completeGenerationStages
FNDA:3,(anonymous_6)
FNDA:1,markRunningStageError
FNDA:1,(anonymous_8)
FNDA:3,(anonymous_9)
FNDA:0,(anonymous_10)
FNDA:2,messageFromError
FNDA:0,waitForNextPoll
FNDA:0,(anonymous_13)
FNDA:0,sessionHasGeneratedPackage
FNDA:3,(anonymous_15)
FNDA:5,(anonymous_16)
FNDA:0,(anonymous_17)
FNDA:1,(anonymous_18)
FNDA:1,(anonymous_19)
FNDA:1,(anonymous_20)
FNDA:1,(anonymous_21)
FNDA:2,(anonymous_22)
FNDA:1,(anonymous_23)
FNDA:1,(anonymous_24)
FNDA:0,(anonymous_25)
FNDA:1,(anonymous_26)
FNDA:1,(anonymous_27)
FNDA:1,(anonymous_28)
FNDA:0,(anonymous_29)
DA:15,3
DA:18,3
DA:20,3
DA:35,6
DA:44,0
DA:45,0
DA:46,0
DA:48,0
DA:49,0
DA:52,0
DA:53,0
DA:54,0
DA:56,0
DA:57,0
DA:59,0
DA:66,3
DA:72,1
DA:73,1
DA:74,1
DA:75,3
DA:80,0
DA:81,0
DA:116,2
DA:120,0
DA:121,0
DA:126,0
DA:129,3
DA:139,5
DA:140,5
DA:141,5
DA:142,4
DA:144,1
DA:149,0
DA:150,0
DA:151,0
DA:152,0
DA:153,0
DA:154,0
DA:155,0
DA:158,0
DA:161,0
DA:164,0
DA:169,1
DA:170,1
DA:171,1
DA:172,1
DA:176,1
DA:178,0
DA:179,0
DA:180,0
DA:185,1
DA:186,1
DA:187,1
DA:188,1
DA:189,1
DA:191,0
DA:192,0
DA:193,0
DA:198,1
DA:199,1
DA:200,1
DA:201,1
DA:202,1
DA:204,0
DA:205,0
DA:206,0
DA:211,2
DA:216,2
DA:217,2
DA:218,2
DA:219,2
DA:220,2
DA:222,1
DA:225,1
DA:226,1
DA:231,2
DA:232,2
DA:234,2
DA:236,2
DA:237,2
DA:238,2
DA:239,1
DA:241,1
DA:242,1
DA:243,1
DA:245,0
DA:246,0
DA:251,0
DA:255,0
DA:256,0
DA:261,0
DA:262,0
DA:263,0
DA:265,0
DA:266,0
DA:271,1
DA:272,1
DA:273,0
DA:276,1
DA:277,0
DA:280,1
DA:281,1
DA:287,1
DA:288,1
DA:295,1
DA:297,2
DA:302,1
DA:303,0
DA:306,1
DA:307,1
DA:308,1
DA:309,1
DA:310,1
DA:311,1
DA:313,0
DA:314,0
DA:315,0
DA:317,1
DA:321,0
LF:119
LH:67
BRDA:37,0,0,2
BRDA:37,0,1,4
BRDA:45,1,0,0
BRDA:45,1,1,0
BRDA:48,2,0,0
BRDA:48,2,1,0
BRDA:53,3,0,0
BRDA:53,3,1,0
BRDA:56,4,0,0
BRDA:56,4,1,0
BRDA:73,5,0,1
BRDA:73,5,1,0
BRDA:75,6,0,1
BRDA:75,6,1,2
BRDA:81,7,0,0
BRDA:81,7,1,0
BRDA:116,8,0,2
BRDA:116,8,1,0
BRDA:126,9,0,0
BRDA:126,9,1,0
BRDA:152,10,0,0
BRDA:152,10,1,0
BRDA:237,11,0,0
BRDA:237,11,1,2
BRDA:238,12,0,1
BRDA:238,12,1,1
BRDA:251,13,0,0
BRDA:251,13,1,0
BRDA:252,14,0,0
BRDA:252,14,1,0
BRDA:261,15,0,0
BRDA:261,15,1,0
BRDA:265,16,0,0
BRDA:265,16,1,0
BRDA:265,17,0,0
BRDA:265,17,1,0
BRDA:272,18,0,0
BRDA:272,18,1,1
BRDA:276,19,0,0
BRDA:276,19,1,1
BRDA:291,20,0,1
BRDA:291,20,1,0
BRDA:302,21,0,0
BRDA:302,21,1,1
BRF:44
BRH:13
end_of_record
TN:
SF:src/store/useStore.ts
FN:19,safeGetItem
FN:28,safeSetItem
FN:37,safeRemoveItem
FN:46,readPersistedAuth
FN:60,persistAuth
FN:66,clearPersistedAuth
FN:70,persistConversationId
FN:131,initialStages
FN:132,(anonymous_8)
FN:140,(anonymous_9)
FN:146,(anonymous_10)
FN:150,(anonymous_11)
FN:172,(anonymous_12)
FN:173,(anonymous_13)
FN:177,(anonymous_14)
FN:194,(anonymous_15)
FN:212,(anonymous_16)
FN:213,(anonymous_17)
FN:214,(anonymous_18)
FN:215,(anonymous_19)
FN:216,(anonymous_20)
FN:227,(anonymous_21)
FN:228,(anonymous_22)
FN:230,(anonymous_23)
FN:231,(anonymous_24)
FN:233,(anonymous_25)
FN:243,(anonymous_26)
FN:245,(anonymous_27)
FN:258,(anonymous_28)
FN:276,(anonymous_29)
FN:292,(anonymous_30)
FN:330,(anonymous_31)
FN:343,(anonymous_32)
FNF:33
FNH:32
FNDA:14,safeGetItem
FNDA:21,safeSetItem
FNDA:45,safeRemoveItem
FNDA:14,readPersistedAuth
FNDA:9,persistAuth
FNDA:10,clearPersistedAuth
FNDA:47,persistConversationId
FNDA:66,initialStages
FNDA:924,(anonymous_8)
FNDA:14,(anonymous_9)
FNDA:9,(anonymous_10)
FNDA:10,(anonymous_11)
FNDA:0,(anonymous_12)
FNDA:3,(anonymous_13)
FNDA:8,(anonymous_14)
FNDA:2,(anonymous_15)
FNDA:10,(anonymous_16)
FNDA:10,(anonymous_17)
FNDA:6,(anonymous_18)
FNDA:6,(anonymous_19)
FNDA:6,(anonymous_20)
FNDA:3,(anonymous_21)
FNDA:3,(anonymous_22)
FNDA:1,(anonymous_23)
FNDA:1,(anonymous_24)
FNDA:14,(anonymous_25)
FNDA:4,(anonymous_26)
FNDA:9,(anonymous_27)
FNDA:28,(anonymous_28)
FNDA:14,(anonymous_29)
FNDA:2,(anonymous_30)
FNDA:14,(anonymous_31)
FNDA:32,(anonymous_32)
DA:10,14
DA:20,14
DA:21,14
DA:22,14
DA:24,0
DA:29,21
DA:30,21
DA:31,21
DA:38,45
DA:39,45
DA:40,45
DA:47,14
DA:48,14
DA:49,0
DA:50,0
DA:51,0
DA:52,0
DA:54,0
DA:56,0
DA:63,9
DA:67,10
DA:71,47
DA:72,35
DA:73,35
DA:75,12
DA:132,924
DA:138,14
DA:140,14
DA:147,9
DA:148,9
DA:151,10
DA:152,10
DA:172,0
DA:174,3
DA:175,3
DA:178,8
DA:179,8
DA:195,2
DA:212,10
DA:213,10
DA:214,6
DA:216,6
DA:228,3
DA:231,1
DA:234,14
DA:243,4
DA:246,9
DA:248,9
DA:250,2
DA:251,1
DA:253,2
DA:256,2
DA:257,2
DA:259,28
DA:263,2
DA:266,1
DA:267,1
DA:268,0
DA:269,0
DA:270,0
DA:274,1
DA:275,1
DA:277,14
DA:284,1
DA:287,2
DA:292,2
DA:309,2
DA:313,0
DA:316,0
DA:319,0
DA:324,0
DA:327,1
DA:331,14
DA:335,1
DA:339,1
DA:344,32
LF:76
LH:61
BRDA:21,0,0,0
BRDA:21,0,1,14
BRDA:30,1,0,0
BRDA:30,1,1,21
BRDA:39,2,0,0
BRDA:39,2,1,45
BRDA:48,3,0,14
BRDA:48,3,1,0
BRDA:51,4,0,0
BRDA:51,4,1,0
BRDA:71,5,0,35
BRDA:71,5,1,12
BRDA:145,6,0,14
BRDA:145,6,1,14
BRDA:234,7,0,0
BRDA:234,7,1,14
BRDA:237,8,0,0
BRDA:237,8,1,1
BRDA:248,9,0,2
BRDA:248,9,1,2
BRDA:248,9,2,1
BRDA:248,9,3,2
BRDA:248,9,4,0
BRDA:248,9,5,0
BRDA:248,9,6,1
BRDA:248,9,7,1
BRDA:250,10,0,1
BRDA:250,10,1,1
BRDA:256,11,0,2
BRDA:256,11,1,0
BRDA:259,12,0,2
BRDA:259,12,1,26
BRDA:266,13,0,1
BRDA:266,13,1,0
BRDA:267,14,0,0
BRDA:267,14,1,1
BRDA:268,15,0,0
BRDA:268,15,1,0
BRDA:269,16,0,0
BRDA:269,16,1,0
BRDA:269,17,0,0
BRDA:269,17,1,0
BRDA:274,18,0,0
BRDA:274,18,1,1
BRDA:277,19,0,1
BRDA:277,19,1,13
BRDA:288,20,0,2
BRDA:288,20,1,1
BRDA:288,20,2,0
BRDA:295,21,0,2
BRDA:295,21,1,1
BRDA:295,21,2,0
BRDA:299,22,0,0
BRDA:299,22,1,2
BRDA:307,23,0,2
BRDA:307,23,1,2
BRDA:320,24,0,0
BRDA:320,24,1,0
BRDA:329,25,0,1
BRDA:329,25,1,0
BRDA:331,26,0,1
BRDA:331,26,1,13
BRF:62
BRH:36
end_of_record
TN:
SF:src/views/ArchitectureView.tsx
FN:14,buildArchitectureMarkdown
FN:94,normalizeComponentKey
FN:98,inferDecisionFromComponent
FN:119,buildSourcingDecisionView
FN:147,validateMermaidSource
FN:152,(anonymous_5)
FN:162,(anonymous_6)
FN:172,DiagramDisplay
FN:235,ArchitectureView
FN:243,(anonymous_9)
FN:255,(anonymous_10)
FN:256,(anonymous_11)
FN:257,(anonymous_12)
FN:258,(anonymous_13)
FN:368,(anonymous_14)
FN:403,(anonymous_15)
FN:409,(anonymous_16)
FN:488,(anonymous_17)
FN:548,(anonymous_18)
FN:565,(anonymous_19)
FN:587,(anonymous_20)
FNF:21
FNH:20
FNDA:3,buildArchitectureMarkdown
FNDA:5,normalizeComponentKey
FNDA:3,inferDecisionFromComponent
FNDA:6,buildSourcingDecisionView
FNDA:6,validateMermaidSource
FNDA:18,(anonymous_5)
FNDA:21,(anonymous_6)
FNDA:5,DiagramDisplay
FNDA:6,ArchitectureView
FNDA:6,(anonymous_9)
FNDA:4,(anonymous_10)
FNDA:4,(anonymous_11)
FNDA:4,(anonymous_12)
FNDA:4,(anonymous_13)
FNDA:0,(anonymous_14)
FNDA:4,(anonymous_15)
FNDA:4,(anonymous_16)
FNDA:4,(anonymous_17)
FNDA:1,(anonymous_18)
FNDA:1,(anonymous_19)
FNDA:3,(anonymous_20)
DA:18,3
DA:20,3
DA:21,3
DA:23,3
DA:24,3
DA:25,4
DA:28,3
DA:29,3
DA:30,3
DA:31,3
DA:32,1
DA:34,3
DA:36,3
DA:37,3
DA:38,1
DA:39,3
DA:40,3
DA:41,3
DA:42,3
DA:45,2
DA:46,2
DA:49,3
DA:52,2
DA:66,2
DA:74,2
DA:82,2
DA:95,5
DA:99,3
DA:100,3
DA:101,3
DA:103,3
DA:123,6
DA:125,6
DA:126,1
DA:132,6
DA:133,4
DA:134,4
DA:135,3
DA:136,3
DA:137,3
DA:141,6
DA:148,6
DA:149,0
DA:152,18
DA:153,6
DA:154,0
DA:157,6
DA:158,1
DA:161,5
DA:162,21
DA:163,1
DA:166,4
DA:173,5
DA:174,1
DA:201,4
DA:202,4
DA:203,1
DA:225,3
DA:236,6
DA:237,6
DA:241,6
DA:243,6
DA:247,6
DA:250,6
DA:254,6
DA:255,6
DA:256,6
DA:257,6
DA:258,6
DA:260,6
DA:261,1
DA:272,5
DA:273,1
DA:283,4
DA:284,1
DA:294,3
DA:296,6
DA:369,0
DA:403,4
DA:410,4
DA:489,4
DA:548,1
DA:566,1
DA:588,3
LF:84
LH:81
BRDA:36,0,0,3
BRDA:36,0,1,2
BRDA:37,1,0,1
BRDA:37,1,1,2
BRDA:40,2,0,3
BRDA:40,2,1,0
BRDA:42,3,0,3
BRDA:42,3,1,0
BRDA:99,4,0,0
BRDA:99,4,1,3
BRDA:101,5,0,0
BRDA:101,5,1,3
BRDA:108,6,0,3
BRDA:108,6,1,0
BRDA:108,7,0,0
BRDA:108,7,1,0
BRDA:109,8,0,1
BRDA:109,8,1,2
BRDA:110,9,0,2
BRDA:110,9,1,1
BRDA:111,10,0,1
BRDA:111,10,1,2
BRDA:134,11,0,1
BRDA:134,11,1,3
BRDA:136,12,0,3
BRDA:136,12,1,0
BRDA:148,13,0,0
BRDA:148,13,1,6
BRDA:148,14,0,6
BRDA:148,14,1,6
BRDA:153,15,0,0
BRDA:153,15,1,6
BRDA:157,16,0,1
BRDA:157,16,1,5
BRDA:157,17,0,6
BRDA:157,17,1,5
BRDA:162,18,0,1
BRDA:162,18,1,4
BRDA:173,19,0,1
BRDA:173,19,1,4
BRDA:202,20,0,1
BRDA:202,20,1,3
BRDA:251,21,0,6
BRDA:251,21,1,3
BRDA:252,22,0,6
BRDA:252,22,1,5
BRDA:260,23,0,1
BRDA:260,23,1,5
BRDA:272,24,0,1
BRDA:272,24,1,4
BRDA:283,25,0,1
BRDA:283,25,1,3
BRDA:294,26,0,3
BRDA:294,26,1,2
BRDA:299,27,0,6
BRDA:299,27,1,0
BRDA:299,27,2,0
BRDA:327,28,0,6
BRDA:327,28,1,3
BRDA:327,28,2,3
BRDA:327,28,3,0
BRDA:336,29,0,0
BRDA:336,29,1,0
BRDA:336,29,2,0
BRDA:347,30,0,0
BRDA:347,30,1,0
BRDA:357,31,0,0
BRDA:357,31,1,0
BRDA:364,32,0,0
BRDA:364,32,1,0
BRDA:364,32,2,0
BRDA:364,32,3,0
BRDA:418,33,0,4
BRDA:418,33,1,4
BRDA:419,34,0,4
BRDA:419,34,1,0
BRDA:420,35,0,4
BRDA:420,35,1,0
BRDA:448,36,0,6
BRDA:448,36,1,0
BRDA:458,37,0,6
BRDA:458,37,1,0
BRDA:468,38,0,6
BRDA:468,38,1,3
BRDA:468,38,2,3
BRDA:468,38,3,1
BRDA:474,39,0,6
BRDA:474,39,1,2
BRDA:480,40,0,2
BRDA:480,40,1,0
BRDA:494,41,0,4
BRDA:494,41,1,0
BRDA:499,42,0,2
BRDA:499,42,1,2
BRDA:500,43,0,2
BRDA:500,43,1,0
BRDA:508,44,0,4
BRDA:508,44,1,0
BRDA:519,45,0,4
BRDA:519,45,1,3
BRDA:524,46,0,4
BRDA:524,46,1,0
BRDA:524,46,2,0
BRDA:535,47,0,2
BRDA:535,47,1,0
BRDA:586,48,0,1
BRDA:586,48,1,2
BRDA:586,49,0,6
BRDA:586,49,1,1
BRDA:598,50,0,3
BRDA:598,50,1,3
BRDA:608,51,0,3
BRDA:608,51,1,3
BRF:113
BRH:78
end_of_record
TN:
SF:src/views/ChatView.tsx
FN:30,ChatView
FN:44,(anonymous_1)
FN:45,(anonymous_2)
FN:46,(anonymous_3)
FN:47,(anonymous_4)
FN:48,(anonymous_5)
FN:49,(anonymous_6)
FN:52,(anonymous_7)
FN:61,(anonymous_8)
FN:68,(anonymous_9)
FN:76,(anonymous_10)
FN:91,(anonymous_11)
FN:94,(anonymous_12)
FN:97,(anonymous_13)
FN:228,(anonymous_14)
FN:231,(anonymous_15)
FN:255,(anonymous_16)
FN:392,(anonymous_17)
FN:398,(anonymous_18)
FNF:19
FNH:19
FNDA:31,ChatView
FNDA:93,(anonymous_1)
FNDA:93,(anonymous_2)
FNDA:93,(anonymous_3)
FNDA:93,(anonymous_4)
FNDA:93,(anonymous_5)
FNDA:93,(anonymous_6)
FNDA:12,(anonymous_7)
FNDA:12,(anonymous_8)
FNDA:31,(anonymous_9)
FNDA:1,(anonymous_10)
FNDA:1,(anonymous_11)
FNDA:1,(anonymous_12)
FNDA:1,(anonymous_13)
FNDA:100,(anonymous_14)
FNDA:1,(anonymous_15)
FNDA:4,(anonymous_16)
FNDA:17,(anonymous_17)
FNDA:17,(anonymous_18)
DA:7,1
DA:31,31
DA:32,31
DA:33,31
DA:42,31
DA:44,93
DA:45,93
DA:46,93
DA:47,93
DA:48,93
DA:49,93
DA:52,31
DA:53,12
DA:54,0
DA:56,0
DA:57,0
DA:61,31
DA:62,12
DA:63,12
DA:68,31
DA:69,31
DA:70,31
DA:71,31
DA:76,31
DA:77,1
DA:78,1
DA:79,1
DA:80,0
DA:84,0
DA:86,1
DA:87,1
DA:88,1
DA:91,31
DA:92,1
DA:93,1
DA:94,1
DA:97,31
DA:98,1
DA:101,31
DA:103,31
DA:229,100
DA:231,1
DA:256,4
DA:258,4
DA:259,3
DA:282,1
DA:392,17
DA:399,17
DA:400,0
DA:401,0
LF:50
LH:43
BRDA:53,0,0,12
BRDA:53,0,1,0
BRDA:53,1,0,12
BRDA:53,1,1,0
BRDA:62,2,0,12
BRDA:62,2,1,0
BRDA:69,3,0,31
BRDA:69,3,1,0
BRDA:78,4,0,0
BRDA:78,4,1,1
BRDA:79,5,0,0
BRDA:79,5,1,1
BRDA:92,6,0,0
BRDA:92,6,1,1
BRDA:101,7,0,31
BRDA:101,7,1,28
BRDA:107,8,0,31
BRDA:107,8,1,0
BRDA:117,9,0,0
BRDA:117,9,1,0
BRDA:130,10,0,25
BRDA:130,10,1,6
BRDA:256,11,0,4
BRDA:256,11,1,4
BRDA:258,12,0,3
BRDA:258,12,1,1
BRDA:306,13,0,6
BRDA:306,13,1,1
BRDA:316,14,0,6
BRDA:316,14,1,0
BRDA:316,14,2,0
BRDA:340,15,0,0
BRDA:340,15,1,0
BRDA:349,16,0,6
BRDA:349,16,1,4
BRDA:358,17,0,4
BRDA:358,17,1,0
BRDA:399,18,0,0
BRDA:399,18,1,17
BRDA:399,19,0,17
BRDA:399,19,1,0
BRDA:406,20,0,4
BRDA:406,20,1,27
BRF:43
BRH:26
end_of_record
TN:
SF:src/views/ForgotPasswordView.tsx
FN:20,ForgotPasswordView
FN:27,(anonymous_1)
FN:51,(anonymous_2)
FN:120,(anonymous_3)
FNF:4
FNH:3
FNDA:30,ForgotPasswordView
FNDA:3,(anonymous_1)
FNDA:0,(anonymous_2)
FNDA:21,(anonymous_3)
DA:12,1
DA:21,30
DA:22,30
DA:23,30
DA:24,30
DA:25,30
DA:27,30
DA:28,3
DA:29,3
DA:30,3
DA:31,3
DA:32,3
DA:33,3
DA:34,1
DA:36,2
DA:37,1
DA:38,1
DA:39,1
DA:40,1
DA:41,1
DA:43,0
DA:44,0
DA:47,3
DA:51,30
DA:52,0
DA:53,0
DA:54,0
DA:57,30
DA:120,21
LF:29
LH:24
BRDA:36,0,0,1
BRDA:36,0,1,1
BRDA:39,1,0,1
BRDA:39,1,1,0
BRDA:84,2,0,1
BRDA:84,2,1,29
BRDA:127,3,0,29
BRDA:127,3,1,2
BRDA:147,4,0,2
BRDA:147,4,1,1
BRDA:150,5,0,1
BRDA:150,5,1,1
BRDA:167,6,0,29
BRDA:167,6,1,3
BRDA:179,7,0,3
BRDA:179,7,1,26
BRF:16
BRH:15
end_of_record
TN:
SF:src/views/GovernanceView.tsx
FN:14,severityBadgeClass
FN:21,priorityBadgeClass
FN:29,effortBadgeClass
FN:48,ScoreDimension
FN:95,tradeOffMarkdown
FN:96,(anonymous_5)
FN:106,adlMarkdown
FN:107,(anonymous_7)
FN:116,weaknessMarkdown
FN:117,(anonymous_9)
FN:127,fmeaMarkdown
FN:131,(anonymous_11)
FN:132,(anonymous_12)
FN:136,tacticsMarkdown
FN:137,(anonymous_14)
FN:141,(anonymous_15)
FN:143,(anonymous_16)
FN:152,sourcingMarkdown
FN:192,normalizeComponentKey
FN:196,inferDecisionFromComponent
FN:217,buildSourcingDecisionView
FN:242,buildSourcingSummaryView
FN:251,(anonymous_22)
FN:252,(anonymous_23)
FN:253,(anonymous_24)
FN:254,(anonymous_25)
FN:273,GovernanceView
FN:295,activeTabContent
FN:463,(anonymous_28)
FN:481,(anonymous_29)
FN:484,(anonymous_30)
FN:505,(anonymous_31)
FN:594,(anonymous_32)
FN:608,(anonymous_33)
FN:616,(anonymous_34)
FN:617,(anonymous_35)
FN:698,(anonymous_36)
FN:704,(anonymous_37)
FN:772,(anonymous_38)
FN:870,(anonymous_39)
FN:874,(anonymous_40)
FN:880,(anonymous_41)
FNF:42
FNH:29
FNDA:1,severityBadgeClass
FNDA:0,priorityBadgeClass
FNDA:0,effortBadgeClass
FNDA:2,ScoreDimension
FNDA:1,tradeOffMarkdown
FNDA:1,(anonymous_5)
FNDA:1,adlMarkdown
FNDA:1,(anonymous_7)
FNDA:1,weaknessMarkdown
FNDA:1,(anonymous_9)
FNDA:1,fmeaMarkdown
FNDA:0,(anonymous_11)
FNDA:1,(anonymous_12)
FNDA:0,tacticsMarkdown
FNDA:0,(anonymous_14)
FNDA:0,(anonymous_15)
FNDA:0,(anonymous_16)
FNDA:1,sourcingMarkdown
FNDA:2,normalizeComponentKey
FNDA:2,inferDecisionFromComponent
FNDA:14,buildSourcingDecisionView
FNDA:14,buildSourcingSummaryView
FNDA:2,(anonymous_22)
FNDA:2,(anonymous_23)
FNDA:2,(anonymous_24)
FNDA:2,(anonymous_25)
FNDA:14,GovernanceView
FNDA:12,activeTabContent
FNDA:0,(anonymous_28)
FNDA:72,(anonymous_29)
FNDA:5,(anonymous_30)
FNDA:1,(anonymous_31)
FNDA:0,(anonymous_32)
FNDA:0,(anonymous_33)
FNDA:1,(anonymous_34)
FNDA:1,(anonymous_35)
FNDA:1,(anonymous_36)
FNDA:1,(anonymous_37)
FNDA:1,(anonymous_38)
FNDA:0,(anonymous_39)
FNDA:0,(anonymous_40)
FNDA:0,(anonymous_41)
DA:15,1
DA:16,0
DA:17,0
DA:18,0
DA:22,0
DA:23,0
DA:24,0
DA:25,0
DA:30,0
DA:31,0
DA:32,0
DA:33,0
DA:55,2
DA:56,2
DA:60,2
DA:65,2
DA:70,2
DA:96,1
DA:107,1
DA:113,1
DA:117,1
DA:128,1
DA:129,1
DA:130,1
DA:131,0
DA:132,1
DA:133,1
DA:137,0
DA:138,0
DA:139,0
DA:141,0
DA:143,0
DA:153,1
DA:163,1
DA:164,1
DA:165,1
DA:166,1
DA:167,1
DA:168,1
DA:169,1
DA:170,0
DA:172,1
DA:173,0
DA:175,1
DA:177,1
DA:180,1
DA:193,2
DA:197,2
DA:198,2
DA:199,2
DA:201,2
DA:221,14
DA:223,14
DA:224,0
DA:230,14
DA:231,2
DA:232,2
DA:233,2
DA:234,2
DA:235,2
DA:239,14
DA:246,14
DA:247,14
DA:248,12
DA:251,2
DA:252,2
DA:253,2
DA:254,2
DA:256,2
DA:274,14
DA:275,14
DA:276,14
DA:277,14
DA:278,14
DA:279,14
DA:280,14
DA:283,14
DA:285,14
DA:296,12
DA:298,7
DA:302,1
DA:304,2
DA:308,1
DA:312,0
DA:316,1
DA:323,14
DA:324,1
DA:335,13
DA:336,1
DA:346,12
DA:347,12
DA:398,14
DA:464,0
DA:482,72
DA:484,5
DA:506,1
DA:594,0
DA:608,0
DA:616,1
DA:618,1
DA:698,1
DA:705,1
DA:706,1
DA:707,1
DA:773,1
DA:871,0
DA:872,0
DA:875,0
DA:881,0
LF:109
LH:81
BRDA:15,0,0,1
BRDA:15,0,1,0
BRDA:16,1,0,0
BRDA:16,1,1,0
BRDA:17,2,0,0
BRDA:17,2,1,0
BRDA:22,3,0,0
BRDA:22,3,1,0
BRDA:22,3,2,0
BRDA:30,4,0,0
BRDA:30,4,1,0
BRDA:30,4,2,0
BRDA:56,5,0,2
BRDA:56,5,1,0
BRDA:57,6,0,2
BRDA:57,6,1,0
BRDA:58,7,0,0
BRDA:58,7,1,0
BRDA:60,8,0,2
BRDA:60,8,1,0
BRDA:61,9,0,0
BRDA:61,9,1,0
BRDA:62,10,0,0
BRDA:62,10,1,0
BRDA:65,11,0,2
BRDA:65,11,1,0
BRDA:66,12,0,0
BRDA:66,12,1,0
BRDA:67,13,0,0
BRDA:67,13,1,0
BRDA:75,14,0,2
BRDA:75,14,1,0
BRDA:84,15,0,2
BRDA:84,15,1,2
BRDA:99,16,0,1
BRDA:99,16,1,0
BRDA:100,17,0,1
BRDA:100,17,1,0
BRDA:110,18,0,0
BRDA:110,18,1,1
BRDA:111,19,0,0
BRDA:111,19,1,1
BRDA:119,20,0,0
BRDA:119,20,1,1
BRDA:123,21,0,0
BRDA:123,21,1,1
BRDA:147,22,0,0
BRDA:147,22,1,0
BRDA:147,23,0,0
BRDA:147,23,1,0
BRDA:156,24,0,1
BRDA:156,24,1,0
BRDA:165,25,0,1
BRDA:165,25,1,0
BRDA:169,26,0,0
BRDA:169,26,1,1
BRDA:169,27,0,1
BRDA:169,27,1,0
BRDA:172,28,0,0
BRDA:172,28,1,1
BRDA:172,29,0,1
BRDA:172,29,1,0
BRDA:197,30,0,0
BRDA:197,30,1,2
BRDA:199,31,0,0
BRDA:199,31,1,2
BRDA:206,32,0,2
BRDA:206,32,1,0
BRDA:206,33,0,0
BRDA:206,33,1,0
BRDA:207,34,0,0
BRDA:207,34,1,2
BRDA:208,35,0,2
BRDA:208,35,1,0
BRDA:209,36,0,0
BRDA:209,36,1,2
BRDA:232,37,0,0
BRDA:232,37,1,2
BRDA:234,38,0,2
BRDA:234,38,1,0
BRDA:246,39,0,14
BRDA:246,39,1,12
BRDA:247,40,0,12
BRDA:247,40,1,2
BRDA:247,41,0,14
BRDA:247,41,1,12
BRDA:257,42,0,2
BRDA:257,42,1,0
BRDA:281,43,0,14
BRDA:281,43,1,0
BRDA:283,44,0,14
BRDA:283,44,1,12
BRDA:296,45,0,7
BRDA:296,45,1,1
BRDA:296,45,2,2
BRDA:296,45,3,1
BRDA:296,45,4,0
BRDA:296,45,5,1
BRDA:298,46,0,1
BRDA:298,46,1,6
BRDA:302,47,0,1
BRDA:302,47,1,0
BRDA:304,48,0,1
BRDA:304,48,1,1
BRDA:304,49,0,2
BRDA:304,49,1,1
BRDA:308,50,0,1
BRDA:308,50,1,0
BRDA:312,51,0,0
BRDA:312,51,1,0
BRDA:316,52,0,1
BRDA:316,52,1,0
BRDA:316,53,0,1
BRDA:316,53,1,1
BRDA:323,54,0,1
BRDA:323,54,1,13
BRDA:335,55,0,1
BRDA:335,55,1,12
BRDA:347,56,0,0
BRDA:347,56,1,12
BRDA:352,57,0,0
BRDA:352,57,1,0
BRDA:358,58,0,0
BRDA:358,58,1,0
BRDA:360,59,0,0
BRDA:360,59,1,0
BRDA:366,60,0,0
BRDA:366,60,1,0
BRDA:368,61,0,0
BRDA:368,61,1,0
BRDA:374,62,0,0
BRDA:374,62,1,0
BRDA:376,63,0,0
BRDA:376,63,1,0
BRDA:382,64,0,0
BRDA:382,64,1,0
BRDA:384,65,0,0
BRDA:384,65,1,0
BRDA:390,66,0,0
BRDA:390,66,1,0
BRDA:392,67,0,0
BRDA:392,67,1,0
BRDA:394,68,0,0
BRDA:394,68,1,0
BRDA:403,69,0,5
BRDA:403,69,1,7
BRDA:414,70,0,14
BRDA:414,70,1,0
BRDA:416,71,0,0
BRDA:416,71,1,0
BRDA:427,72,0,0
BRDA:427,72,1,0
BRDA:427,73,0,0
BRDA:427,73,1,0
BRDA:442,74,0,0
BRDA:442,74,1,0
BRDA:442,75,0,0
BRDA:442,75,1,0
BRDA:446,76,0,0
BRDA:446,76,1,0
BRDA:446,76,2,0
BRDA:454,77,0,0
BRDA:454,77,1,0
BRDA:469,78,0,0
BRDA:469,78,1,0
BRDA:486,79,0,12
BRDA:486,79,1,60
BRDA:491,80,0,12
BRDA:491,80,1,60
BRDA:499,81,0,14
BRDA:499,81,1,7
BRDA:501,82,0,6
BRDA:501,82,1,1
BRDA:514,83,0,1
BRDA:514,83,1,0
BRDA:515,84,0,0
BRDA:515,84,1,0
BRDA:521,85,0,1
BRDA:521,85,1,0
BRDA:522,86,0,1
BRDA:522,86,1,0
BRDA:534,87,0,1
BRDA:534,87,1,0
BRDA:538,88,0,1
BRDA:538,88,1,0
BRDA:557,89,0,14
BRDA:557,89,1,1
BRDA:559,90,0,0
BRDA:559,90,1,1
BRDA:565,91,0,0
BRDA:565,91,1,1
BRDA:578,92,0,1
BRDA:578,92,1,0
BRDA:616,93,0,1
BRDA:616,93,1,0
BRDA:623,94,0,1
BRDA:623,94,1,0
BRDA:630,95,0,1
BRDA:630,95,1,0
BRDA:635,96,0,0
BRDA:635,96,1,1
BRDA:636,97,0,1
BRDA:636,97,1,0
BRDA:650,98,0,1
BRDA:650,98,1,0
BRDA:653,99,0,1
BRDA:653,99,1,1
BRDA:660,100,0,1
BRDA:660,100,1,0
BRDA:680,101,0,14
BRDA:680,101,1,1
BRDA:682,102,0,0
BRDA:682,102,1,1
BRDA:705,103,0,1
BRDA:705,103,1,0
BRDA:706,104,0,1
BRDA:706,104,1,1
BRDA:714,105,0,1
BRDA:714,105,1,1
BRDA:715,106,0,1
BRDA:715,106,1,1
BRDA:716,107,0,1
BRDA:716,107,1,1
BRDA:717,108,0,1
BRDA:717,108,1,0
BRDA:724,109,0,0
BRDA:724,109,1,1
BRDA:730,110,0,0
BRDA:730,110,1,1
BRDA:737,111,0,1
BRDA:737,111,1,0
BRDA:740,112,0,1
BRDA:740,112,1,0
BRDA:745,113,0,1
BRDA:745,113,1,0
BRDA:745,113,2,0
BRDA:748,114,0,0
BRDA:748,114,1,0
BRDA:762,115,0,14
BRDA:762,115,1,2
BRDA:764,116,0,1
BRDA:764,116,1,1
BRDA:764,117,0,2
BRDA:764,117,1,1
BRDA:784,118,0,1
BRDA:784,118,1,0
BRDA:796,119,0,0
BRDA:796,119,1,1
BRDA:811,120,0,1
BRDA:811,120,1,0
BRDA:826,121,0,14
BRDA:826,121,1,1
BRDA:833,122,0,14
BRDA:833,122,1,0
BRDA:835,123,0,0
BRDA:835,123,1,0
BRDA:843,124,0,0
BRDA:843,124,1,0
BRDA:848,125,0,0
BRDA:848,125,1,0
BRDA:884,126,0,0
BRDA:884,126,1,0
BRDA:898,127,0,0
BRDA:898,127,1,0
BRDA:908,128,0,0
BRDA:908,128,1,0
BRDA:919,129,0,0
BRDA:919,129,1,0
BRDA:924,130,0,0
BRDA:924,130,1,0
BRDA:924,130,2,0
BRF:271
BRH:119
end_of_record
TN:
SF:src/views/HomeView.tsx
FN:7,HomeView
FN:133,(anonymous_1)
FN:590,(anonymous_2)
FNF:3
FNH:3
FNDA:10,HomeView
FNDA:130,(anonymous_1)
FNDA:70,(anonymous_2)
DA:14,10
DA:30,10
DA:40,10
DA:134,130
DA:135,130
DA:591,70
LF:6
LH:6
BRDA:139,0,0,10
BRDA:139,0,1,120
BRDA:150,1,0,130
BRDA:150,1,1,10
BRDA:156,2,0,130
BRDA:156,2,1,10
BRDA:481,3,0,10
BRDA:481,3,1,0
BRF:8
BRH:7
end_of_record
TN:
SF:src/views/LoginView.tsx
FN:15,LoginView
FN:24,(anonymous_1)
FN:43,(anonymous_2)
FN:84,(anonymous_3)
FN:101,(anonymous_4)
FN:118,(anonymous_5)
FN:191,(anonymous_6)
FN:202,(anonymous_7)
FNF:8
FNH:7
FNDA:79,LoginView
FNDA:3,(anonymous_1)
FNDA:1,(anonymous_2)
FNDA:5,(anonymous_3)
FNDA:21,(anonymous_4)
FNDA:36,(anonymous_5)
FNDA:2,(anonymous_6)
FNDA:0,(anonymous_7)
DA:8,1
DA:16,79
DA:17,79
DA:18,79
DA:19,79
DA:20,79
DA:21,79
DA:22,79
DA:24,79
DA:25,3
DA:26,3
DA:27,3
DA:28,3
DA:29,3
DA:30,1
DA:31,1
DA:33,2
DA:34,1
DA:37,1
DA:39,3
DA:43,79
DA:44,1
DA:45,1
DA:46,1
DA:47,1
DA:48,1
DA:50,0
DA:52,1
DA:56,79
DA:84,5
DA:101,21
DA:118,36
DA:191,2
DA:202,0
LF:34
LH:32
BRDA:29,0,0,1
BRDA:29,0,1,2
BRDA:31,1,0,1
BRDA:31,1,1,1
BRDA:31,1,2,0
BRDA:34,2,0,1
BRDA:34,2,1,0
BRDA:68,3,0,51
BRDA:68,3,1,28
BRDA:75,4,0,79
BRDA:75,4,1,28
BRDA:120,5,0,28
BRDA:120,5,1,51
BRDA:129,6,0,79
BRDA:129,6,1,51
BRDA:141,7,0,79
BRDA:141,7,1,1
BRDA:156,8,0,4
BRDA:156,8,1,75
BRDA:158,9,0,48
BRDA:158,9,1,27
BRDA:187,10,0,51
BRDA:187,10,1,28
BRF:23
BRH:21
end_of_record
TN:
SF:src/views/ResetPasswordView.tsx
FN:17,passwordStrengthLabel
FN:43,ResetPasswordView
FN:57,(anonymous_2)
FN:68,(anonymous_3)
FN:96,(anonymous_4)
FN:101,(anonymous_5)
FN:161,(anonymous_6)
FN:215,(anonymous_7)
FN:243,(anonymous_8)
FN:298,(anonymous_9)
FN:310,(anonymous_10)
FN:347,(anonymous_11)
FNF:12
FNH:9
FNDA:64,passwordStrengthLabel
FNDA:134,ResetPasswordView
FNDA:64,(anonymous_2)
FNDA:4,(anonymous_3)
FNDA:4,(anonymous_4)
FNDA:3,(anonymous_5)
FNDA:0,(anonymous_6)
FNDA:0,(anonymous_7)
FNDA:0,(anonymous_8)
FNDA:60,(anonymous_9)
FNDA:381,(anonymous_10)
FNDA:60,(anonymous_11)
DA:13,1
DA:18,64
DA:19,37
DA:22,27
DA:23,27
DA:24,27
DA:25,27
DA:26,27
DA:28,27
DA:29,0
DA:31,27
DA:32,9
DA:34,18
DA:44,134
DA:45,134
DA:46,134
DA:47,134
DA:48,134
DA:49,134
DA:50,134
DA:51,134
DA:52,134
DA:53,134
DA:54,134
DA:55,134
DA:57,134
DA:58,64
DA:61,134
DA:63,134
DA:68,134
DA:69,4
DA:70,0
DA:71,0
DA:74,0
DA:77,4
DA:78,4
DA:79,4
DA:80,4
DA:81,4
DA:82,3
DA:83,3
DA:85,1
DA:86,1
DA:91,0
DA:92,0
DA:96,134
DA:98,4
DA:101,134
DA:102,3
DA:103,3
DA:104,3
DA:105,3
DA:107,3
DA:108,0
DA:111,0
DA:114,3
DA:115,0
DA:116,0
DA:119,3
DA:120,3
DA:121,3
DA:122,1
DA:124,2
DA:125,1
DA:126,1
DA:127,1
DA:128,1
DA:129,1
DA:130,0
DA:131,0
DA:133,0
DA:135,0
DA:136,0
DA:138,0
DA:141,3
DA:145,134
DA:146,1
DA:161,0
DA:173,133
DA:174,4
DA:198,129
DA:199,2
DA:215,0
DA:227,127
DA:228,0
DA:244,0
DA:257,127
DA:299,60
DA:300,60
DA:301,0
DA:312,381
DA:313,381
DA:348,60
DA:349,60
DA:350,0
LF:95
LH:73
BRDA:18,0,0,37
BRDA:18,0,1,27
BRDA:23,1,0,27
BRDA:23,1,1,0
BRDA:24,2,0,27
BRDA:24,2,1,0
BRDA:25,3,0,9
BRDA:25,3,1,18
BRDA:26,4,0,0
BRDA:26,4,1,27
BRDA:28,5,0,0
BRDA:28,5,1,27
BRDA:28,6,0,27
BRDA:28,6,1,0
BRDA:31,7,0,9
BRDA:31,7,1,18
BRDA:46,8,0,134
BRDA:46,8,1,0
BRDA:63,9,0,134
BRDA:63,9,1,93
BRDA:63,9,2,33
BRDA:63,9,3,9
BRDA:69,10,0,0
BRDA:69,10,1,4
BRDA:81,11,0,3
BRDA:81,11,1,1
BRDA:87,12,0,1
BRDA:87,12,1,0
BRDA:107,13,0,0
BRDA:107,13,1,3
BRDA:114,14,0,0
BRDA:114,14,1,3
BRDA:124,15,0,1
BRDA:124,15,1,1
BRDA:127,16,0,1
BRDA:127,16,1,0
BRDA:128,17,0,1
BRDA:128,17,1,0
BRDA:130,18,0,0
BRDA:130,18,1,0
BRDA:135,19,0,0
BRDA:135,19,1,0
BRDA:145,20,0,1
BRDA:145,20,1,133
BRDA:173,21,0,4
BRDA:173,21,1,129
BRDA:198,22,0,2
BRDA:198,22,1,127
BRDA:209,23,0,2
BRDA:209,23,1,0
BRDA:227,24,0,0
BRDA:227,24,1,127
BRDA:238,25,0,0
BRDA:238,25,1,0
BRDA:300,26,0,0
BRDA:300,26,1,60
BRDA:312,27,0,0
BRDA:312,27,1,381
BRDA:312,28,0,219
BRDA:312,28,1,162
BRDA:312,29,0,54
BRDA:312,29,1,108
BRDA:317,30,0,164
BRDA:317,30,1,217
BRDA:325,31,0,127
BRDA:325,31,1,1
BRDA:349,32,0,0
BRDA:349,32,1,60
BRDA:357,33,0,134
BRDA:357,33,1,127
BRDA:357,33,2,64
BRDA:357,33,3,57
BRDA:364,34,0,134
BRDA:364,34,1,0
BRDA:374,35,0,134
BRDA:374,35,1,0
BRDA:402,36,0,134
BRDA:402,36,1,3
BRDA:414,37,0,3
BRDA:414,37,1,124
BRF:80
BRH:55
end_of_record
TN:
SF:src/views/specweaver/PackageDetailView.tsx
FN:25,confidenceClass
FN:32,groupRequirements
FN:33,(anonymous_2)
FN:40,RequirementCard
FN:73,(anonymous_4)
FN:82,(anonymous_5)
FN:92,(anonymous_6)
FN:106,PackageDetailView
FN:108,(anonymous_8)
FN:109,(anonymous_9)
FN:110,(anonymous_10)
FN:111,(anonymous_11)
FN:114,(anonymous_12)
FN:118,(anonymous_13)
FN:121,(anonymous_14)
FN:128,(anonymous_15)
FN:167,(anonymous_16)
FN:174,(anonymous_17)
FN:199,(anonymous_18)
FN:215,(anonymous_19)
FNF:20
FNH:14
FNDA:1,confidenceClass
FNDA:1,groupRequirements
FNDA:1,(anonymous_2)
FNDA:1,RequirementCard
FNDA:0,(anonymous_4)
FNDA:1,(anonymous_5)
FNDA:1,(anonymous_6)
FNDA:1,PackageDetailView
FNDA:3,(anonymous_8)
FNDA:3,(anonymous_9)
FNDA:3,(anonymous_10)
FNDA:3,(anonymous_11)
FNDA:1,(anonymous_12)
FNDA:0,(anonymous_13)
FNDA:0,(anonymous_14)
FNDA:0,(anonymous_15)
FNDA:0,(anonymous_16)
FNDA:0,(anonymous_17)
FNDA:10,(anonymous_18)
FNDA:1,(anonymous_19)
DA:10,1
DA:23,1
DA:26,1
DA:27,0
DA:28,0
DA:29,0
DA:33,1
DA:34,1
DA:35,1
DA:36,1
DA:41,1
DA:74,0
DA:83,1
DA:93,1
DA:107,1
DA:108,3
DA:109,3
DA:110,3
DA:111,3
DA:112,1
DA:114,1
DA:115,1
DA:116,1
DA:117,0
DA:119,0
DA:122,0
DA:123,0
DA:124,0
DA:128,0
DA:129,0
DA:133,1
DA:135,1
DA:167,0
DA:174,0
DA:200,10
DA:201,10
DA:216,1
LF:37
LH:24
BRDA:26,0,0,1
BRDA:26,0,1,0
BRDA:27,1,0,0
BRDA:27,1,1,0
BRDA:28,2,0,0
BRDA:28,2,1,0
BRDA:34,3,0,1
BRDA:34,3,1,0
BRDA:49,4,0,1
BRDA:49,4,1,0
BRDA:64,5,0,1
BRDA:64,5,1,0
BRDA:69,6,0,1
BRDA:69,6,1,0
BRDA:116,7,0,1
BRDA:116,7,1,0
BRDA:119,8,0,0
BRDA:119,8,1,0
BRDA:122,9,0,0
BRDA:122,9,1,0
BRDA:123,10,0,0
BRDA:123,10,1,0
BRDA:133,11,0,1
BRDA:133,11,1,0
BRDA:140,12,0,0
BRDA:140,12,1,1
BRDA:144,13,0,1
BRDA:144,13,1,1
BRDA:148,14,0,1
BRDA:148,14,1,1
BRDA:184,15,0,1
BRDA:184,15,1,0
BRDA:193,16,0,0
BRDA:193,16,1,1
BRDA:200,17,0,10
BRDA:200,17,1,9
BRDA:209,18,0,9
BRDA:209,18,1,1
BRF:38
BRH:18
end_of_record
TN:
SF:src/views/specweaver/SessionListView.tsx
FN:15,formatDate
FN:23,statusClass
FN:33,SessionListView
FN:35,(anonymous_3)
FN:36,(anonymous_4)
FN:37,(anonymous_5)
FN:38,(anonymous_6)
FN:39,(anonymous_7)
FN:40,(anonymous_8)
FN:43,(anonymous_9)
FN:47,(anonymous_10)
FN:57,(anonymous_11)
FN:63,(anonymous_12)
FNF:13
FNH:8
FNDA:0,formatDate
FNDA:0,statusClass
FNDA:2,SessionListView
FNDA:6,(anonymous_3)
FNDA:8,(anonymous_4)
FNDA:8,(anonymous_5)
FNDA:8,(anonymous_6)
FNDA:8,(anonymous_7)
FNDA:8,(anonymous_8)
FNDA:1,(anonymous_9)
FNDA:0,(anonymous_10)
FNDA:0,(anonymous_11)
FNDA:0,(anonymous_12)
DA:8,1
DA:16,0
DA:24,0
DA:25,0
DA:26,0
DA:27,0
DA:34,2
DA:35,6
DA:36,8
DA:37,8
DA:38,8
DA:39,8
DA:40,8
DA:41,2
DA:43,2
DA:44,1
DA:47,2
DA:48,0
DA:49,0
DA:50,0
DA:51,0
DA:53,0
DA:57,2
DA:58,0
DA:59,0
DA:63,0
DA:84,2
LF:27
LH:14
BRDA:24,0,0,0
BRDA:24,0,1,0
BRDA:25,1,0,0
BRDA:25,1,1,0
BRDA:26,2,0,0
BRDA:26,2,1,0
BRDA:58,3,0,0
BRDA:58,3,1,0
BRDA:70,4,0,0
BRDA:70,4,1,0
BRDA:73,5,0,0
BRDA:73,5,1,0
BRDA:103,6,0,0
BRDA:103,6,1,2
BRDA:107,7,0,2
BRDA:107,7,1,0
BRDA:116,8,0,2
BRDA:116,8,1,0
BRF:18
BRH:3
end_of_record
TN:
SF:src/views/specweaver/SessionView.tsx
FN:14,detectDocumentType
FN:22,documentName
FN:26,statusClass
FN:33,stageLabel
FN:39,stageBulletClass
FN:46,stageTextClass
FN:53,stageStatusLabel
FN:63,SessionView
FN:66,(anonymous_8)
FN:67,(anonymous_9)
FN:68,(anonymous_10)
FN:69,(anonymous_11)
FN:70,(anonymous_12)
FN:71,(anonymous_13)
FN:72,(anonymous_14)
FN:73,(anonymous_15)
FN:74,(anonymous_16)
FN:75,(anonymous_17)
FN:76,(anonymous_18)
FN:77,(anonymous_19)
FN:78,(anonymous_20)
FN:79,(anonymous_21)
FN:87,(anonymous_22)
FN:91,(anonymous_23)
FN:92,(anonymous_24)
FN:96,(anonymous_25)
FN:98,(anonymous_26)
FN:108,(anonymous_27)
FN:114,(anonymous_28)
FN:128,(anonymous_29)
FN:132,(anonymous_30)
FN:149,(anonymous_31)
FN:154,(anonymous_32)
FN:170,(anonymous_33)
FN:234,(anonymous_34)
FN:245,(anonymous_35)
FN:254,(anonymous_36)
FN:257,(anonymous_37)
FN:318,(anonymous_38)
FN:356,(anonymous_39)
FN:375,(anonymous_40)
FN:382,(anonymous_41)
FNF:42
FNH:0
FNDA:0,detectDocumentType
FNDA:0,documentName
FNDA:0,statusClass
FNDA:0,stageLabel
FNDA:0,stageBulletClass
FNDA:0,stageTextClass
FNDA:0,stageStatusLabel
FNDA:0,SessionView
FNDA:0,(anonymous_8)
FNDA:0,(anonymous_9)
FNDA:0,(anonymous_10)
FNDA:0,(anonymous_11)
FNDA:0,(anonymous_12)
FNDA:0,(anonymous_13)
FNDA:0,(anonymous_14)
FNDA:0,(anonymous_15)
FNDA:0,(anonymous_16)
FNDA:0,(anonymous_17)
FNDA:0,(anonymous_18)
FNDA:0,(anonymous_19)
FNDA:0,(anonymous_20)
FNDA:0,(anonymous_21)
FNDA:0,(anonymous_22)
FNDA:0,(anonymous_23)
FNDA:0,(anonymous_24)
FNDA:0,(anonymous_25)
FNDA:0,(anonymous_26)
FNDA:0,(anonymous_27)
FNDA:0,(anonymous_28)
FNDA:0,(anonymous_29)
FNDA:0,(anonymous_30)
FNDA:0,(anonymous_31)
FNDA:0,(anonymous_32)
FNDA:0,(anonymous_33)
FNDA:0,(anonymous_34)
FNDA:0,(anonymous_35)
FNDA:0,(anonymous_36)
FNDA:0,(anonymous_37)
FNDA:0,(anonymous_38)
FNDA:0,(anonymous_39)
FNDA:0,(anonymous_40)
FNDA:0,(anonymous_41)
DA:11,0
DA:12,0
DA:15,0
DA:16,0
DA:17,0
DA:18,0
DA:19,0
DA:23,0
DA:27,0
DA:28,0
DA:29,0
DA:30,0
DA:34,0
DA:35,0
DA:36,0
DA:40,0
DA:41,0
DA:42,0
DA:43,0
DA:47,0
DA:48,0
DA:49,0
DA:50,0
DA:54,0
DA:55,0
DA:56,0
DA:57,0
DA:64,0
DA:65,0
DA:66,0
DA:67,0
DA:68,0
DA:69,0
DA:70,0
DA:71,0
DA:72,0
DA:73,0
DA:74,0
DA:75,0
DA:76,0
DA:77,0
DA:78,0
DA:79,0
DA:80,0
DA:81,0
DA:82,0
DA:83,0
DA:84,0
DA:85,0
DA:87,0
DA:88,0
DA:91,0
DA:92,0
DA:96,0
DA:97,0
DA:98,0
DA:99,0
DA:101,0
DA:104,0
DA:105,0
DA:108,0
DA:109,0
DA:110,0
DA:111,0
DA:114,0
DA:115,0
DA:116,0
DA:117,0
DA:118,0
DA:119,0
DA:120,0
DA:121,0
DA:122,0
DA:124,0
DA:128,0
DA:129,0
DA:132,0
DA:133,0
DA:134,0
DA:138,0
DA:139,0
DA:140,0
DA:141,0
DA:142,0
DA:143,0
DA:144,0
DA:149,0
DA:151,0
DA:154,0
DA:155,0
DA:170,0
DA:190,0
DA:234,0
DA:245,0
DA:254,0
DA:258,0
DA:319,0
DA:357,0
DA:375,0
DA:382,0
LF:100
LH:0
BRDA:15,0,0,0
BRDA:15,0,1,0
BRDA:17,1,0,0
BRDA:17,1,1,0
BRDA:18,2,0,0
BRDA:18,2,1,0
BRDA:23,3,0,0
BRDA:23,3,1,0
BRDA:23,3,2,0
BRDA:27,4,0,0
BRDA:27,4,1,0
BRDA:28,5,0,0
BRDA:28,5,1,0
BRDA:29,6,0,0
BRDA:29,6,1,0
BRDA:34,7,0,0
BRDA:34,7,1,0
BRDA:35,8,0,0
BRDA:35,8,1,0
BRDA:40,9,0,0
BRDA:40,9,1,0
BRDA:41,10,0,0
BRDA:41,10,1,0
BRDA:42,11,0,0
BRDA:42,11,1,0
BRDA:47,12,0,0
BRDA:47,12,1,0
BRDA:48,13,0,0
BRDA:48,13,1,0
BRDA:49,14,0,0
BRDA:49,14,1,0
BRDA:54,15,0,0
BRDA:54,15,1,0
BRDA:55,16,0,0
BRDA:55,16,1,0
BRDA:56,17,0,0
BRDA:56,17,1,0
BRDA:85,18,0,0
BRDA:85,18,1,0
BRDA:88,19,0,0
BRDA:88,19,1,0
BRDA:104,20,0,0
BRDA:104,20,1,0
BRDA:109,21,0,0
BRDA:109,21,1,0
BRDA:115,22,0,0
BRDA:115,22,1,0
BRDA:115,23,0,0
BRDA:115,23,1,0
BRDA:118,24,0,0
BRDA:118,24,1,0
BRDA:118,25,0,0
BRDA:118,25,1,0
BRDA:138,26,0,0
BRDA:138,26,1,0
BRDA:141,27,0,0
BRDA:141,27,1,0
BRDA:179,28,0,0
BRDA:179,28,1,0
BRDA:197,29,0,0
BRDA:197,29,1,0
BRDA:196,30,0,0
BRDA:196,30,1,0
BRDA:205,31,0,0
BRDA:205,31,1,0
BRDA:223,32,0,0
BRDA:223,32,1,0
BRDA:267,33,0,0
BRDA:267,33,1,0
BRDA:267,33,2,0
BRDA:270,34,0,0
BRDA:270,34,1,0
BRDA:276,35,0,0
BRDA:276,35,1,0
BRDA:294,36,0,0
BRDA:294,36,1,0
BRDA:305,37,0,0
BRDA:305,37,1,0
BRDA:309,38,0,0
BRDA:309,38,1,0
BRDA:338,39,0,0
BRDA:338,39,1,0
BRDA:389,40,0,0
BRDA:389,40,1,0
BRDA:403,41,0,0
BRDA:403,41,1,0
BRF:86
BRH:0
end_of_record
TN:
SF:src/views/specweaver/packageExport.ts
FN:3,sanitizeLine
FN:7,markdownEscape
FN:11,sectionTitleFromCategory
FN:14,(anonymous_3)
FN:18,formatRequirementMarkdown
FN:30,(anonymous_5)
FN:34,(anonymous_6)
FN:39,(anonymous_7)
FN:47,formatRequirementText
FN:68,(anonymous_9)
FN:76,groupedRequirements
FN:78,(anonymous_11)
FN:95,buildPackageMarkdown
FN:119,(anonymous_13)
FN:121,(anonymous_14)
FN:131,(anonymous_15)
FN:145,(anonymous_16)
FN:151,(anonymous_17)
FN:163,(anonymous_18)
FN:183,buildPackageText
FN:208,(anonymous_20)
FN:210,(anonymous_21)
FN:220,(anonymous_22)
FN:234,(anonymous_23)
FN:251,(anonymous_24)
FN:271,downloadPackageExport
FNF:26
FNH:0
FNDA:0,sanitizeLine
FNDA:0,markdownEscape
FNDA:0,sectionTitleFromCategory
FNDA:0,(anonymous_3)
FNDA:0,formatRequirementMarkdown
FNDA:0,(anonymous_5)
FNDA:0,(anonymous_6)
FNDA:0,(anonymous_7)
FNDA:0,formatRequirementText
FNDA:0,(anonymous_9)
FNDA:0,groupedRequirements
FNDA:0,(anonymous_11)
FNDA:0,buildPackageMarkdown
FNDA:0,(anonymous_13)
FNDA:0,(anonymous_14)
FNDA:0,(anonymous_15)
FNDA:0,(anonymous_16)
FNDA:0,(anonymous_17)
FNDA:0,(anonymous_18)
FNDA:0,buildPackageText
FNDA:0,(anonymous_20)
FNDA:0,(anonymous_21)
FNDA:0,(anonymous_22)
FNDA:0,(anonymous_23)
FNDA:0,(anonymous_24)
FNDA:0,downloadPackageExport
DA:4,0
DA:8,0
DA:12,0
DA:14,0
DA:19,0
DA:25,0
DA:26,0
DA:29,0
DA:30,0
DA:33,0
DA:34,0
DA:37,0
DA:38,0
DA:39,0
DA:40,0
DA:44,0
DA:48,0
DA:54,0
DA:55,0
DA:58,0
DA:59,0
DA:62,0
DA:63,0
DA:66,0
DA:67,0
DA:68,0
DA:69,0
DA:73,0
DA:77,0
DA:78,0
DA:79,0
DA:80,0
DA:81,0
DA:82,0
DA:84,0
DA:86,0
DA:96,0
DA:115,0
DA:116,0
DA:117,0
DA:119,0
DA:120,0
DA:121,0
DA:122,0
DA:127,0
DA:128,0
DA:129,0
DA:131,0
DA:132,0
DA:141,0
DA:142,0
DA:143,0
DA:145,0
DA:146,0
DA:147,0
DA:148,0
DA:149,0
DA:151,0
DA:155,0
DA:159,0
DA:160,0
DA:161,0
DA:163,0
DA:164,0
DA:165,0
DA:174,0
DA:184,0
DA:204,0
DA:205,0
DA:206,0
DA:208,0
DA:209,0
DA:210,0
DA:211,0
DA:216,0
DA:217,0
DA:218,0
DA:220,0
DA:221,0
DA:227,0
DA:230,0
DA:231,0
DA:232,0
DA:234,0
DA:235,0
DA:239,0
DA:240,0
DA:242,0
DA:244,0
DA:247,0
DA:248,0
DA:249,0
DA:251,0
DA:252,0
DA:253,0
DA:262,0
DA:272,0
DA:273,0
DA:274,0
DA:275,0
DA:276,0
DA:278,0
DA:279,0
DA:280,0
DA:281,0
DA:282,0
DA:283,0
DA:284,0
DA:285,0
DA:286,0
LF:110
LH:0
BRDA:22,0,0,0
BRDA:22,0,1,0
BRDA:25,1,0,0
BRDA:25,1,1,0
BRDA:29,2,0,0
BRDA:29,2,1,0
BRDA:33,3,0,0
BRDA:33,3,1,0
BRDA:37,4,0,0
BRDA:37,4,1,0
BRDA:51,5,0,0
BRDA:51,5,1,0
BRDA:54,6,0,0
BRDA:54,6,1,0
BRDA:58,7,0,0
BRDA:58,7,1,0
BRDA:62,8,0,0
BRDA:62,8,1,0
BRDA:66,9,0,0
BRDA:66,9,1,0
BRDA:80,10,0,0
BRDA:80,10,1,0
BRDA:109,11,0,0
BRDA:109,11,1,0
BRDA:116,12,0,0
BRDA:116,12,1,0
BRDA:128,13,0,0
BRDA:128,13,1,0
BRDA:142,14,0,0
BRDA:142,14,1,0
BRDA:148,15,0,0
BRDA:148,15,1,0
BRDA:160,16,0,0
BRDA:160,16,1,0
BRDA:164,17,0,0
BRDA:164,17,1,0
BRDA:164,17,2,0
BRDA:167,18,0,0
BRDA:167,18,1,0
BRDA:168,19,0,0
BRDA:168,19,1,0
BRDA:169,20,0,0
BRDA:169,20,1,0
BRDA:198,21,0,0
BRDA:198,21,1,0
BRDA:205,22,0,0
BRDA:205,22,1,0
BRDA:217,23,0,0
BRDA:217,23,1,0
BRDA:231,24,0,0
BRDA:231,24,1,0
BRDA:239,25,0,0
BRDA:239,25,1,0
BRDA:248,26,0,0
BRDA:248,26,1,0
BRDA:252,27,0,0
BRDA:252,27,1,0
BRDA:252,27,2,0
BRDA:255,28,0,0
BRDA:255,28,1,0
BRDA:256,29,0,0
BRDA:256,29,1,0
BRDA:257,30,0,0
BRDA:257,30,1,0
BRDA:273,31,0,0
BRDA:273,31,1,0
BRDA:274,32,0,0
BRDA:274,32,1,0
BRDA:276,33,0,0
BRDA:276,33,1,0
BRF:70
BRH:0
end_of_record
TN:
SF:src/views/workshop/WorkshopView.tsx
FN:57,useMinWidthLg
FN:58,(anonymous_1)
FN:62,(anonymous_2)
FN:64,(anonymous_3)
FN:67,(anonymous_4)
FN:77,UtilityTreePanel
FN:87,(anonymous_6)
FN:93,(anonymous_7)
FN:98,(anonymous_8)
FN:102,(anonymous_9)
FN:140,ArchitecturePanel
FN:158,(anonymous_11)
FN:164,(anonymous_12)
FN:170,(anonymous_13)
FN:175,(anonymous_14)
FN:181,(anonymous_15)
FN:216,(anonymous_16)
FN:259,WorkshopView
FN:260,(anonymous_18)
FN:312,(anonymous_19)
FN:324,(anonymous_20)
FN:334,(anonymous_21)
FN:368,(anonymous_22)
FN:378,(anonymous_23)
FN:386,(anonymous_24)
FN:393,(anonymous_25)
FN:402,(anonymous_26)
FN:406,(anonymous_27)
FN:416,(anonymous_28)
FN:440,(anonymous_29)
FN:447,(anonymous_30)
FN:459,(anonymous_31)
FN:468,(anonymous_32)
FN:477,(anonymous_33)
FN:478,(anonymous_34)
FN:479,(anonymous_35)
FN:509,(anonymous_36)
FN:524,(anonymous_37)
FN:542,(anonymous_38)
FN:576,(anonymous_39)
FN:576,(anonymous_40)
FN:617,(anonymous_41)
FN:618,(anonymous_42)
FN:662,(anonymous_43)
FN:663,(anonymous_44)
FN:672,(anonymous_45)
FN:694,(anonymous_46)
FN:700,(anonymous_47)
FN:778,(anonymous_48)
FN:789,(anonymous_49)
FN:800,(anonymous_50)
FN:805,(anonymous_51)
FN:818,(anonymous_52)
FN:823,(anonymous_53)
FN:868,(anonymous_54)
FN:872,(anonymous_55)
FN:898,(anonymous_56)
FN:898,(anonymous_57)
FN:906,(anonymous_58)
FN:928,(anonymous_59)
FN:929,(anonymous_60)
FN:930,(anonymous_61)
FNF:62
FNH:19
FNDA:105,useMinWidthLg
FNDA:14,(anonymous_1)
FNDA:14,(anonymous_2)
FNDA:14,(anonymous_3)
FNDA:14,(anonymous_4)
FNDA:0,UtilityTreePanel
FNDA:0,(anonymous_6)
FNDA:0,(anonymous_7)
FNDA:0,(anonymous_8)
FNDA:0,(anonymous_9)
FNDA:0,ArchitecturePanel
FNDA:0,(anonymous_11)
FNDA:0,(anonymous_12)
FNDA:0,(anonymous_13)
FNDA:0,(anonymous_14)
FNDA:0,(anonymous_15)
FNDA:0,(anonymous_16)
FNDA:105,WorkshopView
FNDA:310,(anonymous_18)
FNDA:19,(anonymous_19)
FNDA:15,(anonymous_20)
FNDA:4,(anonymous_21)
FNDA:0,(anonymous_22)
FNDA:4,(anonymous_23)
FNDA:27,(anonymous_24)
FNDA:17,(anonymous_25)
FNDA:0,(anonymous_26)
FNDA:0,(anonymous_27)
FNDA:4,(anonymous_28)
FNDA:0,(anonymous_29)
FNDA:0,(anonymous_30)
FNDA:0,(anonymous_31)
FNDA:0,(anonymous_32)
FNDA:0,(anonymous_33)
FNDA:0,(anonymous_34)
FNDA:0,(anonymous_35)
FNDA:0,(anonymous_36)
FNDA:0,(anonymous_37)
FNDA:0,(anonymous_38)
FNDA:1,(anonymous_39)
FNDA:1,(anonymous_40)
FNDA:73,(anonymous_41)
FNDA:74,(anonymous_42)
FNDA:0,(anonymous_43)
FNDA:0,(anonymous_44)
FNDA:0,(anonymous_45)
FNDA:27,(anonymous_46)
FNDA:0,(anonymous_47)
FNDA:0,(anonymous_48)
FNDA:0,(anonymous_49)
FNDA:0,(anonymous_50)
FNDA:0,(anonymous_51)
FNDA:0,(anonymous_52)
FNDA:0,(anonymous_53)
FNDA:0,(anonymous_54)
FNDA:0,(anonymous_55)
FNDA:0,(anonymous_56)
FNDA:0,(anonymous_57)
FNDA:0,(anonymous_58)
FNDA:0,(anonymous_59)
FNDA:0,(anonymous_60)
FNDA:0,(anonymous_61)
DA:47,2
DA:58,105
DA:59,14
DA:62,105
DA:63,14
DA:64,14
DA:65,14
DA:66,14
DA:67,14
DA:70,105
DA:78,0
DA:79,0
DA:87,0
DA:88,0
DA:89,0
DA:90,0
DA:93,0
DA:95,0
DA:99,0
DA:103,0
DA:149,0
DA:150,0
DA:158,0
DA:159,0
DA:160,0
DA:161,0
DA:164,0
DA:165,0
DA:166,0
DA:167,0
DA:170,0
DA:172,0
DA:176,0
DA:182,0
DA:217,0
DA:260,310
DA:263,105
DA:264,105
DA:265,105
DA:266,105
DA:267,105
DA:268,105
DA:269,105
DA:272,105
DA:273,105
DA:274,105
DA:275,105
DA:276,105
DA:277,105
DA:278,105
DA:279,105
DA:282,105
DA:283,105
DA:285,105
DA:286,105
DA:287,105
DA:288,105
DA:289,105
DA:290,105
DA:291,105
DA:294,105
DA:296,105
DA:298,105
DA:299,105
DA:302,105
DA:303,105
DA:304,105
DA:306,105
DA:307,105
DA:309,105
DA:310,105
DA:312,105
DA:314,19
DA:324,105
DA:325,15
DA:327,4
DA:329,4
DA:335,4
DA:337,4
DA:338,2
DA:339,2
DA:340,2
DA:343,2
DA:344,2
DA:345,2
DA:346,2
DA:347,2
DA:348,4
DA:349,4
DA:350,4
DA:358,4
DA:359,2
DA:362,2
DA:363,2
DA:366,2
DA:368,2
DA:372,2
DA:375,2
DA:378,4
DA:379,4
DA:386,105
DA:387,27
DA:388,9
DA:393,105
DA:394,17
DA:395,6
DA:396,6
DA:397,0
DA:402,105
DA:403,0
DA:404,0
DA:405,0
DA:406,0
DA:407,0
DA:408,0
DA:410,0
DA:416,105
DA:417,4
DA:418,4
DA:419,4
DA:420,4
DA:421,4
DA:422,4
DA:423,3
DA:424,3
DA:425,3
DA:426,3
DA:427,4
DA:434,1
DA:436,4
DA:440,105
DA:441,0
DA:442,0
DA:443,0
DA:444,0
DA:447,0
DA:451,0
DA:452,0
DA:454,0
DA:455,0
DA:457,0
DA:459,0
DA:460,0
DA:461,0
DA:465,0
DA:466,0
DA:468,0
DA:472,0
DA:473,0
DA:474,0
DA:475,0
DA:476,0
DA:477,0
DA:478,0
DA:479,0
DA:480,0
DA:482,0
DA:487,0
DA:488,0
DA:489,0
DA:490,0
DA:495,0
DA:496,0
DA:500,0
DA:501,0
DA:506,0
DA:509,105
DA:510,0
DA:511,0
DA:512,0
DA:513,0
DA:514,0
DA:515,0
DA:516,0
DA:518,0
DA:520,0
DA:524,105
DA:525,0
DA:526,0
DA:527,0
DA:528,0
DA:529,0
DA:530,0
DA:531,0
DA:532,0
DA:533,0
DA:534,0
DA:536,0
DA:538,0
DA:542,105
DA:543,0
DA:544,0
DA:545,0
DA:549,0
DA:551,0
DA:552,0
DA:553,0
DA:554,0
DA:555,0
DA:557,0
DA:558,0
DA:564,105
DA:565,2
DA:576,1
DA:587,103
DA:588,94
DA:617,73
DA:618,74
DA:644,9
DA:663,0
DA:672,0
DA:695,27
DA:700,0
DA:778,0
DA:789,0
DA:801,0
DA:802,0
DA:803,0
DA:819,0
DA:820,0
DA:821,0
DA:869,0
DA:873,0
DA:898,0
DA:907,0
DA:928,0
DA:929,0
DA:931,0
LF:228
LH:110
BRDA:59,0,0,14
BRDA:59,0,1,0
BRDA:78,1,0,0
BRDA:78,1,1,0
BRDA:88,2,0,0
BRDA:88,2,1,0
BRDA:109,3,0,0
BRDA:109,3,1,0
BRDA:113,4,0,0
BRDA:113,4,1,0
BRDA:123,5,0,0
BRDA:123,5,1,0
BRDA:149,6,0,0
BRDA:149,6,1,0
BRDA:159,7,0,0
BRDA:159,7,1,0
BRDA:165,8,0,0
BRDA:165,8,1,0
BRDA:166,9,0,0
BRDA:166,9,1,0
BRDA:188,10,0,0
BRDA:188,10,1,0
BRDA:197,11,0,0
BRDA:197,11,1,0
BRDA:202,12,0,0
BRDA:202,12,1,0
BRDA:209,13,0,0
BRDA:209,13,1,0
BRDA:214,14,0,0
BRDA:214,14,1,0
BRDA:214,15,0,0
BRDA:214,15,1,0
BRDA:216,16,0,0
BRDA:216,16,1,0
BRDA:232,17,0,0
BRDA:232,17,1,0
BRDA:241,18,0,0
BRDA:241,18,1,0
BRDA:263,19,0,105
BRDA:263,19,1,97
BRDA:306,20,0,11
BRDA:306,20,1,94
BRDA:314,21,0,0
BRDA:314,21,1,19
BRDA:314,22,0,19
BRDA:314,22,1,0
BRDA:316,23,0,0
BRDA:316,23,1,0
BRDA:325,24,0,11
BRDA:325,24,1,4
BRDA:335,25,0,0
BRDA:335,25,1,4
BRDA:337,26,0,2
BRDA:337,26,1,2
BRDA:338,27,0,2
BRDA:338,27,1,0
BRDA:347,28,0,2
BRDA:347,28,1,2
BRDA:348,29,0,4
BRDA:348,29,1,2
BRDA:354,30,0,4
BRDA:354,30,1,2
BRDA:355,31,0,4
BRDA:355,31,1,2
BRDA:358,32,0,2
BRDA:358,32,1,2
BRDA:362,33,0,2
BRDA:362,33,1,0
BRDA:366,34,0,2
BRDA:366,34,1,0
BRDA:387,35,0,9
BRDA:387,35,1,18
BRDA:394,36,0,11
BRDA:394,36,1,6
BRDA:396,37,0,0
BRDA:396,37,1,6
BRDA:404,38,0,0
BRDA:404,38,1,0
BRDA:405,39,0,0
BRDA:405,39,1,0
BRDA:407,40,0,0
BRDA:407,40,1,0
BRDA:418,41,0,0
BRDA:418,41,1,4
BRDA:434,42,0,1
BRDA:434,42,1,0
BRDA:441,43,0,0
BRDA:441,43,1,0
BRDA:455,44,0,0
BRDA:455,44,1,0
BRDA:465,45,0,0
BRDA:465,45,1,0
BRDA:476,46,0,0
BRDA:476,46,1,0
BRDA:476,47,0,0
BRDA:476,47,1,0
BRDA:489,48,0,0
BRDA:489,48,1,0
BRDA:490,49,0,0
BRDA:490,49,1,0
BRDA:510,50,0,0
BRDA:510,50,1,0
BRDA:518,51,0,0
BRDA:518,51,1,0
BRDA:525,52,0,0
BRDA:525,52,1,0
BRDA:536,53,0,0
BRDA:536,53,1,0
BRDA:543,54,0,0
BRDA:543,54,1,0
BRDA:544,55,0,0
BRDA:544,55,1,0
BRDA:557,56,0,0
BRDA:557,56,1,0
BRDA:564,57,0,2
BRDA:564,57,1,103
BRDA:564,58,0,105
BRDA:564,58,1,8
BRDA:564,58,2,4
BRDA:564,58,3,2
BRDA:587,59,0,94
BRDA:587,59,1,9
BRDA:618,60,0,74
BRDA:618,60,1,1
BRDA:624,61,0,94
BRDA:624,61,1,1
BRDA:632,62,0,94
BRDA:632,62,1,90
BRDA:636,63,0,4
BRDA:636,63,1,90
BRDA:654,64,0,9
BRDA:654,64,1,0
BRDA:657,65,0,0
BRDA:657,65,1,0
BRDA:663,66,0,0
BRDA:663,66,1,0
BRDA:702,67,0,9
BRDA:702,67,1,18
BRDA:715,68,0,9
BRDA:715,68,1,0
BRDA:750,69,0,0
BRDA:750,69,1,9
BRDA:763,70,0,105
BRDA:763,70,1,0
BRDA:772,71,0,0
BRDA:772,71,1,9
BRDA:780,72,0,9
BRDA:780,72,1,0
BRDA:791,73,0,0
BRDA:791,73,1,9
BRDA:802,74,0,0
BRDA:802,74,1,0
BRDA:802,75,0,0
BRDA:802,75,1,0
BRDA:809,76,0,0
BRDA:809,76,1,9
BRDA:820,77,0,0
BRDA:820,77,1,0
BRDA:820,78,0,0
BRDA:820,78,1,0
BRDA:827,79,0,0
BRDA:827,79,1,9
BRDA:836,80,0,9
BRDA:836,80,1,0
BRDA:848,81,0,0
BRDA:848,81,1,0
BRDA:850,82,0,0
BRDA:850,82,1,0
BRDA:850,82,2,0
BRDA:863,83,0,0
BRDA:863,83,1,0
BRDA:882,84,0,0
BRDA:882,84,1,0
BRDA:894,85,0,105
BRDA:894,85,1,0
BRDA:902,86,0,0
BRDA:902,86,1,0
BRDA:904,87,0,0
BRDA:904,87,1,0
BRDA:909,88,0,0
BRDA:909,88,1,0
BRDA:910,89,0,0
BRDA:910,89,1,0
BRDA:910,89,2,0
BRF:184
BRH:61
end_of_record
TN:
SF:src/views/workshop/workshopMarkdown.ts
FN:3,block
FN:10,buildQualityAttributesMarkdown
FN:42,(anonymous_2)
FN:51,(anonymous_3)
FN:59,(anonymous_4)
FN:77,buildScenariosMarkdown
FNF:6
FNH:6
FNDA:18,block
FNDA:19,buildQualityAttributesMarkdown
FNDA:2,(anonymous_2)
FNDA:1,(anonymous_3)
FNDA:1,(anonymous_4)
FNDA:15,buildScenariosMarkdown
DA:4,18
DA:5,18
DA:6,17
DA:14,19
DA:16,19
DA:17,2
DA:19,19
DA:20,2
DA:23,19
DA:24,17
DA:25,17
DA:26,17
DA:27,17
DA:28,17
DA:29,17
DA:30,1
DA:34,17
DA:35,1
DA:37,17
DA:38,1
DA:40,17
DA:42,17
DA:43,17
DA:44,1
DA:45,1
DA:46,2
DA:48,1
DA:51,17
DA:52,17
DA:53,1
DA:54,1
DA:55,1
DA:59,17
DA:60,17
DA:61,1
DA:62,1
DA:63,1
DA:64,1
DA:65,1
DA:70,17
DA:73,19
DA:81,15
DA:83,15
DA:84,1
DA:86,15
DA:87,1
DA:90,15
DA:91,14
DA:92,14
DA:93,14
DA:94,14
DA:95,14
DA:96,14
DA:97,14
DA:98,14
DA:99,14
DA:100,14
DA:101,14
DA:103,14
DA:104,14
DA:106,14
DA:107,1
DA:109,14
DA:112,15
LF:64
LH:64
BRDA:5,0,0,1
BRDA:5,0,1,17
BRDA:16,1,0,2
BRDA:16,1,1,17
BRDA:19,2,0,2
BRDA:19,2,1,17
BRDA:29,3,0,1
BRDA:29,3,1,16
BRDA:29,4,0,17
BRDA:29,4,1,16
BRDA:31,5,0,1
BRDA:31,5,1,0
BRDA:31,6,0,1
BRDA:31,6,1,0
BRDA:34,7,0,1
BRDA:34,7,1,16
BRDA:37,8,0,1
BRDA:37,8,1,16
BRDA:42,9,0,17
BRDA:42,9,1,0
BRDA:43,10,0,1
BRDA:43,10,1,16
BRDA:51,11,0,17
BRDA:51,11,1,0
BRDA:52,12,0,1
BRDA:52,12,1,16
BRDA:59,13,0,17
BRDA:59,13,1,0
BRDA:60,14,0,1
BRDA:60,14,1,16
BRDA:64,15,0,1
BRDA:64,15,1,0
BRDA:83,16,0,1
BRDA:83,16,1,14
BRDA:86,17,0,1
BRDA:86,17,1,14
BRDA:91,18,0,14
BRDA:91,18,1,1
BRDA:95,19,0,13
BRDA:95,19,1,1
BRDA:96,20,0,13
BRDA:96,20,1,1
BRDA:97,21,0,13
BRDA:97,21,1,1
BRDA:98,22,0,14
BRDA:98,22,1,0
BRDA:99,23,0,14
BRDA:99,23,1,0
BRDA:100,24,0,14
BRDA:100,24,1,0
BRDA:103,25,0,14
BRDA:103,25,1,0
BRDA:106,26,0,1
BRDA:106,26,1,13
BRF:54
BRH:44
end_of_record
TN:
SF:src/views/workshop/components/AttributeCard.tsx
FN:28,AttributeCard
FN:89,(anonymous_1)
FN:122,(anonymous_2)
FNF:3
FNH:3
FNDA:18,AttributeCard
FNDA:180,(anonymous_1)
FNDA:2,(anonymous_2)
DA:3,3
DA:9,3
DA:16,3
DA:32,18
DA:33,18
DA:34,18
DA:36,18
DA:37,18
DA:38,18
DA:39,18
DA:40,1
DA:41,17
DA:42,2
DA:45,18
DA:90,180
DA:123,2
LF:16
LH:16
BRDA:30,0,0,18
BRDA:32,1,0,18
BRDA:32,1,1,0
BRDA:33,2,0,18
BRDA:33,2,1,0
BRDA:34,3,0,18
BRDA:34,3,1,0
BRDA:36,4,0,18
BRDA:36,4,1,15
BRDA:37,5,0,18
BRDA:37,5,1,16
BRDA:39,6,0,1
BRDA:39,6,1,17
BRDA:39,7,0,18
BRDA:39,7,1,3
BRDA:39,7,2,2
BRDA:41,8,0,2
BRDA:41,8,1,15
BRDA:58,9,0,3
BRDA:58,9,1,15
BRDA:61,10,0,1
BRDA:61,10,1,17
BRDA:65,11,0,0
BRDA:65,11,1,1
BRDA:65,12,0,1
BRDA:65,12,1,0
BRDA:72,13,0,1
BRDA:72,13,1,17
BRDA:72,14,0,18
BRDA:72,14,1,1
BRDA:72,14,2,1
BRDA:92,15,0,146
BRDA:92,15,1,34
BRDA:118,16,0,18
BRDA:118,16,1,2
BRF:35
BRH:30
end_of_record
TN:
SF:src/views/workshop/components/AttributePanel.tsx
FN:7,countByConfidence
FN:34,AttributePanel
FN:46,(anonymous_2)
FN:50,(anonymous_3)
FN:59,(anonymous_4)
FN:106,(anonymous_5)
FNF:6
FNH:6
FNDA:10,countByConfidence
FNDA:10,AttributePanel
FNDA:9,(anonymous_2)
FNDA:9,(anonymous_3)
FNDA:10,(anonymous_4)
FNDA:9,(anonymous_5)
DA:8,10
DA:9,10
DA:10,10
DA:11,10
DA:12,9
DA:13,2
DA:14,1
DA:16,10
DA:45,10
DA:46,10
DA:47,9
DA:50,10
DA:51,9
DA:55,10
DA:59,10
DA:61,10
DA:70,10
DA:107,9
LF:18
LH:18
BRDA:12,0,0,7
BRDA:12,0,1,2
BRDA:13,1,0,1
BRDA:13,1,1,1
BRDA:38,2,0,10
BRDA:47,3,0,9
BRDA:47,3,1,0
BRDA:51,4,0,9
BRDA:51,4,1,0
BRDA:55,5,0,5
BRDA:55,5,1,5
BRDA:61,6,0,1
BRDA:61,6,1,9
BRDA:61,7,0,10
BRDA:61,7,1,6
BRDA:63,8,0,1
BRDA:63,8,1,0
BRDA:78,9,0,10
BRDA:78,9,1,6
BRDA:78,9,2,1
BRDA:90,10,0,10
BRDA:90,10,1,5
BRDA:101,11,0,10
BRDA:101,11,1,4
BRDA:115,12,0,10
BRDA:115,12,1,0
BRDA:126,13,0,0
BRDA:126,13,1,0
BRF:28
BRH:22
end_of_record
TN:
SF:src/views/workshop/components/ConversationThread.tsx
FN:11,ConversationThread
FN:21,(anonymous_1)
FNF:2
FNH:2
FNDA:4,ConversationThread
FNDA:3,(anonymous_1)
DA:12,4
DA:22,3
LF:2
LH:2
BRDA:14,0,0,4
BRDA:14,0,1,2
BRDA:14,0,2,1
BRDA:24,1,0,2
BRDA:24,1,1,1
BRDA:28,2,0,2
BRDA:28,2,1,1
BRDA:37,3,0,4
BRDA:37,3,1,1
BRF:9
BRH:9
end_of_record
TN:
SF:src/views/workshop/components/GapIndicator.tsx
FN:32,GapIndicator
FN:41,(anonymous_1)
FN:42,(anonymous_2)
FN:46,(anonymous_3)
FN:47,(anonymous_4)
FN:50,(anonymous_5)
FN:55,(anonymous_6)
FN:85,(anonymous_7)
FN:93,(anonymous_8)
FN:114,(anonymous_9)
FNF:10
FNH:10
FNDA:7,GapIndicator
FNDA:2,(anonymous_1)
FNDA:2,(anonymous_2)
FNDA:28,(anonymous_3)
FNDA:16,(anonymous_4)
FNDA:4,(anonymous_5)
FNDA:6,(anonymous_6)
FNDA:28,(anonymous_7)
FNDA:2,(anonymous_8)
FNDA:3,(anonymous_9)
DA:5,2
DA:7,2
DA:14,2
DA:30,2
DA:39,7
DA:41,7
DA:42,2
DA:45,7
DA:46,7
DA:47,28
DA:48,28
DA:50,7
DA:52,7
DA:53,7
DA:55,7
DA:56,6
DA:57,6
DA:58,6
DA:61,7
DA:86,28
DA:87,28
DA:88,4
DA:89,28
DA:90,28
DA:93,2
DA:115,3
LF:26
LH:26
BRDA:53,0,0,7
BRDA:53,0,1,7
BRDA:56,1,0,6
BRDA:56,1,1,0
BRDA:57,2,0,0
BRDA:57,2,1,6
BRDA:69,3,0,7
BRDA:69,3,1,1
BRDA:85,4,0,0
BRDA:85,4,1,7
BRDA:86,5,0,0
BRDA:86,5,1,28
BRDA:86,6,0,28
BRDA:86,6,1,0
BRDA:87,7,0,24
BRDA:87,7,1,4
BRDA:88,8,0,4
BRDA:88,8,1,2
BRDA:89,9,0,0
BRDA:89,9,1,4
BRDA:89,10,0,4
BRDA:89,10,1,0
BRDA:101,11,0,1
BRDA:101,11,1,3
BRDA:112,12,0,28
BRDA:112,12,1,3
BRDA:118,13,0,0
BRDA:118,13,1,3
BRDA:120,14,0,3
BRDA:120,14,1,0
BRDA:122,15,0,0
BRDA:122,15,1,3
BRDA:133,16,0,7
BRDA:133,16,1,0
BRDA:142,17,0,7
BRDA:142,17,1,0
BRF:36
BRH:24
end_of_record
TN:
SF:src/views/workshop/components/GeneratePanel.tsx
FN:16,GeneratePanel
FNF:1
FNH:1
FNDA:7,GeneratePanel
DA:27,7
DA:29,6
DA:30,7
DA:31,7
DA:33,7
DA:34,7
DA:35,7
DA:36,7
DA:37,7
DA:39,7
DA:40,1
DA:41,1
DA:42,1
DA:44,1
DA:45,1
DA:46,5
DA:47,1
DA:48,1
DA:49,1
DA:50,1
DA:51,1
DA:52,4
DA:53,4
DA:54,4
DA:57,6
LF:25
LH:25
BRDA:27,0,0,1
BRDA:27,0,1,6
BRDA:29,1,0,6
BRDA:29,1,1,2
BRDA:30,2,0,7
BRDA:30,2,1,2
BRDA:39,3,0,1
BRDA:39,3,1,5
BRDA:46,4,0,1
BRDA:46,4,1,4
BRDA:52,5,0,4
BRDA:52,5,1,0
BRDA:65,6,0,0
BRDA:65,6,1,6
BRDA:65,7,0,6
BRDA:65,7,1,1
BRDA:71,8,0,1
BRDA:71,8,1,5
BRDA:75,9,0,5
BRDA:75,9,1,5
BRDA:78,10,0,0
BRDA:78,10,1,5
BRDA:84,11,0,7
BRDA:84,11,1,6
BRDA:87,12,0,0
BRDA:87,12,1,6
BRF:26
BRH:22
end_of_record
TN:
SF:src/views/workshop/components/InputPanel.tsx
FN:15,InputPanel
FN:19,(anonymous_1)
FN:25,(anonymous_2)
FN:30,(anonymous_3)
FN:38,(anonymous_4)
FNF:5
FNH:5
FNDA:20,InputPanel
FNDA:10,(anonymous_1)
FNDA:7,(anonymous_2)
FNDA:3,(anonymous_3)
FNDA:2,(anonymous_4)
DA:3,2
DA:16,20
DA:19,20
DA:20,10
DA:21,1
DA:25,20
DA:26,7
DA:27,7
DA:30,20
DA:31,3
DA:32,3
DA:33,3
DA:34,3
DA:35,3
DA:38,20
DA:39,2
DA:40,1
DA:41,1
DA:45,20
DA:47,20
LF:20
LH:20
BRDA:16,0,0,20
BRDA:16,0,1,19
BRDA:20,1,0,1
BRDA:20,1,1,9
BRDA:32,2,0,0
BRDA:32,2,1,3
BRDA:32,3,0,3
BRDA:32,3,1,3
BRDA:39,4,0,1
BRDA:39,4,1,1
BRDA:39,5,0,2
BRDA:39,5,1,2
BRDA:49,6,0,20
BRDA:49,6,1,1
BRDA:61,7,0,20
BRDA:61,7,1,20
BRDA:68,8,0,20
BRDA:68,8,1,18
BRDA:79,9,0,20
BRDA:79,9,1,2
BRF:20
BRH:19
end_of_record
TN:
SF:src/views/workshop/components/ProgressTracker.tsx
FN:23,normalizePhase
FN:33,ProgressTracker
FN:35,(anonymous_2)
FN:46,(anonymous_3)
FNF:4
FNH:4
FNDA:4,normalizePhase
FNDA:4,ProgressTracker
FNDA:12,(anonymous_2)
FNDA:20,(anonymous_3)
DA:1,2
DA:10,2
DA:24,4
DA:34,4
DA:35,12
DA:37,4
DA:47,20
DA:48,20
DA:49,20
LF:9
LH:9
BRDA:24,0,0,4
BRDA:24,0,1,3
BRDA:53,1,0,3
BRDA:53,1,1,17
BRDA:55,2,0,4
BRDA:55,2,1,13
BRDA:60,3,0,20
BRDA:60,3,1,4
BRDA:67,4,0,20
BRDA:67,4,1,16
BRDA:68,5,0,4
BRDA:68,5,1,12
BRDA:77,6,0,4
BRDA:77,6,1,1
BRF:14
BRH:14
end_of_record
TN:
SF:src/views/workshop/components/ReadinessModal.tsx
FN:9,readinessBadge
FN:24,ConfidenceChip
FN:44,ReadinessModal
FN:97,(anonymous_3)
FN:118,(anonymous_4)
FN:148,(anonymous_5)
FN:158,(anonymous_6)
FNF:7
FNH:7
FNDA:9,readinessBadge
FNDA:9,ConfidenceChip
FNDA:11,ReadinessModal
FNDA:9,(anonymous_3)
FNDA:9,(anonymous_4)
FNDA:1,(anonymous_5)
FNDA:1,(anonymous_6)
DA:10,9
DA:12,1
DA:14,7
DA:16,0
DA:18,1
DA:20,0
DA:25,9
DA:30,9
DA:31,9
DA:51,11
DA:53,9
DA:55,9
DA:98,9
DA:119,9
DA:149,1
DA:150,1
DA:159,1
DA:160,1
LF:18
LH:16
BRDA:10,0,0,1
BRDA:10,0,1,7
BRDA:10,0,2,0
BRDA:10,0,3,1
BRDA:10,0,4,0
BRDA:20,1,0,0
BRDA:20,1,1,0
BRDA:30,2,0,9
BRDA:30,2,1,0
BRDA:51,3,0,2
BRDA:51,3,1,9
BRDA:51,4,0,11
BRDA:51,4,1,10
BRDA:82,5,0,9
BRDA:82,5,1,9
BRDA:112,6,0,11
BRDA:112,6,1,9
BRDA:121,7,0,9
BRDA:121,7,1,0
BRDA:119,8,0,9
BRDA:119,8,1,0
BRDA:133,9,0,11
BRDA:133,9,1,9
BRF:23
BRH:16
end_of_record
TN:
SF:src/views/workshop/components/ScenarioCard.tsx
FN:29,ScenarioCard
FN:86,(anonymous_1)
FN:93,(anonymous_2)
FNF:3
FNH:3
FNDA:10,ScenarioCard
FNDA:1,(anonymous_1)
FNDA:1,(anonymous_2)
DA:4,2
DA:12,2
DA:30,10
DA:31,10
DA:32,10
DA:33,10
DA:35,10
DA:86,1
DA:94,1
DA:95,1
LF:10
LH:10
BRDA:31,0,0,10
BRDA:31,0,1,0
BRDA:43,1,0,10
BRDA:43,1,1,0
BRDA:46,2,0,10
BRDA:46,2,1,1
BRDA:50,3,0,10
BRDA:50,3,1,0
BRDA:54,4,0,10
BRDA:54,4,1,0
BRDA:58,5,0,10
BRDA:58,5,1,0
BRDA:63,6,0,4
BRDA:63,6,1,6
BRDA:64,7,0,0
BRDA:64,7,1,4
BRDA:67,8,0,6
BRDA:67,8,1,0
BRDA:75,9,0,10
BRDA:75,9,1,10
BRDA:81,10,0,10
BRDA:81,10,1,6
BRDA:81,10,2,4
BRF:23
BRH:16
end_of_record
