TN:
SF:src/App.tsx
FN:50,getCurrentPillar
FN:58,getPillarTitle
FN:67,getPillarFavicon
FN:96,getConversationIdFromPath
FN:108,getHydratedConversationMessages
FN:123,(anonymous_5)
FN:130,parsePipelineEventPayload
FN:140,toAgentEvent
FN:148,safeGetItem
FN:157,safeSetItem
FN:166,safeRemoveItem
FN:175,readLastView
FN:216,getSpecWeaverSessionId
FN:224,getSpecWeaverSessionTitle
FN:228,AppContent
FN:231,(anonymous_15)
FN:232,(anonymous_16)
FN:233,(anonymous_17)
FN:234,(anonymous_18)
FN:235,(anonymous_19)
FN:236,(anonymous_20)
FN:237,(anonymous_21)
FN:238,(anonymous_22)
FN:239,(anonymous_23)
FN:240,(anonymous_24)
FN:241,(anonymous_25)
FN:242,(anonymous_26)
FN:243,(anonymous_27)
FN:244,(anonymous_28)
FN:245,(anonymous_29)
FN:246,(anonymous_30)
FN:247,(anonymous_31)
FN:248,(anonymous_32)
FN:249,(anonymous_33)
FN:266,(anonymous_34)
FN:269,(anonymous_35)
FN:270,(anonymous_36)
FN:271,(anonymous_37)
FN:278,(anonymous_38)
FN:294,(anonymous_39)
FN:307,(anonymous_40)
FN:320,(anonymous_41)
FN:336,(anonymous_42)
FN:343,(anonymous_43)
FN:352,(anonymous_44)
FN:357,(anonymous_45)
FN:362,(anonymous_46)
FN:368,(anonymous_47)
FN:373,(anonymous_48)
FN:381,(anonymous_49)
FN:384,(anonymous_50)
FN:387,(anonymous_51)
FN:391,(anonymous_52)
FN:396,(anonymous_53)
FN:406,(anonymous_54)
FN:417,(anonymous_55)
FN:437,(anonymous_56)
FN:448,(anonymous_57)
FN:453,(anonymous_58)
FN:464,(anonymous_59)
FN:468,(anonymous_60)
FN:473,(anonymous_61)
FN:481,(anonymous_62)
FN:484,(anonymous_63)
FN:487,(anonymous_64)
FN:491,(anonymous_65)
FN:497,(anonymous_66)
FN:508,(anonymous_67)
FN:513,(anonymous_68)
FN:517,(anonymous_69)
FN:522,(anonymous_70)
FN:527,(anonymous_71)
FN:538,(anonymous_72)
FN:542,(anonymous_73)
FN:546,(anonymous_74)
FN:551,(anonymous_75)
FN:556,(anonymous_76)
FN:568,(anonymous_77)
FN:586,(anonymous_78)
FN:605,(anonymous_79)
FN:620,(anonymous_80)
FN:628,(anonymous_81)
FN:636,(anonymous_82)
FN:641,(anonymous_83)
FN:648,(anonymous_84)
FN:665,(anonymous_85)
FN:669,(anonymous_86)
FN:672,(anonymous_87)
FN:691,(anonymous_88)
FN:692,(anonymous_89)
FN:697,(anonymous_90)
FN:771,(anonymous_91)
FN:798,(anonymous_92)
FN:798,(anonymous_93)
FN:815,(anonymous_94)
FN:828,(anonymous_95)
FN:828,(anonymous_96)
FN:831,(anonymous_97)
FN:858,(anonymous_98)
FN:875,(anonymous_99)
FN:904,(anonymous_100)
FN:904,(anonymous_101)
FN:907,(anonymous_102)
FN:938,(anonymous_103)
FN:943,(anonymous_104)
FN:973,(anonymous_105)
FN:978,(anonymous_106)
FN:1008,(anonymous_107)
FN:1014,(anonymous_108)
FN:1051,(anonymous_109)
FN:1074,(anonymous_110)
FN:1100,(anonymous_111)
FN:1117,(anonymous_112)
FN:1142,(anonymous_113)
FN:1146,(anonymous_114)
FN:1165,(anonymous_115)
FN:1178,(anonymous_116)
FN:1178,(anonymous_117)
FN:1181,(anonymous_118)
FN:1212,(anonymous_119)
FN:1229,(anonymous_120)
FN:1258,(anonymous_121)
FN:1258,(anonymous_122)
FN:1261,(anonymous_123)
FN:1297,(anonymous_124)
FN:1302,(anonymous_125)
FN:1332,(anonymous_126)
FN:1337,(anonymous_127)
FN:1365,(anonymous_128)
FN:1371,(anonymous_129)
FN:1408,(anonymous_130)
FN:1435,(anonymous_131)
FN:1452,(anonymous_132)
FN:1501,(anonymous_133)
FN:1521,(anonymous_134)
FN:1528,(anonymous_135)
FN:1551,App
FNF:137
FNH:82
FNDA:52,getCurrentPillar
FNDA:26,getPillarTitle
FNDA:26,getPillarFavicon
FNDA:123,getConversationIdFromPath
FNDA:3,getHydratedConversationMessages
FNDA:1,(anonymous_5)
FNDA:5,parsePipelineEventPayload
FNDA:5,toAgentEvent
FNDA:35,safeGetItem
FNDA:18,safeSetItem
FNDA:2,safeRemoveItem
FNDA:24,readLastView
FNDA:8,getSpecWeaverSessionId
FNDA:4,getSpecWeaverSessionTitle
FNDA:82,AppContent
FNDA:271,(anonymous_15)
FNDA:271,(anonymous_16)
FNDA:271,(anonymous_17)
FNDA:271,(anonymous_18)
FNDA:271,(anonymous_19)
FNDA:271,(anonymous_20)
FNDA:271,(anonymous_21)
FNDA:271,(anonymous_22)
FNDA:271,(anonymous_23)
FNDA:271,(anonymous_24)
FNDA:271,(anonymous_25)
FNDA:271,(anonymous_26)
FNDA:271,(anonymous_27)
FNDA:271,(anonymous_28)
FNDA:271,(anonymous_29)
FNDA:249,(anonymous_30)
FNDA:249,(anonymous_31)
FNDA:249,(anonymous_32)
FNDA:26,(anonymous_33)
FNDA:26,(anonymous_34)
FNDA:115,(anonymous_35)
FNDA:1120,(anonymous_36)
FNDA:1044,(anonymous_37)
FNDA:18,(anonymous_38)
FNDA:26,(anonymous_39)
FNDA:2,(anonymous_40)
FNDA:0,(anonymous_41)
FNDA:0,(anonymous_42)
FNDA:28,(anonymous_43)
FNDA:1,(anonymous_44)
FNDA:0,(anonymous_45)
FNDA:1,(anonymous_46)
FNDA:1,(anonymous_47)
FNDA:45,(anonymous_48)
FNDA:0,(anonymous_49)
FNDA:0,(anonymous_50)
FNDA:0,(anonymous_51)
FNDA:0,(anonymous_52)
FNDA:28,(anonymous_53)
FNDA:28,(anonymous_54)
FNDA:43,(anonymous_55)
FNDA:45,(anonymous_56)
FNDA:32,(anonymous_57)
FNDA:14,(anonymous_58)
FNDA:0,(anonymous_59)
FNDA:14,(anonymous_60)
FNDA:32,(anonymous_61)
FNDA:25,(anonymous_62)
FNDA:0,(anonymous_63)
FNDA:25,(anonymous_64)
FNDA:25,(anonymous_65)
FNDA:32,(anonymous_66)
FNDA:1,(anonymous_67)
FNDA:0,(anonymous_68)
FNDA:1,(anonymous_69)
FNDA:1,(anonymous_70)
FNDA:32,(anonymous_71)
FNDA:1,(anonymous_72)
FNDA:0,(anonymous_73)
FNDA:1,(anonymous_74)
FNDA:32,(anonymous_75)
FNDA:6,(anonymous_76)
FNDA:5,(anonymous_77)
FNDA:0,(anonymous_78)
FNDA:6,(anonymous_79)
FNDA:46,(anonymous_80)
FNDA:30,(anonymous_81)
FNDA:0,(anonymous_82)
FNDA:1,(anonymous_83)
FNDA:0,(anonymous_84)
FNDA:0,(anonymous_85)
FNDA:0,(anonymous_86)
FNDA:0,(anonymous_87)
FNDA:26,(anonymous_88)
FNDA:0,(anonymous_89)
FNDA:26,(anonymous_90)
FNDA:0,(anonymous_91)
FNDA:0,(anonymous_92)
FNDA:0,(anonymous_93)
FNDA:0,(anonymous_94)
FNDA:340,(anonymous_95)
FNDA:204,(anonymous_96)
FNDA:0,(anonymous_97)
FNDA:0,(anonymous_98)
FNDA:0,(anonymous_99)
FNDA:225,(anonymous_100)
FNDA:135,(anonymous_101)
FNDA:4,(anonymous_102)
FNDA:2,(anonymous_103)
FNDA:0,(anonymous_104)
FNDA:0,(anonymous_105)
FNDA:0,(anonymous_106)
FNDA:0,(anonymous_107)
FNDA:0,(anonymous_108)
FNDA:1,(anonymous_109)
FNDA:0,(anonymous_110)
FNDA:0,(anonymous_111)
FNDA:0,(anonymous_112)
FNDA:0,(anonymous_113)
FNDA:0,(anonymous_114)
FNDA:0,(anonymous_115)
FNDA:0,(anonymous_116)
FNDA:0,(anonymous_117)
FNDA:0,(anonymous_118)
FNDA:0,(anonymous_119)
FNDA:0,(anonymous_120)
FNDA:0,(anonymous_121)
FNDA:0,(anonymous_122)
FNDA:0,(anonymous_123)
FNDA:0,(anonymous_124)
FNDA:0,(anonymous_125)
FNDA:0,(anonymous_126)
FNDA:0,(anonymous_127)
FNDA:0,(anonymous_128)
FNDA:0,(anonymous_129)
FNDA:0,(anonymous_130)
FNDA:0,(anonymous_131)
FNDA:0,(anonymous_132)
FNDA:0,(anonymous_133)
FNDA:380,(anonymous_134)
FNDA:0,(anonymous_135)
FNDA:26,App
DA:42,1
DA:47,1
DA:48,1
DA:51,52
DA:52,48
DA:53,48
DA:54,48
DA:55,26
DA:59,26
DA:60,26
DA:61,24
DA:62,11
DA:63,11
DA:64,11
DA:68,26
DA:91,26
DA:93,26
DA:97,123
DA:98,0
DA:99,0
DA:101,123
DA:102,42
DA:103,42
DA:105,81
DA:112,3
DA:114,3
DA:115,4
DA:116,3
DA:118,3
DA:119,2
DA:122,1
DA:123,1
DA:127,1
DA:131,5
DA:132,5
DA:133,5
DA:134,5
DA:136,0
DA:141,5
DA:149,35
DA:150,35
DA:151,35
DA:153,0
DA:158,18
DA:159,18
DA:160,18
DA:167,2
DA:168,2
DA:169,2
DA:176,24
DA:177,24
DA:178,22
DA:181,1
DA:209,1
DA:217,8
DA:218,8
DA:219,8
DA:220,4
DA:221,4
DA:225,4
DA:229,82
DA:230,82
DA:231,271
DA:232,271
DA:233,271
DA:234,271
DA:235,271
DA:236,271
DA:237,271
DA:238,271
DA:239,271
DA:240,271
DA:241,271
DA:242,271
DA:243,271
DA:244,271
DA:245,271
DA:246,249
DA:247,249
DA:248,249
DA:249,82
DA:250,26
DA:252,82
DA:253,82
DA:254,82
DA:255,82
DA:256,82
DA:257,82
DA:258,82
DA:259,82
DA:260,82
DA:261,82
DA:262,82
DA:263,82
DA:264,82
DA:265,82
DA:266,82
DA:268,82
DA:269,115
DA:270,1120
DA:271,1044
DA:274,82
DA:275,82
DA:276,82
DA:278,82
DA:279,18
DA:280,18
DA:283,82
DA:284,82
DA:285,82
DA:286,82
DA:287,82
DA:288,82
DA:289,82
DA:290,82
DA:294,82
DA:295,26
DA:297,26
DA:298,26
DA:299,26
DA:300,1
DA:301,1
DA:302,1
DA:304,26
DA:307,82
DA:308,2
DA:309,2
DA:310,2
DA:311,2
DA:312,2
DA:314,0
DA:316,2
DA:320,82
DA:321,0
DA:322,0
DA:323,0
DA:324,0
DA:325,0
DA:326,0
DA:327,0
DA:328,0
DA:330,0
DA:332,0
DA:336,82
DA:337,0
DA:338,0
DA:343,82
DA:344,28
DA:345,28
DA:346,27
DA:347,27
DA:350,1
DA:351,1
DA:353,1
DA:354,1
DA:358,0
DA:359,0
DA:363,1
DA:364,0
DA:368,1
DA:369,1
DA:373,82
DA:374,45
DA:375,45
DA:376,40
DA:378,0
DA:379,0
DA:380,0
DA:382,0
DA:385,0
DA:388,0
DA:391,0
DA:392,0
DA:396,82
DA:397,28
DA:398,23
DA:400,2
DA:406,82
DA:407,28
DA:408,23
DA:409,11
DA:410,11
DA:417,82
DA:418,43
DA:419,43
DA:424,0
DA:425,0
DA:426,0
DA:428,0
DA:430,0
DA:431,0
DA:437,82
DA:438,45
DA:439,40
DA:440,38
DA:441,23
DA:443,0
DA:448,82
DA:449,32
DA:450,32
DA:452,14
DA:454,14
DA:455,1
DA:456,1
DA:468,14
DA:469,14
DA:473,82
DA:474,32
DA:475,32
DA:476,27
DA:478,25
DA:479,25
DA:480,25
DA:482,25
DA:485,0
DA:488,25
DA:491,25
DA:492,25
DA:497,82
DA:498,32
DA:499,32
DA:500,27
DA:501,25
DA:503,11
DA:504,11
DA:506,1
DA:507,1
DA:509,1
DA:510,1
DA:511,1
DA:514,0
DA:515,0
DA:518,1
DA:519,0
DA:522,1
DA:523,1
DA:527,82
DA:528,32
DA:529,27
DA:530,27
DA:531,9
DA:532,8
DA:533,6
DA:536,2
DA:537,2
DA:539,1
DA:540,1
DA:543,0
DA:544,0
DA:546,1
DA:551,82
DA:552,32
DA:553,32
DA:554,14
DA:556,6
DA:557,6
DA:558,6
DA:559,6
DA:561,4
DA:562,4
DA:563,0
DA:565,4
DA:567,4
DA:568,4
DA:569,5
DA:572,4
DA:579,4
DA:580,3
DA:583,1
DA:584,1
DA:588,0
DA:589,0
DA:597,6
DA:598,5
DA:603,6
DA:605,6
DA:606,6
DA:620,82
DA:621,46
DA:622,41
DA:623,0
DA:628,82
DA:629,30
DA:630,30
DA:631,0
DA:636,82
DA:637,0
DA:638,0
DA:641,82
DA:642,1
DA:643,1
DA:644,1
DA:645,1
DA:648,82
DA:649,0
DA:650,0
DA:651,0
DA:652,0
DA:654,0
DA:655,0
DA:656,0
DA:657,0
DA:659,0
DA:660,0
DA:661,0
DA:665,82
DA:669,0
DA:672,82
DA:673,0
DA:674,0
DA:675,0
DA:676,0
DA:679,0
DA:680,0
DA:681,0
DA:682,0
DA:686,0
DA:691,82
DA:692,26
DA:693,0
DA:694,0
DA:696,26
DA:697,26
DA:701,82
DA:702,6
DA:703,1
DA:712,5
DA:726,76
DA:748,82
DA:772,0
DA:798,0
DA:816,0
DA:817,0
DA:828,340
DA:829,204
DA:831,0
DA:859,0
DA:860,0
DA:876,0
DA:877,0
DA:904,225
DA:905,135
DA:907,4
DA:939,2
DA:940,2
DA:943,0
DA:974,0
DA:975,0
DA:978,0
DA:1009,0
DA:1010,0
DA:1011,0
DA:1014,0
DA:1052,1
DA:1053,1
DA:1054,1
DA:1055,1
DA:1074,0
DA:1100,0
DA:1118,0
DA:1143,0
DA:1144,0
DA:1145,0
DA:1146,0
DA:1147,0
DA:1166,0
DA:1167,0
DA:1178,0
DA:1179,0
DA:1182,0
DA:1183,0
DA:1213,0
DA:1214,0
DA:1230,0
DA:1231,0
DA:1258,0
DA:1259,0
DA:1262,0
DA:1263,0
DA:1298,0
DA:1299,0
DA:1302,0
DA:1333,0
DA:1334,0
DA:1337,0
DA:1366,0
DA:1367,0
DA:1368,0
DA:1371,0
DA:1409,0
DA:1410,0
DA:1411,0
DA:1412,0
DA:1413,0
DA:1435,0
DA:1453,0
DA:1454,0
DA:1455,0
DA:1457,0
DA:1502,0
DA:1506,0
DA:1507,0
DA:1508,0
DA:1509,0
DA:1522,380
DA:1523,380
DA:1524,380
DA:1528,0
DA:1552,26
LF:409
LH:273
BRDA:51,0,0,4
BRDA:51,0,1,48
BRDA:52,1,0,0
BRDA:52,1,1,48
BRDA:53,2,0,0
BRDA:53,2,1,48
BRDA:54,3,0,22
BRDA:54,3,1,26
BRDA:60,4,0,2
BRDA:60,4,1,24
BRDA:61,5,0,13
BRDA:61,5,1,11
BRDA:62,6,0,0
BRDA:62,6,1,11
BRDA:63,7,0,0
BRDA:63,7,1,11
BRDA:97,8,0,0
BRDA:97,8,1,123
BRDA:99,9,0,0
BRDA:99,9,1,0
BRDA:101,10,0,42
BRDA:101,10,1,81
BRDA:103,11,0,42
BRDA:103,11,1,0
BRDA:118,12,0,2
BRDA:118,12,1,1
BRDA:122,13,0,1
BRDA:122,13,1,0
BRDA:131,14,0,0
BRDA:131,14,1,5
BRDA:143,15,0,5
BRDA:143,15,1,0
BRDA:150,16,0,0
BRDA:150,16,1,35
BRDA:159,17,0,0
BRDA:159,17,1,18
BRDA:168,18,0,0
BRDA:168,18,1,2
BRDA:177,19,0,2
BRDA:177,19,1,22
BRDA:177,20,0,24
BRDA:177,20,1,24
BRDA:177,20,2,24
BRDA:177,20,3,23
BRDA:177,20,4,23
BRDA:177,20,5,23
BRDA:218,21,0,0
BRDA:218,21,1,8
BRDA:219,22,0,4
BRDA:219,22,1,4
BRDA:220,23,0,0
BRDA:220,23,1,4
BRDA:225,24,0,4
BRDA:225,24,1,0
BRDA:250,25,0,2
BRDA:250,25,1,24
BRDA:250,26,0,24
BRDA:250,26,1,22
BRDA:266,27,0,26
BRDA:266,27,1,23
BRDA:269,28,0,115
BRDA:269,28,1,80
BRDA:269,28,2,80
BRDA:270,29,0,82
BRDA:270,29,1,80
BRDA:271,30,0,82
BRDA:271,30,1,10
BRDA:271,30,2,8
BRDA:271,30,3,2
BRDA:290,31,0,8
BRDA:290,31,1,74
BRDA:299,32,0,1
BRDA:299,32,1,25
BRDA:308,33,0,0
BRDA:308,33,1,2
BRDA:314,34,0,0
BRDA:314,34,1,0
BRDA:321,35,0,0
BRDA:321,35,1,0
BRDA:321,36,0,0
BRDA:321,36,1,0
BRDA:330,37,0,0
BRDA:330,37,1,0
BRDA:345,38,0,27
BRDA:345,38,1,1
BRDA:345,39,0,28
BRDA:345,39,1,5
BRDA:353,40,0,1
BRDA:353,40,1,0
BRDA:358,41,0,0
BRDA:358,41,1,0
BRDA:363,42,0,0
BRDA:363,42,1,1
BRDA:375,43,0,5
BRDA:375,43,1,40
BRDA:376,44,0,40
BRDA:376,44,1,0
BRDA:382,45,0,0
BRDA:382,45,1,0
BRDA:385,46,0,0
BRDA:385,46,1,0
BRDA:385,47,0,0
BRDA:385,47,1,0
BRDA:388,48,0,0
BRDA:388,48,1,0
BRDA:397,49,0,5
BRDA:397,49,1,23
BRDA:398,50,0,21
BRDA:398,50,1,2
BRDA:407,51,0,5
BRDA:407,51,1,23
BRDA:408,52,0,12
BRDA:408,52,1,11
BRDA:408,53,0,23
BRDA:408,53,1,19
BRDA:409,54,0,11
BRDA:409,54,1,0
BRDA:419,55,0,43
BRDA:419,55,1,0
BRDA:425,56,0,0
BRDA:425,56,1,0
BRDA:430,57,0,0
BRDA:430,57,1,0
BRDA:438,58,0,5
BRDA:438,58,1,40
BRDA:439,59,0,2
BRDA:439,59,1,38
BRDA:440,60,0,15
BRDA:440,60,1,23
BRDA:441,61,0,23
BRDA:441,61,1,0
BRDA:450,62,0,18
BRDA:450,62,1,14
BRDA:450,63,0,32
BRDA:450,63,1,27
BRDA:450,63,2,15
BRDA:454,64,0,13
BRDA:454,64,1,1
BRDA:454,65,0,14
BRDA:454,65,1,14
BRDA:455,66,0,1
BRDA:455,66,1,0
BRDA:460,67,0,1
BRDA:460,67,1,0
BRDA:475,68,0,5
BRDA:475,68,1,27
BRDA:476,69,0,2
BRDA:476,69,1,25
BRDA:482,70,0,25
BRDA:482,70,1,0
BRDA:485,71,0,0
BRDA:485,71,1,0
BRDA:485,72,0,0
BRDA:485,72,1,0
BRDA:488,73,0,24
BRDA:488,73,1,1
BRDA:499,74,0,5
BRDA:499,74,1,27
BRDA:500,75,0,2
BRDA:500,75,1,25
BRDA:501,76,0,14
BRDA:501,76,1,11
BRDA:504,77,0,10
BRDA:504,77,1,1
BRDA:509,78,0,0
BRDA:509,78,1,1
BRDA:514,79,0,0
BRDA:514,79,1,0
BRDA:518,80,0,1
BRDA:518,80,1,0
BRDA:528,81,0,5
BRDA:528,81,1,27
BRDA:530,82,0,18
BRDA:530,82,1,9
BRDA:531,83,0,1
BRDA:531,83,1,8
BRDA:532,84,0,6
BRDA:532,84,1,2
BRDA:532,85,0,8
BRDA:532,85,1,8
BRDA:553,86,0,18
BRDA:553,86,1,14
BRDA:553,87,0,32
BRDA:553,87,1,27
BRDA:553,87,2,15
BRDA:554,88,0,8
BRDA:554,88,1,6
BRDA:559,89,0,2
BRDA:559,89,1,4
BRDA:559,90,0,6
BRDA:559,90,1,6
BRDA:562,91,0,0
BRDA:562,91,1,4
BRDA:579,92,0,3
BRDA:579,92,1,1
BRDA:588,93,0,0
BRDA:588,93,1,0
BRDA:597,94,0,5
BRDA:597,94,1,1
BRDA:621,95,0,5
BRDA:621,95,1,41
BRDA:622,96,0,0
BRDA:622,96,1,41
BRDA:622,97,0,41
BRDA:622,97,1,14
BRDA:622,97,2,14
BRDA:629,98,0,0
BRDA:629,98,1,30
BRDA:630,99,0,0
BRDA:630,99,1,30
BRDA:630,100,0,30
BRDA:630,100,1,28
BRDA:630,100,2,1
BRDA:649,101,0,0
BRDA:649,101,1,0
BRDA:654,102,0,0
BRDA:654,102,1,0
BRDA:660,103,0,0
BRDA:660,103,1,0
BRDA:660,104,0,0
BRDA:660,104,1,0
BRDA:673,105,0,0
BRDA:673,105,1,0
BRDA:673,106,0,0
BRDA:673,106,1,0
BRDA:701,107,0,6
BRDA:701,107,1,76
BRDA:702,108,0,1
BRDA:702,108,1,5
BRDA:726,109,0,23
BRDA:726,109,1,53
BRDA:728,110,0,8
BRDA:728,110,1,45
BRDA:730,111,0,0
BRDA:730,111,1,45
BRDA:732,112,0,0
BRDA:732,112,1,45
BRDA:734,113,0,0
BRDA:734,113,1,45
BRDA:736,114,0,9
BRDA:736,114,1,36
BRDA:738,115,0,30
BRDA:738,115,1,6
BRDA:740,116,0,3
BRDA:740,116,1,3
BRDA:742,117,0,2
BRDA:742,117,1,1
BRDA:744,118,0,0
BRDA:744,118,1,1
BRDA:769,119,0,8
BRDA:769,119,1,68
BRDA:781,120,0,0
BRDA:781,120,1,8
BRDA:796,121,0,68
BRDA:796,121,1,0
BRDA:813,122,0,8
BRDA:813,122,1,68
BRDA:828,123,0,340
BRDA:828,123,1,272
BRDA:828,123,2,204
BRDA:833,124,0,62
BRDA:833,124,1,142
BRDA:848,125,0,82
BRDA:848,125,1,8
BRDA:848,125,2,4
BRDA:863,126,0,4
BRDA:863,126,1,0
BRDA:880,127,0,0
BRDA:880,127,1,4
BRDA:895,128,0,82
BRDA:895,128,1,68
BRDA:895,128,2,45
BRDA:904,129,0,225
BRDA:904,129,1,180
BRDA:909,130,0,5
BRDA:909,130,1,130
BRDA:927,131,0,8
BRDA:927,131,1,68
BRDA:927,132,0,0
BRDA:927,132,1,68
BRDA:929,133,0,8
BRDA:929,133,1,68
BRDA:930,134,0,4
BRDA:930,134,1,4
BRDA:932,135,0,0
BRDA:932,135,1,4
BRDA:934,136,0,2
BRDA:934,136,1,2
BRDA:945,137,0,1
BRDA:945,137,1,1
BRDA:953,138,0,2
BRDA:953,138,1,1
BRDA:954,139,0,1
BRDA:954,139,1,1
BRDA:964,140,0,0
BRDA:964,140,1,68
BRDA:965,141,0,0
BRDA:965,141,1,0
BRDA:967,142,0,0
BRDA:967,142,1,0
BRDA:969,143,0,0
BRDA:969,143,1,0
BRDA:980,144,0,0
BRDA:980,144,1,0
BRDA:988,145,0,0
BRDA:988,145,1,0
BRDA:989,146,0,0
BRDA:989,146,1,0
BRDA:990,147,0,0
BRDA:990,147,1,0
BRDA:1000,148,0,25
BRDA:1000,148,1,43
BRDA:1002,149,0,0
BRDA:1002,149,1,43
BRDA:1004,150,0,43
BRDA:1004,150,1,0
BRDA:1015,151,0,0
BRDA:1015,151,1,0
BRDA:1017,152,0,0
BRDA:1017,152,1,0
BRDA:1020,153,0,0
BRDA:1020,153,1,0
BRDA:1020,154,0,0
BRDA:1020,154,1,0
BRDA:1025,155,0,0
BRDA:1025,155,1,0
BRDA:1026,156,0,0
BRDA:1026,156,1,0
BRDA:1035,157,0,82
BRDA:1035,157,1,68
BRDA:1035,157,2,8
BRDA:1046,158,0,82
BRDA:1046,158,1,0
BRDA:1069,159,0,82
BRDA:1069,159,1,0
BRDA:1115,160,0,0
BRDA:1115,160,1,0
BRDA:1127,161,0,0
BRDA:1127,161,1,0
BRDA:1163,162,0,0
BRDA:1163,162,1,0
BRDA:1178,163,0,0
BRDA:1178,163,1,0
BRDA:1178,163,2,0
BRDA:1186,164,0,0
BRDA:1186,164,1,0
BRDA:1202,165,0,0
BRDA:1202,165,1,0
BRDA:1202,165,2,0
BRDA:1217,166,0,0
BRDA:1217,166,1,0
BRDA:1234,167,0,0
BRDA:1234,167,1,0
BRDA:1249,168,0,0
BRDA:1249,168,1,0
BRDA:1249,168,2,0
BRDA:1258,169,0,0
BRDA:1258,169,1,0
BRDA:1266,170,0,0
BRDA:1266,170,1,0
BRDA:1284,171,0,0
BRDA:1284,171,1,0
BRDA:1284,172,0,0
BRDA:1284,172,1,0
BRDA:1288,173,0,0
BRDA:1288,173,1,0
BRDA:1289,174,0,0
BRDA:1289,174,1,0
BRDA:1291,175,0,0
BRDA:1291,175,1,0
BRDA:1293,176,0,0
BRDA:1293,176,1,0
BRDA:1304,177,0,0
BRDA:1304,177,1,0
BRDA:1312,178,0,0
BRDA:1312,178,1,0
BRDA:1313,179,0,0
BRDA:1313,179,1,0
BRDA:1323,180,0,0
BRDA:1323,180,1,0
BRDA:1324,181,0,0
BRDA:1324,181,1,0
BRDA:1326,182,0,0
BRDA:1326,182,1,0
BRDA:1328,183,0,0
BRDA:1328,183,1,0
BRDA:1339,184,0,0
BRDA:1339,184,1,0
BRDA:1346,185,0,0
BRDA:1346,185,1,0
BRDA:1347,186,0,0
BRDA:1347,186,1,0
BRDA:1357,187,0,0
BRDA:1357,187,1,0
BRDA:1359,188,0,0
BRDA:1359,188,1,0
BRDA:1361,189,0,0
BRDA:1361,189,1,0
BRDA:1372,190,0,0
BRDA:1372,190,1,0
BRDA:1374,191,0,0
BRDA:1374,191,1,0
BRDA:1377,192,0,0
BRDA:1377,192,1,0
BRDA:1377,193,0,0
BRDA:1377,193,1,0
BRDA:1381,194,0,0
BRDA:1381,194,1,0
BRDA:1382,195,0,0
BRDA:1382,195,1,0
BRDA:1392,196,0,0
BRDA:1392,196,1,0
BRDA:1392,196,2,0
BRDA:1403,197,0,0
BRDA:1403,197,1,0
BRDA:1444,198,0,82
BRDA:1444,198,1,45
BRDA:1453,199,0,0
BRDA:1453,199,1,0
BRDA:1459,200,0,8
BRDA:1459,200,1,68
BRDA:1462,201,0,8
BRDA:1462,201,1,68
BRDA:1469,202,0,23
BRDA:1469,202,1,53
BRDA:1471,203,0,8
BRDA:1471,203,1,45
BRDA:1478,204,0,0
BRDA:1478,204,1,45
BRDA:1480,205,0,0
BRDA:1480,205,1,45
BRDA:1482,206,0,0
BRDA:1482,206,1,45
BRDA:1486,207,0,45
BRDA:1486,207,1,30
BRDA:1487,208,0,45
BRDA:1487,208,1,3
BRDA:1492,209,0,45
BRDA:1492,209,1,2
BRDA:1497,210,0,45
BRDA:1497,210,1,0
BRDA:1499,211,0,0
BRDA:1499,211,1,0
BRDA:1523,212,0,380
BRDA:1523,212,1,304
BRDA:1523,212,2,152
BRDA:1531,213,0,67
BRDA:1531,213,1,313
BRDA:1532,214,0,62
BRDA:1532,214,1,318
BRDA:1533,215,0,67
BRDA:1533,215,1,313
BRF:452
BRH:248
end_of_record
TN:
SF:src/api/architecture.ts
FN:7,getArchitecture
FN:17,getDiagramCollection
FNF:2
FNH:2
FNDA:2,getArchitecture
FNDA:1,getDiagramCollection
DA:5,2
DA:11,2
DA:21,1
LF:3
LH:3
BRF:0
BRH:0
end_of_record
TN:
SF:src/api/auth.ts
FN:27,(anonymous_0)
FN:44,readJsonBody
FN:45,(anonymous_2)
FN:48,resolveErrorMessage
FN:57,normalizeNetworkError
FN:64,classifyPasswordResetField
FN:78,getToken
FN:97,register
FN:122,login
FN:148,requestPasswordReset
FN:183,validateResetToken
FN:220,confirmPasswordReset
FNF:12
FNH:10
FNDA:1,(anonymous_0)
FNDA:6,readJsonBody
FNDA:0,(anonymous_2)
FNDA:6,resolveErrorMessage
FNDA:0,normalizeNetworkError
FNDA:1,classifyPasswordResetField
FNDA:2,getToken
FNDA:2,register
FNDA:2,login
FNDA:2,requestPasswordReset
FNDA:1,validateResetToken
FNDA:3,confirmPasswordReset
DA:5,1
DA:6,1
DA:32,1
DA:33,1
DA:34,1
DA:35,1
DA:45,6
DA:52,6
DA:53,6
DA:54,6
DA:58,0
DA:59,0
DA:61,0
DA:68,1
DA:69,1
DA:71,0
DA:72,0
DA:74,0
DA:80,2
DA:81,2
DA:87,0
DA:89,2
DA:90,1
DA:92,1
DA:93,1
DA:103,2
DA:104,2
DA:110,0
DA:112,2
DA:113,1
DA:114,1
DA:118,1
DA:127,2
DA:128,2
DA:134,0
DA:136,2
DA:137,1
DA:138,1
DA:142,1
DA:152,2
DA:153,2
DA:159,0
DA:165,2
DA:166,1
DA:167,1
DA:172,1
DA:173,0
DA:174,0
DA:177,1
DA:187,1
DA:188,1
DA:192,0
DA:198,1
DA:199,1
DA:200,1
DA:209,0
DA:210,0
DA:211,0
DA:214,0
DA:226,3
DA:227,3
DA:233,0
DA:239,3
DA:240,1
DA:241,1
DA:249,2
DA:250,1
DA:252,1
DA:253,1
DA:254,1
DA:261,1
DA:262,0
DA:263,0
DA:266,1
LF:74
LH:54
BRDA:29,0,0,1
BRDA:52,1,0,2
BRDA:52,1,1,4
BRDA:53,2,0,4
BRDA:53,2,1,2
BRDA:54,3,0,6
BRDA:54,3,1,4
BRDA:54,3,2,0
BRDA:58,4,0,0
BRDA:58,4,1,0
BRDA:68,5,0,1
BRDA:68,5,1,0
BRDA:71,6,0,0
BRDA:71,6,1,0
BRDA:74,7,0,0
BRDA:74,7,1,0
BRDA:89,8,0,1
BRDA:89,8,1,1
BRDA:112,9,0,1
BRDA:112,9,1,1
BRDA:136,10,0,1
BRDA:136,10,1,1
BRDA:165,11,0,1
BRDA:165,11,1,1
BRDA:172,12,0,0
BRDA:172,12,1,1
BRDA:198,13,0,1
BRDA:198,13,1,0
BRDA:209,14,0,0
BRDA:209,14,1,0
BRDA:239,15,0,1
BRDA:239,15,1,2
BRDA:249,16,0,1
BRDA:249,16,1,1
BRDA:252,17,0,1
BRDA:252,17,1,0
BRDA:261,18,0,0
BRDA:261,18,1,1
BRF:38
BRH:24
end_of_record
TN:
SF:src/api/chat.ts
FN:7,(anonymous_0)
FN:9,(anonymous_1)
FN:11,(anonymous_2)
FN:14,readSseStream
FN:88,streamChat
FN:121,(anonymous_5)
FN:128,(anonymous_6)
FN:134,getRunStatus
FN:144,(anonymous_8)
FN:151,reattachStream
FN:164,(anonymous_10)
FN:169,(anonymous_11)
FN:175,getPipelineStatus
FN:185,(anonymous_13)
FNF:14
FNH:10
FNDA:4,(anonymous_0)
FNDA:3,(anonymous_1)
FNDA:3,(anonymous_2)
FNDA:9,readSseStream
FNDA:8,streamChat
FNDA:0,(anonymous_5)
FNDA:4,(anonymous_6)
FNDA:4,getRunStatus
FNDA:0,(anonymous_8)
FNDA:3,reattachStream
FNDA:0,(anonymous_10)
FNDA:1,(anonymous_11)
FNDA:3,getPipelineStatus
FNDA:0,(anonymous_13)
DA:6,1
DA:7,1
DA:8,4
DA:9,1
DA:10,3
DA:11,1
DA:12,3
DA:19,9
DA:20,9
DA:22,8
DA:23,8
DA:24,8
DA:26,8
DA:27,8
DA:28,19
DA:29,19
DA:31,11
DA:32,11
DA:33,11
DA:35,19
DA:36,11
DA:37,11
DA:38,11
DA:40,11
DA:44,11
DA:46,11
DA:47,11
DA:48,11
DA:49,10
DA:56,8
DA:57,1
DA:58,1
DA:59,1
DA:62,1
DA:63,1
DA:64,1
DA:65,1
DA:66,1
DA:74,8
DA:77,8
DA:78,4
DA:81,4
DA:97,8
DA:101,8
DA:105,8
DA:109,8
DA:120,8
DA:121,1
DA:122,1
DA:128,7
DA:129,4
DA:130,1
DA:138,4
DA:142,4
DA:143,3
DA:144,1
DA:145,1
DA:148,2
DA:158,3
DA:163,3
DA:164,1
DA:165,1
DA:169,2
DA:170,1
DA:179,3
DA:183,3
DA:184,2
DA:185,1
DA:186,1
DA:189,1
LF:70
LH:70
BRDA:12,0,0,1
BRDA:12,0,1,2
BRDA:20,1,0,1
BRDA:20,1,1,8
BRDA:29,2,0,8
BRDA:29,2,1,11
BRDA:33,3,0,11
BRDA:33,3,1,0
BRDA:37,4,0,0
BRDA:37,4,1,11
BRDA:38,5,0,0
BRDA:38,5,1,11
BRDA:40,6,0,9
BRDA:40,6,1,2
BRDA:44,7,0,0
BRDA:44,7,1,11
BRDA:44,8,0,11
BRDA:44,8,1,11
BRDA:48,9,0,4
BRDA:48,9,1,7
BRDA:56,10,0,1
BRDA:56,10,1,7
BRDA:58,11,0,1
BRDA:58,11,1,0
BRDA:59,12,0,1
BRDA:59,12,1,0
BRDA:62,13,0,1
BRDA:62,13,1,0
BRDA:62,14,0,1
BRDA:62,14,1,1
BRDA:65,15,0,0
BRDA:65,15,1,1
BRDA:77,16,0,4
BRDA:77,16,1,4
BRDA:77,17,0,8
BRDA:77,17,1,4
BRDA:97,18,0,0
BRDA:97,18,1,8
BRDA:101,19,0,8
BRDA:101,19,1,0
BRDA:105,20,0,8
BRDA:105,20,1,0
BRDA:120,21,0,1
BRDA:120,21,1,7
BRDA:129,22,0,3
BRDA:129,22,1,1
BRDA:142,23,0,1
BRDA:142,23,1,3
BRDA:143,24,0,1
BRDA:143,24,1,2
BRDA:163,25,0,1
BRDA:163,25,1,2
BRDA:170,26,0,0
BRDA:170,26,1,1
BRDA:183,27,0,1
BRDA:183,27,1,2
BRDA:184,28,0,1
BRDA:184,28,1,1
BRF:58
BRH:46
end_of_record
TN:
SF:src/api/config.ts
FNF:0
FNH:0
DA:7,15
DA:9,15
DA:12,15
DA:14,15
DA:15,15
DA:16,15
DA:17,15
DA:18,15
DA:19,15
LF:9
LH:9
BRDA:9,0,0,1
BRDA:9,0,1,14
BRDA:12,1,0,1
BRDA:12,1,1,14
BRF:4
BRH:4
end_of_record
TN:
SF:src/api/governance.ts
FN:17,getTradeOffs
FN:27,getAdl
FN:34,getAdlHard
FN:41,getAdlByCategory
FN:52,getWeaknesses
FN:62,getFmea
FN:69,getFmeaRisks
FN:76,getGovernanceReport
FN:86,getTactics
FN:102,getTacticsSummary
FN:112,getBuyVsBuildSummary
FN:126,getBuyVsBuildConflicts
FNF:12
FNH:12
FNDA:2,getTradeOffs
FNDA:1,getAdl
FNDA:1,getAdlHard
FNDA:1,getAdlByCategory
FNDA:1,getWeaknesses
FNDA:1,getFmea
FNDA:1,getFmeaRisks
FNDA:1,getGovernanceReport
FNDA:2,getTactics
FNDA:1,getTacticsSummary
FNDA:2,getBuyVsBuildSummary
FNDA:1,getBuyVsBuildConflicts
DA:15,2
DA:21,2
DA:31,1
DA:38,1
DA:46,1
DA:56,1
DA:66,1
DA:73,1
DA:80,1
DA:91,2
DA:92,2
DA:93,2
DA:94,2
DA:95,2
DA:96,2
DA:106,1
DA:117,2
DA:118,2
DA:119,2
DA:120,2
DA:130,1
LF:21
LH:21
BRDA:92,0,0,1
BRDA:92,0,1,1
BRDA:93,1,0,1
BRDA:93,1,1,1
BRDA:94,2,0,1
BRDA:94,2,1,1
BRDA:95,3,0,1
BRDA:95,3,1,1
BRDA:118,4,0,1
BRDA:118,4,1,1
BRDA:119,5,0,1
BRDA:119,5,1,1
BRF:12
BRH:12
end_of_record
TN:
SF:src/api/http.ts
FN:13,(anonymous_0)
FN:22,statusMessage
FN:40,authFetchJson
FNF:3
FNH:3
FNDA:22,(anonymous_0)
FNDA:13,statusMessage
FNDA:65,authFetchJson
DA:14,22
DA:15,22
DA:16,22
DA:17,22
DA:23,13
DA:24,1
DA:25,2
DA:26,1
DA:27,1
DA:28,1
DA:29,1
DA:30,0
DA:31,1
DA:32,1
DA:33,1
DA:34,1
DA:35,1
DA:36,1
DA:45,65
DA:46,65
DA:51,2
DA:54,63
DA:55,46
DA:59,17
DA:60,2
DA:64,17
DA:65,17
DA:66,65
DA:67,4
DA:73,17
DA:74,65
LF:31
LH:30
BRDA:23,0,0,1
BRDA:23,0,1,2
BRDA:23,0,2,1
BRDA:23,0,3,1
BRDA:23,0,4,1
BRDA:23,0,5,1
BRDA:23,0,6,0
BRDA:23,0,7,1
BRDA:23,0,8,1
BRDA:23,0,9,1
BRDA:23,0,10,1
BRDA:23,0,11,1
BRDA:23,0,12,1
BRDA:54,1,0,46
BRDA:54,1,1,17
BRDA:59,2,0,2
BRDA:59,2,1,15
BRDA:65,3,0,17
BRDA:65,3,1,13
BRDA:66,4,0,4
BRDA:66,4,1,61
BRDA:66,5,0,65
BRDA:66,5,1,17
BRDA:73,6,0,17
BRDA:73,6,1,13
BRDA:73,6,2,13
BRF:26
BRH:25
end_of_record
TN:
SF:src/api/sessions.ts
FN:7,listSessions
FN:11,getSessionMessages
FNF:2
FNH:2
FNDA:2,listSessions
FNDA:2,getSessionMessages
DA:5,1
DA:8,2
DA:15,2
LF:3
LH:3
BRF:0
BRH:0
end_of_record
TN:
SF:src/api/specweaver.ts
FN:124,authPostJson
FN:157,authPatchJson
FN:185,authDelete
FN:203,createSession
FN:210,getSessions
FN:217,getSession
FN:224,updateSessionTitle
FN:235,uploadDocument
FN:267,deleteDocument
FN:278,generatePackage
FN:285,parseArchInputPackage
FN:371,getPackage
FN:382,sendToArchon
FNF:13
FNH:13
FNDA:8,authPostJson
FNDA:2,authPatchJson
FNDA:2,authDelete
FNDA:2,createSession
FNDA:4,getSessions
FNDA:11,getSession
FNDA:2,updateSessionTitle
FNDA:2,uploadDocument
FNDA:2,deleteDocument
FNDA:4,generatePackage
FNDA:4,parseArchInputPackage
FNDA:6,getPackage
FNDA:2,sendToArchon
DA:4,5
DA:130,8
DA:131,8
DA:140,1
DA:143,7
DA:144,7
DA:145,7
DA:149,0
DA:150,0
DA:152,0
DA:154,0
DA:159,2
DA:160,2
DA:169,0
DA:172,2
DA:173,2
DA:177,0
DA:178,0
DA:180,0
DA:182,0
DA:187,2
DA:188,2
DA:193,0
DA:196,2
DA:197,0
DA:204,2
DA:211,4
DA:218,11
DA:229,2
DA:243,2
DA:244,2
DA:245,2
DA:246,2
DA:247,2
DA:250,2
DA:251,2
DA:257,0
DA:260,2
DA:261,0
DA:272,2
DA:282,4
DA:286,4
DA:289,4
DA:290,3
DA:291,3
DA:293,0
DA:296,1
DA:299,4
DA:304,4
DA:309,4
DA:314,4
DA:320,4
DA:375,6
DA:376,4
DA:386,2
LF:55
LH:41
BRDA:137,0,0,6
BRDA:137,0,1,2
BRDA:143,1,0,7
BRDA:143,1,1,0
BRDA:144,2,0,0
BRDA:144,2,1,7
BRDA:154,3,0,0
BRDA:154,3,1,0
BRDA:154,3,2,0
BRDA:172,4,0,2
BRDA:172,4,1,0
BRDA:182,5,0,0
BRDA:182,5,1,0
BRDA:182,5,2,0
BRDA:196,6,0,2
BRDA:196,6,1,0
BRDA:196,7,0,2
BRDA:196,7,1,0
BRDA:244,8,0,1
BRDA:244,8,1,1
BRDA:245,9,0,1
BRDA:245,9,1,1
BRDA:247,10,0,1
BRDA:247,10,1,1
BRDA:260,11,0,2
BRDA:260,11,1,0
BRDA:289,12,0,3
BRDA:289,12,1,1
BRDA:289,13,0,4
BRDA:289,13,1,3
BRDA:299,14,0,4
BRDA:299,14,1,0
BRDA:301,15,0,0
BRDA:301,15,1,0
BRDA:304,16,0,1
BRDA:304,16,1,3
BRDA:306,17,0,0
BRDA:306,17,1,3
BRDA:309,18,0,1
BRDA:309,18,1,3
BRDA:311,19,0,0
BRDA:311,19,1,3
BRDA:314,20,0,1
BRDA:314,20,1,3
BRDA:316,21,0,0
BRDA:316,21,1,3
BRDA:321,22,0,4
BRDA:321,22,1,0
BRDA:321,22,2,0
BRDA:321,22,3,0
BRDA:322,23,0,4
BRDA:322,23,1,0
BRDA:322,23,2,0
BRDA:323,24,0,4
BRDA:323,24,1,3
BRDA:323,24,2,0
BRDA:325,25,0,4
BRDA:325,25,1,0
BRDA:327,26,0,0
BRDA:327,26,1,0
BRDA:329,27,0,4
BRDA:329,27,1,3
BRDA:329,27,2,3
BRDA:332,28,0,4
BRDA:332,28,1,3
BRDA:332,28,2,3
BRDA:338,29,0,4
BRDA:338,29,1,0
BRDA:340,30,0,0
BRDA:340,30,1,0
BRDA:342,31,0,4
BRDA:342,31,1,0
BRDA:344,32,0,0
BRDA:344,32,1,0
BRDA:346,33,0,4
BRDA:346,33,1,0
BRDA:348,34,0,0
BRDA:348,34,1,0
BRDA:350,35,0,1
BRDA:350,35,1,3
BRDA:352,36,0,3
BRDA:352,36,1,3
BRDA:354,37,0,1
BRDA:354,37,1,3
BRDA:356,38,0,0
BRDA:356,38,1,3
BRDA:360,39,0,1
BRDA:360,39,1,3
BRDA:362,40,0,0
BRDA:362,40,1,3
BRF:90
BRH:52
end_of_record
TN:
SF:src/api/workshop.ts
FN:18,authPost
FN:43,createWorkshopSession
FN:51,submitWorkshopTurn
FN:60,getWorkshopSession
FN:68,getWorkshopAttributes
FN:80,getWorkshopScenarios
FN:88,completeWorkshopSession
FN:97,sendWorkshopToPipeline
FN:111,listWorkshopSessions
FN:118,getWorkshopMessages
FN:126,assessGenerationReadiness
FN:137,generateAttributes
FN:151,getUtilityTree
FN:162,getImplications
FNF:14
FNH:14
FNDA:6,authPost
FNDA:2,createWorkshopSession
FNDA:1,submitWorkshopTurn
FNDA:1,getWorkshopSession
FNDA:2,getWorkshopAttributes
FNDA:1,getWorkshopScenarios
FNDA:1,completeWorkshopSession
FNDA:1,sendWorkshopToPipeline
FNDA:1,listWorkshopSessions
FNDA:1,getWorkshopMessages
FNDA:1,assessGenerationReadiness
FNDA:1,generateAttributes
FNDA:1,getUtilityTree
FNDA:1,getImplications
DA:16,2
DA:24,6
DA:33,6
DA:34,5
DA:35,5
DA:38,1
DA:39,1
DA:47,2
DA:56,1
DA:64,1
DA:73,2
DA:76,2
DA:84,1
DA:92,1
DA:101,1
DA:102,1
DA:114,1
DA:122,1
DA:130,1
DA:141,1
DA:155,1
DA:166,1
LF:22
LH:22
BRDA:22,0,0,6
BRDA:31,1,0,3
BRDA:31,1,1,3
BRDA:33,2,0,5
BRDA:33,2,1,1
BRDA:34,3,0,0
BRDA:34,3,1,5
BRDA:73,4,0,1
BRDA:73,4,1,1
BRF:9
BRH:8
end_of_record
TN:
SF:src/components/CopyButton.tsx
FN:18,CopyButton
FN:21,(anonymous_1)
FN:26,(anonymous_2)
FNF:3
FNH:2
FNDA:45,CopyButton
FNDA:2,(anonymous_1)
FNDA:0,(anonymous_2)
DA:19,45
DA:21,45
DA:22,2
DA:23,2
DA:24,2
DA:25,2
DA:26,2
DA:32,45
LF:8
LH:8
BRDA:18,0,0,45
BRDA:18,1,0,45
BRDA:37,2,0,0
BRDA:37,2,1,45
BRDA:38,3,0,0
BRDA:38,3,1,45
BRDA:41,4,0,0
BRDA:41,4,1,45
BRDA:51,5,0,45
BRDA:51,5,1,28
BRDA:52,6,0,0
BRDA:52,6,1,28
BRF:12
BRH:8
end_of_record
TN:
SF:src/components/DiagramErrorBoundary.tsx
FN:19,(anonymous_0)
FN:24,(anonymous_1)
FN:31,(anonymous_2)
FN:41,(anonymous_3)
FNF:4
FNH:4
FNDA:8,(anonymous_0)
FNDA:2,(anonymous_1)
FNDA:2,(anonymous_2)
FNDA:11,(anonymous_3)
DA:20,8
DA:21,8
DA:25,4
DA:32,2
DA:42,11
DA:43,4
DA:72,7
LF:7
LH:7
BRDA:42,0,0,4
BRDA:42,0,1,7
BRDA:59,1,0,4
BRDA:59,1,1,4
BRF:4
BRH:4
end_of_record
TN:
SF:src/components/MarkdownRenderer.tsx
FN:10,(anonymous_0)
FN:17,(anonymous_1)
FN:20,(anonymous_2)
FN:25,(anonymous_3)
FN:28,(anonymous_4)
FN:33,(anonymous_5)
FN:41,(anonymous_6)
FN:49,(anonymous_7)
FN:57,(anonymous_8)
FN:62,(anonymous_9)
FN:67,(anonymous_10)
FN:70,MarkdownRenderer
FNF:12
FNH:12
FNDA:1,(anonymous_0)
FNDA:1,(anonymous_1)
FNDA:2,(anonymous_2)
FNDA:2,(anonymous_3)
FNDA:2,(anonymous_4)
FNDA:1,(anonymous_5)
FNDA:1,(anonymous_6)
FNDA:2,(anonymous_7)
FNDA:1,(anonymous_8)
FNDA:1,(anonymous_9)
FNDA:1,(anonymous_10)
FNDA:16,MarkdownRenderer
DA:9,2
DA:11,1
DA:18,1
DA:21,2
DA:26,2
DA:29,2
DA:34,1
DA:42,1
DA:50,2
DA:58,1
DA:63,1
DA:67,1
DA:71,16
DA:72,2
DA:79,14
LF:15
LH:15
BRDA:71,0,0,2
BRDA:71,0,1,14
BRF:2
BRH:2
end_of_record
TN:
SF:src/components/MermaidDiagram.tsx
FN:15,MermaidDiagram
FN:19,(anonymous_1)
FN:24,(anonymous_2)
FN:39,(anonymous_3)
FNF:4
FNH:4
FNDA:5,MermaidDiagram
FNDA:4,(anonymous_1)
FNDA:2,(anonymous_2)
FNDA:2,(anonymous_3)
DA:4,1
DA:16,5
DA:17,5
DA:19,5
DA:20,4
DA:22,2
DA:24,2
DA:25,2
DA:26,2
DA:27,2
DA:28,1
DA:29,1
DA:30,1
DA:33,1
DA:34,1
DA:39,2
DA:40,2
DA:44,5
DA:45,2
DA:52,3
DA:53,1
DA:65,2
LF:22
LH:22
BRDA:15,0,0,5
BRDA:20,1,0,2
BRDA:20,1,1,2
BRDA:20,2,0,4
BRDA:20,2,1,2
BRDA:28,3,0,1
BRDA:28,3,1,0
BRDA:28,4,0,1
BRDA:28,4,1,1
BRDA:33,5,0,1
BRDA:33,5,1,0
BRDA:34,6,0,1
BRDA:34,6,1,0
BRDA:44,7,0,2
BRDA:44,7,1,3
BRDA:52,8,0,1
BRDA:52,8,1,2
BRF:17
BRH:14
end_of_record
TN:
SF:src/components/PillarBadge.tsx
FN:20,PillarBadge
FNF:1
FNH:1
FNDA:94,PillarBadge
DA:9,9
DA:21,94
LF:2
LH:2
BRDA:20,0,0,94
BRDA:20,1,0,94
BRDA:23,2,0,29
BRDA:23,2,1,65
BRDA:24,3,0,94
BRDA:24,3,1,89
BRF:6
BRH:6
end_of_record
TN:
SF:src/components/PillarIcon.tsx
FN:62,PillarIcon
FNF:1
FNH:1
FNDA:500,PillarIcon
DA:12,12
DA:19,12
DA:28,12
DA:36,12
DA:45,12
DA:51,12
DA:63,500
LF:7
LH:7
BRDA:62,0,0,500
BRDA:62,1,0,500
BRF:2
BRH:2
end_of_record
TN:
SF:src/components/PillarNav.tsx
FN:50,isPillarActive
FN:57,PillarItem
FN:99,PillarNav
FN:112,(anonymous_3)
FNF:4
FNH:4
FNDA:320,isPillarActive
FNDA:320,PillarItem
FNDA:80,PillarNav
FNDA:320,(anonymous_3)
DA:15,2
DA:51,320
DA:54,320
DA:58,320
DA:59,320
DA:60,320
DA:63,320
DA:68,320
DA:81,320
DA:100,80
DA:113,320
LF:11
LH:11
BRDA:51,0,0,80
BRDA:51,0,1,240
BRDA:52,1,0,80
BRDA:52,1,1,61
BRDA:64,2,0,55
BRDA:64,2,1,265
BRDA:65,3,0,0
BRDA:65,3,1,320
BRDA:70,4,0,55
BRDA:70,4,1,265
BRDA:74,5,0,0
BRDA:74,5,1,320
BRDA:75,6,0,0
BRDA:75,6,1,320
BRDA:84,7,0,55
BRDA:84,7,1,265
BRDA:99,8,0,80
BRDA:102,9,0,0
BRDA:102,9,1,80
BRF:19
BRH:15
end_of_record
TN:
SF:src/components/SeverityGrid.tsx
FN:7,rpnColor
FN:14,SeverityGrid
FN:24,(anonymous_2)
FN:25,(anonymous_3)
FN:41,(anonymous_4)
FN:49,(anonymous_5)
FN:52,(anonymous_6)
FN:55,(anonymous_7)
FN:62,(anonymous_8)
FN:65,(anonymous_9)
FN:93,(anonymous_10)
FN:94,(anonymous_11)
FNF:12
FNH:12
FNDA:20,rpnColor
FNDA:5,SeverityGrid
FNDA:20,(anonymous_2)
FNDA:100,(anonymous_3)
FNDA:20,(anonymous_4)
FNDA:20,(anonymous_5)
FNDA:100,(anonymous_6)
FNDA:10,(anonymous_7)
FNDA:10,(anonymous_8)
FNDA:10,(anonymous_9)
FNDA:8,(anonymous_10)
FNDA:10,(anonymous_11)
DA:8,20
DA:9,18
DA:10,18
DA:11,12
DA:15,5
DA:16,1
DA:24,4
DA:25,100
DA:28,4
DA:29,10
DA:30,10
DA:31,10
DA:34,4
DA:42,20
DA:50,20
DA:53,100
DA:54,100
DA:55,10
DA:57,100
DA:62,10
DA:65,10
DA:93,8
DA:95,10
LF:23
LH:23
BRDA:8,0,0,2
BRDA:8,0,1,18
BRDA:9,1,0,0
BRDA:9,1,1,18
BRDA:10,2,0,6
BRDA:10,2,1,12
BRDA:15,3,0,1
BRDA:15,3,1,4
BRDA:54,4,0,10
BRDA:54,4,1,90
BRDA:60,5,0,10
BRDA:60,5,1,90
BRDA:64,6,0,100
BRDA:64,6,1,10
BRF:14
BRH:13
end_of_record
TN:
SF:src/components/StageProgress.tsx
FN:21,StatusIcon
FN:66,statusSymbol
FN:83,rowTextColor
FN:98,StageProgress
FN:99,(anonymous_4)
FN:103,(anonymous_5)
FNF:6
FNH:6
FNDA:84,StatusIcon
FNDA:84,statusSymbol
FNDA:84,rowTextColor
FNDA:6,StageProgress
FNDA:84,(anonymous_4)
FNDA:84,(anonymous_5)
DA:4,1
DA:22,84
DA:23,84
DA:25,1
DA:31,0
DA:39,1
DA:46,1
DA:52,0
DA:58,81
DA:67,84
DA:69,1
DA:71,0
DA:73,1
DA:75,1
DA:77,0
DA:79,81
DA:84,84
DA:85,1
DA:86,0
DA:87,1
DA:88,1
DA:89,0
DA:90,81
DA:99,84
DA:101,6
DA:104,84
DA:105,84
DA:106,84
LF:28
LH:22
BRDA:23,0,0,1
BRDA:23,0,1,0
BRDA:23,0,2,1
BRDA:23,0,3,1
BRDA:23,0,4,0
BRDA:23,0,5,81
BRDA:67,1,0,1
BRDA:67,1,1,0
BRDA:67,1,2,1
BRDA:67,1,3,1
BRDA:67,1,4,0
BRDA:67,1,5,81
BRDA:84,2,0,1
BRDA:84,2,1,0
BRDA:84,2,2,1
BRDA:84,2,3,1
BRDA:84,2,4,0
BRDA:84,2,5,81
BRDA:105,3,0,84
BRDA:105,3,1,0
BRDA:109,4,0,1
BRDA:109,4,1,83
BRDA:115,5,0,84
BRDA:115,5,1,0
BRF:24
BRH:16
end_of_record
TN:
SF:src/components/StructuredData.tsx
FN:6,formatValue
FN:12,StructuredDataCard
FN:50,(anonymous_2)
FN:66,downloadMarkdown
FN:86,MarkdownExportActions
FN:114,(anonymous_5)
FN:134,(anonymous_6)
FN:145,StructuredExportBar
FNF:8
FNH:8
FNDA:10,formatValue
FNDA:7,StructuredDataCard
FNDA:10,(anonymous_2)
FNDA:3,downloadMarkdown
FNDA:13,MarkdownExportActions
FNDA:1,(anonymous_5)
FNDA:1,(anonymous_6)
FNDA:15,StructuredExportBar
DA:7,10
DA:8,9
DA:9,7
DA:27,7
DA:51,10
DA:67,3
DA:68,3
DA:69,3
DA:70,3
DA:71,3
DA:72,3
DA:73,3
DA:77,5
DA:83,5
DA:103,13
DA:106,12
DA:108,12
DA:109,2
DA:114,1
DA:125,10
DA:134,1
DA:152,15
LF:22
LH:22
BRDA:7,0,0,1
BRDA:7,0,1,9
BRDA:7,1,0,10
BRDA:7,1,1,9
BRDA:8,2,0,2
BRDA:8,2,1,7
BRDA:8,3,0,1
BRDA:8,3,1,1
BRDA:17,4,0,7
BRDA:37,5,0,7
BRDA:37,5,1,4
BRDA:39,6,0,7
BRDA:39,6,1,3
BRDA:56,7,0,10
BRDA:56,7,1,1
BRDA:89,8,0,13
BRDA:90,9,0,13
BRDA:91,10,0,13
BRDA:103,11,0,1
BRDA:103,11,1,12
BRDA:108,12,0,2
BRDA:108,12,1,10
BRDA:129,13,0,10
BRDA:129,13,1,10
BRF:24
BRH:24
end_of_record
TN:
SF:src/components/Toast.tsx
FN:36,(anonymous_0)
FN:50,emitToast
FN:58,nextId
FN:62,ToastProvider
FN:66,(anonymous_4)
FN:67,(anonymous_5)
FN:67,(anonymous_6)
FN:75,(anonymous_7)
FN:79,(anonymous_8)
FN:84,(anonymous_9)
FN:91,(anonymous_10)
FN:92,(anonymous_11)
FN:97,(anonymous_12)
FN:110,useToast
FN:157,ToastContainer
FN:166,(anonymous_15)
FN:178,(anonymous_16)
FNF:17
FNH:16
FNDA:0,(anonymous_0)
FNDA:1,emitToast
FNDA:12,nextId
FNDA:104,ToastProvider
FNDA:2,(anonymous_4)
FNDA:2,(anonymous_5)
FNDA:2,(anonymous_6)
FNDA:12,(anonymous_7)
FNDA:12,(anonymous_8)
FNDA:1,(anonymous_9)
FNDA:36,(anonymous_10)
FNDA:2,(anonymous_11)
FNDA:36,(anonymous_12)
FNDA:20,useToast
FNDA:104,ToastContainer
FNDA:21,(anonymous_15)
FNDA:1,(anonymous_16)
DA:27,2
DA:35,2
DA:36,0
DA:51,1
DA:52,1
DA:57,2
DA:59,12
DA:63,104
DA:64,104
DA:66,104
DA:67,2
DA:68,2
DA:69,2
DA:70,2
DA:71,2
DA:75,104
DA:77,12
DA:78,12
DA:79,12
DA:81,12
DA:82,12
DA:84,12
DA:85,12
DA:91,104
DA:92,36
DA:93,2
DA:94,2
DA:96,36
DA:97,36
DA:100,104
DA:111,20
DA:121,2
DA:145,2
DA:151,2
DA:158,104
DA:160,12
DA:167,21
DA:178,1
LF:38
LH:37
BRDA:50,0,0,1
BRDA:69,1,0,2
BRDA:69,1,1,0
BRDA:76,2,0,12
BRDA:78,3,0,12
BRDA:78,3,1,11
BRDA:81,4,0,1
BRDA:81,4,1,11
BRDA:94,5,0,1
BRDA:94,5,1,1
BRDA:158,6,0,92
BRDA:158,6,1,12
BRF:12
BRH:11
end_of_record
TN:
SF:src/components/specweaver/ConflictsPanel.tsx
FN:11,ConflictsPanel
FN:20,(anonymous_1)
FN:21,(anonymous_2)
FN:30,(anonymous_3)
FN:35,(anonymous_4)
FN:47,(anonymous_5)
FNF:6
FNH:6
FNDA:5,ConflictsPanel
FNDA:4,(anonymous_1)
FNDA:8,(anonymous_2)
FNDA:4,(anonymous_3)
FNDA:8,(anonymous_4)
FNDA:8,(anonymous_5)
DA:12,5
DA:13,1
DA:20,4
DA:21,8
DA:23,4
DA:31,4
DA:36,8
DA:48,8
LF:8
LH:8
BRDA:12,0,0,1
BRDA:12,0,1,4
BRDA:43,1,0,4
BRDA:43,1,1,4
BRF:4
BRH:4
end_of_record
TN:
SF:src/components/specweaver/GapsPanel.tsx
FN:35,GapsPanel
FN:44,(anonymous_1)
FN:55,(anonymous_2)
FNF:3
FNH:3
FNDA:5,GapsPanel
FNDA:24,(anonymous_1)
FNDA:16,(anonymous_2)
DA:7,2
DA:30,2
DA:36,5
DA:37,1
DA:44,4
DA:45,24
DA:48,4
DA:56,16
DA:57,16
LF:9
LH:9
BRDA:36,0,0,1
BRDA:36,0,1,4
BRF:2
BRH:2
end_of_record
TN:
SF:src/components/specweaver/ReadinessScore.tsx
FN:15,ReadinessScore
FNF:1
FNH:1
FNDA:12,ReadinessScore
DA:25,12
DA:26,12
DA:28,12
DA:33,12
LF:4
LH:4
BRDA:26,0,0,12
BRDA:26,0,1,12
BRDA:28,1,0,1
BRDA:28,1,1,11
BRDA:29,2,0,4
BRDA:29,2,1,7
BRDA:30,3,0,1
BRDA:30,3,1,6
BRDA:58,4,0,12
BRDA:58,4,1,8
BRDA:60,5,0,1
BRDA:60,5,1,7
BRDA:63,6,0,12
BRDA:63,6,1,6
BRDA:65,7,0,0
BRDA:65,7,1,6
BRDA:68,8,0,12
BRDA:68,8,1,7
BRDA:70,9,0,0
BRDA:70,9,1,7
BRDA:73,10,0,12
BRDA:73,10,1,6
BRF:22
BRH:20
end_of_record
TN:
SF:src/hooks/useArchitecture.ts
FN:6,useArchitecture
FN:7,(anonymous_1)
FN:8,(anonymous_2)
FN:16,(anonymous_3)
FN:30,(anonymous_4)
FNF:5
FNH:5
FNDA:13,useArchitecture
FNDA:38,(anonymous_1)
FNDA:38,(anonymous_2)
FNDA:7,(anonymous_3)
FNDA:6,(anonymous_4)
DA:7,38
DA:8,38
DA:10,13
DA:13,13
DA:14,13
DA:16,13
DA:17,7
DA:18,4
DA:19,4
DA:20,4
DA:21,4
DA:22,3
DA:24,1
DA:26,4
DA:30,13
DA:31,6
DA:34,13
LF:17
LH:17
BRDA:17,0,0,3
BRDA:17,0,1,4
BRDA:17,1,0,7
BRDA:17,1,1,5
BRDA:24,2,0,1
BRDA:24,2,1,0
BRF:6
BRH:5
end_of_record
TN:
SF:src/hooks/useAuth.ts
FN:9,useAuth
FN:10,(anonymous_1)
FN:11,(anonymous_2)
FN:12,(anonymous_3)
FN:13,(anonymous_4)
FNF:5
FNH:5
FNDA:79,useAuth
FNDA:240,(anonymous_1)
FNDA:240,(anonymous_2)
FNDA:240,(anonymous_3)
FNDA:240,(anonymous_4)
DA:10,240
DA:11,240
DA:12,240
DA:13,240
DA:15,79
LF:5
LH:5
BRF:0
BRH:0
end_of_record
TN:
SF:src/hooks/useBuyVsBuild.ts
FN:10,useBuyVsBuild
FN:11,(anonymous_1)
FN:12,(anonymous_2)
FN:13,(anonymous_3)
FN:19,(anonymous_4)
FN:21,(anonymous_5)
FN:39,(anonymous_6)
FN:41,(anonymous_7)
FN:42,(anonymous_8)
FNF:9
FNH:9
FNDA:18,useBuyVsBuild
FNDA:54,(anonymous_1)
FNDA:54,(anonymous_2)
FNDA:54,(anonymous_3)
FNDA:2,(anonymous_4)
FNDA:9,(anonymous_5)
FNDA:8,(anonymous_6)
FNDA:1,(anonymous_7)
FNDA:1,(anonymous_8)
DA:11,54
DA:12,54
DA:13,54
DA:15,18
DA:16,18
DA:17,18
DA:19,18
DA:21,18
DA:22,9
DA:23,7
DA:24,7
DA:25,7
DA:26,7
DA:27,5
DA:29,2
DA:30,1
DA:32,1
DA:35,7
DA:39,18
DA:40,8
DA:41,1
DA:42,1
DA:44,7
DA:47,18
LF:24
LH:24
BRDA:19,0,0,2
BRDA:19,0,1,1
BRDA:22,1,0,2
BRDA:22,1,1,7
BRDA:22,2,0,9
BRDA:22,2,1,8
BRDA:29,3,0,1
BRDA:29,3,1,1
BRDA:32,4,0,1
BRDA:32,4,1,0
BRDA:40,5,0,1
BRDA:40,5,1,7
BRF:12
BRH:11
end_of_record
TN:
SF:src/hooks/useConversation.ts
FN:8,useConversation
FN:9,(anonymous_1)
FN:10,(anonymous_2)
FN:11,(anonymous_3)
FN:12,(anonymous_4)
FN:13,(anonymous_5)
FN:14,(anonymous_6)
FN:15,(anonymous_7)
FN:19,(anonymous_8)
FNF:9
FNH:8
FNDA:4,useConversation
FNDA:12,(anonymous_1)
FNDA:12,(anonymous_2)
FNDA:12,(anonymous_3)
FNDA:12,(anonymous_4)
FNDA:12,(anonymous_5)
FNDA:12,(anonymous_6)
FNDA:12,(anonymous_7)
FNDA:0,(anonymous_8)
DA:9,12
DA:10,12
DA:11,12
DA:12,12
DA:13,12
DA:14,12
DA:15,12
DA:16,4
DA:18,4
DA:20,0
DA:25,4
LF:11
LH:10
BRF:0
BRH:0
end_of_record
TN:
SF:src/hooks/useDiagrams.ts
FN:6,useDiagrams
FN:7,(anonymous_1)
FN:8,(anonymous_2)
FN:14,(anonymous_3)
FN:28,(anonymous_4)
FNF:5
FNH:5
FNDA:13,useDiagrams
FNDA:38,(anonymous_1)
FNDA:38,(anonymous_2)
FNDA:7,(anonymous_3)
FNDA:6,(anonymous_4)
DA:7,38
DA:8,38
DA:10,13
DA:11,13
DA:12,13
DA:14,13
DA:15,7
DA:16,4
DA:17,4
DA:18,4
DA:19,4
DA:20,3
DA:22,1
DA:24,4
DA:28,13
DA:29,6
DA:32,13
LF:17
LH:17
BRDA:15,0,0,3
BRDA:15,0,1,4
BRDA:15,1,0,7
BRDA:15,1,1,5
BRDA:22,2,0,1
BRDA:22,2,1,0
BRF:6
BRH:5
end_of_record
TN:
SF:src/hooks/useGovernance.ts
FN:22,useGovernance
FN:23,(anonymous_1)
FN:24,(anonymous_2)
FN:25,(anonymous_3)
FN:35,(anonymous_4)
FN:38,(anonymous_5)
FN:49,(anonymous_6)
FN:77,(anonymous_7)
FN:79,(anonymous_8)
FN:80,(anonymous_9)
FNF:10
FNH:10
FNDA:9,useGovernance
FNDA:27,(anonymous_1)
FNDA:27,(anonymous_2)
FNDA:27,(anonymous_3)
FNDA:1,(anonymous_4)
FNDA:5,(anonymous_5)
FNDA:1,(anonymous_6)
FNDA:5,(anonymous_7)
FNDA:1,(anonymous_8)
FNDA:1,(anonymous_9)
DA:23,27
DA:24,27
DA:25,27
DA:27,9
DA:28,9
DA:29,9
DA:30,9
DA:31,9
DA:32,9
DA:33,9
DA:35,9
DA:36,1
DA:38,9
DA:39,5
DA:40,3
DA:41,3
DA:42,3
DA:43,3
DA:49,3
DA:51,3
DA:52,1
DA:54,2
DA:55,0
DA:57,2
DA:58,0
DA:60,2
DA:61,0
DA:63,2
DA:64,0
DA:65,2
DA:66,0
DA:68,2
DA:71,1
DA:73,3
DA:77,9
DA:78,5
DA:79,1
DA:80,1
DA:82,4
DA:85,9
LF:40
LH:35
BRDA:36,0,0,1
BRDA:36,0,1,0
BRDA:39,1,0,2
BRDA:39,1,1,3
BRDA:39,2,0,5
BRDA:39,2,1,4
BRDA:51,3,0,2
BRDA:51,3,1,1
BRDA:52,4,0,1
BRDA:52,4,1,0
BRDA:54,5,0,2
BRDA:54,5,1,0
BRDA:55,6,0,0
BRDA:55,6,1,0
BRDA:57,7,0,2
BRDA:57,7,1,0
BRDA:58,8,0,0
BRDA:58,8,1,0
BRDA:60,9,0,2
BRDA:60,9,1,0
BRDA:61,10,0,0
BRDA:61,10,1,0
BRDA:63,11,0,0
BRDA:63,11,1,2
BRDA:63,12,0,2
BRDA:63,12,1,0
BRDA:65,13,0,0
BRDA:65,13,1,2
BRDA:71,14,0,1
BRDA:71,14,1,0
BRDA:78,15,0,1
BRDA:78,15,1,4
BRF:32
BRH:17
end_of_record
TN:
SF:src/hooks/useSSEStream.ts
FN:9,useSSEStream
FN:11,(anonymous_1)
FN:12,(anonymous_2)
FN:13,(anonymous_3)
FN:14,(anonymous_4)
FN:15,(anonymous_5)
FN:16,(anonymous_6)
FN:17,(anonymous_7)
FN:18,(anonymous_8)
FN:19,(anonymous_9)
FN:20,(anonymous_10)
FN:23,(anonymous_11)
FN:43,(anonymous_12)
FN:133,(anonymous_13)
FN:155,(anonymous_14)
FNF:15
FNH:15
FNDA:17,useSSEStream
FNDA:90,(anonymous_1)
FNDA:90,(anonymous_2)
FNDA:90,(anonymous_3)
FNDA:90,(anonymous_4)
FNDA:90,(anonymous_5)
FNDA:90,(anonymous_6)
FNDA:90,(anonymous_7)
FNDA:90,(anonymous_8)
FNDA:90,(anonymous_9)
FNDA:90,(anonymous_10)
FNDA:8,(anonymous_11)
FNDA:8,(anonymous_12)
FNDA:3,(anonymous_13)
FNDA:1,(anonymous_14)
DA:10,17
DA:11,90
DA:12,90
DA:13,90
DA:14,90
DA:15,90
DA:16,90
DA:17,90
DA:18,90
DA:19,90
DA:20,90
DA:22,17
DA:24,8
DA:25,1
DA:26,1
DA:28,7
DA:29,7
DA:30,0
DA:34,0
DA:36,7
DA:37,7
DA:39,7
DA:40,8
DA:41,8
DA:43,8
DA:44,8
DA:45,5
DA:46,5
DA:47,5
DA:49,2
DA:50,2
DA:57,8
DA:58,8
DA:65,2
DA:67,0
DA:72,8
DA:73,1
DA:76,6
DA:77,6
DA:79,6
DA:80,6
DA:89,4
DA:90,4
DA:94,4
DA:99,1
DA:100,1
DA:101,1
DA:102,1
DA:106,3
DA:110,3
DA:111,1
DA:112,1
DA:113,1
DA:114,1
DA:127,6
DA:133,17
DA:134,3
DA:135,1
DA:136,1
DA:138,2
DA:139,2
DA:141,2
DA:142,2
DA:144,2
DA:146,2
DA:147,2
DA:149,1
DA:150,1
DA:155,17
DA:156,1
DA:157,1
DA:160,17
LF:72
LH:69
BRDA:24,0,0,1
BRDA:24,0,1,7
BRDA:29,1,0,0
BRDA:29,1,1,7
BRDA:44,2,0,3
BRDA:44,2,1,5
BRDA:47,3,0,3
BRDA:47,3,1,2
BRDA:47,4,0,5
BRDA:47,4,1,2
BRDA:53,5,0,2
BRDA:53,5,1,0
BRDA:72,6,0,1
BRDA:72,6,1,7
BRDA:83,7,0,6
BRDA:83,7,1,3
BRDA:89,8,0,4
BRDA:89,8,1,0
BRDA:90,9,0,4
BRDA:90,9,1,0
BRDA:94,10,0,1
BRDA:94,10,1,3
BRDA:95,11,0,4
BRDA:95,11,1,3
BRDA:95,11,2,3
BRDA:100,12,0,1
BRDA:100,12,1,0
BRDA:110,13,0,1
BRDA:110,13,1,2
BRDA:113,14,0,1
BRDA:113,14,1,0
BRDA:113,15,0,1
BRDA:113,15,1,1
BRDA:117,16,0,1
BRDA:117,16,1,0
BRDA:134,17,0,1
BRDA:134,17,1,2
BRDA:134,18,0,3
BRDA:134,18,1,2
BRDA:147,19,0,2
BRDA:147,19,1,1
BRDA:149,20,0,1
BRDA:149,20,1,0
BRDA:150,21,0,1
BRDA:150,21,1,0
BRF:45
BRH:36
end_of_record
TN:
SF:src/hooks/useTactics.ts
FN:19,useTactics
FN:20,(anonymous_1)
FN:21,(anonymous_2)
FN:22,(anonymous_3)
FN:29,(anonymous_4)
FN:32,(anonymous_5)
FN:55,(anonymous_6)
FN:60,(anonymous_7)
FN:61,(anonymous_8)
FNF:9
FNH:9
FNDA:15,useTactics
FNDA:45,(anonymous_1)
FNDA:45,(anonymous_2)
FNDA:45,(anonymous_3)
FNDA:1,(anonymous_4)
FNDA:8,(anonymous_5)
FNDA:7,(anonymous_6)
FNDA:1,(anonymous_7)
FNDA:1,(anonymous_8)
DA:20,45
DA:21,45
DA:22,45
DA:24,15
DA:25,15
DA:26,15
DA:27,15
DA:29,15
DA:30,1
DA:32,15
DA:33,8
DA:34,6
DA:35,6
DA:36,6
DA:37,6
DA:42,6
DA:43,1
DA:45,5
DA:46,0
DA:48,1
DA:50,6
DA:55,15
DA:59,7
DA:60,1
DA:61,1
DA:63,6
DA:66,15
LF:27
LH:26
BRDA:30,0,0,1
BRDA:30,0,1,0
BRDA:33,1,0,2
BRDA:33,1,1,6
BRDA:33,2,0,8
BRDA:33,2,1,7
BRDA:42,3,0,5
BRDA:42,3,1,1
BRDA:43,4,0,1
BRDA:43,4,1,0
BRDA:45,5,0,5
BRDA:45,5,1,0
BRDA:46,6,0,0
BRDA:46,6,1,0
BRDA:48,7,0,1
BRDA:48,7,1,0
BRDA:59,8,0,1
BRDA:59,8,1,6
BRF:18
BRH:12
end_of_record
TN:
SF:src/store/useSpecWeaverStore.ts
FN:36,initialGenerationStages
FN:37,(anonymous_1)
FN:43,advanceGenerationStage
FN:46,(anonymous_3)
FN:54,(anonymous_4)
FN:65,completeGenerationStages
FN:68,(anonymous_6)
FN:71,markRunningStageError
FN:74,(anonymous_8)
FN:76,(anonymous_9)
FN:82,(anonymous_10)
FN:121,messageFromError
FN:125,waitForNextPoll
FN:126,(anonymous_13)
FN:131,sessionHasGeneratedPackage
FN:135,(anonymous_15)
FN:144,(anonymous_16)
FN:154,(anonymous_17)
FN:181,(anonymous_18)
FN:185,(anonymous_19)
FN:197,(anonymous_20)
FN:201,(anonymous_21)
FN:210,(anonymous_22)
FN:224,(anonymous_23)
FN:237,(anonymous_24)
FN:250,(anonymous_25)
FN:260,(anonymous_26)
FN:261,(anonymous_27)
FN:289,(anonymous_28)
FN:311,(anonymous_29)
FN:318,(anonymous_30)
FN:331,(anonymous_31)
FN:349,(anonymous_32)
FNF:33
FNH:31
FNDA:3,initialGenerationStages
FNDA:9,(anonymous_1)
FNDA:2,advanceGenerationStage
FNDA:3,(anonymous_3)
FNDA:6,(anonymous_4)
FNDA:2,completeGenerationStages
FNDA:6,(anonymous_6)
FNDA:1,markRunningStageError
FNDA:1,(anonymous_8)
FNDA:3,(anonymous_9)
FNDA:0,(anonymous_10)
FNDA:2,messageFromError
FNDA:2,waitForNextPoll
FNDA:2,(anonymous_13)
FNDA:2,sessionHasGeneratedPackage
FNDA:5,(anonymous_15)
FNDA:5,(anonymous_16)
FNDA:1,(anonymous_17)
FNDA:1,(anonymous_18)
FNDA:1,(anonymous_19)
FNDA:1,(anonymous_20)
FNDA:1,(anonymous_21)
FNDA:1,(anonymous_22)
FNDA:1,(anonymous_23)
FNDA:1,(anonymous_24)
FNDA:3,(anonymous_25)
FNDA:2,(anonymous_26)
FNDA:1,(anonymous_27)
FNDA:2,(anonymous_28)
FNDA:2,(anonymous_29)
FNDA:1,(anonymous_30)
FNDA:1,(anonymous_31)
FNDA:0,(anonymous_32)
DA:17,5
DA:20,5
DA:22,5
DA:37,9
DA:46,3
DA:47,2
DA:48,0
DA:50,2
DA:51,0
DA:54,2
DA:55,6
DA:56,2
DA:58,4
DA:59,2
DA:61,2
DA:68,6
DA:74,1
DA:75,1
DA:76,1
DA:77,3
DA:82,0
DA:83,0
DA:122,2
DA:126,2
DA:127,2
DA:132,2
DA:135,5
DA:145,5
DA:146,5
DA:147,5
DA:148,4
DA:150,1
DA:155,1
DA:156,1
DA:157,1
DA:158,0
DA:159,0
DA:160,0
DA:161,0
DA:164,0
DA:167,0
DA:170,1
DA:173,1
DA:182,1
DA:183,1
DA:184,1
DA:185,1
DA:189,1
DA:191,0
DA:192,0
DA:193,0
DA:198,1
DA:199,1
DA:200,1
DA:201,1
DA:211,1
DA:214,1
DA:216,0
DA:219,0
DA:220,0
DA:225,1
DA:226,1
DA:227,1
DA:228,1
DA:229,1
DA:231,0
DA:232,0
DA:233,0
DA:238,1
DA:239,1
DA:240,1
DA:241,1
DA:242,1
DA:244,0
DA:245,0
DA:246,0
DA:251,3
DA:256,3
DA:257,3
DA:258,3
DA:259,3
DA:260,2
DA:262,1
DA:267,3
DA:268,3
DA:270,3
DA:272,3
DA:273,5
DA:274,5
DA:275,1
DA:277,4
DA:278,4
DA:279,2
DA:281,2
DA:282,2
DA:287,2
DA:288,2
DA:289,2
DA:294,2
DA:295,0
DA:296,0
DA:301,4
DA:302,2
DA:303,0
DA:306,2
DA:307,0
DA:310,2
DA:311,2
DA:317,1
DA:318,1
DA:325,1
DA:327,3
DA:332,1
DA:333,0
DA:336,1
DA:337,1
DA:338,1
DA:339,1
DA:341,0
DA:342,0
DA:343,0
DA:345,1
DA:349,0
LF:123
LH:92
BRDA:39,0,0,3
BRDA:39,0,1,6
BRDA:47,1,0,0
BRDA:47,1,1,2
BRDA:50,2,0,0
BRDA:50,2,1,2
BRDA:55,3,0,2
BRDA:55,3,1,4
BRDA:58,4,0,2
BRDA:58,4,1,2
BRDA:75,5,0,1
BRDA:75,5,1,0
BRDA:77,6,0,1
BRDA:77,6,1,2
BRDA:83,7,0,0
BRDA:83,7,1,0
BRDA:122,8,0,2
BRDA:122,8,1,0
BRDA:132,9,0,2
BRDA:132,9,1,2
BRDA:158,10,0,0
BRDA:158,10,1,0
BRDA:170,11,0,1
BRDA:170,11,1,0
BRDA:170,12,0,1
BRDA:170,12,1,1
BRDA:203,13,0,1
BRDA:203,13,1,0
BRDA:211,14,0,1
BRDA:211,14,1,0
BRDA:216,15,0,0
BRDA:216,15,1,0
BRDA:216,16,0,0
BRDA:216,16,1,0
BRDA:273,17,0,2
BRDA:273,17,1,3
BRDA:274,18,0,1
BRDA:274,18,1,4
BRDA:287,19,0,2
BRDA:287,19,1,0
BRDA:294,20,0,0
BRDA:294,20,1,2
BRDA:302,21,0,0
BRDA:302,21,1,2
BRDA:306,22,0,0
BRDA:306,22,1,2
BRDA:321,23,0,1
BRDA:321,23,1,0
BRDA:332,24,0,0
BRDA:332,24,1,1
BRF:50
BRH:29
end_of_record
TN:
SF:src/store/useStore.ts
FN:19,safeGetItem
FN:28,safeSetItem
FN:37,safeRemoveItem
FN:46,readPersistedAuth
FN:60,persistAuth
FN:66,clearPersistedAuth
FN:70,persistConversationId
FN:131,initialStages
FN:132,(anonymous_8)
FN:140,(anonymous_9)
FN:146,(anonymous_10)
FN:150,(anonymous_11)
FN:172,(anonymous_12)
FN:173,(anonymous_13)
FN:177,(anonymous_14)
FN:194,(anonymous_15)
FN:211,(anonymous_16)
FN:212,(anonymous_17)
FN:213,(anonymous_18)
FN:214,(anonymous_19)
FN:215,(anonymous_20)
FN:226,(anonymous_21)
FN:227,(anonymous_22)
FN:229,(anonymous_23)
FN:230,(anonymous_24)
FN:232,(anonymous_25)
FN:242,(anonymous_26)
FN:244,(anonymous_27)
FN:257,(anonymous_28)
FN:275,(anonymous_29)
FN:291,(anonymous_30)
FN:329,(anonymous_31)
FN:342,(anonymous_32)
FNF:33
FNH:32
FNDA:16,safeGetItem
FNDA:21,safeSetItem
FNDA:49,safeRemoveItem
FNDA:16,readPersistedAuth
FNDA:9,persistAuth
FNDA:10,clearPersistedAuth
FNDA:51,persistConversationId
FNDA:76,initialStages
FNDA:1064,(anonymous_8)
FNDA:16,(anonymous_9)
FNDA:9,(anonymous_10)
FNDA:10,(anonymous_11)
FNDA:0,(anonymous_12)
FNDA:3,(anonymous_13)
FNDA:8,(anonymous_14)
FNDA:2,(anonymous_15)
FNDA:16,(anonymous_16)
FNDA:10,(anonymous_17)
FNDA:10,(anonymous_18)
FNDA:6,(anonymous_19)
FNDA:6,(anonymous_20)
FNDA:3,(anonymous_21)
FNDA:3,(anonymous_22)
FNDA:1,(anonymous_23)
FNDA:1,(anonymous_24)
FNDA:14,(anonymous_25)
FNDA:8,(anonymous_26)
FNDA:14,(anonymous_27)
FNDA:28,(anonymous_28)
FNDA:84,(anonymous_29)
FNDA:2,(anonymous_30)
FNDA:14,(anonymous_31)
FNDA:36,(anonymous_32)
DA:10,16
DA:20,16
DA:21,16
DA:22,16
DA:24,0
DA:29,21
DA:30,21
DA:31,21
DA:38,49
DA:39,49
DA:40,49
DA:47,16
DA:48,16
DA:49,0
DA:50,0
DA:51,0
DA:52,0
DA:54,0
DA:56,0
DA:63,9
DA:67,10
DA:71,51
DA:72,39
DA:73,39
DA:75,12
DA:132,1064
DA:138,16
DA:140,16
DA:147,9
DA:148,9
DA:151,10
DA:152,10
DA:172,0
DA:174,3
DA:175,3
DA:178,8
DA:179,8
DA:195,2
DA:211,16
DA:212,10
DA:213,10
DA:215,6
DA:227,3
DA:230,1
DA:233,14
DA:242,8
DA:245,14
DA:247,14
DA:249,2
DA:250,1
DA:252,2
DA:255,2
DA:256,2
DA:258,28
DA:262,2
DA:265,6
DA:266,6
DA:267,0
DA:268,0
DA:269,0
DA:273,6
DA:274,6
DA:276,84
DA:283,6
DA:286,2
DA:291,2
DA:308,2
DA:312,0
DA:315,0
DA:318,0
DA:323,0
DA:326,1
DA:330,14
DA:334,1
DA:338,1
DA:343,36
LF:76
LH:61
BRDA:21,0,0,0
BRDA:21,0,1,16
BRDA:30,1,0,0
BRDA:30,1,1,21
BRDA:39,2,0,0
BRDA:39,2,1,49
BRDA:48,3,0,16
BRDA:48,3,1,0
BRDA:51,4,0,0
BRDA:51,4,1,0
BRDA:71,5,0,39
BRDA:71,5,1,12
BRDA:145,6,0,16
BRDA:145,6,1,16
BRDA:233,7,0,0
BRDA:233,7,1,14
BRDA:236,8,0,0
BRDA:236,8,1,1
BRDA:247,9,0,2
BRDA:247,9,1,2
BRDA:247,9,2,6
BRDA:247,9,3,2
BRDA:247,9,4,0
BRDA:247,9,5,0
BRDA:247,9,6,1
BRDA:247,9,7,1
BRDA:249,10,0,1
BRDA:249,10,1,1
BRDA:255,11,0,2
BRDA:255,11,1,0
BRDA:258,12,0,2
BRDA:258,12,1,26
BRDA:265,13,0,6
BRDA:265,13,1,0
BRDA:266,14,0,0
BRDA:266,14,1,6
BRDA:267,15,0,0
BRDA:267,15,1,0
BRDA:268,16,0,0
BRDA:268,16,1,0
BRDA:268,17,0,0
BRDA:268,17,1,0
BRDA:273,18,0,0
BRDA:273,18,1,6
BRDA:276,19,0,6
BRDA:276,19,1,78
BRDA:287,20,0,2
BRDA:287,20,1,1
BRDA:287,20,2,0
BRDA:294,21,0,2
BRDA:294,21,1,1
BRDA:294,21,2,0
BRDA:298,22,0,0
BRDA:298,22,1,2
BRDA:306,23,0,2
BRDA:306,23,1,2
BRDA:319,24,0,0
BRDA:319,24,1,0
BRDA:328,25,0,1
BRDA:328,25,1,0
BRDA:330,26,0,1
BRDA:330,26,1,13
BRF:62
BRH:36
end_of_record
TN:
SF:src/views/ArchitectureView.tsx
FN:14,buildArchitectureMarkdown
FN:94,normalizeComponentKey
FN:98,inferDecisionFromComponent
FN:119,buildSourcingDecisionView
FN:147,validateMermaidSource
FN:152,(anonymous_5)
FN:162,(anonymous_6)
FN:172,DiagramDisplay
FN:235,ArchitectureView
FN:243,(anonymous_9)
FN:255,(anonymous_10)
FN:256,(anonymous_11)
FN:257,(anonymous_12)
FN:258,(anonymous_13)
FN:368,(anonymous_14)
FN:403,(anonymous_15)
FN:409,(anonymous_16)
FN:488,(anonymous_17)
FN:548,(anonymous_18)
FN:565,(anonymous_19)
FN:587,(anonymous_20)
FNF:21
FNH:20
FNDA:3,buildArchitectureMarkdown
FNDA:5,normalizeComponentKey
FNDA:3,inferDecisionFromComponent
FNDA:6,buildSourcingDecisionView
FNDA:6,validateMermaidSource
FNDA:18,(anonymous_5)
FNDA:21,(anonymous_6)
FNDA:5,DiagramDisplay
FNDA:6,ArchitectureView
FNDA:6,(anonymous_9)
FNDA:4,(anonymous_10)
FNDA:4,(anonymous_11)
FNDA:4,(anonymous_12)
FNDA:4,(anonymous_13)
FNDA:0,(anonymous_14)
FNDA:4,(anonymous_15)
FNDA:4,(anonymous_16)
FNDA:4,(anonymous_17)
FNDA:1,(anonymous_18)
FNDA:1,(anonymous_19)
FNDA:3,(anonymous_20)
DA:18,3
DA:20,3
DA:21,3
DA:23,3
DA:24,3
DA:25,4
DA:28,3
DA:29,3
DA:30,3
DA:31,3
DA:32,1
DA:34,3
DA:36,3
DA:37,3
DA:38,1
DA:39,3
DA:40,3
DA:41,3
DA:42,3
DA:45,2
DA:46,2
DA:49,3
DA:52,2
DA:66,2
DA:74,2
DA:82,2
DA:95,5
DA:99,3
DA:100,3
DA:101,3
DA:103,3
DA:123,6
DA:125,6
DA:126,1
DA:132,6
DA:133,4
DA:134,4
DA:135,3
DA:136,3
DA:137,3
DA:141,6
DA:148,6
DA:149,0
DA:152,18
DA:153,6
DA:154,0
DA:157,6
DA:158,1
DA:161,5
DA:162,21
DA:163,1
DA:166,4
DA:173,5
DA:174,1
DA:201,4
DA:202,4
DA:203,1
DA:225,3
DA:236,6
DA:237,6
DA:241,6
DA:243,6
DA:247,6
DA:250,6
DA:254,6
DA:255,6
DA:256,6
DA:257,6
DA:258,6
DA:260,6
DA:261,1
DA:272,5
DA:273,1
DA:283,4
DA:284,1
DA:294,3
DA:296,6
DA:369,0
DA:403,4
DA:410,4
DA:489,4
DA:548,1
DA:566,1
DA:588,3
LF:84
LH:81
BRDA:36,0,0,3
BRDA:36,0,1,2
BRDA:37,1,0,1
BRDA:37,1,1,2
BRDA:40,2,0,3
BRDA:40,2,1,0
BRDA:42,3,0,3
BRDA:42,3,1,0
BRDA:99,4,0,0
BRDA:99,4,1,3
BRDA:101,5,0,0
BRDA:101,5,1,3
BRDA:108,6,0,3
BRDA:108,6,1,0
BRDA:108,7,0,0
BRDA:108,7,1,0
BRDA:109,8,0,1
BRDA:109,8,1,2
BRDA:110,9,0,2
BRDA:110,9,1,1
BRDA:111,10,0,1
BRDA:111,10,1,2
BRDA:134,11,0,1
BRDA:134,11,1,3
BRDA:136,12,0,3
BRDA:136,12,1,0
BRDA:148,13,0,0
BRDA:148,13,1,6
BRDA:148,14,0,6
BRDA:148,14,1,6
BRDA:153,15,0,0
BRDA:153,15,1,6
BRDA:157,16,0,1
BRDA:157,16,1,5
BRDA:157,17,0,6
BRDA:157,17,1,5
BRDA:162,18,0,1
BRDA:162,18,1,4
BRDA:173,19,0,1
BRDA:173,19,1,4
BRDA:202,20,0,1
BRDA:202,20,1,3
BRDA:251,21,0,6
BRDA:251,21,1,3
BRDA:252,22,0,6
BRDA:252,22,1,5
BRDA:260,23,0,1
BRDA:260,23,1,5
BRDA:272,24,0,1
BRDA:272,24,1,4
BRDA:283,25,0,1
BRDA:283,25,1,3
BRDA:294,26,0,3
BRDA:294,26,1,2
BRDA:299,27,0,6
BRDA:299,27,1,0
BRDA:299,27,2,0
BRDA:327,28,0,6
BRDA:327,28,1,3
BRDA:327,28,2,3
BRDA:327,28,3,0
BRDA:336,29,0,0
BRDA:336,29,1,0
BRDA:336,29,2,0
BRDA:347,30,0,0
BRDA:347,30,1,0
BRDA:357,31,0,0
BRDA:357,31,1,0
BRDA:364,32,0,0
BRDA:364,32,1,0
BRDA:364,32,2,0
BRDA:364,32,3,0
BRDA:418,33,0,4
BRDA:418,33,1,4
BRDA:419,34,0,4
BRDA:419,34,1,0
BRDA:420,35,0,4
BRDA:420,35,1,0
BRDA:448,36,0,6
BRDA:448,36,1,0
BRDA:458,37,0,6
BRDA:458,37,1,0
BRDA:468,38,0,6
BRDA:468,38,1,3
BRDA:468,38,2,3
BRDA:468,38,3,1
BRDA:474,39,0,6
BRDA:474,39,1,2
BRDA:480,40,0,2
BRDA:480,40,1,0
BRDA:494,41,0,4
BRDA:494,41,1,0
BRDA:499,42,0,2
BRDA:499,42,1,2
BRDA:500,43,0,2
BRDA:500,43,1,0
BRDA:508,44,0,4
BRDA:508,44,1,0
BRDA:519,45,0,4
BRDA:519,45,1,3
BRDA:524,46,0,4
BRDA:524,46,1,0
BRDA:524,46,2,0
BRDA:535,47,0,2
BRDA:535,47,1,0
BRDA:586,48,0,1
BRDA:586,48,1,2
BRDA:586,49,0,6
BRDA:586,49,1,1
BRDA:598,50,0,3
BRDA:598,50,1,3
BRDA:608,51,0,3
BRDA:608,51,1,3
BRF:113
BRH:78
end_of_record
TN:
SF:src/views/AxiomHomePage.tsx
FN:31,PillarCard
FN:74,AxiomHomePage
FNF:2
FNH:2
FNDA:4,PillarCard
FNDA:1,AxiomHomePage
DA:15,1
DA:23,1
DA:32,4
DA:34,4
DA:35,2
DA:52,2
DA:75,1
LF:7
LH:7
BRDA:34,0,0,2
BRDA:34,0,1,2
BRF:2
BRH:2
end_of_record
TN:
SF:src/views/ChatView.tsx
FN:31,ChatView
FN:48,(anonymous_1)
FN:49,(anonymous_2)
FN:50,(anonymous_3)
FN:51,(anonymous_4)
FN:52,(anonymous_5)
FN:53,(anonymous_6)
FN:56,(anonymous_7)
FN:64,(anonymous_8)
FN:88,(anonymous_9)
FN:92,(anonymous_10)
FN:99,(anonymous_11)
FN:107,(anonymous_12)
FN:123,(anonymous_13)
FN:126,(anonymous_14)
FN:129,(anonymous_15)
FN:267,(anonymous_16)
FN:270,(anonymous_17)
FN:294,(anonymous_18)
FN:431,(anonymous_19)
FN:437,(anonymous_20)
FNF:21
FNH:21
FNDA:38,ChatView
FNDA:116,(anonymous_1)
FNDA:116,(anonymous_2)
FNDA:116,(anonymous_3)
FNDA:116,(anonymous_4)
FNDA:116,(anonymous_5)
FNDA:116,(anonymous_6)
FNDA:15,(anonymous_7)
FNDA:17,(anonymous_8)
FNDA:2,(anonymous_9)
FNDA:15,(anonymous_10)
FNDA:36,(anonymous_11)
FNDA:1,(anonymous_12)
FNDA:1,(anonymous_13)
FNDA:1,(anonymous_14)
FNDA:1,(anonymous_15)
FNDA:128,(anonymous_16)
FNDA:1,(anonymous_17)
FNDA:4,(anonymous_18)
FNDA:17,(anonymous_19)
FNDA:17,(anonymous_20)
DA:8,1
DA:32,38
DA:33,38
DA:34,38
DA:35,38
DA:36,38
DA:37,38
DA:46,38
DA:48,116
DA:49,116
DA:50,116
DA:51,116
DA:52,116
DA:53,116
DA:56,38
DA:57,15
DA:58,0
DA:60,0
DA:61,0
DA:64,38
DA:65,17
DA:71,17
DA:72,15
DA:75,2
DA:78,2
DA:82,2
DA:84,2
DA:85,2
DA:88,2
DA:92,38
DA:93,15
DA:94,15
DA:99,38
DA:100,36
DA:101,36
DA:102,36
DA:107,38
DA:108,1
DA:109,1
DA:110,1
DA:111,0
DA:115,0
DA:117,1
DA:118,1
DA:119,1
DA:120,1
DA:123,38
DA:124,1
DA:125,1
DA:126,1
DA:129,38
DA:130,1
DA:133,38
DA:135,38
DA:268,128
DA:270,1
DA:295,4
DA:297,4
DA:298,3
DA:321,1
DA:431,17
DA:438,17
DA:439,0
DA:440,0
LF:64
LH:57
BRDA:57,0,0,15
BRDA:57,0,1,0
BRDA:57,1,0,15
BRDA:57,1,1,0
BRDA:57,1,2,0
BRDA:71,2,0,15
BRDA:71,2,1,2
BRDA:84,3,0,2
BRDA:84,3,1,0
BRDA:93,4,0,15
BRDA:93,4,1,0
BRDA:100,5,0,36
BRDA:100,5,1,0
BRDA:109,6,0,0
BRDA:109,6,1,1
BRDA:110,7,0,0
BRDA:110,7,1,1
BRDA:124,8,0,0
BRDA:124,8,1,1
BRDA:133,9,0,38
BRDA:133,9,1,35
BRDA:139,10,0,38
BRDA:139,10,1,4
BRDA:146,11,0,38
BRDA:146,11,1,0
BRDA:156,12,0,0
BRDA:156,12,1,0
BRDA:169,13,0,32
BRDA:169,13,1,6
BRDA:295,14,0,4
BRDA:295,14,1,4
BRDA:297,15,0,3
BRDA:297,15,1,1
BRDA:345,16,0,6
BRDA:345,16,1,1
BRDA:355,17,0,6
BRDA:355,17,1,0
BRDA:355,17,2,0
BRDA:379,18,0,0
BRDA:379,18,1,0
BRDA:388,19,0,6
BRDA:388,19,1,4
BRDA:397,20,0,4
BRDA:397,20,1,0
BRDA:438,21,0,0
BRDA:438,21,1,17
BRDA:438,22,0,17
BRDA:438,22,1,0
BRDA:445,23,0,4
BRDA:445,23,1,34
BRF:50
BRH:31
end_of_record
TN:
SF:src/views/ForgotPasswordView.tsx
FN:20,ForgotPasswordView
FN:27,(anonymous_1)
FN:51,(anonymous_2)
FN:120,(anonymous_3)
FNF:4
FNH:3
FNDA:30,ForgotPasswordView
FNDA:3,(anonymous_1)
FNDA:0,(anonymous_2)
FNDA:21,(anonymous_3)
DA:12,1
DA:21,30
DA:22,30
DA:23,30
DA:24,30
DA:25,30
DA:27,30
DA:28,3
DA:29,3
DA:30,3
DA:31,3
DA:32,3
DA:33,3
DA:34,1
DA:36,2
DA:37,1
DA:38,1
DA:39,1
DA:40,1
DA:41,1
DA:43,0
DA:44,0
DA:47,3
DA:51,30
DA:52,0
DA:53,0
DA:54,0
DA:57,30
DA:120,21
LF:29
LH:24
BRDA:36,0,0,1
BRDA:36,0,1,1
BRDA:39,1,0,1
BRDA:39,1,1,0
BRDA:84,2,0,1
BRDA:84,2,1,29
BRDA:127,3,0,29
BRDA:127,3,1,2
BRDA:147,4,0,2
BRDA:147,4,1,1
BRDA:150,5,0,1
BRDA:150,5,1,1
BRDA:167,6,0,29
BRDA:167,6,1,3
BRDA:179,7,0,3
BRDA:179,7,1,26
BRF:16
BRH:15
end_of_record
TN:
SF:src/views/GovernanceView.tsx
FN:14,severityBadgeClass
FN:21,priorityBadgeClass
FN:29,effortBadgeClass
FN:48,ScoreDimension
FN:95,tradeOffMarkdown
FN:96,(anonymous_5)
FN:106,adlMarkdown
FN:107,(anonymous_7)
FN:116,weaknessMarkdown
FN:117,(anonymous_9)
FN:127,fmeaMarkdown
FN:131,(anonymous_11)
FN:132,(anonymous_12)
FN:136,tacticsMarkdown
FN:137,(anonymous_14)
FN:141,(anonymous_15)
FN:143,(anonymous_16)
FN:152,sourcingMarkdown
FN:192,normalizeComponentKey
FN:196,inferDecisionFromComponent
FN:217,buildSourcingDecisionView
FN:242,buildSourcingSummaryView
FN:251,(anonymous_22)
FN:252,(anonymous_23)
FN:253,(anonymous_24)
FN:254,(anonymous_25)
FN:273,GovernanceView
FN:295,activeTabContent
FN:463,(anonymous_28)
FN:481,(anonymous_29)
FN:484,(anonymous_30)
FN:505,(anonymous_31)
FN:594,(anonymous_32)
FN:608,(anonymous_33)
FN:616,(anonymous_34)
FN:617,(anonymous_35)
FN:698,(anonymous_36)
FN:704,(anonymous_37)
FN:772,(anonymous_38)
FN:870,(anonymous_39)
FN:874,(anonymous_40)
FN:880,(anonymous_41)
FNF:42
FNH:29
FNDA:1,severityBadgeClass
FNDA:0,priorityBadgeClass
FNDA:0,effortBadgeClass
FNDA:2,ScoreDimension
FNDA:1,tradeOffMarkdown
FNDA:1,(anonymous_5)
FNDA:1,adlMarkdown
FNDA:1,(anonymous_7)
FNDA:1,weaknessMarkdown
FNDA:1,(anonymous_9)
FNDA:1,fmeaMarkdown
FNDA:0,(anonymous_11)
FNDA:1,(anonymous_12)
FNDA:0,tacticsMarkdown
FNDA:0,(anonymous_14)
FNDA:0,(anonymous_15)
FNDA:0,(anonymous_16)
FNDA:1,sourcingMarkdown
FNDA:2,normalizeComponentKey
FNDA:2,inferDecisionFromComponent
FNDA:14,buildSourcingDecisionView
FNDA:14,buildSourcingSummaryView
FNDA:2,(anonymous_22)
FNDA:2,(anonymous_23)
FNDA:2,(anonymous_24)
FNDA:2,(anonymous_25)
FNDA:14,GovernanceView
FNDA:12,activeTabContent
FNDA:0,(anonymous_28)
FNDA:72,(anonymous_29)
FNDA:5,(anonymous_30)
FNDA:1,(anonymous_31)
FNDA:0,(anonymous_32)
FNDA:0,(anonymous_33)
FNDA:1,(anonymous_34)
FNDA:1,(anonymous_35)
FNDA:1,(anonymous_36)
FNDA:1,(anonymous_37)
FNDA:1,(anonymous_38)
FNDA:0,(anonymous_39)
FNDA:0,(anonymous_40)
FNDA:0,(anonymous_41)
DA:15,1
DA:16,0
DA:17,0
DA:18,0
DA:22,0
DA:23,0
DA:24,0
DA:25,0
DA:30,0
DA:31,0
DA:32,0
DA:33,0
DA:55,2
DA:56,2
DA:60,2
DA:65,2
DA:70,2
DA:96,1
DA:107,1
DA:113,1
DA:117,1
DA:128,1
DA:129,1
DA:130,1
DA:131,0
DA:132,1
DA:133,1
DA:137,0
DA:138,0
DA:139,0
DA:141,0
DA:143,0
DA:153,1
DA:163,1
DA:164,1
DA:165,1
DA:166,1
DA:167,1
DA:168,1
DA:169,1
DA:170,0
DA:172,1
DA:173,0
DA:175,1
DA:177,1
DA:180,1
DA:193,2
DA:197,2
DA:198,2
DA:199,2
DA:201,2
DA:221,14
DA:223,14
DA:224,0
DA:230,14
DA:231,2
DA:232,2
DA:233,2
DA:234,2
DA:235,2
DA:239,14
DA:246,14
DA:247,14
DA:248,12
DA:251,2
DA:252,2
DA:253,2
DA:254,2
DA:256,2
DA:274,14
DA:275,14
DA:276,14
DA:277,14
DA:278,14
DA:279,14
DA:280,14
DA:283,14
DA:285,14
DA:296,12
DA:298,7
DA:302,1
DA:304,2
DA:308,1
DA:312,0
DA:316,1
DA:323,14
DA:324,1
DA:335,13
DA:336,1
DA:346,12
DA:347,12
DA:398,14
DA:464,0
DA:482,72
DA:484,5
DA:506,1
DA:594,0
DA:608,0
DA:616,1
DA:618,1
DA:698,1
DA:705,1
DA:706,1
DA:707,1
DA:773,1
DA:871,0
DA:872,0
DA:875,0
DA:881,0
LF:109
LH:81
BRDA:15,0,0,1
BRDA:15,0,1,0
BRDA:16,1,0,0
BRDA:16,1,1,0
BRDA:17,2,0,0
BRDA:17,2,1,0
BRDA:22,3,0,0
BRDA:22,3,1,0
BRDA:22,3,2,0
BRDA:30,4,0,0
BRDA:30,4,1,0
BRDA:30,4,2,0
BRDA:56,5,0,2
BRDA:56,5,1,0
BRDA:57,6,0,2
BRDA:57,6,1,0
BRDA:58,7,0,0
BRDA:58,7,1,0
BRDA:60,8,0,2
BRDA:60,8,1,0
BRDA:61,9,0,0
BRDA:61,9,1,0
BRDA:62,10,0,0
BRDA:62,10,1,0
BRDA:65,11,0,2
BRDA:65,11,1,0
BRDA:66,12,0,0
BRDA:66,12,1,0
BRDA:67,13,0,0
BRDA:67,13,1,0
BRDA:75,14,0,2
BRDA:75,14,1,0
BRDA:84,15,0,2
BRDA:84,15,1,2
BRDA:99,16,0,1
BRDA:99,16,1,0
BRDA:100,17,0,1
BRDA:100,17,1,0
BRDA:110,18,0,0
BRDA:110,18,1,1
BRDA:111,19,0,0
BRDA:111,19,1,1
BRDA:119,20,0,0
BRDA:119,20,1,1
BRDA:123,21,0,0
BRDA:123,21,1,1
BRDA:147,22,0,0
BRDA:147,22,1,0
BRDA:147,23,0,0
BRDA:147,23,1,0
BRDA:156,24,0,1
BRDA:156,24,1,0
BRDA:165,25,0,1
BRDA:165,25,1,0
BRDA:169,26,0,0
BRDA:169,26,1,1
BRDA:169,27,0,1
BRDA:169,27,1,0
BRDA:172,28,0,0
BRDA:172,28,1,1
BRDA:172,29,0,1
BRDA:172,29,1,0
BRDA:197,30,0,0
BRDA:197,30,1,2
BRDA:199,31,0,0
BRDA:199,31,1,2
BRDA:206,32,0,2
BRDA:206,32,1,0
BRDA:206,33,0,0
BRDA:206,33,1,0
BRDA:207,34,0,0
BRDA:207,34,1,2
BRDA:208,35,0,2
BRDA:208,35,1,0
BRDA:209,36,0,0
BRDA:209,36,1,2
BRDA:232,37,0,0
BRDA:232,37,1,2
BRDA:234,38,0,2
BRDA:234,38,1,0
BRDA:246,39,0,14
BRDA:246,39,1,12
BRDA:247,40,0,12
BRDA:247,40,1,2
BRDA:247,41,0,14
BRDA:247,41,1,12
BRDA:257,42,0,2
BRDA:257,42,1,0
BRDA:281,43,0,14
BRDA:281,43,1,0
BRDA:283,44,0,14
BRDA:283,44,1,12
BRDA:296,45,0,7
BRDA:296,45,1,1
BRDA:296,45,2,2
BRDA:296,45,3,1
BRDA:296,45,4,0
BRDA:296,45,5,1
BRDA:298,46,0,1
BRDA:298,46,1,6
BRDA:302,47,0,1
BRDA:302,47,1,0
BRDA:304,48,0,1
BRDA:304,48,1,1
BRDA:304,49,0,2
BRDA:304,49,1,1
BRDA:308,50,0,1
BRDA:308,50,1,0
BRDA:312,51,0,0
BRDA:312,51,1,0
BRDA:316,52,0,1
BRDA:316,52,1,0
BRDA:316,53,0,1
BRDA:316,53,1,1
BRDA:323,54,0,1
BRDA:323,54,1,13
BRDA:335,55,0,1
BRDA:335,55,1,12
BRDA:347,56,0,0
BRDA:347,56,1,12
BRDA:352,57,0,0
BRDA:352,57,1,0
BRDA:358,58,0,0
BRDA:358,58,1,0
BRDA:360,59,0,0
BRDA:360,59,1,0
BRDA:366,60,0,0
BRDA:366,60,1,0
BRDA:368,61,0,0
BRDA:368,61,1,0
BRDA:374,62,0,0
BRDA:374,62,1,0
BRDA:376,63,0,0
BRDA:376,63,1,0
BRDA:382,64,0,0
BRDA:382,64,1,0
BRDA:384,65,0,0
BRDA:384,65,1,0
BRDA:390,66,0,0
BRDA:390,66,1,0
BRDA:392,67,0,0
BRDA:392,67,1,0
BRDA:394,68,0,0
BRDA:394,68,1,0
BRDA:403,69,0,5
BRDA:403,69,1,7
BRDA:414,70,0,14
BRDA:414,70,1,0
BRDA:416,71,0,0
BRDA:416,71,1,0
BRDA:427,72,0,0
BRDA:427,72,1,0
BRDA:427,73,0,0
BRDA:427,73,1,0
BRDA:442,74,0,0
BRDA:442,74,1,0
BRDA:442,75,0,0
BRDA:442,75,1,0
BRDA:446,76,0,0
BRDA:446,76,1,0
BRDA:446,76,2,0
BRDA:454,77,0,0
BRDA:454,77,1,0
BRDA:469,78,0,0
BRDA:469,78,1,0
BRDA:486,79,0,12
BRDA:486,79,1,60
BRDA:491,80,0,12
BRDA:491,80,1,60
BRDA:499,81,0,14
BRDA:499,81,1,7
BRDA:501,82,0,6
BRDA:501,82,1,1
BRDA:514,83,0,1
BRDA:514,83,1,0
BRDA:515,84,0,0
BRDA:515,84,1,0
BRDA:521,85,0,1
BRDA:521,85,1,0
BRDA:522,86,0,1
BRDA:522,86,1,0
BRDA:534,87,0,1
BRDA:534,87,1,0
BRDA:538,88,0,1
BRDA:538,88,1,0
BRDA:557,89,0,14
BRDA:557,89,1,1
BRDA:559,90,0,0
BRDA:559,90,1,1
BRDA:565,91,0,0
BRDA:565,91,1,1
BRDA:578,92,0,1
BRDA:578,92,1,0
BRDA:616,93,0,1
BRDA:616,93,1,0
BRDA:623,94,0,1
BRDA:623,94,1,0
BRDA:630,95,0,1
BRDA:630,95,1,0
BRDA:635,96,0,0
BRDA:635,96,1,1
BRDA:636,97,0,1
BRDA:636,97,1,0
BRDA:650,98,0,1
BRDA:650,98,1,0
BRDA:653,99,0,1
BRDA:653,99,1,1
BRDA:660,100,0,1
BRDA:660,100,1,0
BRDA:680,101,0,14
BRDA:680,101,1,1
BRDA:682,102,0,0
BRDA:682,102,1,1
BRDA:705,103,0,1
BRDA:705,103,1,0
BRDA:706,104,0,1
BRDA:706,104,1,1
BRDA:714,105,0,1
BRDA:714,105,1,1
BRDA:715,106,0,1
BRDA:715,106,1,1
BRDA:716,107,0,1
BRDA:716,107,1,1
BRDA:717,108,0,1
BRDA:717,108,1,0
BRDA:724,109,0,0
BRDA:724,109,1,1
BRDA:730,110,0,0
BRDA:730,110,1,1
BRDA:737,111,0,1
BRDA:737,111,1,0
BRDA:740,112,0,1
BRDA:740,112,1,0
BRDA:745,113,0,1
BRDA:745,113,1,0
BRDA:745,113,2,0
BRDA:748,114,0,0
BRDA:748,114,1,0
BRDA:762,115,0,14
BRDA:762,115,1,2
BRDA:764,116,0,1
BRDA:764,116,1,1
BRDA:764,117,0,2
BRDA:764,117,1,1
BRDA:784,118,0,1
BRDA:784,118,1,0
BRDA:796,119,0,0
BRDA:796,119,1,1
BRDA:811,120,0,1
BRDA:811,120,1,0
BRDA:826,121,0,14
BRDA:826,121,1,1
BRDA:833,122,0,14
BRDA:833,122,1,0
BRDA:835,123,0,0
BRDA:835,123,1,0
BRDA:843,124,0,0
BRDA:843,124,1,0
BRDA:848,125,0,0
BRDA:848,125,1,0
BRDA:884,126,0,0
BRDA:884,126,1,0
BRDA:898,127,0,0
BRDA:898,127,1,0
BRDA:908,128,0,0
BRDA:908,128,1,0
BRDA:919,129,0,0
BRDA:919,129,1,0
BRDA:924,130,0,0
BRDA:924,130,1,0
BRDA:924,130,2,0
BRF:271
BRH:119
end_of_record
TN:
SF:src/views/HomeView.tsx
FN:7,HomeView
FN:133,(anonymous_1)
FN:590,(anonymous_2)
FNF:3
FNH:3
FNDA:10,HomeView
FNDA:130,(anonymous_1)
FNDA:70,(anonymous_2)
DA:14,10
DA:30,10
DA:40,10
DA:134,130
DA:135,130
DA:591,70
LF:6
LH:6
BRDA:139,0,0,10
BRDA:139,0,1,120
BRDA:150,1,0,130
BRDA:150,1,1,10
BRDA:156,2,0,130
BRDA:156,2,1,10
BRDA:481,3,0,10
BRDA:481,3,1,0
BRF:8
BRH:7
end_of_record
TN:
SF:src/views/LoginView.tsx
FN:15,LoginView
FN:24,(anonymous_1)
FN:43,(anonymous_2)
FN:84,(anonymous_3)
FN:101,(anonymous_4)
FN:118,(anonymous_5)
FN:191,(anonymous_6)
FN:202,(anonymous_7)
FNF:8
FNH:7
FNDA:79,LoginView
FNDA:3,(anonymous_1)
FNDA:1,(anonymous_2)
FNDA:5,(anonymous_3)
FNDA:21,(anonymous_4)
FNDA:36,(anonymous_5)
FNDA:2,(anonymous_6)
FNDA:0,(anonymous_7)
DA:8,1
DA:16,79
DA:17,79
DA:18,79
DA:19,79
DA:20,79
DA:21,79
DA:22,79
DA:24,79
DA:25,3
DA:26,3
DA:27,3
DA:28,3
DA:29,3
DA:30,1
DA:31,1
DA:33,2
DA:34,1
DA:37,1
DA:39,3
DA:43,79
DA:44,1
DA:45,1
DA:46,1
DA:47,1
DA:48,1
DA:50,0
DA:52,1
DA:56,79
DA:84,5
DA:101,21
DA:118,36
DA:191,2
DA:202,0
LF:34
LH:32
BRDA:29,0,0,1
BRDA:29,0,1,2
BRDA:31,1,0,1
BRDA:31,1,1,1
BRDA:31,1,2,0
BRDA:34,2,0,1
BRDA:34,2,1,0
BRDA:68,3,0,51
BRDA:68,3,1,28
BRDA:75,4,0,79
BRDA:75,4,1,28
BRDA:120,5,0,28
BRDA:120,5,1,51
BRDA:129,6,0,79
BRDA:129,6,1,51
BRDA:141,7,0,79
BRDA:141,7,1,1
BRDA:156,8,0,4
BRDA:156,8,1,75
BRDA:158,9,0,48
BRDA:158,9,1,27
BRDA:187,10,0,51
BRDA:187,10,1,28
BRF:23
BRH:21
end_of_record
TN:
SF:src/views/ResetPasswordView.tsx
FN:17,passwordStrengthLabel
FN:43,ResetPasswordView
FN:57,(anonymous_2)
FN:68,(anonymous_3)
FN:96,(anonymous_4)
FN:101,(anonymous_5)
FN:161,(anonymous_6)
FN:215,(anonymous_7)
FN:243,(anonymous_8)
FN:298,(anonymous_9)
FN:310,(anonymous_10)
FN:347,(anonymous_11)
FNF:12
FNH:9
FNDA:64,passwordStrengthLabel
FNDA:134,ResetPasswordView
FNDA:64,(anonymous_2)
FNDA:4,(anonymous_3)
FNDA:4,(anonymous_4)
FNDA:3,(anonymous_5)
FNDA:0,(anonymous_6)
FNDA:0,(anonymous_7)
FNDA:0,(anonymous_8)
FNDA:60,(anonymous_9)
FNDA:381,(anonymous_10)
FNDA:60,(anonymous_11)
DA:13,1
DA:18,64
DA:19,37
DA:22,27
DA:23,27
DA:24,27
DA:25,27
DA:26,27
DA:28,27
DA:29,0
DA:31,27
DA:32,9
DA:34,18
DA:44,134
DA:45,134
DA:46,134
DA:47,134
DA:48,134
DA:49,134
DA:50,134
DA:51,134
DA:52,134
DA:53,134
DA:54,134
DA:55,134
DA:57,134
DA:58,64
DA:61,134
DA:63,134
DA:68,134
DA:69,4
DA:70,0
DA:71,0
DA:74,0
DA:77,4
DA:78,4
DA:79,4
DA:80,4
DA:81,4
DA:82,3
DA:83,3
DA:85,1
DA:86,1
DA:91,0
DA:92,0
DA:96,134
DA:98,4
DA:101,134
DA:102,3
DA:103,3
DA:104,3
DA:105,3
DA:107,3
DA:108,0
DA:111,0
DA:114,3
DA:115,0
DA:116,0
DA:119,3
DA:120,3
DA:121,3
DA:122,1
DA:124,2
DA:125,1
DA:126,1
DA:127,1
DA:128,1
DA:129,1
DA:130,0
DA:131,0
DA:133,0
DA:135,0
DA:136,0
DA:138,0
DA:141,3
DA:145,134
DA:146,1
DA:161,0
DA:173,133
DA:174,4
DA:198,129
DA:199,2
DA:215,0
DA:227,127
DA:228,0
DA:244,0
DA:257,127
DA:299,60
DA:300,60
DA:301,0
DA:312,381
DA:313,381
DA:348,60
DA:349,60
DA:350,0
LF:95
LH:73
BRDA:18,0,0,37
BRDA:18,0,1,27
BRDA:23,1,0,27
BRDA:23,1,1,0
BRDA:24,2,0,27
BRDA:24,2,1,0
BRDA:25,3,0,9
BRDA:25,3,1,18
BRDA:26,4,0,0
BRDA:26,4,1,27
BRDA:28,5,0,0
BRDA:28,5,1,27
BRDA:28,6,0,27
BRDA:28,6,1,0
BRDA:31,7,0,9
BRDA:31,7,1,18
BRDA:46,8,0,134
BRDA:46,8,1,0
BRDA:63,9,0,134
BRDA:63,9,1,93
BRDA:63,9,2,33
BRDA:63,9,3,9
BRDA:69,10,0,0
BRDA:69,10,1,4
BRDA:81,11,0,3
BRDA:81,11,1,1
BRDA:87,12,0,1
BRDA:87,12,1,0
BRDA:107,13,0,0
BRDA:107,13,1,3
BRDA:114,14,0,0
BRDA:114,14,1,3
BRDA:124,15,0,1
BRDA:124,15,1,1
BRDA:127,16,0,1
BRDA:127,16,1,0
BRDA:128,17,0,1
BRDA:128,17,1,0
BRDA:130,18,0,0
BRDA:130,18,1,0
BRDA:135,19,0,0
BRDA:135,19,1,0
BRDA:145,20,0,1
BRDA:145,20,1,133
BRDA:173,21,0,4
BRDA:173,21,1,129
BRDA:198,22,0,2
BRDA:198,22,1,127
BRDA:209,23,0,2
BRDA:209,23,1,0
BRDA:227,24,0,0
BRDA:227,24,1,127
BRDA:238,25,0,0
BRDA:238,25,1,0
BRDA:300,26,0,0
BRDA:300,26,1,60
BRDA:312,27,0,0
BRDA:312,27,1,381
BRDA:312,28,0,219
BRDA:312,28,1,162
BRDA:312,29,0,54
BRDA:312,29,1,108
BRDA:317,30,0,164
BRDA:317,30,1,217
BRDA:325,31,0,127
BRDA:325,31,1,1
BRDA:349,32,0,0
BRDA:349,32,1,60
BRDA:357,33,0,134
BRDA:357,33,1,127
BRDA:357,33,2,64
BRDA:357,33,3,57
BRDA:364,34,0,134
BRDA:364,34,1,0
BRDA:374,35,0,134
BRDA:374,35,1,0
BRDA:402,36,0,134
BRDA:402,36,1,3
BRDA:414,37,0,3
BRDA:414,37,1,124
BRF:80
BRH:55
end_of_record
TN:
SF:src/views/archon/ArchonHomePage.tsx
FN:9,formatDate
FN:21,ArchonHomePage
FN:24,(anonymous_2)
FN:28,(anonymous_3)
FN:33,(anonymous_4)
FN:37,(anonymous_5)
FN:38,(anonymous_6)
FN:39,(anonymous_7)
FN:42,(anonymous_8)
FN:90,(anonymous_9)
FNF:10
FNH:9
FNDA:2,formatDate
FNDA:6,ArchonHomePage
FNDA:6,(anonymous_2)
FNDA:2,(anonymous_3)
FNDA:2,(anonymous_4)
FNDA:2,(anonymous_5)
FNDA:0,(anonymous_6)
FNDA:2,(anonymous_7)
FNDA:1,(anonymous_8)
FNDA:2,(anonymous_9)
DA:10,2
DA:11,2
DA:22,6
DA:23,6
DA:24,6
DA:25,6
DA:26,6
DA:28,6
DA:29,2
DA:30,2
DA:33,6
DA:34,2
DA:35,2
DA:36,2
DA:37,2
DA:38,0
DA:39,2
DA:42,6
DA:43,1
DA:44,0
DA:45,0
DA:47,1
DA:50,6
DA:91,2
LF:24
LH:21
BRDA:10,0,0,0
BRDA:10,0,1,2
BRDA:34,1,0,0
BRDA:34,1,1,2
BRDA:43,2,0,0
BRDA:43,2,1,1
BRDA:84,3,0,2
BRDA:84,3,1,4
BRDA:86,4,0,2
BRDA:86,4,1,2
BRDA:97,5,0,2
BRDA:97,5,1,0
BRF:12
BRH:8
end_of_record
TN:
SF:src/views/forge/ForgeHomePage.tsx
FN:8,ForgeHomePage
FNF:1
FNH:1
FNDA:1,ForgeHomePage
DA:9,1
LF:1
LH:1
BRF:0
BRH:0
end_of_record
TN:
SF:src/views/scout/ScoutHomePage.tsx
FN:8,ScoutHomePage
FNF:1
FNH:1
FNDA:1,ScoutHomePage
DA:9,1
LF:1
LH:1
BRF:0
BRH:0
end_of_record
TN:
SF:src/views/specweaver/PackageDetailView.tsx
FN:41,confidenceClass
FN:48,annotationLabel
FN:54,groupRequirements
FN:55,(anonymous_3)
FN:73,RequirementCard
FN:78,(anonymous_5)
FN:124,(anonymous_6)
FN:133,(anonymous_7)
FN:136,(anonymous_8)
FN:139,(anonymous_9)
FN:147,(anonymous_10)
FN:155,(anonymous_11)
FN:156,(anonymous_12)
FN:171,(anonymous_13)
FN:181,(anonymous_14)
FN:195,PackageDetailView
FN:198,(anonymous_16)
FN:199,(anonymous_17)
FN:200,(anonymous_18)
FN:201,(anonymous_19)
FN:202,(anonymous_20)
FN:203,(anonymous_21)
FN:204,(anonymous_22)
FN:208,(anonymous_23)
FN:212,(anonymous_24)
FN:216,(anonymous_25)
FN:225,(anonymous_26)
FN:236,(anonymous_27)
FN:242,(anonymous_28)
FN:254,(anonymous_29)
FN:255,(anonymous_30)
FN:275,(anonymous_31)
FN:278,(anonymous_32)
FN:301,(anonymous_33)
FN:308,(anonymous_34)
FN:364,(anonymous_35)
FN:376,(anonymous_36)
FN:392,(anonymous_37)
FNF:38
FNH:25
FNDA:1,confidenceClass
FNDA:0,annotationLabel
FNDA:7,groupRequirements
FNDA:13,(anonymous_3)
FNDA:1,RequirementCard
FNDA:0,(anonymous_5)
FNDA:0,(anonymous_6)
FNDA:0,(anonymous_7)
FNDA:0,(anonymous_8)
FNDA:0,(anonymous_9)
FNDA:0,(anonymous_10)
FNDA:0,(anonymous_11)
FNDA:0,(anonymous_12)
FNDA:1,(anonymous_13)
FNDA:1,(anonymous_14)
FNDA:8,PackageDetailView
FNDA:24,(anonymous_16)
FNDA:24,(anonymous_17)
FNDA:24,(anonymous_18)
FNDA:24,(anonymous_19)
FNDA:24,(anonymous_20)
FNDA:24,(anonymous_21)
FNDA:24,(anonymous_22)
FNDA:7,(anonymous_23)
FNDA:7,(anonymous_24)
FNDA:7,(anonymous_25)
FNDA:1,(anonymous_26)
FNDA:0,(anonymous_27)
FNDA:0,(anonymous_28)
FNDA:24,(anonymous_29)
FNDA:24,(anonymous_30)
FNDA:0,(anonymous_31)
FNDA:0,(anonymous_32)
FNDA:32,(anonymous_33)
FNDA:1,(anonymous_34)
FNDA:1,(anonymous_35)
FNDA:10,(anonymous_36)
FNDA:1,(anonymous_37)
DA:18,2
DA:31,2
DA:32,2
DA:42,1
DA:43,0
DA:44,0
DA:45,0
DA:49,0
DA:50,0
DA:51,0
DA:55,7
DA:56,13
DA:57,13
DA:58,13
DA:74,1
DA:75,1
DA:76,1
DA:78,1
DA:79,0
DA:87,1
DA:125,0
DA:133,0
DA:136,0
DA:139,0
DA:147,0
DA:155,0
DA:157,0
DA:172,1
DA:182,1
DA:196,8
DA:197,8
DA:198,24
DA:199,24
DA:200,24
DA:201,24
DA:202,24
DA:203,24
DA:204,24
DA:205,8
DA:206,8
DA:208,8
DA:209,7
DA:212,8
DA:213,7
DA:216,8
DA:217,7
DA:221,8
DA:222,0
DA:225,8
DA:226,1
DA:227,1
DA:236,8
DA:242,0
DA:243,0
DA:244,0
DA:250,0
DA:254,24
DA:255,24
DA:257,8
DA:275,0
DA:278,0
DA:302,32
DA:308,1
DA:364,1
DA:377,10
DA:378,10
DA:393,1
LF:67
LH:46
BRDA:42,0,0,1
BRDA:42,0,1,0
BRDA:43,1,0,0
BRDA:43,1,1,0
BRDA:44,2,0,0
BRDA:44,2,1,0
BRDA:49,3,0,0
BRDA:49,3,1,0
BRDA:50,4,0,0
BRDA:50,4,1,0
BRDA:56,5,0,13
BRDA:56,5,1,0
BRDA:74,6,0,1
BRDA:74,6,1,1
BRDA:75,7,0,1
BRDA:75,7,1,1
BRDA:76,8,0,1
BRDA:76,8,1,1
BRDA:82,9,0,0
BRDA:82,9,1,0
BRDA:83,10,0,0
BRDA:83,10,1,0
BRDA:83,11,0,0
BRDA:83,11,1,0
BRDA:95,12,0,1
BRDA:95,12,1,0
BRDA:109,13,0,1
BRDA:109,13,1,0
BRDA:115,14,0,1
BRDA:115,14,1,0
BRDA:120,15,0,1
BRDA:120,15,1,0
BRDA:157,16,0,0
BRDA:157,16,1,0
BRDA:163,17,0,1
BRDA:163,17,1,0
BRDA:213,18,0,7
BRDA:213,18,1,0
BRDA:217,19,0,7
BRDA:217,19,1,0
BRDA:221,20,0,0
BRDA:221,20,1,8
BRDA:254,21,0,8
BRDA:254,21,1,0
BRDA:255,22,0,8
BRDA:255,22,1,0
BRDA:269,23,0,8
BRDA:269,23,1,8
BRDA:273,24,0,8
BRDA:273,24,1,8
BRDA:285,25,0,8
BRDA:285,25,1,0
BRDA:294,26,0,0
BRDA:294,26,1,8
BRDA:307,27,0,8
BRDA:307,27,1,24
BRDA:311,28,0,32
BRDA:311,28,1,8
BRDA:311,28,2,6
BRDA:314,29,0,32
BRDA:314,29,1,8
BRDA:314,29,2,6
BRDA:321,30,0,8
BRDA:321,30,1,7
BRDA:347,31,0,7
BRDA:347,31,1,6
BRDA:356,32,0,7
BRDA:356,32,1,5
BRDA:365,33,0,7
BRDA:365,33,1,6
BRDA:367,34,0,1
BRDA:367,34,1,6
BRDA:373,35,0,8
BRDA:373,35,1,1
BRDA:377,36,0,10
BRDA:377,36,1,9
BRDA:386,37,0,9
BRDA:386,37,1,1
BRDA:409,38,0,8
BRDA:409,38,1,0
BRDA:415,39,0,8
BRDA:415,39,1,0
BRF:82
BRH:50
end_of_record
TN:
SF:src/views/specweaver/SessionListView.tsx
FN:16,formatDate
FN:24,statusClass
FN:34,SessionListView
FN:36,(anonymous_3)
FN:37,(anonymous_4)
FN:38,(anonymous_5)
FN:39,(anonymous_6)
FN:40,(anonymous_7)
FN:41,(anonymous_8)
FN:44,(anonymous_9)
FN:48,(anonymous_10)
FN:52,(anonymous_11)
FN:62,(anonymous_12)
FN:68,(anonymous_13)
FNF:14
FNH:9
FNDA:0,formatDate
FNDA:0,statusClass
FNDA:2,SessionListView
FNDA:6,(anonymous_3)
FNDA:8,(anonymous_4)
FNDA:8,(anonymous_5)
FNDA:8,(anonymous_6)
FNDA:8,(anonymous_7)
FNDA:8,(anonymous_8)
FNDA:1,(anonymous_9)
FNDA:1,(anonymous_10)
FNDA:0,(anonymous_11)
FNDA:0,(anonymous_12)
FNDA:0,(anonymous_13)
DA:9,1
DA:17,0
DA:25,0
DA:26,0
DA:27,0
DA:28,0
DA:35,2
DA:36,6
DA:37,8
DA:38,8
DA:39,8
DA:40,8
DA:41,8
DA:42,2
DA:44,2
DA:45,1
DA:48,2
DA:49,1
DA:52,2
DA:53,0
DA:54,0
DA:55,0
DA:56,0
DA:58,0
DA:62,2
DA:63,0
DA:64,0
DA:68,0
DA:89,2
LF:29
LH:16
BRDA:25,0,0,0
BRDA:25,0,1,0
BRDA:26,1,0,0
BRDA:26,1,1,0
BRDA:27,2,0,0
BRDA:27,2,1,0
BRDA:63,3,0,0
BRDA:63,3,1,0
BRDA:75,4,0,0
BRDA:75,4,1,0
BRDA:78,5,0,0
BRDA:78,5,1,0
BRDA:111,6,0,0
BRDA:111,6,1,2
BRDA:115,7,0,2
BRDA:115,7,1,0
BRDA:124,8,0,2
BRDA:124,8,1,0
BRF:18
BRH:3
end_of_record
TN:
SF:src/views/specweaver/SessionView.tsx
FN:14,detectDocumentType
FN:22,documentName
FN:26,statusClass
FN:33,stageLabel
FN:39,stageBulletClass
FN:46,stageTextClass
FN:53,stageStatusLabel
FN:63,SessionView
FN:66,(anonymous_8)
FN:67,(anonymous_9)
FN:68,(anonymous_10)
FN:69,(anonymous_11)
FN:70,(anonymous_12)
FN:71,(anonymous_13)
FN:72,(anonymous_14)
FN:73,(anonymous_15)
FN:74,(anonymous_16)
FN:75,(anonymous_17)
FN:76,(anonymous_18)
FN:77,(anonymous_19)
FN:78,(anonymous_20)
FN:79,(anonymous_21)
FN:89,(anonymous_22)
FN:93,(anonymous_23)
FN:97,(anonymous_24)
FN:101,(anonymous_25)
FN:102,(anonymous_26)
FN:106,(anonymous_27)
FN:108,(anonymous_28)
FN:122,(anonymous_29)
FN:128,(anonymous_30)
FN:142,(anonymous_31)
FN:146,(anonymous_32)
FN:169,(anonymous_33)
FN:180,(anonymous_34)
FN:196,(anonymous_35)
FN:227,(anonymous_36)
FN:228,(anonymous_37)
FN:229,(anonymous_38)
FN:252,(anonymous_39)
FN:283,(anonymous_40)
FN:294,(anonymous_41)
FN:303,(anonymous_42)
FN:306,(anonymous_43)
FN:367,(anonymous_44)
FN:405,(anonymous_45)
FN:424,(anonymous_46)
FN:431,(anonymous_47)
FNF:48
FNH:40
FNDA:0,detectDocumentType
FNDA:12,documentName
FNDA:6,statusClass
FNDA:6,stageLabel
FNDA:6,stageBulletClass
FNDA:12,stageTextClass
FNDA:6,stageStatusLabel
FNDA:62,SessionView
FNDA:186,(anonymous_8)
FNDA:186,(anonymous_9)
FNDA:186,(anonymous_10)
FNDA:186,(anonymous_11)
FNDA:186,(anonymous_12)
FNDA:186,(anonymous_13)
FNDA:186,(anonymous_14)
FNDA:186,(anonymous_15)
FNDA:186,(anonymous_16)
FNDA:186,(anonymous_17)
FNDA:186,(anonymous_18)
FNDA:186,(anonymous_19)
FNDA:186,(anonymous_20)
FNDA:186,(anonymous_21)
FNDA:6,(anonymous_22)
FNDA:6,(anonymous_23)
FNDA:6,(anonymous_24)
FNDA:6,(anonymous_25)
FNDA:3,(anonymous_26)
FNDA:6,(anonymous_27)
FNDA:1,(anonymous_28)
FNDA:0,(anonymous_29)
FNDA:1,(anonymous_30)
FNDA:1,(anonymous_31)
FNDA:0,(anonymous_32)
FNDA:1,(anonymous_33)
FNDA:6,(anonymous_34)
FNDA:0,(anonymous_35)
FNDA:0,(anonymous_36)
FNDA:0,(anonymous_37)
FNDA:0,(anonymous_38)
FNDA:1,(anonymous_39)
FNDA:30,(anonymous_40)
FNDA:19,(anonymous_41)
FNDA:0,(anonymous_42)
FNDA:305,(anonymous_43)
FNDA:6,(anonymous_44)
FNDA:8,(anonymous_45)
FNDA:1,(anonymous_46)
FNDA:1,(anonymous_47)
DA:11,1
DA:12,1
DA:15,0
DA:16,0
DA:17,0
DA:18,0
DA:19,0
DA:23,12
DA:27,6
DA:28,0
DA:29,0
DA:30,0
DA:34,6
DA:35,4
DA:36,2
DA:40,6
DA:41,4
DA:42,2
DA:43,2
DA:47,12
DA:48,8
DA:49,4
DA:50,4
DA:54,6
DA:55,4
DA:56,2
DA:57,2
DA:64,62
DA:65,62
DA:66,186
DA:67,186
DA:68,186
DA:69,186
DA:70,186
DA:71,186
DA:72,186
DA:73,186
DA:74,186
DA:75,186
DA:76,186
DA:77,186
DA:78,186
DA:79,186
DA:80,62
DA:81,62
DA:82,62
DA:83,62
DA:84,62
DA:85,62
DA:86,62
DA:87,62
DA:89,62
DA:90,6
DA:93,62
DA:94,6
DA:97,62
DA:98,6
DA:101,62
DA:102,6
DA:106,62
DA:107,6
DA:108,6
DA:109,1
DA:111,6
DA:115,62
DA:118,62
DA:119,1
DA:122,61
DA:123,0
DA:124,0
DA:125,0
DA:128,61
DA:129,1
DA:130,1
DA:131,1
DA:132,1
DA:133,1
DA:134,1
DA:135,1
DA:136,1
DA:138,1
DA:142,61
DA:143,1
DA:146,61
DA:147,0
DA:148,0
DA:150,0
DA:151,0
DA:152,0
DA:153,0
DA:156,0
DA:157,0
DA:158,0
DA:159,0
DA:163,0
DA:165,0
DA:169,61
DA:170,1
DA:171,1
DA:180,61
DA:181,6
DA:196,0
DA:216,61
DA:227,0
DA:228,0
DA:230,0
DA:231,0
DA:232,0
DA:233,0
DA:252,1
DA:283,30
DA:294,19
DA:303,0
DA:307,305
DA:368,6
DA:406,8
DA:424,1
DA:431,1
LF:118
LH:87
BRDA:15,0,0,0
BRDA:15,0,1,0
BRDA:17,1,0,0
BRDA:17,1,1,0
BRDA:18,2,0,0
BRDA:18,2,1,0
BRDA:23,3,0,12
BRDA:23,3,1,0
BRDA:23,3,2,0
BRDA:27,4,0,6
BRDA:27,4,1,0
BRDA:28,5,0,0
BRDA:28,5,1,0
BRDA:29,6,0,0
BRDA:29,6,1,0
BRDA:34,7,0,2
BRDA:34,7,1,4
BRDA:35,8,0,2
BRDA:35,8,1,2
BRDA:40,9,0,2
BRDA:40,9,1,4
BRDA:41,10,0,2
BRDA:41,10,1,2
BRDA:42,11,0,0
BRDA:42,11,1,2
BRDA:47,12,0,4
BRDA:47,12,1,8
BRDA:48,13,0,4
BRDA:48,13,1,4
BRDA:49,14,0,0
BRDA:49,14,1,4
BRDA:54,15,0,2
BRDA:54,15,1,4
BRDA:55,16,0,2
BRDA:55,16,1,2
BRDA:56,17,0,0
BRDA:56,17,1,2
BRDA:87,18,0,62
BRDA:87,18,1,1
BRDA:94,19,0,5
BRDA:94,19,1,1
BRDA:98,20,0,6
BRDA:98,20,1,1
BRDA:115,21,0,62
BRDA:115,21,1,60
BRDA:118,22,0,1
BRDA:118,22,1,61
BRDA:123,23,0,0
BRDA:123,23,1,0
BRDA:129,24,0,0
BRDA:129,24,1,1
BRDA:129,25,0,1
BRDA:129,25,1,1
BRDA:132,26,0,1
BRDA:132,26,1,0
BRDA:132,27,0,1
BRDA:132,27,1,0
BRDA:147,28,0,0
BRDA:147,28,1,0
BRDA:151,29,0,0
BRDA:151,29,1,0
BRDA:152,30,0,0
BRDA:152,30,1,0
BRDA:158,31,0,0
BRDA:158,31,1,0
BRDA:159,32,0,0
BRDA:159,32,1,0
BRDA:163,33,0,0
BRDA:163,33,1,0
BRDA:205,34,0,6
BRDA:205,34,1,4
BRDA:230,35,0,0
BRDA:230,35,1,0
BRDA:241,36,0,0
BRDA:241,36,1,61
BRDA:245,37,0,62
BRDA:245,37,1,2
BRDA:248,38,0,2
BRDA:248,38,1,2
BRDA:272,39,0,0
BRDA:272,39,1,61
BRDA:316,40,0,62
BRDA:316,40,1,60
BRDA:316,40,2,60
BRDA:319,41,0,1
BRDA:319,41,1,60
BRDA:325,42,0,6
BRDA:325,42,1,55
BRDA:343,43,0,55
BRDA:343,43,1,6
BRDA:354,44,0,2
BRDA:354,44,1,4
BRDA:358,45,0,62
BRDA:358,45,1,2
BRDA:387,46,0,62
BRDA:387,46,1,2
BRDA:444,47,0,0
BRDA:444,47,1,2
BRF:98
BRH:60
end_of_record
TN:
SF:src/views/specweaver/SpecWeaverHomePage.tsx
FN:16,statusClass
FN:23,formatDate
FN:34,SpecWeaverHomePage
FN:36,(anonymous_3)
[...]
FN:3,sanitizeLine
FN:7,markdownEscape
FN:11,sectionTitleFromCategory
FN:14,(anonymous_3)
FN:18,formatRequirementMarkdown
FN:30,(anonymous_5)
FN:34,(anonymous_6)
FN:39,(anonymous_7)
FN:47,formatRequirementText
FN:68,(anonymous_9)
FN:76,groupedRequirements
FN:78,(anonymous_11)
FN:95,buildPackageMarkdown
FN:119,(anonymous_13)
FN:121,(anonymous_14)
FN:131,(anonymous_15)
FN:145,(anonymous_16)
FN:151,(anonymous_17)
FN:163,(anonymous_18)
FN:183,buildPackageText
FN:208,(anonymous_20)
FN:210,(anonymous_21)
FN:220,(anonymous_22)
FN:234,(anonymous_23)
FN:251,(anonymous_24)
FN:271,downloadPackageExport
FNF:26
FNH:26
FNDA:36,sanitizeLine
FNDA:40,markdownEscape
FNDA:4,sectionTitleFromCategory
FNDA:8,(anonymous_3)
FNDA:2,formatRequirementMarkdown
FNDA:2,(anonymous_5)
FNDA:2,(anonymous_6)
FNDA:2,(anonymous_7)
FNDA:1,formatRequirementText
FNDA:1,(anonymous_9)
FNDA:4,groupedRequirements
FNDA:3,(anonymous_11)
FNDA:2,buildPackageMarkdown
FNDA:2,(anonymous_13)
FNDA:2,(anonymous_14)
FNDA:2,(anonymous_15)
FNDA:2,(anonymous_16)
FNDA:4,(anonymous_17)
FNDA:2,(anonymous_18)
FNDA:2,buildPackageText
FNDA:1,(anonymous_20)
FNDA:1,(anonymous_21)
FNDA:1,(anonymous_22)
FNDA:1,(anonymous_23)
FNDA:1,(anonymous_24)
FNDA:2,downloadPackageExport
DA:4,36
DA:8,40
DA:12,4
DA:14,8
DA:19,2
DA:25,2
DA:26,2
DA:29,2
DA:30,2
DA:33,2
DA:34,2
DA:37,2
DA:38,2
DA:39,2
DA:40,2
DA:44,2
DA:48,1
DA:54,1
DA:55,1
DA:58,1
DA:59,1
DA:62,1
DA:63,1
DA:66,1
DA:67,1
DA:68,1
DA:69,1
DA:73,1
DA:77,4
DA:78,4
DA:79,3
DA:80,3
DA:81,0
DA:82,0
DA:84,3
DA:86,4
DA:96,2
DA:115,2
DA:116,2
DA:117,0
DA:119,2
DA:120,2
DA:121,2
DA:122,2
DA:127,2
DA:128,2
DA:129,0
DA:131,2
DA:132,2
DA:141,2
DA:142,2
DA:143,0
DA:145,2
DA:146,2
DA:147,2
DA:148,2
DA:149,2
DA:151,4
DA:155,2
DA:159,2
DA:160,2
DA:161,0
DA:163,2
DA:164,2
DA:165,2
DA:174,2
DA:184,2
DA:204,2
DA:205,2
DA:206,1
DA:208,1
DA:209,1
DA:210,1
DA:211,1
DA:216,2
DA:217,2
DA:218,1
DA:220,1
DA:221,1
DA:227,1
DA:230,2
DA:231,2
DA:232,1
DA:234,1
DA:235,1
DA:239,1
DA:240,1
DA:242,1
DA:244,1
DA:247,2
DA:248,2
DA:249,1
DA:251,1
DA:252,1
DA:253,1
DA:262,2
DA:272,2
DA:273,2
DA:274,2
DA:275,2
DA:276,2
DA:278,2
DA:279,2
DA:280,2
DA:281,2
DA:282,2
DA:283,2
DA:284,2
DA:285,2
DA:286,2
LF:110
LH:104
BRDA:22,0,0,2
BRDA:22,0,1,0
BRDA:25,1,0,2
BRDA:25,1,1,0
BRDA:29,2,0,2
BRDA:29,2,1,0
BRDA:33,3,0,2
BRDA:33,3,1,0
BRDA:37,4,0,2
BRDA:37,4,1,0
BRDA:51,5,0,1
BRDA:51,5,1,0
BRDA:54,6,0,1
BRDA:54,6,1,0
BRDA:58,7,0,1
BRDA:58,7,1,0
BRDA:62,8,0,1
BRDA:62,8,1,0
BRDA:66,9,0,1
BRDA:66,9,1,0
BRDA:80,10,0,0
BRDA:80,10,1,3
BRDA:109,11,0,2
BRDA:109,11,1,0
BRDA:116,12,0,0
BRDA:116,12,1,2
BRDA:128,13,0,0
BRDA:128,13,1,2
BRDA:142,14,0,0
BRDA:142,14,1,2
BRDA:148,15,0,2
BRDA:148,15,1,0
BRDA:160,16,0,0
BRDA:160,16,1,2
BRDA:164,17,0,2
BRDA:164,17,1,0
BRDA:164,17,2,0
BRDA:167,18,0,2
BRDA:167,18,1,0
BRDA:168,19,0,2
BRDA:168,19,1,0
BRDA:169,20,0,2
BRDA:169,20,1,0
BRDA:198,21,0,2
BRDA:198,21,1,1
BRDA:205,22,0,1
BRDA:205,22,1,1
BRDA:217,23,0,1
BRDA:217,23,1,1
BRDA:231,24,0,1
BRDA:231,24,1,1
BRDA:239,25,0,1
BRDA:239,25,1,0
BRDA:248,26,0,1
BRDA:248,26,1,1
BRDA:252,27,0,1
BRDA:252,27,1,0
BRDA:252,27,2,0
BRDA:255,28,0,1
BRDA:255,28,1,0
BRDA:256,29,0,1
BRDA:256,29,1,0
BRDA:257,30,0,1
BRDA:257,30,1,0
BRDA:273,31,0,1
BRDA:273,31,1,1
BRDA:274,32,0,1
BRDA:274,32,1,1
BRDA:276,33,0,1
BRDA:276,33,1,1
BRF:70
BRH:42
end_of_record
TN:
SF:src/views/workshop/WorkshopView.tsx
FN:57,useMinWidthLg
FN:58,(anonymous_1)
FN:62,(anonymous_2)
FN:64,(anonymous_3)
FN:67,(anonymous_4)
FN:77,UtilityTreePanel
FN:87,(anonymous_6)
FN:93,(anonymous_7)
FN:98,(anonymous_8)
FN:102,(anonymous_9)
FN:140,ArchitecturePanel
FN:158,(anonymous_11)
FN:164,(anonymous_12)
FN:170,(anonymous_13)
FN:175,(anonymous_14)
FN:181,(anonymous_15)
FN:216,(anonymous_16)
FN:259,WorkshopView
FN:260,(anonymous_18)
FN:312,(anonymous_19)
FN:324,(anonymous_20)
FN:334,(anonymous_21)
FN:368,(anonymous_22)
FN:378,(anonymous_23)
FN:386,(anonymous_24)
FN:393,(anonymous_25)
FN:402,(anonymous_26)
FN:406,(anonymous_27)
FN:416,(anonymous_28)
FN:440,(anonymous_29)
FN:447,(anonymous_30)
FN:459,(anonymous_31)
FN:468,(anonymous_32)
FN:477,(anonymous_33)
FN:478,(anonymous_34)
FN:479,(anonymous_35)
FN:509,(anonymous_36)
FN:524,(anonymous_37)
FN:542,(anonymous_38)
FN:576,(anonymous_39)
FN:576,(anonymous_40)
FN:617,(anonymous_41)
FN:618,(anonymous_42)
FN:662,(anonymous_43)
FN:663,(anonymous_44)
FN:672,(anonymous_45)
FN:694,(anonymous_46)
FN:700,(anonymous_47)
FN:778,(anonymous_48)
FN:789,(anonymous_49)
FN:800,(anonymous_50)
FN:805,(anonymous_51)
FN:818,(anonymous_52)
FN:823,(anonymous_53)
FN:868,(anonymous_54)
FN:872,(anonymous_55)
FN:898,(anonymous_56)
FN:898,(anonymous_57)
FN:906,(anonymous_58)
FN:928,(anonymous_59)
FN:929,(anonymous_60)
FN:930,(anonymous_61)
FNF:62
FNH:19
FNDA:105,useMinWidthLg
FNDA:14,(anonymous_1)
FNDA:14,(anonymous_2)
FNDA:14,(anonymous_3)
FNDA:14,(anonymous_4)
FNDA:0,UtilityTreePanel
FNDA:0,(anonymous_6)
FNDA:0,(anonymous_7)
FNDA:0,(anonymous_8)
FNDA:0,(anonymous_9)
FNDA:0,ArchitecturePanel
FNDA:0,(anonymous_11)
FNDA:0,(anonymous_12)
FNDA:0,(anonymous_13)
FNDA:0,(anonymous_14)
FNDA:0,(anonymous_15)
FNDA:0,(anonymous_16)
FNDA:105,WorkshopView
FNDA:310,(anonymous_18)
FNDA:19,(anonymous_19)
FNDA:15,(anonymous_20)
FNDA:4,(anonymous_21)
FNDA:0,(anonymous_22)
FNDA:4,(anonymous_23)
FNDA:27,(anonymous_24)
FNDA:17,(anonymous_25)
FNDA:0,(anonymous_26)
FNDA:0,(anonymous_27)
FNDA:4,(anonymous_28)
FNDA:0,(anonymous_29)
FNDA:0,(anonymous_30)
FNDA:0,(anonymous_31)
FNDA:0,(anonymous_32)
FNDA:0,(anonymous_33)
FNDA:0,(anonymous_34)
FNDA:0,(anonymous_35)
FNDA:0,(anonymous_36)
FNDA:0,(anonymous_37)
FNDA:0,(anonymous_38)
FNDA:1,(anonymous_39)
FNDA:1,(anonymous_40)
FNDA:73,(anonymous_41)
FNDA:74,(anonymous_42)
FNDA:0,(anonymous_43)
FNDA:0,(anonymous_44)
FNDA:0,(anonymous_45)
FNDA:27,(anonymous_46)
FNDA:0,(anonymous_47)
FNDA:0,(anonymous_48)
FNDA:0,(anonymous_49)
FNDA:0,(anonymous_50)
FNDA:0,(anonymous_51)
FNDA:0,(anonymous_52)
FNDA:0,(anonymous_53)
FNDA:0,(anonymous_54)
FNDA:0,(anonymous_55)
FNDA:0,(anonymous_56)
FNDA:0,(anonymous_57)
FNDA:0,(anonymous_58)
FNDA:0,(anonymous_59)
FNDA:0,(anonymous_60)
FNDA:0,(anonymous_61)
DA:47,2
DA:58,105
DA:59,14
DA:62,105
DA:63,14
DA:64,14
DA:65,14
DA:66,14
DA:67,14
DA:70,105
DA:78,0
DA:79,0
DA:87,0
DA:88,0
DA:89,0
DA:90,0
DA:93,0
DA:95,0
DA:99,0
DA:103,0
DA:149,0
DA:150,0
DA:158,0
DA:159,0
DA:160,0
DA:161,0
DA:164,0
DA:165,0
DA:166,0
DA:167,0
DA:170,0
DA:172,0
DA:176,0
DA:182,0
DA:217,0
DA:260,310
DA:263,105
DA:264,105
DA:265,105
DA:266,105
DA:267,105
DA:268,105
DA:269,105
DA:272,105
DA:273,105
DA:274,105
DA:275,105
DA:276,105
DA:277,105
DA:278,105
DA:279,105
DA:282,105
DA:283,105
DA:285,105
DA:286,105
DA:287,105
DA:288,105
DA:289,105
DA:290,105
DA:291,105
DA:294,105
DA:296,105
DA:298,105
DA:299,105
DA:302,105
DA:303,105
DA:304,105
DA:306,105
DA:307,105
DA:309,105
DA:310,105
DA:312,105
DA:314,19
DA:324,105
DA:325,15
DA:327,4
DA:329,4
DA:335,4
DA:337,4
DA:338,2
DA:339,2
DA:340,2
DA:343,2
DA:344,2
DA:345,2
DA:346,2
DA:347,2
DA:348,4
DA:349,4
DA:350,4
DA:358,4
DA:359,2
DA:362,2
DA:363,2
DA:366,2
DA:368,2
DA:372,2
DA:375,2
DA:378,4
DA:379,4
DA:386,105
DA:387,27
DA:388,9
DA:393,105
DA:394,17
DA:395,6
DA:396,6
DA:397,0
DA:402,105
DA:403,0
DA:404,0
DA:405,0
DA:406,0
DA:407,0
DA:408,0
DA:410,0
DA:416,105
DA:417,4
DA:418,4
DA:419,4
DA:420,4
DA:421,4
DA:422,4
DA:423,3
DA:424,3
DA:425,3
DA:426,3
DA:427,4
DA:434,1
DA:436,4
DA:440,105
DA:441,0
DA:442,0
DA:443,0
DA:444,0
DA:447,0
DA:451,0
DA:452,0
DA:454,0
DA:455,0
DA:457,0
DA:459,0
DA:460,0
DA:461,0
DA:465,0
DA:466,0
DA:468,0
DA:472,0
DA:473,0
DA:474,0
DA:475,0
DA:476,0
DA:477,0
DA:478,0
DA:479,0
DA:480,0
DA:482,0
DA:487,0
DA:488,0
DA:489,0
DA:490,0
DA:495,0
DA:496,0
DA:500,0
DA:501,0
DA:506,0
DA:509,105
DA:510,0
DA:511,0
DA:512,0
DA:513,0
DA:514,0
DA:515,0
DA:516,0
DA:518,0
DA:520,0
DA:524,105
DA:525,0
DA:526,0
DA:527,0
DA:528,0
DA:529,0
DA:530,0
DA:531,0
DA:532,0
DA:533,0
DA:534,0
DA:536,0
DA:538,0
DA:542,105
DA:543,0
DA:544,0
DA:545,0
DA:549,0
DA:551,0
DA:552,0
DA:553,0
DA:554,0
DA:555,0
DA:557,0
DA:558,0
DA:564,105
DA:565,2
DA:576,1
DA:587,103
DA:588,94
DA:617,73
DA:618,74
DA:644,9
DA:663,0
DA:672,0
DA:695,27
DA:700,0
DA:778,0
DA:789,0
DA:801,0
DA:802,0
DA:803,0
DA:819,0
DA:820,0
DA:821,0
DA:869,0
DA:873,0
DA:898,0
DA:907,0
DA:928,0
DA:929,0
DA:931,0
LF:228
LH:110
BRDA:59,0,0,14
BRDA:59,0,1,0
BRDA:78,1,0,0
BRDA:78,1,1,0
BRDA:88,2,0,0
BRDA:88,2,1,0
BRDA:109,3,0,0
BRDA:109,3,1,0
BRDA:113,4,0,0
BRDA:113,4,1,0
BRDA:123,5,0,0
BRDA:123,5,1,0
BRDA:149,6,0,0
BRDA:149,6,1,0
BRDA:159,7,0,0
BRDA:159,7,1,0
BRDA:165,8,0,0
BRDA:165,8,1,0
BRDA:166,9,0,0
BRDA:166,9,1,0
BRDA:188,10,0,0
BRDA:188,10,1,0
BRDA:197,11,0,0
BRDA:197,11,1,0
BRDA:202,12,0,0
BRDA:202,12,1,0
BRDA:209,13,0,0
BRDA:209,13,1,0
BRDA:214,14,0,0
BRDA:214,14,1,0
BRDA:214,15,0,0
BRDA:214,15,1,0
BRDA:216,16,0,0
BRDA:216,16,1,0
BRDA:232,17,0,0
BRDA:232,17,1,0
BRDA:241,18,0,0
BRDA:241,18,1,0
BRDA:263,19,0,105
BRDA:263,19,1,97
BRDA:306,20,0,11
BRDA:306,20,1,94
BRDA:314,21,0,0
BRDA:314,21,1,19
BRDA:314,22,0,19
BRDA:314,22,1,0
BRDA:316,23,0,0
BRDA:316,23,1,0
BRDA:325,24,0,11
BRDA:325,24,1,4
BRDA:335,25,0,0
BRDA:335,25,1,4
BRDA:337,26,0,2
BRDA:337,26,1,2
BRDA:338,27,0,2
BRDA:338,27,1,0
BRDA:347,28,0,2
BRDA:347,28,1,2
BRDA:348,29,0,4
BRDA:348,29,1,2
BRDA:354,30,0,4
BRDA:354,30,1,2
BRDA:355,31,0,4
BRDA:355,31,1,2
BRDA:358,32,0,2
BRDA:358,32,1,2
BRDA:362,33,0,2
BRDA:362,33,1,0
BRDA:366,34,0,2
BRDA:366,34,1,0
BRDA:387,35,0,9
BRDA:387,35,1,18
BRDA:394,36,0,11
BRDA:394,36,1,6
BRDA:396,37,0,0
BRDA:396,37,1,6
BRDA:404,38,0,0
BRDA:404,38,1,0
BRDA:405,39,0,0
BRDA:405,39,1,0
BRDA:407,40,0,0
BRDA:407,40,1,0
BRDA:418,41,0,0
BRDA:418,41,1,4
BRDA:434,42,0,1
BRDA:434,42,1,0
BRDA:441,43,0,0
BRDA:441,43,1,0
BRDA:455,44,0,0
BRDA:455,44,1,0
BRDA:465,45,0,0
BRDA:465,45,1,0
BRDA:476,46,0,0
BRDA:476,46,1,0
BRDA:476,47,0,0
BRDA:476,47,1,0
BRDA:489,48,0,0
BRDA:489,48,1,0
BRDA:490,49,0,0
BRDA:490,49,1,0
BRDA:510,50,0,0
BRDA:510,50,1,0
BRDA:518,51,0,0
BRDA:518,51,1,0
BRDA:525,52,0,0
BRDA:525,52,1,0
BRDA:536,53,0,0
BRDA:536,53,1,0
BRDA:543,54,0,0
BRDA:543,54,1,0
BRDA:544,55,0,0
BRDA:544,55,1,0
BRDA:557,56,0,0
BRDA:557,56,1,0
BRDA:564,57,0,2
BRDA:564,57,1,103
BRDA:564,58,0,105
BRDA:564,58,1,8
BRDA:564,58,2,4
BRDA:564,58,3,2
BRDA:587,59,0,94
BRDA:587,59,1,9
BRDA:618,60,0,74
BRDA:618,60,1,1
BRDA:624,61,0,94
BRDA:624,61,1,1
BRDA:632,62,0,94
BRDA:632,62,1,90
BRDA:636,63,0,4
BRDA:636,63,1,90
BRDA:654,64,0,9
BRDA:654,64,1,0
BRDA:657,65,0,0
BRDA:657,65,1,0
BRDA:663,66,0,0
BRDA:663,66,1,0
BRDA:702,67,0,9
BRDA:702,67,1,18
BRDA:715,68,0,9
BRDA:715,68,1,0
BRDA:750,69,0,0
BRDA:750,69,1,9
BRDA:763,70,0,105
BRDA:763,70,1,0
BRDA:772,71,0,0
BRDA:772,71,1,9
BRDA:780,72,0,9
BRDA:780,72,1,0
BRDA:791,73,0,0
BRDA:791,73,1,9
BRDA:802,74,0,0
BRDA:802,74,1,0
BRDA:802,75,0,0
BRDA:802,75,1,0
BRDA:809,76,0,0
BRDA:809,76,1,9
BRDA:820,77,0,0
BRDA:820,77,1,0
BRDA:820,78,0,0
BRDA:820,78,1,0
BRDA:827,79,0,0
BRDA:827,79,1,9
BRDA:836,80,0,9
BRDA:836,80,1,0
BRDA:848,81,0,0
BRDA:848,81,1,0
BRDA:850,82,0,0
BRDA:850,82,1,0
BRDA:850,82,2,0
BRDA:863,83,0,0
BRDA:863,83,1,0
BRDA:882,84,0,0
BRDA:882,84,1,0
BRDA:894,85,0,105
BRDA:894,85,1,0
BRDA:902,86,0,0
BRDA:902,86,1,0
BRDA:904,87,0,0
BRDA:904,87,1,0
BRDA:909,88,0,0
BRDA:909,88,1,0
BRDA:910,89,0,0
BRDA:910,89,1,0
BRDA:910,89,2,0
BRF:184
BRH:61
end_of_record
TN:
SF:src/views/workshop/workshopMarkdown.ts
FN:3,block
FN:10,buildQualityAttributesMarkdown
FN:42,(anonymous_2)
FN:51,(anonymous_3)
FN:59,(anonymous_4)
FN:77,buildScenariosMarkdown
FNF:6
FNH:6
FNDA:18,block
FNDA:19,buildQualityAttributesMarkdown
FNDA:2,(anonymous_2)
FNDA:1,(anonymous_3)
FNDA:1,(anonymous_4)
FNDA:15,buildScenariosMarkdown
DA:4,18
DA:5,18
DA:6,17
DA:14,19
DA:16,19
DA:17,2
DA:19,19
DA:20,2
DA:23,19
DA:24,17
DA:25,17
DA:26,17
DA:27,17
DA:28,17
DA:29,17
DA:30,1
DA:34,17
DA:35,1
DA:37,17
DA:38,1
DA:40,17
DA:42,17
DA:43,17
DA:44,1
DA:45,1
DA:46,2
DA:48,1
DA:51,17
DA:52,17
DA:53,1
DA:54,1
DA:55,1
DA:59,17
DA:60,17
DA:61,1
DA:62,1
DA:63,1
DA:64,1
DA:65,1
DA:70,17
DA:73,19
DA:81,15
DA:83,15
DA:84,1
DA:86,15
DA:87,1
DA:90,15
DA:91,14
DA:92,14
DA:93,14
DA:94,14
DA:95,14
DA:96,14
DA:97,14
DA:98,14
DA:99,14
DA:100,14
DA:101,14
DA:103,14
DA:104,14
DA:106,14
DA:107,1
DA:109,14
DA:112,15
LF:64
LH:64
BRDA:5,0,0,1
BRDA:5,0,1,17
BRDA:16,1,0,2
BRDA:16,1,1,17
BRDA:19,2,0,2
BRDA:19,2,1,17
BRDA:29,3,0,1
BRDA:29,3,1,16
BRDA:29,4,0,17
BRDA:29,4,1,16
BRDA:31,5,0,1
BRDA:31,5,1,0
BRDA:31,6,0,1
BRDA:31,6,1,0
BRDA:34,7,0,1
BRDA:34,7,1,16
BRDA:37,8,0,1
BRDA:37,8,1,16
BRDA:42,9,0,17
BRDA:42,9,1,0
BRDA:43,10,0,1
BRDA:43,10,1,16
BRDA:51,11,0,17
BRDA:51,11,1,0
BRDA:52,12,0,1
BRDA:52,12,1,16
BRDA:59,13,0,17
BRDA:59,13,1,0
BRDA:60,14,0,1
BRDA:60,14,1,16
BRDA:64,15,0,1
BRDA:64,15,1,0
BRDA:83,16,0,1
BRDA:83,16,1,14
BRDA:86,17,0,1
BRDA:86,17,1,14
BRDA:91,18,0,14
BRDA:91,18,1,1
BRDA:95,19,0,13
BRDA:95,19,1,1
BRDA:96,20,0,13
BRDA:96,20,1,1
BRDA:97,21,0,13
BRDA:97,21,1,1
BRDA:98,22,0,14
BRDA:98,22,1,0
BRDA:99,23,0,14
BRDA:99,23,1,0
BRDA:100,24,0,14
BRDA:100,24,1,0
BRDA:103,25,0,14
BRDA:103,25,1,0
BRDA:106,26,0,1
BRDA:106,26,1,13
BRF:54
BRH:44
end_of_record
TN:
SF:src/views/workshop/components/AttributeCard.tsx
FN:28,AttributeCard
FN:89,(anonymous_1)
FN:122,(anonymous_2)
FNF:3
FNH:3
FNDA:18,AttributeCard
FNDA:180,(anonymous_1)
FNDA:2,(anonymous_2)
DA:3,3
DA:9,3
DA:16,3
DA:32,18
DA:33,18
DA:34,18
DA:36,18
DA:37,18
DA:38,18
DA:39,18
DA:40,1
DA:41,17
DA:42,2
DA:45,18
DA:90,180
DA:123,2
LF:16
LH:16
BRDA:30,0,0,18
BRDA:32,1,0,18
BRDA:32,1,1,0
BRDA:33,2,0,18
BRDA:33,2,1,0
BRDA:34,3,0,18
BRDA:34,3,1,0
BRDA:36,4,0,18
BRDA:36,4,1,15
BRDA:37,5,0,18
BRDA:37,5,1,16
BRDA:39,6,0,1
BRDA:39,6,1,17
BRDA:39,7,0,18
BRDA:39,7,1,3
BRDA:39,7,2,2
BRDA:41,8,0,2
BRDA:41,8,1,15
BRDA:58,9,0,3
BRDA:58,9,1,15
BRDA:61,10,0,1
BRDA:61,10,1,17
BRDA:65,11,0,0
BRDA:65,11,1,1
BRDA:65,12,0,1
BRDA:65,12,1,0
BRDA:72,13,0,1
BRDA:72,13,1,17
BRDA:72,14,0,18
BRDA:72,14,1,1
BRDA:72,14,2,1
BRDA:92,15,0,146
BRDA:92,15,1,34
BRDA:118,16,0,18
BRDA:118,16,1,2
BRF:35
BRH:30
end_of_record
TN:
SF:src/views/workshop/components/AttributePanel.tsx
FN:7,countByConfidence
FN:34,AttributePanel
FN:46,(anonymous_2)
FN:50,(anonymous_3)
FN:59,(anonymous_4)
FN:106,(anonymous_5)
FNF:6
FNH:6
FNDA:10,countByConfidence
FNDA:10,AttributePanel
FNDA:9,(anonymous_2)
FNDA:9,(anonymous_3)
FNDA:10,(anonymous_4)
FNDA:9,(anonymous_5)
DA:8,10
DA:9,10
DA:10,10
DA:11,10
DA:12,9
DA:13,2
DA:14,1
DA:16,10
DA:45,10
DA:46,10
DA:47,9
DA:50,10
DA:51,9
DA:55,10
DA:59,10
DA:61,10
DA:70,10
DA:107,9
LF:18
LH:18
BRDA:12,0,0,7
BRDA:12,0,1,2
BRDA:13,1,0,1
BRDA:13,1,1,1
BRDA:38,2,0,10
BRDA:47,3,0,9
BRDA:47,3,1,0
BRDA:51,4,0,9
BRDA:51,4,1,0
BRDA:55,5,0,5
BRDA:55,5,1,5
BRDA:61,6,0,1
BRDA:61,6,1,9
BRDA:61,7,0,10
BRDA:61,7,1,6
BRDA:63,8,0,1
BRDA:63,8,1,0
BRDA:78,9,0,10
BRDA:78,9,1,6
BRDA:78,9,2,1
BRDA:90,10,0,10
BRDA:90,10,1,5
BRDA:101,11,0,10
BRDA:101,11,1,4
BRDA:115,12,0,10
BRDA:115,12,1,0
BRDA:126,13,0,0
BRDA:126,13,1,0
BRF:28
BRH:22
end_of_record
TN:
SF:src/views/workshop/components/ConversationThread.tsx
FN:11,ConversationThread
FN:21,(anonymous_1)
FNF:2
FNH:2
FNDA:4,ConversationThread
FNDA:3,(anonymous_1)
DA:12,4
DA:22,3
LF:2
LH:2
BRDA:14,0,0,4
BRDA:14,0,1,2
BRDA:14,0,2,1
BRDA:24,1,0,2
BRDA:24,1,1,1
BRDA:28,2,0,2
BRDA:28,2,1,1
BRDA:37,3,0,4
BRDA:37,3,1,1
BRF:9
BRH:9
end_of_record
TN:
SF:src/views/workshop/components/GapIndicator.tsx
FN:32,GapIndicator
FN:41,(anonymous_1)
FN:42,(anonymous_2)
FN:46,(anonymous_3)
FN:47,(anonymous_4)
FN:50,(anonymous_5)
FN:55,(anonymous_6)
FN:85,(anonymous_7)
FN:93,(anonymous_8)
FN:114,(anonymous_9)
FNF:10
FNH:10
FNDA:7,GapIndicator
FNDA:2,(anonymous_1)
FNDA:2,(anonymous_2)
FNDA:28,(anonymous_3)
FNDA:16,(anonymous_4)
FNDA:4,(anonymous_5)
FNDA:6,(anonymous_6)
FNDA:28,(anonymous_7)
FNDA:2,(anonymous_8)
FNDA:3,(anonymous_9)
DA:5,2
DA:7,2
DA:14,2
DA:30,2
DA:39,7
DA:41,7
DA:42,2
DA:45,7
DA:46,7
DA:47,28
DA:48,28
DA:50,7
DA:52,7
DA:53,7
DA:55,7
DA:56,6
DA:57,6
DA:58,6
DA:61,7
DA:86,28
DA:87,28
DA:88,4
DA:89,28
DA:90,28
DA:93,2
DA:115,3
LF:26
LH:26
BRDA:53,0,0,7
BRDA:53,0,1,7
BRDA:56,1,0,6
BRDA:56,1,1,0
BRDA:57,2,0,0
BRDA:57,2,1,6
BRDA:69,3,0,7
BRDA:69,3,1,1
BRDA:85,4,0,0
BRDA:85,4,1,7
BRDA:86,5,0,0
BRDA:86,5,1,28
BRDA:86,6,0,28
BRDA:86,6,1,0
BRDA:87,7,0,24
BRDA:87,7,1,4
BRDA:88,8,0,4
BRDA:88,8,1,2
BRDA:89,9,0,0
BRDA:89,9,1,4
BRDA:89,10,0,4
BRDA:89,10,1,0
BRDA:101,11,0,1
BRDA:101,11,1,3
BRDA:112,12,0,28
BRDA:112,12,1,3
BRDA:118,13,0,0
BRDA:118,13,1,3
BRDA:120,14,0,3
BRDA:120,14,1,0
BRDA:122,15,0,0
BRDA:122,15,1,3
BRDA:133,16,0,7
BRDA:133,16,1,0
BRDA:142,17,0,7
BRDA:142,17,1,0
BRF:36
BRH:24
end_of_record
TN:
SF:src/views/workshop/components/GeneratePanel.tsx
FN:16,GeneratePanel
FNF:1
FNH:1
FNDA:7,GeneratePanel
DA:27,7
DA:29,6
DA:30,7
DA:31,7
DA:33,7
DA:34,7
DA:35,7
DA:36,7
DA:37,7
DA:39,7
DA:40,1
DA:41,1
DA:42,1
DA:44,1
DA:45,1
DA:46,5
DA:47,1
DA:48,1
DA:49,1
DA:50,1
DA:51,1
DA:52,4
DA:53,4
DA:54,4
DA:57,6
LF:25
LH:25
BRDA:27,0,0,1
BRDA:27,0,1,6
BRDA:29,1,0,6
BRDA:29,1,1,2
BRDA:30,2,0,7
BRDA:30,2,1,2
BRDA:39,3,0,1
BRDA:39,3,1,5
BRDA:46,4,0,1
BRDA:46,4,1,4
BRDA:52,5,0,4
BRDA:52,5,1,0
BRDA:65,6,0,0
BRDA:65,6,1,6
BRDA:65,7,0,6
BRDA:65,7,1,1
BRDA:71,8,0,1
BRDA:71,8,1,5
BRDA:75,9,0,5
BRDA:75,9,1,5
BRDA:78,10,0,0
BRDA:78,10,1,5
BRDA:84,11,0,7
BRDA:84,11,1,6
BRDA:87,12,0,0
BRDA:87,12,1,6
BRF:26
BRH:22
end_of_record
TN:
SF:src/views/workshop/components/InputPanel.tsx
FN:15,InputPanel
FN:19,(anonymous_1)
FN:25,(anonymous_2)
FN:30,(anonymous_3)
FN:38,(anonymous_4)
FNF:5
FNH:5
FNDA:20,InputPanel
FNDA:10,(anonymous_1)
FNDA:7,(anonymous_2)
FNDA:3,(anonymous_3)
FNDA:2,(anonymous_4)
DA:3,2
DA:16,20
DA:19,20
DA:20,10
DA:21,1
DA:25,20
DA:26,7
DA:27,7
DA:30,20
DA:31,3
DA:32,3
DA:33,3
DA:34,3
DA:35,3
DA:38,20
DA:39,2
DA:40,1
DA:41,1
DA:45,20
DA:47,20
LF:20
LH:20
BRDA:16,0,0,20
BRDA:16,0,1,19
BRDA:20,1,0,1
BRDA:20,1,1,9
BRDA:32,2,0,0
BRDA:32,2,1,3
BRDA:32,3,0,3
BRDA:32,3,1,3
BRDA:39,4,0,1
BRDA:39,4,1,1
BRDA:39,5,0,2
BRDA:39,5,1,2
BRDA:49,6,0,20
BRDA:49,6,1,1
BRDA:61,7,0,20
BRDA:61,7,1,20
BRDA:68,8,0,20
BRDA:68,8,1,18
BRDA:79,9,0,20
BRDA:79,9,1,2
BRF:20
BRH:19
end_of_record
TN:
SF:src/views/workshop/components/ProgressTracker.tsx
FN:23,normalizePhase
FN:33,ProgressTracker
FN:35,(anonymous_2)
FN:46,(anonymous_3)
FNF:4
FNH:4
FNDA:4,normalizePhase
FNDA:4,ProgressTracker
FNDA:12,(anonymous_2)
FNDA:20,(anonymous_3)
DA:1,2
DA:10,2
DA:24,4
DA:34,4
DA:35,12
DA:37,4
DA:47,20
DA:48,20
DA:49,20
LF:9
LH:9
BRDA:24,0,0,4
BRDA:24,0,1,3
BRDA:53,1,0,3
BRDA:53,1,1,17
BRDA:55,2,0,4
BRDA:55,2,1,13
BRDA:60,3,0,20
BRDA:60,3,1,4
BRDA:67,4,0,20
BRDA:67,4,1,16
BRDA:68,5,0,4
BRDA:68,5,1,12
BRDA:77,6,0,4
BRDA:77,6,1,1
BRF:14
BRH:14
end_of_record
TN:
SF:src/views/workshop/components/ReadinessModal.tsx
FN:9,readinessBadge
FN:24,ConfidenceChip
FN:44,ReadinessModal
FN:97,(anonymous_3)
FN:118,(anonymous_4)
FN:148,(anonymous_5)
FN:158,(anonymous_6)
FNF:7
FNH:7
FNDA:9,readinessBadge
FNDA:9,ConfidenceChip
FNDA:11,ReadinessModal
FNDA:9,(anonymous_3)
FNDA:9,(anonymous_4)
FNDA:1,(anonymous_5)
FNDA:1,(anonymous_6)
DA:10,9
DA:12,1
DA:14,7
DA:16,0
DA:18,1
DA:20,0
DA:25,9
DA:30,9
DA:31,9
DA:51,11
DA:53,9
DA:55,9
DA:98,9
DA:119,9
DA:149,1
DA:150,1
DA:159,1
DA:160,1
LF:18
LH:16
BRDA:10,0,0,1
BRDA:10,0,1,7
BRDA:10,0,2,0
BRDA:10,0,3,1
BRDA:10,0,4,0
BRDA:20,1,0,0
BRDA:20,1,1,0
BRDA:30,2,0,9
BRDA:30,2,1,0
BRDA:51,3,0,2
BRDA:51,3,1,9
BRDA:51,4,0,11
BRDA:51,4,1,10
BRDA:82,5,0,9
BRDA:82,5,1,9
BRDA:112,6,0,11
BRDA:112,6,1,9
BRDA:121,7,0,9
BRDA:121,7,1,0
BRDA:119,8,0,9
BRDA:119,8,1,0
BRDA:133,9,0,11
BRDA:133,9,1,9
BRF:23
BRH:16
end_of_record
TN:
SF:src/views/workshop/components/ScenarioCard.tsx
FN:29,ScenarioCard
FN:86,(anonymous_1)
FN:93,(anonymous_2)
FNF:3
FNH:3
FNDA:10,ScenarioCard
FNDA:1,(anonymous_1)
FNDA:1,(anonymous_2)
DA:4,2
DA:12,2
DA:30,10
DA:31,10
DA:32,10
DA:33,10
DA:35,10
DA:86,1
DA:94,1
DA:95,1
LF:10
LH:10
BRDA:31,0,0,10
BRDA:31,0,1,0
BRDA:43,1,0,10
BRDA:43,1,1,0
BRDA:46,2,0,10
BRDA:46,2,1,1
BRDA:50,3,0,10
BRDA:50,3,1,0
BRDA:54,4,0,10
BRDA:54,4,1,0
BRDA:58,5,0,10
BRDA:58,5,1,0
BRDA:63,6,0,4
BRDA:63,6,1,6
BRDA:64,7,0,0
BRDA:64,7,1,4
BRDA:67,8,0,6
BRDA:67,8,1,0
BRDA:75,9,0,10
BRDA:75,9,1,10
BRDA:81,10,0,10
BRDA:81,10,1,6
BRDA:81,10,2,4
BRF:23
BRH:16
end_of_record
