TN:
SF:src/App.tsx
FN:29,App
FN:30,(anonymous_1)
FN:31,(anonymous_2)
FN:32,(anonymous_3)
FN:33,(anonymous_4)
FN:34,(anonymous_5)
FN:35,(anonymous_6)
FN:36,(anonymous_7)
FN:45,(anonymous_8)
FN:46,(anonymous_9)
FN:55,(anonymous_10)
FN:69,(anonymous_11)
FN:74,(anonymous_12)
FN:114,(anonymous_13)
FNF:14
FNH:14
FNDA:16,App
FNDA:51,(anonymous_1)
FNDA:51,(anonymous_2)
FNDA:51,(anonymous_3)
FNDA:51,(anonymous_4)
FNDA:51,(anonymous_5)
FNDA:51,(anonymous_6)
FNDA:51,(anonymous_7)
FNDA:25,(anonymous_8)
FNDA:146,(anonymous_9)
FNDA:1,(anonymous_10)
FNDA:42,(anonymous_11)
FNDA:3,(anonymous_12)
FNDA:1,(anonymous_13)
DA:11,1
DA:30,51
DA:31,51
DA:32,51
DA:33,51
DA:34,51
DA:35,51
DA:36,51
DA:37,16
DA:40,16
DA:41,2
DA:44,14
DA:45,25
DA:46,146
DA:48,16
DA:55,1
DA:70,42
DA:71,42
DA:74,3
DA:114,1
LF:20
LH:20
BRDA:40,0,0,2
BRDA:40,0,1,14
BRDA:45,1,0,25
BRDA:45,1,1,13
BRDA:46,2,0,14
BRDA:46,2,1,2
BRDA:46,2,2,1
BRDA:70,3,0,42
BRDA:70,3,1,28
BRDA:74,4,0,3
BRDA:74,4,1,3
BRDA:77,5,0,14
BRDA:77,5,1,28
BRDA:79,6,0,12
BRDA:79,6,1,16
BRDA:95,7,0,16
BRDA:95,7,1,1
BRDA:109,8,0,16
BRDA:109,8,1,0
BRDA:128,9,0,16
BRDA:128,9,1,11
BRDA:129,10,0,16
BRDA:129,10,1,2
BRDA:134,11,0,16
BRDA:134,11,1,1
BRF:25
BRH:24
end_of_record
TN:
SF:src/api/architecture.ts
FN:5,authFetch
FN:15,getArchitecture
FN:23,getDiagram
FNF:3
FNH:3
FNDA:3,authFetch
FNDA:2,getArchitecture
FNDA:1,getDiagram
DA:3,1
DA:6,3
DA:9,3
DA:10,1
DA:12,2
DA:19,2
DA:20,1
DA:27,1
DA:28,1
LF:9
LH:9
BRDA:9,0,0,1
BRDA:9,0,1,2
BRF:2
BRH:2
end_of_record
TN:
SF:src/api/auth.ts
FN:6,getToken
FN:20,register
FN:31,(anonymous_2)
FN:40,login
FN:50,(anonymous_4)
FNF:5
FNH:3
FNDA:2,getToken
FNDA:2,register
FNDA:0,(anonymous_2)
FNDA:2,login
FNDA:0,(anonymous_4)
DA:3,1
DA:7,2
DA:12,2
DA:13,1
DA:15,1
DA:16,1
DA:25,2
DA:30,2
DA:31,1
DA:32,1
DA:36,1
DA:44,2
DA:49,2
DA:50,1
DA:51,1
DA:55,1
LF:16
LH:16
BRDA:12,0,0,1
BRDA:12,0,1,1
BRDA:30,1,0,1
BRDA:30,1,1,1
BRDA:33,2,0,1
BRDA:33,2,1,0
BRDA:33,2,2,0
BRDA:49,3,0,1
BRDA:49,3,1,1
BRDA:52,4,0,1
BRDA:52,4,1,0
BRDA:52,4,2,0
BRF:12
BRH:8
end_of_record
TN:
SF:src/api/chat.ts
FN:9,streamChat
FN:27,(anonymous_1)
FNF:2
FNH:1
FNDA:7,streamChat
FNDA:0,(anonymous_1)
DA:3,1
DA:16,7
DA:26,7
DA:27,1
DA:28,1
DA:31,6
DA:32,7
DA:34,5
DA:35,5
DA:37,5
DA:38,5
DA:39,13
DA:40,13
DA:42,8
DA:43,8
DA:44,8
DA:46,13
DA:47,8
DA:48,8
DA:51,8
DA:55,8
DA:57,8
DA:58,8
DA:59,8
DA:67,5
DA:68,0
DA:71,0
DA:72,0
DA:73,0
DA:74,0
DA:81,5
LF:31
LH:26
BRDA:26,0,0,1
BRDA:26,0,1,6
BRDA:32,1,0,1
BRDA:32,1,1,6
BRDA:40,2,0,5
BRDA:40,2,1,8
BRDA:44,3,0,8
BRDA:44,3,1,0
BRDA:48,4,0,0
BRDA:48,4,1,8
BRDA:51,5,0,6
BRDA:51,5,1,2
BRDA:55,6,0,0
BRDA:55,6,1,8
BRDA:55,7,0,8
BRDA:55,7,1,8
BRDA:67,8,0,0
BRDA:67,8,1,5
BRDA:68,9,0,0
BRDA:68,9,1,0
BRDA:71,10,0,0
BRDA:71,10,1,0
BRDA:71,11,0,0
BRDA:71,11,1,0
BRF:24
BRH:14
end_of_record
TN:
SF:src/api/governance.ts
FN:10,authFetch
FN:20,getTradeOffs
FN:30,getAdl
FN:37,getAdlHard
FN:44,getAdlByCategory
FN:55,getWeaknesses
FN:65,getFmea
FNF:7
FNH:7
FNDA:7,authFetch
FNDA:2,getTradeOffs
FNDA:1,getAdl
FNDA:1,getAdlHard
FNDA:1,getAdlByCategory
FNDA:1,getWeaknesses
FNDA:1,getFmea
DA:8,1
DA:11,7
DA:14,7
DA:15,1
DA:17,6
DA:24,2
DA:34,1
DA:41,1
DA:49,1
DA:59,1
DA:69,1
LF:11
LH:11
BRDA:14,0,0,1
BRDA:14,0,1,6
BRF:2
BRH:2
end_of_record
TN:
SF:src/components/MarkdownRenderer.tsx
FN:8,MarkdownRenderer
FNF:1
FNH:1
FNDA:9,MarkdownRenderer
DA:9,9
DA:10,2
DA:17,7
LF:3
LH:3
BRDA:9,0,0,2
BRDA:9,0,1,7
BRF:2
BRH:2
end_of_record
TN:
SF:src/components/MermaidDiagram.tsx
FN:15,MermaidDiagram
FN:19,(anonymous_1)
FN:24,(anonymous_2)
FN:39,(anonymous_3)
FNF:4
FNH:4
FNDA:5,MermaidDiagram
FNDA:4,(anonymous_1)
FNDA:2,(anonymous_2)
FNDA:2,(anonymous_3)
DA:4,1
DA:16,5
DA:17,5
DA:19,5
DA:20,4
DA:22,2
DA:24,2
DA:25,2
DA:26,2
DA:27,2
DA:28,1
DA:29,1
DA:30,1
DA:33,1
DA:34,1
DA:39,2
DA:40,2
DA:44,5
DA:45,2
DA:52,3
DA:53,1
DA:65,2
LF:22
LH:22
BRDA:15,0,0,5
BRDA:20,1,0,2
BRDA:20,1,1,2
BRDA:20,2,0,4
BRDA:20,2,1,2
BRDA:28,3,0,1
BRDA:28,3,1,0
BRDA:28,4,0,1
BRDA:28,4,1,1
BRDA:33,5,0,1
BRDA:33,5,1,0
BRDA:34,6,0,1
BRDA:34,6,1,0
BRDA:44,7,0,2
BRDA:44,7,1,3
BRDA:52,8,0,1
BRDA:52,8,1,2
BRF:17
BRH:14
end_of_record
TN:
SF:src/components/SeverityGrid.tsx
FN:7,rpnColor
FN:14,SeverityGrid
FN:24,(anonymous_2)
FN:25,(anonymous_3)
FN:41,(anonymous_4)
FN:49,(anonymous_5)
FN:52,(anonymous_6)
FN:55,(anonymous_7)
FN:62,(anonymous_8)
FN:65,(anonymous_9)
FN:93,(anonymous_10)
FN:94,(anonymous_11)
FNF:12
FNH:12
FNDA:20,rpnColor
FNDA:5,SeverityGrid
FNDA:20,(anonymous_2)
FNDA:100,(anonymous_3)
FNDA:20,(anonymous_4)
FNDA:20,(anonymous_5)
FNDA:100,(anonymous_6)
FNDA:10,(anonymous_7)
FNDA:10,(anonymous_8)
FNDA:10,(anonymous_9)
FNDA:8,(anonymous_10)
FNDA:10,(anonymous_11)
DA:8,20
DA:9,18
DA:10,18
DA:11,12
DA:15,5
DA:16,1
DA:24,4
DA:25,100
DA:28,4
DA:29,10
DA:30,10
DA:31,10
DA:34,4
DA:42,20
DA:50,20
DA:53,100
DA:54,100
DA:55,10
DA:57,100
DA:62,10
DA:65,10
DA:93,8
DA:95,10
LF:23
LH:23
BRDA:8,0,0,2
BRDA:8,0,1,18
BRDA:9,1,0,0
BRDA:9,1,1,18
BRDA:10,2,0,6
BRDA:10,2,1,12
BRDA:15,3,0,1
BRDA:15,3,1,4
BRDA:54,4,0,10
BRDA:54,4,1,90
BRDA:60,5,0,10
BRDA:60,5,1,90
BRDA:64,6,0,100
BRDA:64,6,1,10
BRF:14
BRH:13
end_of_record
TN:
SF:src/components/StageProgress.tsx
FN:19,statusIcon
FN:32,statusColor
FN:49,StageProgress
FN:50,(anonymous_3)
FN:54,(anonymous_4)
FNF:5
FNH:5
FNDA:72,statusIcon
FNDA:72,statusColor
FNDA:6,StageProgress
FNDA:72,(anonymous_3)
FNDA:72,(anonymous_4)
DA:4,1
DA:20,72
DA:22,1
DA:24,1
DA:26,1
DA:28,69
DA:33,72
DA:35,1
DA:37,1
DA:39,1
DA:41,69
DA:50,72
DA:52,6
DA:55,72
DA:56,72
DA:57,72
LF:16
LH:16
BRDA:20,0,0,1
BRDA:20,0,1,1
BRDA:20,0,2,1
BRDA:20,0,3,69
BRDA:33,1,0,1
BRDA:33,1,1,1
BRDA:33,1,2,1
BRDA:33,1,3,69
BRDA:56,2,0,72
BRDA:56,2,1,0
BRDA:65,3,0,72
BRDA:65,3,1,0
BRF:12
BRH:10
end_of_record
TN:
SF:src/hooks/useConversation.ts
FN:8,useConversation
FN:9,(anonymous_1)
FN:10,(anonymous_2)
FN:11,(anonymous_3)
FN:12,(anonymous_4)
FN:13,(anonymous_5)
FN:14,(anonymous_6)
FN:18,(anonymous_7)
FNF:8
FNH:7
FNDA:4,useConversation
FNDA:12,(anonymous_1)
FNDA:12,(anonymous_2)
FNDA:12,(anonymous_3)
FNDA:12,(anonymous_4)
FNDA:12,(anonymous_5)
FNDA:12,(anonymous_6)
FNDA:0,(anonymous_7)
DA:9,12
DA:10,12
DA:11,12
DA:12,12
DA:13,12
DA:14,12
DA:15,4
DA:17,4
DA:19,0
DA:24,4
LF:10
LH:9
BRF:0
BRH:0
end_of_record
TN:
SF:src/hooks/useGovernance.ts
FN:16,useGovernance
FN:17,(anonymous_1)
FN:18,(anonymous_2)
FN:28,(anonymous_3)
FN:37,(anonymous_4)
FN:52,(anonymous_5)
FNF:6
FNH:6
FNDA:8,useGovernance
FNDA:24,(anonymous_1)
FNDA:24,(anonymous_2)
FNDA:4,(anonymous_3)
FNDA:1,(anonymous_4)
FNDA:4,(anonymous_5)
DA:17,24
DA:18,24
DA:20,8
DA:21,8
DA:22,8
DA:23,8
DA:24,8
DA:25,8
DA:26,8
DA:28,8
DA:29,4
DA:30,2
DA:31,2
DA:32,2
DA:33,2
DA:37,1
DA:40,1
DA:41,1
DA:42,1
DA:43,1
DA:44,1
DA:46,1
DA:48,2
DA:52,8
DA:53,4
DA:56,8
LF:26
LH:26
BRDA:29,0,0,2
BRDA:29,0,1,2
BRDA:29,1,0,4
BRDA:29,1,1,3
BRDA:46,2,0,1
BRDA:46,2,1,0
BRF:6
BRH:5
end_of_record
TN:
SF:src/hooks/useSSEStream.ts
FN:9,useSSEStream
FN:11,(anonymous_1)
FN:12,(anonymous_2)
FN:13,(anonymous_3)
FN:14,(anonymous_4)
FN:15,(anonymous_5)
FN:18,(anonymous_6)
FN:50,(anonymous_7)
FNF:8
FNH:8
FNDA:5,useSSEStream
FNDA:27,(anonymous_1)
FNDA:27,(anonymous_2)
FNDA:27,(anonymous_3)
FNDA:27,(anonymous_4)
FNDA:27,(anonymous_5)
FNDA:4,(anonymous_6)
FNDA:1,(anonymous_7)
DA:10,5
DA:11,27
DA:12,27
DA:13,27
DA:14,27
DA:15,27
DA:17,5
DA:19,4
DA:20,1
DA:21,1
DA:24,3
DA:25,4
DA:26,4
DA:28,4
DA:29,4
DA:31,4
DA:32,4
DA:40,1
DA:41,1
DA:44,3
DA:50,5
DA:51,1
DA:52,1
DA:55,5
LF:24
LH:24
BRDA:19,0,0,1
BRDA:19,0,1,3
BRDA:35,1,0,4
BRDA:35,1,1,2
BRDA:40,2,0,1
BRDA:40,2,1,0
BRDA:41,3,0,1
BRDA:41,3,1,0
BRF:8
BRH:6
end_of_record
TN:
SF:src/store/useStore.ts
FN:34,initialStages
FN:35,(anonymous_1)
FN:41,(anonymous_2)
FN:45,(anonymous_3)
FN:46,(anonymous_4)
FN:55,(anonymous_5)
FN:56,(anonymous_6)
FN:57,(anonymous_7)
FN:58,(anonymous_8)
FN:59,(anonymous_9)
FN:61,(anonymous_10)
FN:74,(anonymous_11)
FN:84,(anonymous_12)
FN:107,(anonymous_13)
FN:119,(anonymous_14)
FNF:15
FNH:15
FNDA:26,initialStages
FNDA:312,(anonymous_1)
FNDA:6,(anonymous_2)
FNDA:5,(anonymous_3)
FNDA:8,(anonymous_4)
FNDA:2,(anonymous_5)
FNDA:11,(anonymous_6)
FNDA:6,(anonymous_7)
FNDA:3,(anonymous_8)
FNDA:3,(anonymous_9)
FNDA:9,(anonymous_10)
FNDA:24,(anonymous_11)
FNDA:12,(anonymous_12)
FNDA:12,(anonymous_13)
FNDA:20,(anonymous_14)
DA:35,312
DA:41,6
DA:45,5
DA:46,8
DA:55,2
DA:56,11
DA:57,6
DA:59,3
DA:62,9
DA:64,9
DA:66,2
DA:67,1
DA:69,2
DA:72,2
DA:73,2
DA:75,24
DA:79,2
DA:82,1
DA:83,1
DA:85,12
DA:91,1
DA:94,2
DA:101,2
DA:104,1
DA:108,12
DA:111,1
DA:115,1
DA:120,20
LF:28
LH:28
BRDA:64,0,0,2
BRDA:64,0,1,2
BRDA:64,0,2,1
BRDA:64,0,3,2
BRDA:64,0,4,1
BRDA:64,0,5,1
BRDA:66,1,0,1
BRDA:66,1,1,1
BRDA:72,2,0,2
BRDA:72,2,1,0
BRDA:75,3,0,2
BRDA:75,3,1,22
BRDA:82,4,0,1
BRDA:82,4,1,0
BRDA:85,5,0,1
BRDA:85,5,1,11
BRDA:97,6,0,2
BRDA:97,6,1,1
BRDA:97,6,2,0
BRDA:106,7,0,1
BRDA:106,7,1,0
BRDA:108,8,0,1
BRDA:108,8,1,11
BRF:23
BRH:19
end_of_record
TN:
SF:src/types/api.ts
FNF:0
FNH:0
DA:3,7
LF:1
LH:1
BRF:0
BRH:0
end_of_record
TN:
SF:src/views/ArchitectureView.tsx
FN:4,ArchitectureView
FN:47,(anonymous_1)
FN:76,(anonymous_2)
FNF:3
FNH:3
FNDA:4,ArchitectureView
FNDA:2,(anonymous_1)
FNDA:1,(anonymous_2)
DA:5,4
DA:7,4
DA:8,1
DA:15,3
DA:16,1
DA:23,2
DA:24,1
DA:31,1
DA:48,2
DA:77,1
LF:10
LH:10
BRDA:7,0,0,1
BRDA:7,0,1,3
BRDA:15,1,0,1
BRDA:15,1,1,2
BRDA:23,2,0,1
BRDA:23,2,1,1
BRF:6
BRH:6
end_of_record
TN:
SF:src/views/ChatView.tsx
FN:12,ChatView
FN:27,(anonymous_1)
FN:34,(anonymous_2)
FN:42,(anonymous_3)
FN:51,(anonymous_4)
FN:57,(anonymous_5)
FN:84,(anonymous_6)
FN:87,(anonymous_7)
FN:161,(anonymous_8)
FN:167,(anonymous_9)
FNF:10
FNH:10
FNDA:30,ChatView
FNDA:11,(anonymous_1)
FNDA:29,(anonymous_2)
FNDA:1,(anonymous_3)
FNDA:1,(anonymous_4)
FNDA:1,(anonymous_5)
FNDA:92,(anonymous_6)
FNDA:1,(anonymous_7)
FNDA:17,(anonymous_8)
FNDA:17,(anonymous_9)
DA:5,1
DA:13,30
DA:14,30
DA:15,30
DA:16,30
DA:23,30
DA:27,30
DA:28,11
DA:29,11
DA:34,30
DA:35,29
DA:36,29
DA:37,29
DA:42,30
DA:43,1
DA:44,1
DA:45,1
DA:46,1
DA:47,1
DA:48,1
DA:51,30
DA:52,1
DA:53,1
DA:54,1
DA:57,30
DA:58,1
DA:59,1
DA:62,30
DA:64,30
DA:85,92
DA:87,1
DA:161,17
DA:168,17
DA:169,0
DA:170,0
LF:35
LH:33
BRDA:28,0,0,11
BRDA:28,0,1,0
BRDA:35,1,0,29
BRDA:35,1,1,0
BRDA:44,2,0,0
BRDA:44,2,1,1
BRDA:44,3,0,1
BRDA:44,3,1,1
BRDA:52,4,0,0
BRDA:52,4,1,1
BRDA:62,5,0,30
BRDA:62,5,1,28
BRDA:68,6,0,23
BRDA:68,6,1,7
BRDA:101,7,0,7
BRDA:101,7,1,2
BRDA:116,8,0,7
BRDA:116,8,1,1
BRDA:126,9,0,7
BRDA:126,9,1,2
BRDA:126,9,2,5
BRDA:135,10,0,5
BRDA:135,10,1,0
BRDA:144,11,0,5
BRDA:144,11,1,3
BRDA:144,11,2,3
BRDA:168,12,0,0
BRDA:168,12,1,17
BRDA:168,13,0,17
BRDA:168,13,1,0
BRDA:175,14,0,3
BRDA:175,14,1,27
BRF:32
BRH:25
end_of_record
TN:
SF:src/views/GovernanceView.tsx
FN:8,GovernanceView
FN:39,(anonymous_1)
FN:42,(anonymous_2)
FN:62,(anonymous_3)
FN:105,(anonymous_4)
FN:133,(anonymous_5)
FNF:6
FNH:6
FNDA:12,GovernanceView
FNDA:40,(anonymous_1)
FNDA:4,(anonymous_2)
FNDA:1,(anonymous_3)
FNDA:1,(anonymous_4)
FNDA:1,(anonymous_5)
DA:9,12
DA:10,12
DA:12,12
DA:19,12
DA:20,1
DA:27,11
DA:28,1
DA:35,10
DA:40,40
DA:42,4
DA:63,1
DA:106,1
DA:134,1
LF:13
LH:13
BRDA:19,0,0,1
BRDA:19,0,1,11
BRDA:27,1,0,1
BRDA:27,1,1,10
BRDA:44,2,0,10
BRDA:44,2,1,30
BRDA:56,3,0,10
BRDA:56,3,1,6
BRDA:58,4,0,5
BRDA:58,4,1,1
BRDA:92,5,0,12
BRDA:92,5,1,1
BRDA:94,6,0,0
BRDA:94,6,1,1
BRDA:123,7,0,12
BRDA:123,7,1,2
BRDA:125,8,0,1
BRDA:125,8,1,1
BRDA:125,9,0,2
BRDA:125,9,1,1
BRDA:145,10,0,1
BRDA:145,10,1,0
BRDA:147,11,0,0
BRDA:147,11,1,0
BRDA:149,12,0,0
BRDA:149,12,1,0
BRDA:176,13,0,12
BRDA:176,13,1,1
BRF:28
BRH:22
end_of_record
TN:
SF:src/views/LoginView.tsx
FN:8,LoginView
FN:9,(anonymous_1)
FN:17,(anonymous_2)
FN:36,(anonymous_3)
FN:77,(anonymous_4)
FN:94,(anonymous_5)
FN:111,(anonymous_6)
FN:168,(anonymous_7)
FN:179,(anonymous_8)
FNF:9
FNH:8
FNDA:69,LoginView
FNDA:210,(anonymous_1)
FNDA:3,(anonymous_2)
FNDA:1,(anonymous_3)
FNDA:5,(anonymous_4)
FNDA:21,(anonymous_5)
FNDA:27,(anonymous_6)
FNDA:2,(anonymous_7)
FNDA:0,(anonymous_8)
DA:9,210
DA:10,69
DA:11,69
DA:12,69
DA:13,69
DA:14,69
DA:15,69
DA:17,69
DA:18,3
DA:19,3
DA:20,3
DA:21,3
DA:22,3
DA:23,1
DA:24,1
DA:26,2
DA:27,1
DA:30,1
DA:32,3
DA:36,69
DA:37,1
DA:38,1
DA:39,1
DA:40,1
DA:41,1
DA:43,0
DA:45,1
DA:49,69
DA:77,5
DA:94,21
DA:111,27
DA:168,2
DA:179,0
LF:33
LH:31
BRDA:22,0,0,1
BRDA:22,0,1,2
BRDA:24,1,0,1
BRDA:24,1,1,1
BRDA:24,1,2,0
BRDA:27,2,0,1
BRDA:27,2,1,0
BRDA:61,3,0,44
BRDA:61,3,1,25
BRDA:68,4,0,69
BRDA:68,4,1,25
BRDA:112,5,0,25
BRDA:112,5,1,44
BRDA:118,6,0,69
BRDA:118,6,1,1
BRDA:133,7,0,4
BRDA:133,7,1,65
BRDA:135,8,0,41
BRDA:135,8,1,24
BRDA:164,9,0,44
BRDA:164,9,1,25
BRF:21
BRH:19
end_of_record
