TN:
SF:src/App.tsx
FN:32,safeGetItem
FN:41,safeSetItem
FN:50,safeRemoveItem
FN:59,readLastView
FN:93,AppContent
FN:94,(anonymous_5)
FN:95,(anonymous_6)
FN:96,(anonymous_7)
FN:97,(anonymous_8)
FN:98,(anonymous_9)
FN:99,(anonymous_10)
FN:100,(anonymous_11)
FN:101,(anonymous_12)
FN:102,(anonymous_13)
FN:103,(anonymous_14)
FN:104,(anonymous_15)
FN:105,(anonymous_16)
FN:119,(anonymous_17)
FN:120,(anonymous_18)
FN:121,(anonymous_19)
FN:126,(anonymous_20)
FN:131,(anonymous_21)
FN:139,(anonymous_22)
FN:142,(anonymous_23)
FN:145,(anonymous_24)
FN:149,(anonymous_25)
FN:154,(anonymous_26)
FN:162,(anonymous_27)
FN:165,(anonymous_28)
FN:168,(anonymous_29)
FN:172,(anonymous_30)
FN:178,(anonymous_31)
FN:189,(anonymous_32)
FN:194,(anonymous_33)
FN:198,(anonymous_34)
FN:203,(anonymous_35)
FN:209,(anonymous_36)
FN:217,(anonymous_37)
FN:225,(anonymous_38)
FN:230,(anonymous_39)
FN:234,(anonymous_40)
FN:237,(anonymous_41)
FN:255,(anonymous_42)
FN:256,(anonymous_43)
FN:261,(anonymous_44)
FN:296,(anonymous_45)
FN:311,(anonymous_46)
FN:311,(anonymous_47)
FN:324,(anonymous_48)
FN:324,(anonymous_49)
FN:327,(anonymous_50)
FN:352,(anonymous_51)
FN:352,(anonymous_52)
FN:355,(anonymous_53)
FN:386,(anonymous_54)
FN:391,(anonymous_55)
FN:420,(anonymous_56)
FN:426,(anonymous_57)
FN:464,(anonymous_58)
FN:487,(anonymous_59)
FN:499,(anonymous_60)
FN:510,(anonymous_61)
FN:525,(anonymous_62)
FN:527,(anonymous_63)
FN:562,(anonymous_64)
FN:567,(anonymous_65)
FN:595,(anonymous_66)
FN:601,(anonymous_67)
FN:629,(anonymous_68)
FN:656,(anonymous_69)
FN:673,(anonymous_70)
FN:689,(anonymous_71)
FN:710,(anonymous_72)
FN:727,(anonymous_73)
FN:734,(anonymous_74)
FN:757,App
FNF:76
FNH:43
FNDA:21,safeGetItem
FNDA:5,safeSetItem
FNDA:2,safeRemoveItem
FNDA:15,readLastView
FNDA:39,AppContent
FNDA:121,(anonymous_5)
FNDA:121,(anonymous_6)
FNDA:121,(anonymous_7)
FNDA:121,(anonymous_8)
FNDA:121,(anonymous_9)
FNDA:121,(anonymous_10)
FNDA:121,(anonymous_11)
FNDA:121,(anonymous_12)
FNDA:121,(anonymous_13)
FNDA:121,(anonymous_14)
FNDA:121,(anonymous_15)
FNDA:15,(anonymous_16)
FNDA:65,(anonymous_17)
FNDA:532,(anonymous_18)
FNDA:507,(anonymous_19)
FNDA:5,(anonymous_20)
FNDA:21,(anonymous_21)
FNDA:0,(anonymous_22)
FNDA:0,(anonymous_23)
FNDA:0,(anonymous_24)
FNDA:0,(anonymous_25)
FNDA:18,(anonymous_26)
FNDA:13,(anonymous_27)
FNDA:0,(anonymous_28)
FNDA:13,(anonymous_29)
FNDA:13,(anonymous_30)
FNDA:18,(anonymous_31)
FNDA:1,(anonymous_32)
FNDA:0,(anonymous_33)
FNDA:1,(anonymous_34)
FNDA:1,(anonymous_35)
FNDA:21,(anonymous_36)
FNDA:15,(anonymous_37)
FNDA:0,(anonymous_38)
FNDA:0,(anonymous_39)
FNDA:0,(anonymous_40)
FNDA:0,(anonymous_41)
FNDA:15,(anonymous_42)
FNDA:0,(anonymous_43)
FNDA:15,(anonymous_44)
FNDA:1,(anonymous_45)
FNDA:0,(anonymous_46)
FNDA:0,(anonymous_47)
FNDA:175,(anonymous_48)
FNDA:105,(anonymous_49)
FNDA:0,(anonymous_50)
FNDA:105,(anonymous_51)
FNDA:63,(anonymous_52)
FNDA:3,(anonymous_53)
FNDA:0,(anonymous_54)
FNDA:0,(anonymous_55)
FNDA:0,(anonymous_56)
FNDA:0,(anonymous_57)
FNDA:1,(anonymous_58)
FNDA:0,(anonymous_59)
FNDA:0,(anonymous_60)
FNDA:0,(anonymous_61)
FNDA:0,(anonymous_62)
FNDA:0,(anonymous_63)
FNDA:0,(anonymous_64)
FNDA:0,(anonymous_65)
FNDA:0,(anonymous_66)
FNDA:0,(anonymous_67)
FNDA:0,(anonymous_68)
FNDA:0,(anonymous_69)
FNDA:0,(anonymous_70)
FNDA:0,(anonymous_71)
FNDA:0,(anonymous_72)
FNDA:175,(anonymous_73)
FNDA:0,(anonymous_74)
FNDA:15,App
DA:27,1
DA:33,21
DA:34,21
DA:35,21
DA:37,0
DA:42,5
DA:43,5
DA:44,5
DA:51,2
DA:52,2
DA:53,2
DA:60,15
DA:61,15
DA:62,14
DA:65,1
DA:94,121
DA:95,121
DA:96,121
DA:97,121
DA:98,121
DA:99,121
DA:100,121
DA:101,121
DA:102,121
DA:103,121
DA:104,121
DA:105,39
DA:106,39
DA:107,39
DA:108,39
DA:109,39
DA:110,39
DA:111,39
DA:112,39
DA:113,39
DA:114,39
DA:115,39
DA:116,39
DA:118,39
DA:119,65
DA:120,532
DA:121,507
DA:124,39
DA:126,39
DA:127,5
DA:128,5
DA:131,39
DA:132,21
DA:133,21
DA:134,17
DA:136,0
DA:137,0
DA:138,0
DA:140,0
DA:143,0
DA:146,0
DA:149,0
DA:150,0
DA:154,39
DA:155,18
DA:156,18
DA:157,14
DA:159,13
DA:160,13
DA:161,13
DA:163,13
DA:166,0
DA:169,13
DA:172,13
DA:173,13
DA:178,39
DA:179,18
DA:180,18
DA:181,14
DA:182,13
DA:184,6
DA:185,6
DA:187,1
DA:188,1
DA:190,1
DA:191,1
DA:192,1
DA:195,0
DA:196,0
DA:199,1
DA:200,0
DA:203,1
DA:204,1
DA:209,39
DA:210,21
DA:211,17
DA:212,0
DA:217,39
DA:218,15
DA:219,15
DA:220,0
DA:225,39
DA:226,0
DA:227,0
DA:230,39
DA:234,0
DA:237,39
DA:238,0
DA:239,0
DA:240,0
DA:241,0
DA:244,0
DA:245,0
DA:246,0
DA:250,0
DA:255,39
DA:256,15
DA:257,0
DA:258,0
DA:260,15
DA:261,15
DA:265,39
DA:266,4
DA:279,35
DA:289,39
DA:297,1
DA:298,1
DA:311,0
DA:324,175
DA:325,105
DA:327,0
DA:352,105
DA:353,63
DA:355,3
DA:387,0
DA:388,0
DA:391,0
DA:421,0
DA:422,0
DA:423,0
DA:426,0
DA:465,1
DA:466,1
DA:467,1
DA:468,1
DA:487,0
DA:499,0
DA:511,0
DA:512,0
DA:513,0
DA:526,0
DA:527,0
DA:528,0
DA:563,0
DA:564,0
DA:567,0
DA:596,0
DA:597,0
DA:598,0
DA:601,0
DA:630,0
DA:631,0
DA:632,0
DA:633,0
DA:634,0
DA:656,0
DA:674,0
DA:675,0
DA:690,0
DA:691,0
DA:711,0
DA:715,0
DA:716,0
DA:717,0
DA:728,175
DA:729,175
DA:730,175
DA:734,0
DA:758,15
LF:174
LH:107
BRDA:34,0,0,0
BRDA:34,0,1,21
BRDA:43,1,0,0
BRDA:43,1,1,5
BRDA:52,2,0,0
BRDA:52,2,1,2
BRDA:61,3,0,1
BRDA:61,3,1,14
BRDA:61,4,0,15
BRDA:61,4,1,15
BRDA:61,4,2,15
BRDA:61,4,3,14
BRDA:61,4,4,14
BRDA:105,5,0,15
BRDA:105,5,1,14
BRDA:119,6,0,65
BRDA:119,6,1,37
BRDA:119,6,2,37
BRDA:120,7,0,39
BRDA:120,7,1,38
BRDA:121,8,0,39
BRDA:121,8,1,3
BRDA:121,8,2,2
BRDA:121,8,3,2
BRDA:133,9,0,4
BRDA:133,9,1,17
BRDA:134,10,0,17
BRDA:134,10,1,0
BRDA:140,11,0,0
BRDA:140,11,1,0
BRDA:143,12,0,0
BRDA:143,12,1,0
BRDA:143,13,0,0
BRDA:143,13,1,0
BRDA:146,14,0,0
BRDA:146,14,1,0
BRDA:156,15,0,4
BRDA:156,15,1,14
BRDA:157,16,0,1
BRDA:157,16,1,13
BRDA:163,17,0,13
BRDA:163,17,1,0
BRDA:166,18,0,0
BRDA:166,18,1,0
BRDA:166,19,0,0
BRDA:166,19,1,0
BRDA:169,20,0,12
BRDA:169,20,1,1
BRDA:180,21,0,4
BRDA:180,21,1,14
BRDA:181,22,0,1
BRDA:181,22,1,13
BRDA:182,23,0,7
BRDA:182,23,1,6
BRDA:185,24,0,5
BRDA:185,24,1,1
BRDA:190,25,0,0
BRDA:190,25,1,1
BRDA:195,26,0,0
BRDA:195,26,1,0
BRDA:199,27,0,1
BRDA:199,27,1,0
BRDA:210,28,0,4
BRDA:210,28,1,17
BRDA:211,29,0,0
BRDA:211,29,1,17
BRDA:211,30,0,17
BRDA:211,30,1,7
BRDA:211,30,2,7
BRDA:218,31,0,0
BRDA:218,31,1,15
BRDA:219,32,0,0
BRDA:219,32,1,15
BRDA:219,33,0,15
BRDA:219,33,1,14
BRDA:219,33,2,1
BRDA:238,34,0,0
BRDA:238,34,1,0
BRDA:238,35,0,0
BRDA:238,35,1,0
BRDA:265,36,0,4
BRDA:265,36,1,35
BRDA:279,37,0,25
BRDA:279,37,1,10
BRDA:281,38,0,5
BRDA:281,38,1,5
BRDA:283,39,0,4
BRDA:283,39,1,1
BRDA:285,40,0,1
BRDA:285,40,1,0
BRDA:309,41,0,39
BRDA:309,41,1,0
BRDA:324,42,0,175
BRDA:324,42,1,140
BRDA:324,42,2,105
BRDA:329,43,0,30
BRDA:329,43,1,75
BRDA:343,44,0,39
BRDA:343,44,1,21
BRDA:352,45,0,105
BRDA:352,45,1,84
BRDA:357,46,0,5
BRDA:357,46,1,58
BRDA:375,47,0,0
BRDA:375,47,1,35
BRDA:377,48,0,0
BRDA:377,48,1,35
BRDA:378,49,0,0
BRDA:378,49,1,0
BRDA:380,50,0,0
BRDA:380,50,1,0
BRDA:382,51,0,0
BRDA:382,51,1,0
BRDA:393,52,0,0
BRDA:393,52,1,0
BRDA:401,53,0,0
BRDA:401,53,1,0
BRDA:402,54,0,0
BRDA:402,54,1,0
BRDA:412,55,0,13
BRDA:412,55,1,22
BRDA:414,56,0,0
BRDA:414,56,1,22
BRDA:416,57,0,22
BRDA:416,57,1,0
BRDA:427,58,0,0
BRDA:427,58,1,0
BRDA:429,59,0,0
BRDA:429,59,1,0
BRDA:432,60,0,0
BRDA:432,60,1,0
BRDA:432,61,0,0
BRDA:432,61,1,0
BRDA:437,62,0,0
BRDA:437,62,1,0
BRDA:438,63,0,0
BRDA:438,63,1,0
BRDA:447,64,0,39
BRDA:447,64,1,1
BRDA:459,65,0,39
BRDA:459,65,1,0
BRDA:482,66,0,39
BRDA:482,66,1,0
BRDA:494,67,0,0
BRDA:494,67,1,0
BRDA:523,68,0,0
BRDA:523,68,1,0
BRDA:540,69,0,0
BRDA:540,69,1,0
BRDA:551,70,0,0
BRDA:551,70,1,0
BRDA:553,71,0,0
BRDA:553,71,1,0
BRDA:554,72,0,0
BRDA:554,72,1,0
BRDA:556,73,0,0
BRDA:556,73,1,0
BRDA:558,74,0,0
BRDA:558,74,1,0
BRDA:569,75,0,0
BRDA:569,75,1,0
BRDA:576,76,0,0
BRDA:576,76,1,0
BRDA:577,77,0,0
BRDA:577,77,1,0
BRDA:587,78,0,0
BRDA:587,78,1,0
BRDA:589,79,0,0
BRDA:589,79,1,0
BRDA:591,80,0,0
BRDA:591,80,1,0
BRDA:602,81,0,0
BRDA:602,81,1,0
BRDA:604,82,0,0
BRDA:604,82,1,0
BRDA:607,83,0,0
BRDA:607,83,1,0
BRDA:607,84,0,0
BRDA:607,84,1,0
BRDA:611,85,0,0
BRDA:611,85,1,0
BRDA:612,86,0,0
BRDA:612,86,1,0
BRDA:624,87,0,0
BRDA:624,87,1,0
BRDA:665,88,0,39
BRDA:665,88,1,21
BRDA:687,89,0,39
BRDA:687,89,1,25
BRDA:695,90,0,39
BRDA:695,90,1,5
BRDA:696,91,0,39
BRDA:696,91,1,4
BRDA:701,92,0,39
BRDA:701,92,1,1
BRDA:706,93,0,39
BRDA:706,93,1,0
BRDA:708,94,0,0
BRDA:708,94,1,0
BRDA:729,95,0,175
BRDA:729,95,1,140
BRDA:729,95,2,70
BRDA:737,96,0,35
BRDA:737,96,1,140
BRDA:738,97,0,28
BRDA:738,97,1,147
BRDA:739,98,0,35
BRDA:739,98,1,140
BRF:208
BRH:103
end_of_record
TN:
SF:src/api/architecture.ts
FN:6,getArchitecture
FN:16,getDiagramCollection
FNF:2
FNH:2
FNDA:2,getArchitecture
FNDA:1,getDiagramCollection
DA:4,2
DA:10,2
DA:20,1
LF:3
LH:3
BRF:0
BRH:0
end_of_record
TN:
SF:src/api/auth.ts
FN:25,(anonymous_0)
FN:42,readJsonBody
FN:43,(anonymous_2)
FN:46,resolveErrorMessage
FN:55,normalizeNetworkError
FN:62,classifyPasswordResetField
FN:76,getToken
FN:95,register
FN:120,login
FN:146,requestPasswordReset
FN:181,validateResetToken
FN:218,confirmPasswordReset
FNF:12
FNH:10
FNDA:1,(anonymous_0)
FNDA:6,readJsonBody
FNDA:0,(anonymous_2)
FNDA:6,resolveErrorMessage
FNDA:0,normalizeNetworkError
FNDA:1,classifyPasswordResetField
FNDA:2,getToken
FNDA:2,register
FNDA:2,login
FNDA:2,requestPasswordReset
FNDA:1,validateResetToken
FNDA:3,confirmPasswordReset
DA:3,1
DA:4,1
DA:30,1
DA:31,1
DA:32,1
DA:33,1
DA:43,6
DA:50,6
DA:51,6
DA:52,6
DA:56,0
DA:57,0
DA:59,0
DA:66,1
DA:67,1
DA:69,0
DA:70,0
DA:72,0
DA:78,2
DA:79,2
DA:85,0
DA:87,2
DA:88,1
DA:90,1
DA:91,1
DA:101,2
DA:102,2
DA:108,0
DA:110,2
DA:111,1
DA:112,1
DA:116,1
DA:125,2
DA:126,2
DA:132,0
DA:134,2
DA:135,1
DA:136,1
DA:140,1
DA:150,2
DA:151,2
DA:157,0
DA:163,2
DA:164,1
DA:165,1
DA:170,1
DA:171,0
DA:172,0
DA:175,1
DA:185,1
DA:186,1
DA:190,0
DA:196,1
DA:197,1
DA:198,1
DA:207,0
DA:208,0
DA:209,0
DA:212,0
DA:224,3
DA:225,3
DA:231,0
DA:237,3
DA:238,1
DA:239,1
DA:247,2
DA:248,1
DA:250,1
DA:251,1
DA:252,1
DA:259,1
DA:260,0
DA:261,0
DA:264,1
LF:74
LH:54
BRDA:27,0,0,1
BRDA:50,1,0,2
BRDA:50,1,1,4
BRDA:51,2,0,4
BRDA:51,2,1,2
BRDA:52,3,0,6
BRDA:52,3,1,4
BRDA:52,3,2,0
BRDA:56,4,0,0
BRDA:56,4,1,0
BRDA:66,5,0,1
BRDA:66,5,1,0
BRDA:69,6,0,0
BRDA:69,6,1,0
BRDA:72,7,0,0
BRDA:72,7,1,0
BRDA:87,8,0,1
BRDA:87,8,1,1
BRDA:110,9,0,1
BRDA:110,9,1,1
BRDA:134,10,0,1
BRDA:134,10,1,1
BRDA:163,11,0,1
BRDA:163,11,1,1
BRDA:170,12,0,0
BRDA:170,12,1,1
BRDA:196,13,0,1
BRDA:196,13,1,0
BRDA:207,14,0,0
BRDA:207,14,1,0
BRDA:237,15,0,1
BRDA:237,15,1,2
BRDA:247,16,0,1
BRDA:247,16,1,1
BRDA:250,17,0,1
BRDA:250,17,1,0
BRDA:259,18,0,0
BRDA:259,18,1,1
BRF:38
BRH:24
end_of_record
TN:
SF:src/api/chat.ts
FN:5,(anonymous_0)
FN:7,(anonymous_1)
FN:10,readSseStream
FN:84,streamChat
FN:117,(anonymous_4)
FN:124,(anonymous_5)
FN:130,getRunStatus
FN:140,(anonymous_7)
FN:147,reattachStream
FN:160,(anonymous_9)
FN:165,(anonymous_10)
FNF:11
FNH:8
FNDA:4,(anonymous_0)
FNDA:3,(anonymous_1)
FNDA:9,readSseStream
FNDA:8,streamChat
FNDA:0,(anonymous_4)
FNDA:4,(anonymous_5)
FNDA:4,getRunStatus
FNDA:0,(anonymous_7)
FNDA:3,reattachStream
FNDA:0,(anonymous_9)
FNDA:1,(anonymous_10)
DA:4,1
DA:5,1
DA:6,4
DA:7,1
DA:8,3
DA:15,9
DA:16,9
DA:18,8
DA:19,8
DA:20,8
DA:22,8
DA:23,8
DA:24,19
DA:25,19
DA:27,11
DA:28,11
DA:29,11
DA:31,19
DA:32,11
DA:33,11
DA:34,11
DA:36,11
DA:40,11
DA:42,11
DA:43,11
DA:44,11
DA:45,10
DA:52,8
DA:53,1
DA:54,1
DA:55,1
DA:58,1
DA:59,1
DA:60,1
DA:61,1
DA:62,1
DA:70,8
DA:73,8
DA:74,4
DA:77,4
DA:93,8
DA:97,8
DA:101,8
DA:105,8
DA:116,8
DA:117,1
DA:118,1
DA:124,7
DA:125,4
DA:126,1
DA:134,4
DA:138,4
DA:139,3
DA:140,1
DA:141,1
DA:144,2
DA:154,3
DA:159,3
DA:160,1
DA:161,1
DA:165,2
DA:166,1
LF:62
LH:62
BRDA:8,0,0,1
BRDA:8,0,1,2
BRDA:16,1,0,1
BRDA:16,1,1,8
BRDA:25,2,0,8
BRDA:25,2,1,11
BRDA:29,3,0,11
BRDA:29,3,1,0
BRDA:33,4,0,0
BRDA:33,4,1,11
BRDA:34,5,0,0
BRDA:34,5,1,11
BRDA:36,6,0,9
BRDA:36,6,1,2
BRDA:40,7,0,0
BRDA:40,7,1,11
BRDA:40,8,0,11
BRDA:40,8,1,11
BRDA:44,9,0,4
BRDA:44,9,1,7
BRDA:52,10,0,1
BRDA:52,10,1,7
BRDA:54,11,0,1
BRDA:54,11,1,0
BRDA:55,12,0,1
BRDA:55,12,1,0
BRDA:58,13,0,1
BRDA:58,13,1,0
BRDA:58,14,0,1
BRDA:58,14,1,1
BRDA:61,15,0,0
BRDA:61,15,1,1
BRDA:73,16,0,4
BRDA:73,16,1,4
BRDA:73,17,0,8
BRDA:73,17,1,4
BRDA:93,18,0,0
BRDA:93,18,1,8
BRDA:97,19,0,8
BRDA:97,19,1,0
BRDA:101,20,0,8
BRDA:101,20,1,0
BRDA:116,21,0,1
BRDA:116,21,1,7
BRDA:125,22,0,3
BRDA:125,22,1,1
BRDA:138,23,0,1
BRDA:138,23,1,3
BRDA:139,24,0,1
BRDA:139,24,1,2
BRDA:159,25,0,1
BRDA:159,25,1,2
BRDA:166,26,0,0
BRDA:166,26,1,1
BRF:54
BRH:42
end_of_record
TN:
SF:src/api/governance.ts
FN:16,getTradeOffs
FN:26,getAdl
FN:33,getAdlHard
FN:40,getAdlByCategory
FN:51,getWeaknesses
FN:61,getFmea
FN:68,getFmeaRisks
FN:75,getGovernanceReport
FN:85,getTactics
FN:101,getTacticsSummary
FN:111,getBuyVsBuildSummary
FN:125,getBuyVsBuildConflicts
FNF:12
FNH:12
FNDA:2,getTradeOffs
FNDA:1,getAdl
FNDA:1,getAdlHard
FNDA:1,getAdlByCategory
FNDA:1,getWeaknesses
FNDA:1,getFmea
FNDA:1,getFmeaRisks
FNDA:1,getGovernanceReport
FNDA:2,getTactics
FNDA:1,getTacticsSummary
FNDA:2,getBuyVsBuildSummary
FNDA:1,getBuyVsBuildConflicts
DA:14,4
DA:20,2
DA:30,1
DA:37,1
DA:45,1
DA:55,1
DA:65,1
DA:72,1
DA:79,1
DA:90,2
DA:91,2
DA:92,2
DA:93,2
DA:94,2
DA:95,2
DA:105,1
DA:116,2
DA:117,2
DA:118,2
DA:119,2
DA:129,1
LF:21
LH:21
BRDA:91,0,0,1
BRDA:91,0,1,1
BRDA:92,1,0,1
BRDA:92,1,1,1
BRDA:93,2,0,1
BRDA:93,2,1,1
BRDA:94,3,0,1
BRDA:94,3,1,1
BRDA:117,4,0,1
BRDA:117,4,1,1
BRDA:118,5,0,1
BRDA:118,5,1,1
BRF:12
BRH:12
end_of_record
TN:
SF:src/api/http.ts
FN:13,(anonymous_0)
FN:22,statusMessage
FN:40,authFetchJson
FNF:3
FNH:3
FNDA:17,(anonymous_0)
FNDA:13,statusMessage
FNDA:44,authFetchJson
DA:14,17
DA:15,17
DA:16,17
DA:17,17
DA:23,13
DA:24,1
DA:25,2
DA:26,1
DA:27,1
DA:28,1
DA:29,1
DA:30,0
DA:31,1
DA:32,1
DA:33,1
DA:34,1
DA:35,1
DA:36,1
DA:45,44
DA:46,44
DA:51,1
DA:54,43
DA:55,29
DA:59,14
DA:60,2
DA:64,14
DA:65,14
DA:66,44
DA:67,1
DA:73,14
DA:74,44
LF:31
LH:30
BRDA:23,0,0,1
BRDA:23,0,1,2
BRDA:23,0,2,1
BRDA:23,0,3,1
BRDA:23,0,4,1
BRDA:23,0,5,1
BRDA:23,0,6,0
BRDA:23,0,7,1
BRDA:23,0,8,1
BRDA:23,0,9,1
BRDA:23,0,10,1
BRDA:23,0,11,1
BRDA:23,0,12,1
BRDA:54,1,0,29
BRDA:54,1,1,14
BRDA:59,2,0,2
BRDA:59,2,1,12
BRDA:65,3,0,14
BRDA:65,3,1,13
BRDA:66,4,0,1
BRDA:66,4,1,43
BRDA:66,5,0,44
BRDA:66,5,1,14
BRDA:73,6,0,14
BRDA:73,6,1,13
BRDA:73,6,2,13
BRF:26
BRH:25
end_of_record
TN:
SF:src/api/sessions.ts
FN:6,listSessions
FN:10,getSessionMessages
FNF:2
FNH:2
FNDA:2,listSessions
FNDA:2,getSessionMessages
DA:4,1
DA:7,2
DA:14,2
LF:3
LH:3
BRF:0
BRH:0
end_of_record
TN:
SF:src/api/workshop.ts
FN:17,authPost
FN:42,createWorkshopSession
FN:50,submitWorkshopTurn
FN:59,getWorkshopSession
FN:67,getWorkshopAttributes
FN:79,getWorkshopScenarios
FN:87,completeWorkshopSession
FN:96,sendWorkshopToPipeline
FN:110,listWorkshopSessions
FN:117,getWorkshopMessages
FN:125,assessGenerationReadiness
FN:136,generateAttributes
FN:150,getUtilityTree
FN:161,getImplications
FNF:14
FNH:14
FNDA:6,authPost
FNDA:2,createWorkshopSession
FNDA:1,submitWorkshopTurn
FNDA:1,getWorkshopSession
FNDA:2,getWorkshopAttributes
FNDA:1,getWorkshopScenarios
FNDA:1,completeWorkshopSession
FNDA:1,sendWorkshopToPipeline
FNDA:1,listWorkshopSessions
FNDA:1,getWorkshopMessages
FNDA:1,assessGenerationReadiness
FNDA:1,generateAttributes
FNDA:1,getUtilityTree
FNDA:1,getImplications
DA:15,2
DA:23,6
DA:32,6
DA:33,5
DA:34,5
DA:37,1
DA:38,1
DA:46,2
DA:55,1
DA:63,1
DA:72,2
DA:75,2
DA:83,1
DA:91,1
DA:100,1
DA:101,1
DA:113,1
DA:121,1
DA:129,1
DA:140,1
DA:154,1
DA:165,1
LF:22
LH:22
BRDA:21,0,0,6
BRDA:30,1,0,3
BRDA:30,1,1,3
BRDA:32,2,0,5
BRDA:32,2,1,1
BRDA:33,3,0,0
BRDA:33,3,1,5
BRDA:72,4,0,1
BRDA:72,4,1,1
BRF:9
BRH:8
end_of_record
TN:
SF:src/components/CopyButton.tsx
FN:18,CopyButton
FN:21,(anonymous_1)
FN:26,(anonymous_2)
FNF:3
FNH:2
FNDA:36,CopyButton
FNDA:2,(anonymous_1)
FNDA:0,(anonymous_2)
DA:19,36
DA:21,36
DA:22,2
DA:23,2
DA:24,2
DA:25,2
DA:26,2
DA:32,36
LF:8
LH:8
BRDA:18,0,0,36
BRDA:18,1,0,36
BRDA:37,2,0,0
BRDA:37,2,1,36
BRDA:38,3,0,0
BRDA:38,3,1,36
BRDA:41,4,0,0
BRDA:41,4,1,36
BRDA:51,5,0,36
BRDA:51,5,1,21
BRDA:52,6,0,0
BRDA:52,6,1,21
BRF:12
BRH:8
end_of_record
TN:
SF:src/components/DiagramErrorBoundary.tsx
FN:19,(anonymous_0)
FN:24,(anonymous_1)
FN:31,(anonymous_2)
FN:41,(anonymous_3)
FNF:4
FNH:4
FNDA:8,(anonymous_0)
FNDA:2,(anonymous_1)
FNDA:2,(anonymous_2)
FNDA:11,(anonymous_3)
DA:20,8
DA:21,8
DA:25,4
DA:32,2
DA:42,11
DA:43,4
DA:72,7
LF:7
LH:7
BRDA:42,0,0,4
BRDA:42,0,1,7
BRDA:59,1,0,4
BRDA:59,1,1,4
BRF:4
BRH:4
end_of_record
TN:
SF:src/components/MarkdownRenderer.tsx
FN:10,(anonymous_0)
FN:17,(anonymous_1)
FN:20,(anonymous_2)
FN:25,(anonymous_3)
FN:28,(anonymous_4)
FN:33,(anonymous_5)
FN:41,(anonymous_6)
FN:49,(anonymous_7)
FN:57,(anonymous_8)
FN:62,(anonymous_9)
FN:67,(anonymous_10)
FN:70,MarkdownRenderer
FNF:12
FNH:12
FNDA:1,(anonymous_0)
FNDA:1,(anonymous_1)
FNDA:2,(anonymous_2)
FNDA:2,(anonymous_3)
FNDA:2,(anonymous_4)
FNDA:1,(anonymous_5)
FNDA:1,(anonymous_6)
FNDA:2,(anonymous_7)
FNDA:1,(anonymous_8)
FNDA:1,(anonymous_9)
FNDA:1,(anonymous_10)
FNDA:16,MarkdownRenderer
DA:9,2
DA:11,1
DA:18,1
DA:21,2
DA:26,2
DA:29,2
DA:34,1
DA:42,1
DA:50,2
DA:58,1
DA:63,1
DA:67,1
DA:71,16
DA:72,2
DA:79,14
LF:15
LH:15
BRDA:71,0,0,2
BRDA:71,0,1,14
BRF:2
BRH:2
end_of_record
TN:
SF:src/components/MermaidDiagram.tsx
FN:15,MermaidDiagram
FN:19,(anonymous_1)
FN:24,(anonymous_2)
FN:39,(anonymous_3)
FNF:4
FNH:4
FNDA:5,MermaidDiagram
FNDA:4,(anonymous_1)
FNDA:2,(anonymous_2)
FNDA:2,(anonymous_3)
DA:4,1
DA:16,5
DA:17,5
DA:19,5
DA:20,4
DA:22,2
DA:24,2
DA:25,2
DA:26,2
DA:27,2
DA:28,1
DA:29,1
DA:30,1
DA:33,1
DA:34,1
DA:39,2
DA:40,2
DA:44,5
DA:45,2
DA:52,3
DA:53,1
DA:65,2
LF:22
LH:22
BRDA:15,0,0,5
BRDA:20,1,0,2
BRDA:20,1,1,2
BRDA:20,2,0,4
BRDA:20,2,1,2
BRDA:28,3,0,1
BRDA:28,3,1,0
BRDA:28,4,0,1
BRDA:28,4,1,1
BRDA:33,5,0,1
BRDA:33,5,1,0
BRDA:34,6,0,1
BRDA:34,6,1,0
BRDA:44,7,0,2
BRDA:44,7,1,3
BRDA:52,8,0,1
BRDA:52,8,1,2
BRF:17
BRH:14
end_of_record
TN:
SF:src/components/SeverityGrid.tsx
FN:7,rpnColor
FN:14,SeverityGrid
FN:24,(anonymous_2)
FN:25,(anonymous_3)
FN:41,(anonymous_4)
FN:49,(anonymous_5)
FN:52,(anonymous_6)
FN:55,(anonymous_7)
FN:62,(anonymous_8)
FN:65,(anonymous_9)
FN:93,(anonymous_10)
FN:94,(anonymous_11)
FNF:12
FNH:12
FNDA:20,rpnColor
FNDA:5,SeverityGrid
FNDA:20,(anonymous_2)
FNDA:100,(anonymous_3)
FNDA:20,(anonymous_4)
FNDA:20,(anonymous_5)
FNDA:100,(anonymous_6)
FNDA:10,(anonymous_7)
FNDA:10,(anonymous_8)
FNDA:10,(anonymous_9)
FNDA:8,(anonymous_10)
FNDA:10,(anonymous_11)
DA:8,20
DA:9,18
DA:10,18
DA:11,12
DA:15,5
DA:16,1
DA:24,4
DA:25,100
DA:28,4
DA:29,10
DA:30,10
DA:31,10
DA:34,4
DA:42,20
DA:50,20
DA:53,100
DA:54,100
DA:55,10
DA:57,100
DA:62,10
DA:65,10
DA:93,8
DA:95,10
LF:23
LH:23
BRDA:8,0,0,2
BRDA:8,0,1,18
BRDA:9,1,0,0
BRDA:9,1,1,18
BRDA:10,2,0,6
BRDA:10,2,1,12
BRDA:15,3,0,1
BRDA:15,3,1,4
BRDA:54,4,0,10
BRDA:54,4,1,90
BRDA:60,5,0,10
BRDA:60,5,1,90
BRDA:64,6,0,100
BRDA:64,6,1,10
BRF:14
BRH:13
end_of_record
TN:
SF:src/components/StageProgress.tsx
FN:21,StatusIcon
FN:66,statusSymbol
FN:83,rowTextColor
FN:98,StageProgress
FN:99,(anonymous_4)
FN:103,(anonymous_5)
FNF:6
FNH:6
FNDA:84,StatusIcon
FNDA:84,statusSymbol
FNDA:84,rowTextColor
FNDA:6,StageProgress
FNDA:84,(anonymous_4)
FNDA:84,(anonymous_5)
DA:4,1
DA:22,84
DA:23,84
DA:25,1
DA:31,0
DA:39,1
DA:46,1
DA:52,0
DA:58,81
DA:67,84
DA:69,1
DA:71,0
DA:73,1
DA:75,1
DA:77,0
DA:79,81
DA:84,84
DA:85,1
DA:86,0
DA:87,1
DA:88,1
DA:89,0
DA:90,81
DA:99,84
DA:101,6
DA:104,84
DA:105,84
DA:106,84
LF:28
LH:22
BRDA:23,0,0,1
BRDA:23,0,1,0
BRDA:23,0,2,1
BRDA:23,0,3,1
BRDA:23,0,4,0
BRDA:23,0,5,81
BRDA:67,1,0,1
BRDA:67,1,1,0
BRDA:67,1,2,1
BRDA:67,1,3,1
BRDA:67,1,4,0
BRDA:67,1,5,81
BRDA:84,2,0,1
BRDA:84,2,1,0
BRDA:84,2,2,1
BRDA:84,2,3,1
BRDA:84,2,4,0
BRDA:84,2,5,81
BRDA:105,3,0,84
BRDA:105,3,1,0
BRDA:109,4,0,1
BRDA:109,4,1,83
BRDA:115,5,0,84
BRDA:115,5,1,0
BRF:24
BRH:16
end_of_record
TN:
SF:src/components/StructuredData.tsx
FN:6,formatValue
FN:12,StructuredDataCard
FN:50,(anonymous_2)
FN:66,downloadMarkdown
FN:86,MarkdownExportActions
FN:114,(anonymous_5)
FN:134,(anonymous_6)
FN:145,StructuredExportBar
FNF:8
FNH:8
FNDA:8,formatValue
FNDA:6,StructuredDataCard
FNDA:8,(anonymous_2)
FNDA:3,downloadMarkdown
FNDA:11,MarkdownExportActions
FNDA:1,(anonymous_5)
FNDA:1,(anonymous_6)
FNDA:12,StructuredExportBar
DA:7,8
DA:8,7
DA:9,5
DA:27,6
DA:51,8
DA:67,3
DA:68,3
DA:69,3
DA:70,3
DA:71,3
DA:72,3
DA:73,3
DA:77,5
DA:83,5
DA:103,11
DA:106,10
DA:108,10
DA:109,2
DA:114,1
DA:125,8
DA:134,1
DA:152,12
LF:22
LH:22
BRDA:7,0,0,1
BRDA:7,0,1,7
BRDA:7,1,0,8
BRDA:7,1,1,7
BRDA:8,2,0,2
BRDA:8,2,1,5
BRDA:8,3,0,1
BRDA:8,3,1,1
BRDA:17,4,0,6
BRDA:37,5,0,6
BRDA:37,5,1,3
BRDA:39,6,0,6
BRDA:39,6,1,2
BRDA:56,7,0,8
BRDA:56,7,1,1
BRDA:89,8,0,11
BRDA:90,9,0,11
BRDA:91,10,0,11
BRDA:103,11,0,1
BRDA:103,11,1,10
BRDA:108,12,0,2
BRDA:108,12,1,8
BRDA:129,13,0,8
BRDA:129,13,1,8
BRF:24
BRH:24
end_of_record
TN:
SF:src/components/Toast.tsx
FN:36,(anonymous_0)
FN:50,emitToast
FN:58,nextId
FN:62,ToastProvider
FN:66,(anonymous_4)
FN:67,(anonymous_5)
FN:67,(anonymous_6)
FN:75,(anonymous_7)
FN:79,(anonymous_8)
FN:84,(anonymous_9)
FN:91,(anonymous_10)
FN:92,(anonymous_11)
FN:97,(anonymous_12)
FN:110,useToast
FN:157,ToastContainer
FN:166,(anonymous_15)
FN:178,(anonymous_16)
FNF:17
FNH:16
FNDA:0,(anonymous_0)
FNDA:1,emitToast
FNDA:12,nextId
FNDA:63,ToastProvider
FNDA:2,(anonymous_4)
FNDA:2,(anonymous_5)
FNDA:2,(anonymous_6)
FNDA:12,(anonymous_7)
FNDA:12,(anonymous_8)
FNDA:1,(anonymous_9)
FNDA:25,(anonymous_10)
FNDA:2,(anonymous_11)
FNDA:25,(anonymous_12)
FNDA:20,useToast
FNDA:63,ToastContainer
FNDA:21,(anonymous_15)
FNDA:1,(anonymous_16)
DA:27,2
DA:35,2
DA:36,0
DA:51,1
DA:52,1
DA:57,2
DA:59,12
DA:63,63
DA:64,63
DA:66,63
DA:67,2
DA:68,2
DA:69,2
DA:70,2
DA:71,2
DA:75,63
DA:77,12
DA:78,12
DA:79,12
DA:81,12
DA:82,12
DA:84,12
DA:85,12
DA:91,63
DA:92,25
DA:93,2
DA:94,2
DA:96,25
DA:97,25
DA:100,63
DA:111,20
DA:121,2
DA:145,2
DA:151,2
DA:158,63
DA:160,12
DA:167,21
DA:178,1
LF:38
LH:37
BRDA:50,0,0,1
BRDA:69,1,0,2
BRDA:69,1,1,0
BRDA:76,2,0,12
BRDA:78,3,0,12
BRDA:78,3,1,11
BRDA:81,4,0,1
BRDA:81,4,1,11
BRDA:94,5,0,1
BRDA:94,5,1,1
BRDA:158,6,0,51
BRDA:158,6,1,12
BRF:12
BRH:11
end_of_record
TN:
SF:src/hooks/useArchitecture.ts
FN:6,useArchitecture
FN:7,(anonymous_1)
FN:8,(anonymous_2)
FN:16,(anonymous_3)
FN:30,(anonymous_4)
FNF:5
FNH:5
FNDA:13,useArchitecture
FNDA:38,(anonymous_1)
FNDA:38,(anonymous_2)
FNDA:7,(anonymous_3)
FNDA:6,(anonymous_4)
DA:7,38
DA:8,38
DA:10,13
DA:13,13
DA:14,13
DA:16,13
DA:17,7
DA:18,4
DA:19,4
DA:20,4
DA:21,4
DA:22,3
DA:24,1
DA:26,4
DA:30,13
DA:31,6
DA:34,13
LF:17
LH:17
BRDA:17,0,0,3
BRDA:17,0,1,4
BRDA:17,1,0,7
BRDA:17,1,1,5
BRDA:24,2,0,1
BRDA:24,2,1,0
BRF:6
BRH:5
end_of_record
TN:
SF:src/hooks/useAuth.ts
FN:9,useAuth
FN:10,(anonymous_1)
FN:11,(anonymous_2)
FN:12,(anonymous_3)
FN:13,(anonymous_4)
FNF:5
FNH:5
FNDA:79,useAuth
FNDA:240,(anonymous_1)
FNDA:240,(anonymous_2)
FNDA:240,(anonymous_3)
FNDA:240,(anonymous_4)
DA:10,240
DA:11,240
DA:12,240
DA:13,240
DA:15,79
LF:5
LH:5
BRF:0
BRH:0
end_of_record
TN:
SF:src/hooks/useBuyVsBuild.ts
FN:10,useBuyVsBuild
FN:11,(anonymous_1)
FN:12,(anonymous_2)
FN:13,(anonymous_3)
FN:19,(anonymous_4)
FN:21,(anonymous_5)
FN:39,(anonymous_6)
FN:41,(anonymous_7)
FN:42,(anonymous_8)
FNF:9
FNH:9
FNDA:35,useBuyVsBuild
FNDA:105,(anonymous_1)
FNDA:105,(anonymous_2)
FNDA:105,(anonymous_3)
FNDA:2,(anonymous_4)
FNDA:22,(anonymous_5)
FNDA:21,(anonymous_6)
FNDA:1,(anonymous_7)
FNDA:1,(anonymous_8)
DA:11,105
DA:12,105
DA:13,105
DA:15,35
DA:16,35
DA:17,35
DA:19,35
DA:21,35
DA:22,22
DA:23,7
DA:24,7
DA:25,7
DA:26,7
DA:27,5
DA:29,2
DA:30,1
DA:32,1
DA:35,7
DA:39,35
DA:40,21
DA:41,1
DA:42,1
DA:44,20
DA:47,35
LF:24
LH:24
BRDA:19,0,0,2
BRDA:19,0,1,1
BRDA:22,1,0,15
BRDA:22,1,1,7
BRDA:22,2,0,22
BRDA:22,2,1,8
BRDA:29,3,0,1
BRDA:29,3,1,1
BRDA:32,4,0,1
BRDA:32,4,1,0
BRDA:40,5,0,1
BRDA:40,5,1,20
BRF:12
BRH:11
end_of_record
TN:
SF:src/hooks/useConversation.ts
FN:8,useConversation
FN:9,(anonymous_1)
FN:10,(anonymous_2)
FN:11,(anonymous_3)
FN:12,(anonymous_4)
FN:13,(anonymous_5)
FN:14,(anonymous_6)
FN:15,(anonymous_7)
FN:19,(anonymous_8)
FNF:9
FNH:8
FNDA:4,useConversation
FNDA:12,(anonymous_1)
FNDA:12,(anonymous_2)
FNDA:12,(anonymous_3)
FNDA:12,(anonymous_4)
FNDA:12,(anonymous_5)
FNDA:12,(anonymous_6)
FNDA:12,(anonymous_7)
FNDA:0,(anonymous_8)
DA:9,12
DA:10,12
DA:11,12
DA:12,12
DA:13,12
DA:14,12
DA:15,12
DA:16,4
DA:18,4
DA:20,0
DA:25,4
LF:11
LH:10
BRF:0
BRH:0
end_of_record
TN:
SF:src/hooks/useDiagrams.ts
FN:6,useDiagrams
FN:7,(anonymous_1)
FN:8,(anonymous_2)
FN:14,(anonymous_3)
FN:28,(anonymous_4)
FNF:5
FNH:5
FNDA:13,useDiagrams
FNDA:38,(anonymous_1)
FNDA:38,(anonymous_2)
FNDA:7,(anonymous_3)
FNDA:6,(anonymous_4)
DA:7,38
DA:8,38
DA:10,13
DA:11,13
DA:12,13
DA:14,13
DA:15,7
DA:16,4
DA:17,4
DA:18,4
DA:19,4
DA:20,3
DA:22,1
DA:24,4
DA:28,13
DA:29,6
DA:32,13
LF:17
LH:17
BRDA:15,0,0,3
BRDA:15,0,1,4
BRDA:15,1,0,7
BRDA:15,1,1,5
BRDA:22,2,0,1
BRDA:22,2,1,0
BRF:6
BRH:5
end_of_record
TN:
SF:src/hooks/useGovernance.ts
FN:22,useGovernance
FN:23,(anonymous_1)
FN:24,(anonymous_2)
FN:25,(anonymous_3)
FN:35,(anonymous_4)
FN:38,(anonymous_5)
FN:49,(anonymous_6)
FN:77,(anonymous_7)
FN:79,(anonymous_8)
FN:80,(anonymous_9)
FNF:10
FNH:10
FNDA:9,useGovernance
FNDA:27,(anonymous_1)
FNDA:27,(anonymous_2)
FNDA:27,(anonymous_3)
FNDA:1,(anonymous_4)
FNDA:5,(anonymous_5)
FNDA:1,(anonymous_6)
FNDA:5,(anonymous_7)
FNDA:1,(anonymous_8)
FNDA:1,(anonymous_9)
DA:23,27
DA:24,27
DA:25,27
DA:27,9
DA:28,9
DA:29,9
DA:30,9
DA:31,9
DA:32,9
DA:33,9
DA:35,9
DA:36,1
DA:38,9
DA:39,5
DA:40,3
DA:41,3
DA:42,3
DA:43,3
DA:49,3
DA:51,3
DA:52,1
DA:54,2
DA:55,0
DA:57,2
DA:58,0
DA:60,2
DA:61,0
DA:63,2
DA:64,0
DA:65,2
DA:66,0
DA:68,2
DA:71,1
DA:73,3
DA:77,9
DA:78,5
DA:79,1
DA:80,1
DA:82,4
DA:85,9
LF:40
LH:35
BRDA:36,0,0,1
BRDA:36,0,1,0
BRDA:39,1,0,2
BRDA:39,1,1,3
BRDA:39,2,0,5
BRDA:39,2,1,4
BRDA:51,3,0,2
BRDA:51,3,1,1
BRDA:52,4,0,1
BRDA:52,4,1,0
BRDA:54,5,0,2
BRDA:54,5,1,0
BRDA:55,6,0,0
BRDA:55,6,1,0
BRDA:57,7,0,2
BRDA:57,7,1,0
BRDA:58,8,0,0
BRDA:58,8,1,0
BRDA:60,9,0,2
BRDA:60,9,1,0
BRDA:61,10,0,0
BRDA:61,10,1,0
BRDA:63,11,0,0
BRDA:63,11,1,2
BRDA:63,12,0,2
BRDA:63,12,1,0
BRDA:65,13,0,0
BRDA:65,13,1,2
BRDA:71,14,0,1
BRDA:71,14,1,0
BRDA:78,15,0,1
BRDA:78,15,1,4
BRF:32
BRH:17
end_of_record
TN:
SF:src/hooks/useSSEStream.ts
FN:9,useSSEStream
FN:11,(anonymous_1)
FN:12,(anonymous_2)
FN:13,(anonymous_3)
FN:14,(anonymous_4)
FN:15,(anonymous_5)
FN:16,(anonymous_6)
FN:17,(anonymous_7)
FN:18,(anonymous_8)
FN:19,(anonymous_9)
FN:20,(anonymous_10)
FN:23,(anonymous_11)
FN:84,(anonymous_12)
FN:106,(anonymous_13)
FNF:14
FNH:14
FNDA:12,useSSEStream
FNDA:65,(anonymous_1)
FNDA:65,(anonymous_2)
FNDA:65,(anonymous_3)
FNDA:65,(anonymous_4)
FNDA:65,(anonymous_5)
FNDA:65,(anonymous_6)
FNDA:65,(anonymous_7)
FNDA:65,(anonymous_8)
FNDA:65,(anonymous_9)
FNDA:65,(anonymous_10)
FNDA:6,(anonymous_11)
FNDA:3,(anonymous_12)
FNDA:1,(anonymous_13)
DA:10,12
DA:11,65
DA:12,65
DA:13,65
DA:14,65
DA:15,65
DA:16,65
DA:17,65
DA:18,65
DA:19,65
DA:20,65
DA:22,12
DA:24,6
DA:25,1
DA:26,1
DA:28,5
DA:29,5
DA:30,0
DA:34,0
DA:36,5
DA:37,5
DA:39,5
DA:40,6
DA:41,6
DA:43,6
DA:44,6
DA:46,6
DA:47,6
DA:56,3
DA:57,3
DA:61,3
DA:62,1
DA:63,1
DA:64,1
DA:65,1
DA:78,5
DA:84,12
DA:85,3
DA:86,1
DA:87,1
DA:89,2
DA:90,2
DA:92,2
DA:93,2
DA:95,2
DA:97,2
DA:98,2
DA:100,1
DA:101,1
DA:106,12
DA:107,1
DA:108,1
DA:111,12
LF:53
LH:51
BRDA:24,0,0,1
BRDA:24,0,1,5
BRDA:29,1,0,0
BRDA:29,1,1,5
BRDA:50,2,0,6
BRDA:50,2,1,3
BRDA:56,3,0,3
BRDA:56,3,1,0
BRDA:57,4,0,3
BRDA:57,4,1,0
BRDA:61,5,0,1
BRDA:61,5,1,2
BRDA:64,6,0,1
BRDA:64,6,1,0
BRDA:64,7,0,1
BRDA:64,7,1,1
BRDA:68,8,0,1
BRDA:68,8,1,0
BRDA:85,9,0,1
BRDA:85,9,1,2
BRDA:85,10,0,3
BRDA:85,10,1,2
BRDA:98,11,0,2
BRDA:98,11,1,1
BRDA:100,12,0,1
BRDA:100,12,1,0
BRDA:101,13,0,1
BRDA:101,13,1,0
BRF:28
BRH:21
end_of_record
TN:
SF:src/hooks/useTactics.ts
FN:19,useTactics
FN:20,(anonymous_1)
FN:21,(anonymous_2)
FN:22,(anonymous_3)
FN:29,(anonymous_4)
FN:32,(anonymous_5)
FN:55,(anonymous_6)
FN:60,(anonymous_7)
FN:61,(anonymous_8)
FNF:9
FNH:9
FNDA:32,useTactics
FNDA:96,(anonymous_1)
FNDA:96,(anonymous_2)
FNDA:96,(anonymous_3)
FNDA:1,(anonymous_4)
FNDA:21,(anonymous_5)
FNDA:20,(anonymous_6)
FNDA:1,(anonymous_7)
FNDA:1,(anonymous_8)
DA:20,96
DA:21,96
DA:22,96
DA:24,32
DA:25,32
DA:26,32
DA:27,32
DA:29,32
DA:30,1
DA:32,32
DA:33,21
DA:34,6
DA:35,6
DA:36,6
DA:37,6
DA:42,6
DA:43,1
DA:45,5
DA:46,0
DA:48,1
DA:50,6
DA:55,32
DA:59,20
DA:60,1
DA:61,1
DA:63,19
DA:66,32
LF:27
LH:26
BRDA:30,0,0,1
BRDA:30,0,1,0
BRDA:33,1,0,15
BRDA:33,1,1,6
BRDA:33,2,0,21
BRDA:33,2,1,7
BRDA:42,3,0,5
BRDA:42,3,1,1
BRDA:43,4,0,1
BRDA:43,4,1,0
BRDA:45,5,0,5
BRDA:45,5,1,0
BRDA:46,6,0,0
BRDA:46,6,1,0
BRDA:48,7,0,1
BRDA:48,7,1,0
BRDA:59,8,0,1
BRDA:59,8,1,19
BRF:18
BRH:12
end_of_record
TN:
SF:src/store/useStore.ts
FN:19,safeGetItem
FN:28,safeSetItem
FN:37,safeRemoveItem
FN:46,readPersistedAuth
FN:60,persistAuth
FN:66,clearPersistedAuth
FN:70,persistConversationId
FN:131,initialStages
FN:132,(anonymous_8)
FN:140,(anonymous_9)
FN:146,(anonymous_10)
FN:150,(anonymous_11)
FN:172,(anonymous_12)
FN:173,(anonymous_13)
FN:177,(anonymous_14)
FN:194,(anonymous_15)
FN:212,(anonymous_16)
FN:213,(anonymous_17)
FN:214,(anonymous_18)
FN:215,(anonymous_19)
FN:216,(anonymous_20)
FN:227,(anonymous_21)
FN:228,(anonymous_22)
FN:230,(anonymous_23)
FN:231,(anonymous_24)
FN:233,(anonymous_25)
FN:243,(anonymous_26)
FN:245,(anonymous_27)
FN:258,(anonymous_28)
FN:276,(anonymous_29)
FN:292,(anonymous_30)
FN:330,(anonymous_31)
FN:343,(anonymous_32)
FNF:33
FNH:32
FNDA:15,safeGetItem
FNDA:16,safeSetItem
FNDA:38,safeRemoveItem
FNDA:15,readPersistedAuth
FNDA:8,persistAuth
FNDA:10,clearPersistedAuth
FNDA:36,persistConversationId
FNDA:53,initialStages
FNDA:742,(anonymous_8)
FNDA:15,(anonymous_9)
FNDA:8,(anonymous_10)
FNDA:10,(anonymous_11)
FNDA:0,(anonymous_12)
FNDA:3,(anonymous_13)
FNDA:5,(anonymous_14)
FNDA:1,(anonymous_15)
FNDA:9,(anonymous_16)
FNDA:9,(anonymous_17)
FNDA:3,(anonymous_18)
FNDA:5,(anonymous_19)
FNDA:5,(anonymous_20)
FNDA:3,(anonymous_21)
FNDA:3,(anonymous_22)
FNDA:1,(anonymous_23)
FNDA:1,(anonymous_24)
FNDA:14,(anonymous_25)
FNDA:2,(anonymous_26)
FNDA:9,(anonymous_27)
FNDA:28,(anonymous_28)
FNDA:14,(anonymous_29)
FNDA:2,(anonymous_30)
FNDA:14,(anonymous_31)
FNDA:25,(anonymous_32)
DA:10,15
DA:20,15
DA:21,15
DA:22,15
DA:24,0
DA:29,16
DA:30,16
DA:31,16
DA:38,38
DA:39,38
DA:40,38
DA:47,15
DA:48,15
DA:49,0
DA:50,0
DA:51,0
DA:52,0
DA:54,0
DA:56,0
DA:63,8
DA:67,10
DA:71,36
DA:72,28
DA:73,28
DA:75,8
DA:132,742
DA:138,15
DA:140,15
DA:147,8
DA:148,8
DA:151,10
DA:152,10
DA:172,0
DA:174,3
DA:175,3
DA:178,5
DA:179,5
DA:195,1
DA:212,9
DA:213,9
DA:214,3
DA:216,5
DA:228,3
DA:231,1
DA:234,14
DA:243,2
DA:246,9
DA:248,9
DA:250,2
DA:251,1
DA:253,2
DA:256,2
DA:257,2
DA:259,28
DA:263,2
DA:266,1
DA:267,1
DA:268,0
DA:269,0
DA:270,0
DA:274,1
DA:275,1
DA:277,14
DA:284,1
DA:287,2
DA:292,2
DA:309,2
DA:313,0
DA:316,0
DA:319,0
DA:324,0
DA:327,1
DA:331,14
DA:335,1
DA:339,1
DA:344,25
LF:76
LH:61
BRDA:21,0,0,0
BRDA:21,0,1,15
BRDA:30,1,0,0
BRDA:30,1,1,16
BRDA:39,2,0,0
BRDA:39,2,1,38
BRDA:48,3,0,15
BRDA:48,3,1,0
BRDA:51,4,0,0
BRDA:51,4,1,0
BRDA:71,5,0,28
BRDA:71,5,1,8
BRDA:145,6,0,15
BRDA:145,6,1,15
BRDA:234,7,0,0
BRDA:234,7,1,14
BRDA:237,8,0,0
BRDA:237,8,1,1
BRDA:248,9,0,2
BRDA:248,9,1,2
BRDA:248,9,2,1
BRDA:248,9,3,2
BRDA:248,9,4,0
BRDA:248,9,5,0
BRDA:248,9,6,1
BRDA:248,9,7,1
BRDA:250,10,0,1
BRDA:250,10,1,1
BRDA:256,11,0,2
BRDA:256,11,1,0
BRDA:259,12,0,2
BRDA:259,12,1,26
BRDA:266,13,0,1
BRDA:266,13,1,0
BRDA:267,14,0,0
BRDA:267,14,1,1
BRDA:268,15,0,0
BRDA:268,15,1,0
BRDA:269,16,0,0
BRDA:269,16,1,0
BRDA:269,17,0,0
BRDA:269,17,1,0
BRDA:274,18,0,0
BRDA:274,18,1,1
BRDA:277,19,0,1
BRDA:277,19,1,13
BRDA:288,20,0,2
BRDA:288,20,1,1
BRDA:288,20,2,0
BRDA:295,21,0,2
BRDA:295,21,1,1
BRDA:295,21,2,0
BRDA:299,22,0,0
BRDA:299,22,1,2
BRDA:307,23,0,2
BRDA:307,23,1,2
BRDA:320,24,0,0
BRDA:320,24,1,0
BRDA:329,25,0,1
BRDA:329,25,1,0
BRDA:331,26,0,1
BRDA:331,26,1,13
BRF:62
BRH:36
end_of_record
TN:
SF:src/views/ArchitectureView.tsx
FN:14,buildArchitectureMarkdown
FN:85,validateMermaidSource
FN:90,(anonymous_2)
FN:100,(anonymous_3)
FN:110,DiagramDisplay
FN:173,ArchitectureView
FN:181,(anonymous_6)
FN:296,(anonymous_7)
FN:331,(anonymous_8)
FN:337,(anonymous_9)
FN:416,(anonymous_10)
FN:471,(anonymous_11)
FN:488,(anonymous_12)
FN:510,(anonymous_13)
FNF:14
FNH:12
FNDA:2,buildArchitectureMarkdown
FNDA:6,validateMermaidSource
FNDA:18,(anonymous_2)
FNDA:21,(anonymous_3)
FNDA:5,DiagramDisplay
FNDA:5,ArchitectureView
FNDA:15,(anonymous_6)
FNDA:0,(anonymous_7)
FNDA:2,(anonymous_8)
FNDA:2,(anonymous_9)
FNDA:0,(anonymous_10)
FNDA:1,(anonymous_11)
FNDA:1,(anonymous_12)
FNDA:3,(anonymous_13)
DA:18,2
DA:20,2
DA:21,2
DA:23,2
DA:24,2
DA:25,2
DA:28,2
DA:29,2
DA:30,2
DA:31,2
DA:32,1
DA:34,2
DA:36,2
DA:37,2
DA:38,1
DA:39,3
DA:40,3
DA:41,3
DA:42,3
DA:45,1
DA:46,1
DA:49,2
DA:52,2
DA:66,2
DA:74,2
DA:86,6
DA:87,0
DA:90,18
DA:91,6
DA:92,0
DA:95,6
DA:96,1
DA:99,5
DA:100,21
DA:101,1
DA:104,4
DA:111,5
DA:112,1
DA:139,4
DA:140,4
DA:141,1
DA:163,3
DA:174,5
DA:175,5
DA:179,5
DA:181,15
DA:185,5
DA:188,5
DA:189,1
DA:200,4
DA:201,1
DA:211,3
DA:212,1
DA:222,2
DA:224,5
DA:297,0
DA:331,2
DA:338,2
DA:417,0
DA:471,1
DA:489,1
DA:511,3
LF:62
LH:58
BRDA:36,0,0,2
BRDA:36,0,1,1
BRDA:37,1,0,1
BRDA:37,1,1,1
BRDA:40,2,0,3
BRDA:40,2,1,0
BRDA:42,3,0,3
BRDA:42,3,1,0
BRDA:86,4,0,0
BRDA:86,4,1,6
BRDA:86,5,0,6
BRDA:86,5,1,6
BRDA:91,6,0,0
BRDA:91,6,1,6
BRDA:95,7,0,1
BRDA:95,7,1,5
BRDA:95,8,0,6
BRDA:95,8,1,5
BRDA:100,9,0,1
BRDA:100,9,1,4
BRDA:111,10,0,1
BRDA:111,10,1,4
BRDA:140,11,0,1
BRDA:140,11,1,3
BRDA:188,12,0,1
BRDA:188,12,1,4
BRDA:200,13,0,1
BRDA:200,13,1,3
BRDA:211,14,0,1
BRDA:211,14,1,2
BRDA:222,15,0,2
BRDA:222,15,1,1
BRDA:227,16,0,5
BRDA:227,16,1,0
BRDA:227,16,2,0
BRDA:255,17,0,5
BRDA:255,17,1,2
BRDA:255,17,2,2
BRDA:255,17,3,0
BRDA:264,18,0,0
BRDA:264,18,1,0
BRDA:264,18,2,0
BRDA:275,19,0,0
BRDA:275,19,1,0
BRDA:285,20,0,0
BRDA:285,20,1,0
BRDA:292,21,0,0
BRDA:292,21,1,0
BRDA:292,21,2,0
BRDA:292,21,3,0
BRDA:346,22,0,2
BRDA:346,22,1,2
BRDA:347,23,0,2
BRDA:347,23,1,0
BRDA:348,24,0,2
BRDA:348,24,1,0
BRDA:376,25,0,5
BRDA:376,25,1,0
BRDA:386,26,0,5
BRDA:386,26,1,0
BRDA:396,27,0,5
BRDA:396,27,1,2
BRDA:396,27,2,2
BRDA:396,27,3,0
BRDA:396,27,4,2
BRDA:402,28,0,5
BRDA:402,28,1,0
BRDA:402,28,2,0
BRDA:408,29,0,0
BRDA:408,29,1,0
BRDA:422,30,0,0
BRDA:422,30,1,0
BRDA:427,31,0,0
BRDA:427,31,1,0
BRDA:428,32,0,0
BRDA:428,32,1,0
BRDA:436,33,0,0
BRDA:436,33,1,0
BRDA:447,34,0,0
BRDA:447,34,1,0
BRDA:447,34,2,0
BRDA:458,35,0,0
BRDA:458,35,1,0
BRDA:509,36,0,1
BRDA:509,36,1,1
BRDA:509,37,0,5
BRDA:509,37,1,1
BRDA:521,38,0,3
BRDA:521,38,1,3
BRDA:531,39,0,3
BRDA:531,39,1,3
BRF:91
BRH:51
end_of_record
TN:
SF:src/views/ChatView.tsx
FN:30,ChatView
FN:44,(anonymous_1)
FN:45,(anonymous_2)
FN:46,(anonymous_3)
FN:47,(anonymous_4)
FN:48,(anonymous_5)
FN:49,(anonymous_6)
FN:52,(anonymous_7)
FN:61,(anonymous_8)
FN:68,(anonymous_9)
FN:76,(anonymous_10)
FN:91,(anonymous_11)
FN:94,(anonymous_12)
FN:97,(anonymous_13)
FN:228,(anonymous_14)
FN:231,(anonymous_15)
FN:255,(anonymous_16)
FN:392,(anonymous_17)
FN:398,(anonymous_18)
FNF:19
FNH:19
FNDA:31,ChatView
FNDA:93,(anonymous_1)
FNDA:93,(anonymous_2)
FNDA:93,(anonymous_3)
FNDA:93,(anonymous_4)
FNDA:93,(anonymous_5)
FNDA:93,(anonymous_6)
FNDA:12,(anonymous_7)
FNDA:12,(anonymous_8)
FNDA:31,(anonymous_9)
FNDA:1,(anonymous_10)
FNDA:1,(anonymous_11)
FNDA:1,(anonymous_12)
FNDA:1,(anonymous_13)
FNDA:100,(anonymous_14)
FNDA:1,(anonymous_15)
FNDA:4,(anonymous_16)
FNDA:17,(anonymous_17)
FNDA:17,(anonymous_18)
DA:7,1
DA:31,31
DA:32,31
DA:33,31
DA:42,31
DA:44,93
DA:45,93
DA:46,93
DA:47,93
DA:48,93
DA:49,93
DA:52,31
DA:53,12
DA:54,0
DA:56,0
DA:57,0
DA:61,31
DA:62,12
DA:63,12
DA:68,31
DA:69,31
DA:70,31
DA:71,31
DA:76,31
DA:77,1
DA:78,1
DA:79,1
DA:80,0
DA:84,0
DA:86,1
DA:87,1
DA:88,1
DA:91,31
DA:92,1
DA:93,1
DA:94,1
DA:97,31
DA:98,1
DA:101,31
DA:103,31
DA:229,100
DA:231,1
DA:256,4
DA:258,4
DA:259,3
DA:282,1
DA:392,17
DA:399,17
DA:400,0
DA:401,0
LF:50
LH:43
BRDA:53,0,0,12
BRDA:53,0,1,0
BRDA:53,1,0,12
BRDA:53,1,1,0
BRDA:62,2,0,12
BRDA:62,2,1,0
BRDA:69,3,0,31
BRDA:69,3,1,0
BRDA:78,4,0,0
BRDA:78,4,1,1
BRDA:79,5,0,0
BRDA:79,5,1,1
BRDA:92,6,0,0
BRDA:92,6,1,1
BRDA:101,7,0,31
BRDA:101,7,1,28
BRDA:107,8,0,31
BRDA:107,8,1,0
BRDA:117,9,0,0
BRDA:117,9,1,0
BRDA:130,10,0,25
BRDA:130,10,1,6
BRDA:256,11,0,4
BRDA:256,11,1,4
BRDA:258,12,0,3
BRDA:258,12,1,1
BRDA:306,13,0,6
BRDA:306,13,1,1
BRDA:316,14,0,6
BRDA:316,14,1,0
BRDA:316,14,2,0
BRDA:340,15,0,0
BRDA:340,15,1,0
BRDA:349,16,0,6
BRDA:349,16,1,4
BRDA:358,17,0,4
BRDA:358,17,1,0
BRDA:399,18,0,0
BRDA:399,18,1,17
BRDA:399,19,0,17
BRDA:399,19,1,0
BRDA:406,20,0,4
BRDA:406,20,1,27
BRF:43
BRH:26
end_of_record
TN:
SF:src/views/ForgotPasswordView.tsx
FN:20,ForgotPasswordView
FN:27,(anonymous_1)
FN:51,(anonymous_2)
FN:120,(anonymous_3)
FNF:4
FNH:3
FNDA:30,ForgotPasswordView
FNDA:3,(anonymous_1)
FNDA:0,(anonymous_2)
FNDA:21,(anonymous_3)
DA:12,1
DA:21,30
DA:22,30
DA:23,30
DA:24,30
DA:25,30
DA:27,30
DA:28,3
DA:29,3
DA:30,3
DA:31,3
DA:32,3
DA:33,3
DA:34,1
DA:36,2
DA:37,1
DA:38,1
DA:39,1
DA:40,1
DA:41,1
DA:43,0
DA:44,0
DA:47,3
DA:51,30
DA:52,0
DA:53,0
DA:54,0
DA:57,30
DA:120,21
LF:29
LH:24
BRDA:36,0,0,1
BRDA:36,0,1,1
BRDA:39,1,0,1
BRDA:39,1,1,0
BRDA:84,2,0,1
BRDA:84,2,1,29
BRDA:127,3,0,29
BRDA:127,3,1,2
BRDA:147,4,0,2
BRDA:147,4,1,1
BRDA:150,5,0,1
BRDA:150,5,1,1
BRDA:167,6,0,29
BRDA:167,6,1,3
BRDA:179,7,0,3
BRDA:179,7,1,26
BRF:16
BRH:15
end_of_record
TN:
SF:src/views/GovernanceView.tsx
FN:13,severityBadgeClass
FN:20,priorityBadgeClass
FN:28,effortBadgeClass
FN:47,ScoreDimension
FN:94,tradeOffMarkdown
FN:95,(anonymous_5)
FN:105,adlMarkdown
FN:106,(anonymous_7)
FN:115,weaknessMarkdown
FN:116,(anonymous_9)
FN:126,fmeaMarkdown
FN:130,(anonymous_11)
FN:131,(anonymous_12)
FN:135,tacticsMarkdown
FN:136,(anonymous_14)
FN:140,(anonymous_15)
FN:142,(anonymous_16)
FN:151,sourcingMarkdown
FN:185,GovernanceView
FN:205,activeTabContent
FN:373,(anonymous_20)
FN:391,(anonymous_21)
FN:394,(anonymous_22)
FN:415,(anonymous_23)
FN:504,(anonymous_24)
FN:518,(anonymous_25)
FN:526,(anonymous_26)
FN:527,(anonymous_27)
FN:605,(anonymous_28)
FN:611,(anonymous_29)
FN:679,(anonymous_30)
FN:777,(anonymous_31)
FN:781,(anonymous_32)
FN:787,(anonymous_33)
FNF:34
FNH:18
FNDA:1,severityBadgeClass
FNDA:0,priorityBadgeClass
FNDA:0,effortBadgeClass
FNDA:2,ScoreDimension
FNDA:1,tradeOffMarkdown
FNDA:1,(anonymous_5)
FNDA:1,adlMarkdown
FNDA:1,(anonymous_7)
FNDA:1,weaknessMarkdown
FNDA:1,(anonymous_9)
FNDA:1,fmeaMarkdown
FNDA:0,(anonymous_11)
FNDA:1,(anonymous_12)
FNDA:0,tacticsMarkdown
FNDA:0,(anonymous_14)
FNDA:0,(anonymous_15)
FNDA:0,(anonymous_16)
FNDA:0,sourcingMarkdown
FNDA:12,GovernanceView
FNDA:10,activeTabContent
FNDA:0,(anonymous_20)
FNDA:60,(anonymous_21)
FNDA:4,(anonymous_22)
FNDA:1,(anonymous_23)
FNDA:0,(anonymous_24)
FNDA:0,(anonymous_25)
FNDA:0,(anonymous_26)
FNDA:0,(anonymous_27)
FNDA:1,(anonymous_28)
FNDA:1,(anonymous_29)
FNDA:1,(anonymous_30)
FNDA:0,(anonymous_31)
FNDA:0,(anonymous_32)
FNDA:0,(anonymous_33)
DA:14,1
DA:15,0
DA:16,0
DA:17,0
DA:21,0
DA:22,0
DA:23,0
DA:24,0
DA:29,0
DA:30,0
DA:31,0
DA:32,0
DA:54,2
DA:55,2
DA:59,2
DA:64,2
DA:69,2
DA:95,1
DA:106,1
DA:112,1
DA:116,1
DA:127,1
DA:128,1
DA:129,1
DA:130,0
DA:131,1
DA:132,1
DA:136,0
DA:137,0
DA:138,0
DA:140,0
DA:142,0
DA:152,0
DA:162,0
DA:163,0
DA:164,0
DA:165,0
DA:166,0
DA:167,0
DA:168,0
DA:169,0
DA:171,0
DA:172,0
DA:174,0
DA:176,0
DA:186,12
DA:187,12
DA:188,12
DA:189,12
DA:190,12
DA:191,12
DA:195,12
DA:206,10
DA:208,6
DA:212,1
DA:214,2
DA:218,1
DA:222,0
DA:226,0
DA:233,12
DA:234,1
DA:245,11
DA:246,1
DA:256,10
DA:257,10
DA:308,12
DA:374,0
DA:392,60
DA:394,4
DA:416,1
DA:504,0
DA:518,0
DA:526,0
DA:528,0
DA:605,1
DA:612,1
DA:613,1
DA:614,1
DA:680,1
DA:778,0
DA:779,0
DA:782,0
DA:788,0
LF:83
LH:42
BRDA:14,0,0,1
BRDA:14,0,1,0
BRDA:15,1,0,0
BRDA:15,1,1,0
BRDA:16,2,0,0
BRDA:16,2,1,0
BRDA:21,3,0,0
BRDA:21,3,1,0
BRDA:21,3,2,0
BRDA:29,4,0,0
BRDA:29,4,1,0
BRDA:29,4,2,0
BRDA:55,5,0,2
BRDA:55,5,1,0
BRDA:56,6,0,2
BRDA:56,6,1,0
BRDA:57,7,0,0
BRDA:57,7,1,0
BRDA:59,8,0,2
BRDA:59,8,1,0
BRDA:60,9,0,0
BRDA:60,9,1,0
BRDA:61,10,0,0
BRDA:61,10,1,0
BRDA:64,11,0,2
BRDA:64,11,1,0
BRDA:65,12,0,0
BRDA:65,12,1,0
BRDA:66,13,0,0
BRDA:66,13,1,0
BRDA:74,14,0,2
BRDA:74,14,1,0
BRDA:83,15,0,2
BRDA:83,15,1,2
BRDA:98,16,0,1
BRDA:98,16,1,0
BRDA:99,17,0,1
BRDA:99,17,1,0
BRDA:109,18,0,0
BRDA:109,18,1,1
BRDA:110,19,0,0
BRDA:110,19,1,1
BRDA:118,20,0,0
BRDA:118,20,1,1
BRDA:122,21,0,0
BRDA:122,21,1,1
BRDA:146,22,0,0
BRDA:146,22,1,0
BRDA:146,23,0,0
BRDA:146,23,1,0
BRDA:155,24,0,0
BRDA:155,24,1,0
BRDA:164,25,0,0
BRDA:164,25,1,0
BRDA:168,26,0,0
BRDA:168,26,1,0
BRDA:168,27,0,0
BRDA:168,27,1,0
BRDA:171,28,0,0
BRDA:171,28,1,0
BRDA:171,29,0,0
BRDA:171,29,1,0
BRDA:192,30,0,12
BRDA:192,30,1,0
BRDA:206,31,0,6
BRDA:206,31,1,1
BRDA:206,31,2,2
BRDA:206,31,3,1
BRDA:206,31,4,0
BRDA:206,31,5,0
BRDA:208,32,0,1
BRDA:208,32,1,5
BRDA:212,33,0,1
BRDA:212,33,1,0
BRDA:214,34,0,1
BRDA:214,34,1,1
BRDA:214,35,0,2
BRDA:214,35,1,1
BRDA:218,36,0,1
BRDA:218,36,1,0
BRDA:222,37,0,0
BRDA:222,37,1,0
BRDA:226,38,0,0
BRDA:226,38,1,0
BRDA:226,39,0,0
BRDA:226,39,1,0
BRDA:233,40,0,1
BRDA:233,40,1,11
BRDA:245,41,0,1
BRDA:245,41,1,10
BRDA:257,42,0,0
BRDA:257,42,1,10
BRDA:262,43,0,0
BRDA:262,43,1,0
BRDA:268,44,0,0
BRDA:268,44,1,0
BRDA:270,45,0,0
BRDA:270,45,1,0
BRDA:276,46,0,0
BRDA:276,46,1,0
BRDA:278,47,0,0
BRDA:278,47,1,0
BRDA:284,48,0,0
BRDA:284,48,1,0
BRDA:286,49,0,0
BRDA:286,49,1,0
BRDA:292,50,0,0
BRDA:292,50,1,0
BRDA:294,51,0,0
BRDA:294,51,1,0
BRDA:300,52,0,0
BRDA:300,52,1,0
BRDA:302,53,0,0
BRDA:302,53,1,0
BRDA:304,54,0,0
BRDA:304,54,1,0
BRDA:313,55,0,4
BRDA:313,55,1,6
BRDA:324,56,0,12
BRDA:324,56,1,0
BRDA:326,57,0,0
BRDA:326,57,1,0
BRDA:337,58,0,0
BRDA:337,58,1,0
BRDA:337,59,0,0
BRDA:337,59,1,0
BRDA:352,60,0,0
BRDA:352,60,1,0
BRDA:352,61,0,0
BRDA:352,61,1,0
BRDA:356,62,0,0
BRDA:356,62,1,0
BRDA:356,62,2,0
BRDA:364,63,0,0
BRDA:364,63,1,0
BRDA:379,64,0,0
BRDA:379,64,1,0
BRDA:396,65,0,10
BRDA:396,65,1,50
BRDA:401,66,0,10
BRDA:401,66,1,50
BRDA:409,67,0,12
BRDA:409,67,1,6
BRDA:411,68,0,5
BRDA:411,68,1,1
BRDA:424,69,0,1
BRDA:424,69,1,0
BRDA:425,70,0,0
BRDA:425,70,1,0
BRDA:431,71,0,1
BRDA:431,71,1,0
BRDA:432,72,0,1
BRDA:432,72,1,0
BRDA:444,73,0,1
BRDA:444,73,1,0
BRDA:448,74,0,1
BRDA:448,74,1,0
BRDA:467,75,0,12
BRDA:467,75,1,0
BRDA:469,76,0,0
BRDA:469,76,1,0
BRDA:475,77,0,0
BRDA:475,77,1,0
BRDA:488,78,0,0
BRDA:488,78,1,0
BRDA:526,79,0,0
BRDA:526,79,1,0
BRDA:533,80,0,0
BRDA:533,80,1,0
BRDA:540,81,0,0
BRDA:540,81,1,0
BRDA:545,82,0,0
BRDA:545,82,1,0
BRDA:546,83,0,0
BRDA:546,83,1,0
BRDA:560,84,0,0
BRDA:560,84,1,0
BRDA:567,85,0,0
BRDA:567,85,1,0
BRDA:587,86,0,12
BRDA:587,86,1,1
BRDA:589,87,0,0
BRDA:589,87,1,1
BRDA:612,88,0,1
BRDA:612,88,1,0
BRDA:613,89,0,1
BRDA:613,89,1,1
BRDA:621,90,0,1
BRDA:621,90,1,1
BRDA:622,91,0,1
BRDA:622,91,1,1
BRDA:623,92,0,1
BRDA:623,92,1,1
BRDA:624,93,0,1
BRDA:624,93,1,0
BRDA:631,94,0,0
BRDA:631,94,1,1
BRDA:637,95,0,0
BRDA:637,95,1,1
BRDA:644,96,0,1
BRDA:644,96,1,0
BRDA:647,97,0,1
BRDA:647,97,1,0
BRDA:652,98,0,1
BRDA:652,98,1,0
BRDA:652,98,2,0
BRDA:655,99,0,0
BRDA:655,99,1,0
BRDA:669,100,0,12
BRDA:669,100,1,2
BRDA:671,101,0,1
BRDA:671,101,1,1
BRDA:671,102,0,2
BRDA:671,102,1,1
BRDA:691,103,0,1
BRDA:691,103,1,0
BRDA:703,104,0,0
BRDA:703,104,1,1
BRDA:718,105,0,1
BRDA:718,105,1,0
BRDA:733,106,0,12
BRDA:733,106,1,1
BRDA:740,107,0,12
BRDA:740,107,1,0
BRDA:742,108,0,0
BRDA:742,108,1,0
BRDA:750,109,0,0
BRDA:750,109,1,0
BRDA:755,110,0,0
BRDA:755,110,1,0
BRDA:791,111,0,0
BRDA:791,111,1,0
BRDA:805,112,0,0
BRDA:805,112,1,0
BRDA:815,113,0,0
BRDA:815,113,1,0
BRDA:826,114,0,0
BRDA:826,114,1,0
BRDA:831,115,0,0
BRDA:831,115,1,0
BRDA:831,115,2,0
BRF:241
BRH:79
end_of_record
TN:
SF:src/views/HomeView.tsx
FN:7,HomeView
FN:131,(anonymous_1)
FN:428,(anonymous_2)
FNF:3
FNH:3
FNDA:10,HomeView
FNDA:130,(anonymous_1)
FNDA:70,(anonymous_2)
DA:12,10
DA:28,10
DA:38,10
DA:132,130
DA:133,130
DA:429,70
LF:6
LH:6
BRDA:137,0,0,10
BRDA:137,0,1,120
BRDA:148,1,0,130
BRDA:148,1,1,10
BRDA:154,2,0,130
BRDA:154,2,1,10
BRF:6
BRH:6
end_of_record
TN:
SF:src/views/LoginView.tsx
FN:15,LoginView
FN:24,(anonymous_1)
FN:43,(anonymous_2)
FN:84,(anonymous_3)
FN:101,(anonymous_4)
FN:118,(anonymous_5)
FN:191,(anonymous_6)
FN:202,(anonymous_7)
FNF:8
FNH:7
FNDA:79,LoginView
FNDA:3,(anonymous_1)
FNDA:1,(anonymous_2)
FNDA:5,(anonymous_3)
FNDA:21,(anonymous_4)
FNDA:36,(anonymous_5)
FNDA:2,(anonymous_6)
FNDA:0,(anonymous_7)
DA:8,1
DA:16,79
DA:17,79
DA:18,79
DA:19,79
DA:20,79
DA:21,79
DA:22,79
DA:24,79
DA:25,3
DA:26,3
DA:27,3
DA:28,3
DA:29,3
DA:30,1
DA:31,1
DA:33,2
DA:34,1
DA:37,1
DA:39,3
DA:43,79
DA:44,1
DA:45,1
DA:46,1
DA:47,1
DA:48,1
DA:50,0
DA:52,1
DA:56,79
DA:84,5
DA:101,21
DA:118,36
DA:191,2
DA:202,0
LF:34
LH:32
BRDA:29,0,0,1
BRDA:29,0,1,2
BRDA:31,1,0,1
BRDA:31,1,1,1
BRDA:31,1,2,0
BRDA:34,2,0,1
BRDA:34,2,1,0
BRDA:68,3,0,51
BRDA:68,3,1,28
BRDA:75,4,0,79
BRDA:75,4,1,28
BRDA:120,5,0,28
BRDA:120,5,1,51
BRDA:129,6,0,79
BRDA:129,6,1,51
BRDA:141,7,0,79
BRDA:141,7,1,1
BRDA:156,8,0,4
BRDA:156,8,1,75
BRDA:158,9,0,48
BRDA:158,9,1,27
BRDA:187,10,0,51
BRDA:187,10,1,28
BRF:23
BRH:21
end_of_record
TN:
SF:src/views/ResetPasswordView.tsx
FN:17,passwordStrengthLabel
FN:43,ResetPasswordView
FN:57,(anonymous_2)
FN:68,(anonymous_3)
FN:96,(anonymous_4)
FN:101,(anonymous_5)
FN:161,(anonymous_6)
FN:215,(anonymous_7)
FN:243,(anonymous_8)
FN:298,(anonymous_9)
FN:310,(anonymous_10)
FN:347,(anonymous_11)
FNF:12
FNH:9
FNDA:64,passwordStrengthLabel
FNDA:134,ResetPasswordView
FNDA:64,(anonymous_2)
FNDA:4,(anonymous_3)
FNDA:4,(anonymous_4)
FNDA:3,(anonymous_5)
FNDA:0,(anonymous_6)
FNDA:0,(anonymous_7)
FNDA:0,(anonymous_8)
FNDA:60,(anonymous_9)
FNDA:381,(anonymous_10)
FNDA:60,(anonymous_11)
DA:13,1
DA:18,64
DA:19,37
DA:22,27
DA:23,27
DA:24,27
DA:25,27
DA:26,27
DA:28,27
DA:29,0
DA:31,27
DA:32,9
DA:34,18
DA:44,134
DA:45,134
DA:46,134
DA:47,134
DA:48,134
DA:49,134
DA:50,134
DA:51,134
DA:52,134
DA:53,134
DA:54,134
DA:55,134
DA:57,134
DA:58,64
DA:61,134
DA:63,134
DA:68,134
DA:69,4
DA:70,0
DA:71,0
DA:74,0
DA:77,4
DA:78,4
DA:79,4
DA:80,4
DA:81,4
DA:82,3
DA:83,3
DA:85,1
DA:86,1
DA:91,0
DA:92,0
DA:96,134
DA:98,4
DA:101,134
DA:102,3
DA:103,3
DA:104,3
DA:105,3
DA:107,3
DA:108,0
DA:111,0
DA:114,3
DA:115,0
DA:116,0
DA:119,3
DA:120,3
DA:121,3
DA:122,1
DA:124,2
DA:125,1
DA:126,1
DA:127,1
DA:128,1
DA:129,1
DA:130,0
DA:131,0
DA:133,0
DA:135,0
DA:136,0
DA:138,0
DA:141,3
DA:145,134
DA:146,1
DA:161,0
DA:173,133
DA:174,4
DA:198,129
DA:199,2
DA:215,0
DA:227,127
DA:228,0
DA:244,0
DA:257,127
DA:299,60
DA:300,60
DA:301,0
DA:312,381
DA:313,381
DA:348,60
DA:349,60
DA:350,0
LF:95
LH:73
BRDA:18,0,0,37
BRDA:18,0,1,27
BRDA:23,1,0,27
BRDA:23,1,1,0
BRDA:24,2,0,27
BRDA:24,2,1,0
BRDA:25,3,0,9
BRDA:25,3,1,18
BRDA:26,4,0,0
BRDA:26,4,1,27
BRDA:28,5,0,0
BRDA:28,5,1,27
BRDA:28,6,0,27
BRDA:28,6,1,0
BRDA:31,7,0,9
BRDA:31,7,1,18
BRDA:46,8,0,134
BRDA:46,8,1,0
BRDA:63,9,0,134
BRDA:63,9,1,93
BRDA:63,9,2,33
BRDA:63,9,3,9
BRDA:69,10,0,0
BRDA:69,10,1,4
BRDA:81,11,0,3
BRDA:81,11,1,1
BRDA:87,12,0,1
BRDA:87,12,1,0
BRDA:107,13,0,0
BRDA:107,13,1,3
BRDA:114,14,0,0
BRDA:114,14,1,3
BRDA:124,15,0,1
BRDA:124,15,1,1
BRDA:127,16,0,1
BRDA:127,16,1,0
BRDA:128,17,0,1
BRDA:128,17,1,0
BRDA:130,18,0,0
BRDA:130,18,1,0
BRDA:135,19,0,0
BRDA:135,19,1,0
BRDA:145,20,0,1
BRDA:145,20,1,133
BRDA:173,21,0,4
BRDA:173,21,1,129
BRDA:198,22,0,2
BRDA:198,22,1,127
BRDA:209,23,0,2
BRDA:209,23,1,0
BRDA:227,24,0,0
BRDA:227,24,1,127
BRDA:238,25,0,0
BRDA:238,25,1,0
BRDA:300,26,0,0
BRDA:300,26,1,60
BRDA:312,27,0,0
BRDA:312,27,1,381
BRDA:312,28,0,219
BRDA:312,28,1,162
BRDA:312,29,0,54
BRDA:312,29,1,108
BRDA:317,30,0,164
BRDA:317,30,1,217
BRDA:325,31,0,127
BRDA:325,31,1,1
BRDA:349,32,0,0
BRDA:349,32,1,60
BRDA:357,33,0,134
BRDA:357,33,1,127
BRDA:357,33,2,64
BRDA:357,33,3,57
BRDA:364,34,0,134
BRDA:364,34,1,0
BRDA:374,35,0,134
BRDA:374,35,1,0
BRDA:402,36,0,134
BRDA:402,36,1,3
BRDA:414,37,0,3
BRDA:414,37,1,124
BRF:80
BRH:55
end_of_record
TN:
SF:src/views/workshop/WorkshopView.tsx
FN:57,useMinWidthLg
FN:58,(anonymous_1)
FN:62,(anonymous_2)
FN:64,(anonymous_3)
FN:67,(anonymous_4)
FN:77,UtilityTreePanel
FN:87,(anonymous_6)
FN:93,(anonymous_7)
FN:98,(anonymous_8)
FN:102,(anonymous_9)
FN:140,ArchitecturePanel
FN:158,(anonymous_11)
FN:164,(anonymous_12)
FN:170,(anonymous_13)
FN:175,(anonymous_14)
FN:181,(anonymous_15)
FN:216,(anonymous_16)
FN:259,WorkshopView
FN:260,(anonymous_18)
FN:312,(anonymous_19)
FN:324,(anonymous_20)
FN:334,(anonymous_21)
FN:368,(anonymous_22)
FN:378,(anonymous_23)
FN:386,(anonymous_24)
FN:393,(anonymous_25)
FN:402,(anonymous_26)
FN:406,(anonymous_27)
FN:416,(anonymous_28)
FN:440,(anonymous_29)
FN:447,(anonymous_30)
FN:459,(anonymous_31)
FN:468,(anonymous_32)
FN:477,(anonymous_33)
FN:478,(anonymous_34)
FN:479,(anonymous_35)
FN:509,(anonymous_36)
FN:524,(anonymous_37)
FN:542,(anonymous_38)
FN:576,(anonymous_39)
FN:576,(anonymous_40)
FN:617,(anonymous_41)
FN:618,(anonymous_42)
FN:662,(anonymous_43)
FN:663,(anonymous_44)
FN:672,(anonymous_45)
FN:694,(anonymous_46)
FN:700,(anonymous_47)
FN:778,(anonymous_48)
FN:789,(anonymous_49)
FN:800,(anonymous_50)
FN:805,(anonymous_51)
FN:818,(anonymous_52)
FN:823,(anonymous_53)
FN:868,(anonymous_54)
FN:872,(anonymous_55)
FN:898,(anonymous_56)
FN:898,(anonymous_57)
FN:906,(anonymous_58)
FN:928,(anonymous_59)
FN:929,(anonymous_60)
FN:930,(anonymous_61)
FNF:62
FNH:19
FNDA:105,useMinWidthLg
FNDA:14,(anonymous_1)
FNDA:14,(anonymous_2)
FNDA:14,(anonymous_3)
FNDA:14,(anonymous_4)
FNDA:0,UtilityTreePanel
FNDA:0,(anonymous_6)
FNDA:0,(anonymous_7)
FNDA:0,(anonymous_8)
FNDA:0,(anonymous_9)
FNDA:0,ArchitecturePanel
FNDA:0,(anonymous_11)
FNDA:0,(anonymous_12)
FNDA:0,(anonymous_13)
FNDA:0,(anonymous_14)
FNDA:0,(anonymous_15)
FNDA:0,(anonymous_16)
FNDA:105,WorkshopView
FNDA:310,(anonymous_18)
FNDA:19,(anonymous_19)
FNDA:15,(anonymous_20)
FNDA:4,(anonymous_21)
FNDA:0,(anonymous_22)
FNDA:4,(anonymous_23)
FNDA:27,(anonymous_24)
FNDA:17,(anonymous_25)
FNDA:0,(anonymous_26)
FNDA:0,(anonymous_27)
FNDA:4,(anonymous_28)
FNDA:0,(anonymous_29)
FNDA:0,(anonymous_30)
FNDA:0,(anonymous_31)
FNDA:0,(anonymous_32)
FNDA:0,(anonymous_33)
FNDA:0,(anonymous_34)
FNDA:0,(anonymous_35)
FNDA:0,(anonymous_36)
FNDA:0,(anonymous_37)
FNDA:0,(anonymous_38)
FNDA:1,(anonymous_39)
FNDA:1,(anonymous_40)
FNDA:73,(anonymous_41)
FNDA:74,(anonymous_42)
FNDA:0,(anonymous_43)
FNDA:0,(anonymous_44)
FNDA:0,(anonymous_45)
FNDA:27,(anonymous_46)
FNDA:0,(anonymous_47)
FNDA:0,(anonymous_48)
FNDA:0,(anonymous_49)
FNDA:0,(anonymous_50)
FNDA:0,(anonymous_51)
FNDA:0,(anonymous_52)
FNDA:0,(anonymous_53)
FNDA:0,(anonymous_54)
FNDA:0,(anonymous_55)
FNDA:0,(anonymous_56)
FNDA:0,(anonymous_57)
FNDA:0,(anonymous_58)
FNDA:0,(anonymous_59)
FNDA:0,(anonymous_60)
FNDA:0,(anonymous_61)
DA:47,2
DA:58,105
DA:59,14
DA:62,105
DA:63,14
DA:64,14
DA:65,14
DA:66,14
DA:67,14
DA:70,105
DA:78,0
DA:79,0
DA:87,0
DA:88,0
DA:89,0
DA:90,0
DA:93,0
DA:95,0
DA:99,0
DA:103,0
DA:149,0
DA:150,0
DA:158,0
DA:159,0
DA:160,0
DA:161,0
DA:164,0
DA:165,0
DA:166,0
DA:167,0
DA:170,0
DA:172,0
DA:176,0
DA:182,0
DA:217,0
DA:260,310
DA:263,105
DA:264,105
DA:265,105
DA:266,105
DA:267,105
DA:268,105
DA:269,105
DA:272,105
DA:273,105
DA:274,105
DA:275,105
DA:276,105
DA:277,105
DA:278,105
DA:279,105
DA:282,105
DA:283,105
DA:285,105
DA:286,105
DA:287,105
DA:288,105
DA:289,105
DA:290,105
DA:291,105
DA:294,105
DA:296,105
DA:298,105
DA:299,105
DA:302,105
DA:303,105
DA:304,105
DA:306,105
DA:307,105
DA:309,105
DA:310,105
DA:312,105
DA:314,19
DA:324,105
DA:325,15
DA:327,4
DA:329,4
DA:335,4
DA:337,4
DA:338,2
DA:339,2
DA:340,2
DA:343,2
DA:344,2
DA:345,2
DA:346,2
DA:347,2
DA:348,4
DA:349,4
DA:350,4
DA:358,4
DA:359,2
DA:362,2
DA:363,2
DA:366,2
DA:368,2
DA:372,2
DA:375,2
DA:378,4
DA:379,4
DA:386,105
DA:387,27
DA:388,9
DA:393,105
DA:394,17
DA:395,6
DA:396,6
DA:397,0
DA:402,105
DA:403,0
DA:404,0
DA:405,0
DA:406,0
DA:407,0
DA:408,0
DA:410,0
DA:416,105
DA:417,4
DA:418,4
DA:419,4
DA:420,4
DA:421,4
DA:422,4
DA:423,3
DA:424,3
DA:425,3
DA:426,3
DA:427,4
DA:434,1
DA:436,4
DA:440,105
DA:441,0
DA:442,0
DA:443,0
DA:444,0
DA:447,0
DA:451,0
DA:452,0
DA:454,0
DA:455,0
DA:457,0
DA:459,0
DA:460,0
DA:461,0
DA:465,0
DA:466,0
DA:468,0
DA:472,0
DA:473,0
DA:474,0
DA:475,0
DA:476,0
DA:477,0
DA:478,0
DA:479,0
DA:480,0
DA:482,0
DA:487,0
DA:488,0
DA:489,0
DA:490,0
DA:495,0
DA:496,0
DA:500,0
DA:501,0
DA:506,0
DA:509,105
DA:510,0
DA:511,0
DA:512,0
DA:513,0
DA:514,0
DA:515,0
DA:516,0
DA:518,0
DA:520,0
DA:524,105
DA:525,0
DA:526,0
DA:527,0
DA:528,0
DA:529,0
DA:530,0
DA:531,0
DA:532,0
DA:533,0
DA:534,0
DA:536,0
DA:538,0
DA:542,105
DA:543,0
DA:544,0
DA:545,0
DA:549,0
DA:551,0
DA:552,0
DA:553,0
DA:554,0
DA:555,0
DA:557,0
DA:558,0
DA:564,105
DA:565,2
DA:576,1
DA:587,103
DA:588,94
DA:617,73
DA:618,74
DA:644,9
DA:663,0
DA:672,0
DA:695,27
DA:700,0
DA:778,0
DA:789,0
DA:801,0
DA:802,0
DA:803,0
DA:819,0
DA:820,0
DA:821,0
DA:869,0
DA:873,0
DA:898,0
DA:907,0
DA:928,0
DA:929,0
DA:931,0
LF:228
LH:110
BRDA:59,0,0,14
BRDA:59,0,1,0
BRDA:78,1,0,0
BRDA:78,1,1,0
BRDA:88,2,0,0
BRDA:88,2,1,0
BRDA:109,3,0,0
BRDA:109,3,1,0
BRDA:113,4,0,0
BRDA:113,4,1,0
BRDA:123,5,0,0
BRDA:123,5,1,0
BRDA:149,6,0,0
BRDA:149,6,1,0
BRDA:159,7,0,0
BRDA:159,7,1,0
BRDA:165,8,0,0
BRDA:165,8,1,0
BRDA:166,9,0,0
BRDA:166,9,1,0
BRDA:188,10,0,0
BRDA:188,10,1,0
BRDA:197,11,0,0
BRDA:197,11,1,0
BRDA:202,12,0,0
BRDA:202,12,1,0
BRDA:209,13,0,0
BRDA:209,13,1,0
BRDA:214,14,0,0
BRDA:214,14,1,0
BRDA:214,15,0,0
BRDA:214,15,1,0
BRDA:216,16,0,0
BRDA:216,16,1,0
BRDA:232,17,0,0
BRDA:232,17,1,0
BRDA:241,18,0,0
BRDA:241,18,1,0
BRDA:263,19,0,105
BRDA:263,19,1,97
BRDA:306,20,0,11
BRDA:306,20,1,94
BRDA:314,21,0,0
BRDA:314,21,1,19
BRDA:314,22,0,19
BRDA:314,22,1,0
BRDA:316,23,0,0
BRDA:316,23,1,0
BRDA:325,24,0,11
BRDA:325,24,1,4
BRDA:335,25,0,0
BRDA:335,25,1,4
BRDA:337,26,0,2
BRDA:337,26,1,2
BRDA:338,27,0,2
BRDA:338,27,1,0
BRDA:347,28,0,2
BRDA:347,28,1,2
BRDA:348,29,0,4
BRDA:348,29,1,2
BRDA:354,30,0,4
BRDA:354,30,1,2
BRDA:355,31,0,4
BRDA:355,31,1,2
BRDA:358,32,0,2
BRDA:358,32,1,2
BRDA:362,33,0,2
BRDA:362,33,1,0
BRDA:366,34,0,2
BRDA:366,34,1,0
BRDA:387,35,0,9
BRDA:387,35,1,18
BRDA:394,36,0,11
BRDA:394,36,1,6
BRDA:396,37,0,0
BRDA:396,37,1,6
BRDA:404,38,0,0
BRDA:404,38,1,0
BRDA:405,39,0,0
BRDA:405,39,1,0
BRDA:407,40,0,0
BRDA:407,40,1,0
BRDA:418,41,0,0
BRDA:418,41,1,4
BRDA:434,42,0,1
BRDA:434,42,1,0
BRDA:441,43,0,0
BRDA:441,43,1,0
BRDA:455,44,0,0
BRDA:455,44,1,0
BRDA:465,45,0,0
BRDA:465,45,1,0
BRDA:476,46,0,0
BRDA:476,46,1,0
BRDA:476,47,0,0
BRDA:476,47,1,0
BRDA:489,48,0,0
BRDA:489,48,1,0
BRDA:490,49,0,0
BRDA:490,49,1,0
BRDA:510,50,0,0
BRDA:510,50,1,0
BRDA:518,51,0,0
BRDA:518,51,1,0
BRDA:525,52,0,0
BRDA:525,52,1,0
BRDA:536,53,0,0
BRDA:536,53,1,0
BRDA:543,54,0,0
BRDA:543,54,1,0
BRDA:544,55,0,0
BRDA:544,55,1,0
BRDA:557,56,0,0
BRDA:557,56,1,0
BRDA:564,57,0,2
BRDA:564,57,1,103
BRDA:564,58,0,105
BRDA:564,58,1,8
BRDA:564,58,2,4
BRDA:564,58,3,2
BRDA:587,59,0,94
BRDA:587,59,1,9
BRDA:618,60,0,74
BRDA:618,60,1,1
BRDA:624,61,0,94
BRDA:624,61,1,1
BRDA:632,62,0,94
BRDA:632,62,1,90
BRDA:636,63,0,4
BRDA:636,63,1,90
BRDA:654,64,0,9
BRDA:654,64,1,0
BRDA:657,65,0,0
BRDA:657,65,1,0
BRDA:663,66,0,0
BRDA:663,66,1,0
BRDA:702,67,0,9
BRDA:702,67,1,18
BRDA:715,68,0,9
BRDA:715,68,1,0
BRDA:750,69,0,0
BRDA:750,69,1,9
BRDA:763,70,0,105
BRDA:763,70,1,0
BRDA:772,71,0,0
BRDA:772,71,1,9
BRDA:780,72,0,9
BRDA:780,72,1,0
BRDA:791,73,0,0
BRDA:791,73,1,9
BRDA:802,74,0,0
BRDA:802,74,1,0
BRDA:802,75,0,0
BRDA:802,75,1,0
BRDA:809,76,0,0
BRDA:809,76,1,9
BRDA:820,77,0,0
BRDA:820,77,1,0
BRDA:820,78,0,0
BRDA:820,78,1,0
BRDA:827,79,0,0
BRDA:827,79,1,9
BRDA:836,80,0,9
BRDA:836,80,1,0
BRDA:848,81,0,0
BRDA:848,81,1,0
BRDA:850,82,0,0
BRDA:850,82,1,0
BRDA:850,82,2,0
BRDA:863,83,0,0
BRDA:863,83,1,0
BRDA:882,84,0,0
BRDA:882,84,1,0
BRDA:894,85,0,105
BRDA:894,85,1,0
BRDA:902,86,0,0
BRDA:902,86,1,0
BRDA:904,87,0,0
BRDA:904,87,1,0
BRDA:909,88,0,0
BRDA:909,88,1,0
BRDA:910,89,0,0
BRDA:910,89,1,0
BRDA:910,89,2,0
BRF:184
BRH:61
end_of_record
TN:
SF:src/views/workshop/workshopMarkdown.ts
FN:3,block
FN:10,buildQualityAttributesMarkdown
FN:42,(anonymous_2)
FN:51,(anonymous_3)
FN:59,(anonymous_4)
FN:77,buildScenariosMarkdown
FNF:6
FNH:6
FNDA:18,block
FNDA:19,buildQualityAttributesMarkdown
FNDA:2,(anonymous_2)
FNDA:1,(anonymous_3)
FNDA:1,(anonymous_4)
FNDA:15,buildScenariosMarkdown
DA:4,18
DA:5,18
DA:6,17
DA:14,19
DA:16,19
DA:17,2
DA:19,19
DA:20,2
DA:23,19
DA:24,17
DA:25,17
DA:26,17
DA:27,17
DA:28,17
DA:29,17
DA:30,1
DA:34,17
DA:35,1
DA:37,17
DA:38,1
DA:40,17
DA:42,17
DA:43,17
DA:44,1
DA:45,1
DA:46,2
DA:48,1
DA:51,17
DA:52,17
DA:53,1
DA:54,1
DA:55,1
DA:59,17
DA:60,17
DA:61,1
DA:62,1
DA:63,1
DA:64,1
DA:65,1
DA:70,17
DA:73,19
DA:81,15
DA:83,15
DA:84,1
DA:86,15
DA:87,1
DA:90,15
DA:91,14
DA:92,14
DA:93,14
DA:94,14
DA:95,14
DA:96,14
DA:97,14
DA:98,14
DA:99,14
DA:100,14
DA:101,14
DA:103,14
DA:104,14
DA:106,14
DA:107,1
DA:109,14
DA:112,15
LF:64
LH:64
BRDA:5,0,0,1
BRDA:5,0,1,17
BRDA:16,1,0,2
BRDA:16,1,1,17
BRDA:19,2,0,2
BRDA:19,2,1,17
BRDA:29,3,0,1
BRDA:29,3,1,16
BRDA:29,4,0,17
BRDA:29,4,1,16
BRDA:31,5,0,1
BRDA:31,5,1,0
BRDA:31,6,0,1
BRDA:31,6,1,0
BRDA:34,7,0,1
BRDA:34,7,1,16
BRDA:37,8,0,1
BRDA:37,8,1,16
BRDA:42,9,0,17
BRDA:42,9,1,0
BRDA:43,10,0,1
BRDA:43,10,1,16
BRDA:51,11,0,17
BRDA:51,11,1,0
BRDA:52,12,0,1
BRDA:52,12,1,16
BRDA:59,13,0,17
BRDA:59,13,1,0
BRDA:60,14,0,1
BRDA:60,14,1,16
BRDA:64,15,0,1
BRDA:64,15,1,0
BRDA:83,16,0,1
BRDA:83,16,1,14
BRDA:86,17,0,1
BRDA:86,17,1,14
BRDA:91,18,0,14
BRDA:91,18,1,1
BRDA:95,19,0,13
BRDA:95,19,1,1
BRDA:96,20,0,13
BRDA:96,20,1,1
BRDA:97,21,0,13
BRDA:97,21,1,1
BRDA:98,22,0,14
BRDA:98,22,1,0
BRDA:99,23,0,14
BRDA:99,23,1,0
BRDA:100,24,0,14
BRDA:100,24,1,0
BRDA:103,25,0,14
BRDA:103,25,1,0
BRDA:106,26,0,1
BRDA:106,26,1,13
BRF:54
BRH:44
end_of_record
TN:
SF:src/views/workshop/components/AttributeCard.tsx
FN:28,AttributeCard
FN:89,(anonymous_1)
FN:122,(anonymous_2)
FNF:3
FNH:3
FNDA:18,AttributeCard
FNDA:180,(anonymous_1)
FNDA:2,(anonymous_2)
DA:3,3
DA:9,3
DA:16,3
DA:32,18
DA:33,18
DA:34,18
DA:36,18
DA:37,18
DA:38,18
DA:39,18
DA:40,1
DA:41,17
DA:42,2
DA:45,18
DA:90,180
DA:123,2
LF:16
LH:16
BRDA:30,0,0,18
BRDA:32,1,0,18
BRDA:32,1,1,0
BRDA:33,2,0,18
BRDA:33,2,1,0
BRDA:34,3,0,18
BRDA:34,3,1,0
BRDA:36,4,0,18
BRDA:36,4,1,15
BRDA:37,5,0,18
BRDA:37,5,1,16
BRDA:39,6,0,1
BRDA:39,6,1,17
BRDA:39,7,0,18
BRDA:39,7,1,3
BRDA:39,7,2,2
BRDA:41,8,0,2
BRDA:41,8,1,15
BRDA:58,9,0,3
BRDA:58,9,1,15
BRDA:61,10,0,1
BRDA:61,10,1,17
BRDA:65,11,0,0
BRDA:65,11,1,1
BRDA:65,12,0,1
BRDA:65,12,1,0
BRDA:72,13,0,1
BRDA:72,13,1,17
BRDA:72,14,0,18
BRDA:72,14,1,1
BRDA:72,14,2,1
BRDA:92,15,0,146
BRDA:92,15,1,34
BRDA:118,16,0,18
BRDA:118,16,1,2
BRF:35
BRH:30
end_of_record
TN:
SF:src/views/workshop/components/AttributePanel.tsx
FN:7,countByConfidence
FN:34,AttributePanel
FN:46,(anonymous_2)
FN:50,(anonymous_3)
FN:59,(anonymous_4)
FN:106,(anonymous_5)
FNF:6
FNH:6
FNDA:10,countByConfidence
FNDA:10,AttributePanel
FNDA:9,(anonymous_2)
FNDA:9,(anonymous_3)
FNDA:10,(anonymous_4)
FNDA:9,(anonymous_5)
DA:8,10
DA:9,10
DA:10,10
DA:11,10
DA:12,9
DA:13,2
DA:14,1
DA:16,10
DA:45,10
DA:46,10
DA:47,9
DA:50,10
DA:51,9
DA:55,10
DA:59,10
DA:61,10
DA:70,10
DA:107,9
LF:18
LH:18
BRDA:12,0,0,7
BRDA:12,0,1,2
BRDA:13,1,0,1
BRDA:13,1,1,1
BRDA:38,2,0,10
BRDA:47,3,0,9
BRDA:47,3,1,0
BRDA:51,4,0,9
BRDA:51,4,1,0
BRDA:55,5,0,5
BRDA:55,5,1,5
BRDA:61,6,0,1
BRDA:61,6,1,9
BRDA:61,7,0,10
BRDA:61,7,1,6
BRDA:63,8,0,1
BRDA:63,8,1,0
BRDA:78,9,0,10
BRDA:78,9,1,6
BRDA:78,9,2,1
BRDA:90,10,0,10
BRDA:90,10,1,5
BRDA:101,11,0,10
BRDA:101,11,1,4
BRDA:115,12,0,10
BRDA:115,12,1,0
BRDA:126,13,0,0
BRDA:126,13,1,0
BRF:28
BRH:22
end_of_record
TN:
SF:src/views/workshop/components/ConversationThread.tsx
FN:11,ConversationThread
FN:21,(anonymous_1)
FNF:2
FNH:2
FNDA:4,ConversationThread
FNDA:3,(anonymous_1)
DA:12,4
DA:22,3
LF:2
LH:2
BRDA:14,0,0,4
BRDA:14,0,1,2
BRDA:14,0,2,1
BRDA:24,1,0,2
BRDA:24,1,1,1
BRDA:28,2,0,2
BRDA:28,2,1,1
BRDA:37,3,0,4
BRDA:37,3,1,1
BRF:9
BRH:9
end_of_record
TN:
SF:src/views/workshop/components/GapIndicator.tsx
FN:32,GapIndicator
FN:41,(anonymous_1)
FN:42,(anonymous_2)
FN:46,(anonymous_3)
FN:47,(anonymous_4)
FN:50,(anonymous_5)
FN:55,(anonymous_6)
FN:85,(anonymous_7)
FN:93,(anonymous_8)
FN:114,(anonymous_9)
FNF:10
FNH:10
FNDA:7,GapIndicator
FNDA:2,(anonymous_1)
FNDA:2,(anonymous_2)
FNDA:28,(anonymous_3)
FNDA:16,(anonymous_4)
FNDA:4,(anonymous_5)
FNDA:6,(anonymous_6)
FNDA:28,(anonymous_7)
FNDA:2,(anonymous_8)
FNDA:3,(anonymous_9)
DA:5,2
DA:7,2
DA:14,2
DA:30,2
DA:39,7
DA:41,7
DA:42,2
DA:45,7
DA:46,7
DA:47,28
DA:48,28
DA:50,7
DA:52,7
DA:53,7
DA:55,7
DA:56,6
DA:57,6
DA:58,6
DA:61,7
DA:86,28
DA:87,28
DA:88,4
DA:89,28
DA:90,28
DA:93,2
DA:115,3
LF:26
LH:26
BRDA:53,0,0,7
BRDA:53,0,1,7
BRDA:56,1,0,6
BRDA:56,1,1,0
BRDA:57,2,0,0
BRDA:57,2,1,6
BRDA:69,3,0,7
BRDA:69,3,1,1
BRDA:85,4,0,0
BRDA:85,4,1,7
BRDA:86,5,0,0
BRDA:86,5,1,28
BRDA:86,6,0,28
BRDA:86,6,1,0
BRDA:87,7,0,24
BRDA:87,7,1,4
BRDA:88,8,0,4
BRDA:88,8,1,2
BRDA:89,9,0,0
BRDA:89,9,1,4
BRDA:89,10,0,4
BRDA:89,10,1,0
BRDA:101,11,0,1
BRDA:101,11,1,3
BRDA:112,12,0,28
BRDA:112,12,1,3
BRDA:118,13,0,0
BRDA:118,13,1,3
BRDA:120,14,0,3
BRDA:120,14,1,0
BRDA:122,15,0,0
BRDA:122,15,1,3
BRDA:133,16,0,7
BRDA:133,16,1,0
BRDA:142,17,0,7
BRDA:142,17,1,0
BRF:36
BRH:24
end_of_record
TN:
SF:src/views/workshop/components/GeneratePanel.tsx
FN:16,GeneratePanel
FNF:1
FNH:1
FNDA:7,GeneratePanel
DA:27,7
DA:29,6
DA:30,7
DA:31,7
DA:33,7
DA:34,7
DA:35,7
DA:36,7
DA:37,7
DA:39,7
DA:40,1
DA:41,1
DA:42,1
DA:44,1
DA:45,1
DA:46,5
DA:47,1
DA:48,1
DA:49,1
DA:50,1
DA:51,1
DA:52,4
DA:53,4
DA:54,4
DA:57,6
LF:25
LH:25
BRDA:27,0,0,1
BRDA:27,0,1,6
BRDA:29,1,0,6
BRDA:29,1,1,2
BRDA:30,2,0,7
BRDA:30,2,1,2
BRDA:39,3,0,1
BRDA:39,3,1,5
BRDA:46,4,0,1
BRDA:46,4,1,4
BRDA:52,5,0,4
BRDA:52,5,1,0
BRDA:65,6,0,0
BRDA:65,6,1,6
BRDA:65,7,0,6
BRDA:65,7,1,1
BRDA:71,8,0,1
BRDA:71,8,1,5
BRDA:75,9,0,5
BRDA:75,9,1,5
BRDA:78,10,0,0
BRDA:78,10,1,5
BRDA:84,11,0,7
BRDA:84,11,1,6
BRDA:87,12,0,0
BRDA:87,12,1,6
BRF:26
BRH:22
end_of_record
TN:
SF:src/views/workshop/components/InputPanel.tsx
FN:15,InputPanel
FN:19,(anonymous_1)
FN:25,(anonymous_2)
FN:30,(anonymous_3)
FN:38,(anonymous_4)
FNF:5
FNH:5
FNDA:20,InputPanel
FNDA:10,(anonymous_1)
FNDA:7,(anonymous_2)
FNDA:3,(anonymous_3)
FNDA:2,(anonymous_4)
DA:3,2
DA:16,20
DA:19,20
DA:20,10
DA:21,1
DA:25,20
DA:26,7
DA:27,7
DA:30,20
DA:31,3
DA:32,3
DA:33,3
DA:34,3
DA:35,3
DA:38,20
DA:39,2
DA:40,1
DA:41,1
DA:45,20
DA:47,20
LF:20
LH:20
BRDA:16,0,0,20
BRDA:16,0,1,19
BRDA:20,1,0,1
BRDA:20,1,1,9
BRDA:32,2,0,0
BRDA:32,2,1,3
BRDA:32,3,0,3
BRDA:32,3,1,3
BRDA:39,4,0,1
BRDA:39,4,1,1
BRDA:39,5,0,2
BRDA:39,5,1,2
BRDA:49,6,0,20
BRDA:49,6,1,1
BRDA:61,7,0,20
BRDA:61,7,1,20
BRDA:68,8,0,20
BRDA:68,8,1,18
BRDA:79,9,0,20
BRDA:79,9,1,2
BRF:20
BRH:19
end_of_record
TN:
SF:src/views/workshop/components/ProgressTracker.tsx
FN:23,normalizePhase
FN:33,ProgressTracker
FN:35,(anonymous_2)
FN:46,(anonymous_3)
FNF:4
FNH:4
FNDA:4,normalizePhase
FNDA:4,ProgressTracker
FNDA:12,(anonymous_2)
FNDA:20,(anonymous_3)
DA:1,2
DA:10,2
DA:24,4
DA:34,4
DA:35,12
DA:37,4
DA:47,20
DA:48,20
DA:49,20
LF:9
LH:9
BRDA:24,0,0,4
BRDA:24,0,1,3
BRDA:53,1,0,3
BRDA:53,1,1,17
BRDA:55,2,0,4
BRDA:55,2,1,13
BRDA:60,3,0,20
BRDA:60,3,1,4
BRDA:67,4,0,20
BRDA:67,4,1,16
BRDA:68,5,0,4
BRDA:68,5,1,12
BRDA:77,6,0,4
BRDA:77,6,1,1
BRF:14
BRH:14
end_of_record
TN:
SF:src/views/workshop/components/ReadinessModal.tsx
FN:9,readinessBadge
FN:24,ConfidenceChip
FN:44,ReadinessModal
FN:97,(anonymous_3)
FN:118,(anonymous_4)
FN:148,(anonymous_5)
FN:158,(anonymous_6)
FNF:7
FNH:7
FNDA:9,readinessBadge
FNDA:9,ConfidenceChip
FNDA:11,ReadinessModal
FNDA:9,(anonymous_3)
FNDA:9,(anonymous_4)
FNDA:1,(anonymous_5)
FNDA:1,(anonymous_6)
DA:10,9
DA:12,1
DA:14,7
DA:16,0
DA:18,1
DA:20,0
DA:25,9
DA:30,9
DA:31,9
DA:51,11
DA:53,9
DA:55,9
DA:98,9
DA:119,9
DA:149,1
DA:150,1
DA:159,1
DA:160,1
LF:18
LH:16
BRDA:10,0,0,1
BRDA:10,0,1,7
BRDA:10,0,2,0
BRDA:10,0,3,1
BRDA:10,0,4,0
BRDA:20,1,0,0
BRDA:20,1,1,0
BRDA:30,2,0,9
BRDA:30,2,1,0
BRDA:51,3,0,2
BRDA:51,3,1,9
BRDA:51,4,0,11
BRDA:51,4,1,10
BRDA:82,5,0,9
BRDA:82,5,1,9
BRDA:112,6,0,11
BRDA:112,6,1,9
BRDA:121,7,0,9
BRDA:121,7,1,0
BRDA:119,8,0,9
BRDA:119,8,1,0
BRDA:133,9,0,11
BRDA:133,9,1,9
BRF:23
BRH:16
end_of_record
TN:
SF:src/views/workshop/components/ScenarioCard.tsx
FN:29,ScenarioCard
FN:86,(anonymous_1)
FN:93,(anonymous_2)
FNF:3
FNH:3
FNDA:10,ScenarioCard
FNDA:1,(anonymous_1)
FNDA:1,(anonymous_2)
DA:4,2
DA:12,2
DA:30,10
DA:31,10
DA:32,10
DA:33,10
DA:35,10
DA:86,1
DA:94,1
DA:95,1
LF:10
LH:10
BRDA:31,0,0,10
BRDA:31,0,1,0
BRDA:43,1,0,10
BRDA:43,1,1,0
BRDA:46,2,0,10
BRDA:46,2,1,1
BRDA:50,3,0,10
BRDA:50,3,1,0
BRDA:54,4,0,10
BRDA:54,4,1,0
BRDA:58,5,0,10
BRDA:58,5,1,0
BRDA:63,6,0,4
BRDA:63,6,1,6
BRDA:64,7,0,0
BRDA:64,7,1,4
BRDA:67,8,0,6
BRDA:67,8,1,0
BRDA:75,9,0,10
BRDA:75,9,1,10
BRDA:81,10,0,10
BRDA:81,10,1,6
BRDA:81,10,2,4
BRF:23
BRH:16
end_of_record
